<?xml version="1.0" encoding="utf-8"?>
<TestRun id="938ebf6b-e2fa-439f-8c22-838834e36441" name="koolla@VISHWA-KOOLLA 2019-10-09 13:25:40" runUser="VISHWA-KOOLLA\koolla" xmlns="http://microsoft.com/schemas/VisualStudio/TeamTest/2010">
  <Times creation="2019-10-09T13:25:40.2437990-04:00" queuing="2019-10-09T13:25:40.2437991-04:00" start="2019-10-09T13:25:30.0028082-04:00" finish="2019-10-09T13:25:47.9779003-04:00" />
  <TestSettings name="default" id="b3f70c91-4d12-4156-99dd-5d6c89fdf14e">
    <Deployment runDeploymentRoot="koolla_VISHWA-KOOLLA_2019-10-09_13_25_40" />
  </TestSettings>
  <Results>
    <UnitTestResult executionId="453cf0e3-300a-4ece-a36d-6da298b7f6ee" testId="dd1f64a9-843b-1212-d54d-45f190232992" testName="Ocas.Domestic.Admin.Api.Services.UnitTests.Handlers.UpdateApplicantInfoHandlerTests.UpdateApplicantInfoHandler_ShouldPass_When_NoChanges" computerName="VISHWA-KOOLLA" duration="00:00:00.4280000" startTime="2019-10-09T13:25:45.5508188-04:00" endTime="2019-10-09T13:25:45.5508188-04:00" testType="13cdc9d9-ddb5-4fa4-a97d-d965ccfc6d4b" outcome="Passed" testListId="8c84fa94-04c1-424b-9868-57a2d4851a1d" relativeResultsDirectory="453cf0e3-300a-4ece-a36d-6da298b7f6ee" />
    <UnitTestResult executionId="b6e7f236-8e27-418d-be16-7b1054e88d41" testId="8ff41af0-6d7b-2d42-c632-43c9c62573a2" testName="Ocas.Domestic.Admin.Api.Services.UnitTests.Validators.Models.ApplicantUpdateInfoValidatorTests.ApplicantUpdateInfoValidator_ShouldFail_With_LastName_Length" computerName="VISHWA-KOOLLA" duration="00:00:00.0070000" startTime="2019-10-09T13:25:40.1792598-04:00" endTime="2019-10-09T13:25:40.1792598-04:00" testType="13cdc9d9-ddb5-4fa4-a97d-d965ccfc6d4b" outcome="Passed" testListId="8c84fa94-04c1-424b-9868-57a2d4851a1d" relativeResultsDirectory="b6e7f236-8e27-418d-be16-7b1054e88d41" />
    <UnitTestResult executionId="60ab4112-a009-42ae-92f8-dc320d7837aa" testId="de112cf3-80ba-c291-0586-376340278f97" testName="Ocas.Domestic.Admin.Api.Services.UnitTests.Validators.Models.AcademicRecordBaseValidatorTests.AcademicRecordBaseValidator_ShouldThrow_When_LiteracyTestId_MustExist" computerName="VISHWA-KOOLLA" duration="00:00:00.0060000" startTime="2019-10-09T13:25:41.9832796-04:00" endTime="2019-10-09T13:25:41.9832796-04:00" testType="13cdc9d9-ddb5-4fa4-a97d-d965ccfc6d4b" outcome="Passed" testListId="8c84fa94-04c1-424b-9868-57a2d4851a1d" relativeResultsDirectory="60ab4112-a009-42ae-92f8-dc320d7837aa" />
    <UnitTestResult executionId="1fef1a50-43ed-40b8-a69a-256412fbd77d" testId="2b738f98-40f1-7a17-d33a-5be68e45aa1b" testName="Ocas.Domestic.Admin.Api.Services.UnitTests.Validators.Models.AcademicRecordBaseValidatorTests.AcademicRecordBaseValidator_ShouldThrow_When_DateCredentialAchieved_InFuture" computerName="VISHWA-KOOLLA" duration="00:00:00.0050000" startTime="2019-10-09T13:25:42.0346299-04:00" endTime="2019-10-09T13:25:42.0346299-04:00" testType="13cdc9d9-ddb5-4fa4-a97d-d965ccfc6d4b" outcome="Passed" testListId="8c84fa94-04c1-424b-9868-57a2d4851a1d" relativeResultsDirectory="1fef1a50-43ed-40b8-a69a-256412fbd77d" />
    <UnitTestResult executionId="9c0e0442-2c5c-4666-b43a-9c110c7e53b2" testId="3646b8fd-accd-5d13-caec-6a888a8dc5c3" testName="Ocas.Domestic.Admin.Api.Services.UnitTests.Handlers.DeleteOntarioStudentCourseCreditHandlerTests.DeleteOntarioStudentCourseCredit_ShouldThrow_When_RequestNotFound" computerName="VISHWA-KOOLLA" duration="00:00:00.1960000" startTime="2019-10-09T13:25:44.1134182-04:00" endTime="2019-10-09T13:25:44.1134182-04:00" testType="13cdc9d9-ddb5-4fa4-a97d-d965ccfc6d4b" outcome="Passed" testListId="8c84fa94-04c1-424b-9868-57a2d4851a1d" relativeResultsDirectory="9c0e0442-2c5c-4666-b43a-9c110c7e53b2" />
    <UnitTestResult executionId="642d23a1-5fd1-4115-91a6-d4a87855eb2c" testId="b3d4238d-262a-57af-ed50-269e67916226" testName="Ocas.Domestic.Admin.Api.Services.UnitTests.Handlers.CreateOntarioStudentCourseCreditHandlerTests.CreateOntarioStudentCourseCredit_ShouldThrow_When_DuplicateCourseAndDate" computerName="VISHWA-KOOLLA" duration="00:00:00.5570000" startTime="2019-10-09T13:25:43.9164878-04:00" endTime="2019-10-09T13:25:43.9164878-04:00" testType="13cdc9d9-ddb5-4fa4-a97d-d965ccfc6d4b" outcome="Passed" testListId="8c84fa94-04c1-424b-9868-57a2d4851a1d" relativeResultsDirectory="642d23a1-5fd1-4115-91a6-d4a87855eb2c" />
    <UnitTestResult executionId="a7385d9b-5ccb-4ec2-adf7-35756d37f845" testId="1ec97f2f-ee24-88cb-a313-2bbdf7ce28d2" testName="Ocas.Domestic.Admin.Api.Services.UnitTests.Validators.Models.AcademicRecordBaseValidatorTests.AcademicRecordBaseValidator_ShouldThrow_When_DateCredentialAchieved_Invalid" computerName="VISHWA-KOOLLA" duration="00:00:00.0060000" startTime="2019-10-09T13:25:42.0144503-04:00" endTime="2019-10-09T13:25:42.0144503-04:00" testType="13cdc9d9-ddb5-4fa4-a97d-d965ccfc6d4b" outcome="Passed" testListId="8c84fa94-04c1-424b-9868-57a2d4851a1d" relativeResultsDirectory="a7385d9b-5ccb-4ec2-adf7-35756d37f845" />
    <UnitTestResult executionId="97278fd2-f85a-4951-a49e-878f9f352a30" testId="7134af25-7940-e237-d45a-35f129d50053" testName="Ocas.Domestic.Admin.Api.Services.UnitTests.Validators.Models.AcademicRecordValidatorTests.AcademicRecordBaseValidator_ShouldPass" computerName="VISHWA-KOOLLA" duration="00:00:00.0100000" startTime="2019-10-09T13:25:42.0447171-04:00" endTime="2019-10-09T13:25:42.0447171-04:00" testType="13cdc9d9-ddb5-4fa4-a97d-d965ccfc6d4b" outcome="Passed" testListId="8c84fa94-04c1-424b-9868-57a2d4851a1d" relativeResultsDirectory="97278fd2-f85a-4951-a49e-878f9f352a30" />
    <UnitTestResult executionId="514b01b4-4836-4e2d-95cb-c20fa3cbbfd7" testId="c0deb5e7-e655-5337-d71f-f63ae7ea17cb" testName="Ocas.Domestic.Admin.Api.Services.UnitTests.Validators.Models.AcademicRecordBaseValidatorTests.AcademicRecordBaseValidator_ShouldPass_When_DateCredentialAchieved_Null" computerName="VISHWA-KOOLLA" duration="00:00:00.0040000" startTime="2019-10-09T13:25:42.0185333-04:00" endTime="2019-10-09T13:25:42.0185333-04:00" testType="13cdc9d9-ddb5-4fa4-a97d-d965ccfc6d4b" outcome="Passed" testListId="8c84fa94-04c1-424b-9868-57a2d4851a1d" relativeResultsDirectory="514b01b4-4836-4e2d-95cb-c20fa3cbbfd7" />
    <UnitTestResult executionId="381e8e5d-8a26-4297-a3fc-5c1e079cc0ac" testId="48285072-7c03-d4b9-d4b7-09264e314369" testName="Ocas.Domestic.Admin.Api.Services.UnitTests.Handlers.GetOntarioStudentCourseCreditHandlerTests.GetOntarioStudentCourseCreditHandler_ShouldPass" computerName="VISHWA-KOOLLA" duration="00:00:00.1980000" startTime="2019-10-09T13:25:44.6960549-04:00" endTime="2019-10-09T13:25:44.6960549-04:00" testType="13cdc9d9-ddb5-4fa4-a97d-d965ccfc6d4b" outcome="Passed" testListId="8c84fa94-04c1-424b-9868-57a2d4851a1d" relativeResultsDirectory="381e8e5d-8a26-4297-a3fc-5c1e079cc0ac" />
    <UnitTestResult executionId="7a978760-8d73-4d48-bcc0-27135eb811ca" testId="63a930e1-f47f-a310-e4b0-20a341ef568c" testName="Ocas.Domestic.Admin.Api.Services.UnitTests.Handlers.UpdateOntarioStudentCourseCreditHandlerTests.UpdateOntarioStudentCourseCredit_ShouldPass" computerName="VISHWA-KOOLLA" duration="00:00:00.4370000" startTime="2019-10-09T13:25:47.7874201-04:00" endTime="2019-10-09T13:25:47.7874201-04:00" testType="13cdc9d9-ddb5-4fa4-a97d-d965ccfc6d4b" outcome="Passed" testListId="8c84fa94-04c1-424b-9868-57a2d4851a1d" relativeResultsDirectory="7a978760-8d73-4d48-bcc0-27135eb811ca" />
    <UnitTestResult executionId="3b225a78-edd5-4b59-a981-a3a0df7189b7" testId="a7b4a945-2cce-ffda-3e13-9c7f0e6e47a9" testName="Ocas.Domestic.Admin.Api.Services.UnitTests.Validators.Models.AcademicRecordBaseValidatorTests.AcademicRecordBaseValidator_ShouldThrow_When_HighestEducationId_MustExist" computerName="VISHWA-KOOLLA" duration="00:00:00.0630000" startTime="2019-10-09T13:25:41.9435915-04:00" endTime="2019-10-09T13:25:41.9435915-04:00" testType="13cdc9d9-ddb5-4fa4-a97d-d965ccfc6d4b" outcome="Passed" testListId="8c84fa94-04c1-424b-9868-57a2d4851a1d" relativeResultsDirectory="3b225a78-edd5-4b59-a981-a3a0df7189b7" />
    <UnitTestResult executionId="343db44f-dbcd-4bd3-9cea-7d626be82dc4" testId="9992fc3c-c03e-8fef-adf1-eb96a5dbe675" testName="Ocas.Domestic.Admin.Api.Services.UnitTests.Validators.Models.ApplicantUpdateInfoValidatorTests.ApplicantUpdateInfoValidator_ShouldPass" computerName="VISHWA-KOOLLA" duration="00:00:00.0090000" startTime="2019-10-09T13:25:40.1882374-04:00" endTime="2019-10-09T13:25:40.1882374-04:00" testType="13cdc9d9-ddb5-4fa4-a97d-d965ccfc6d4b" outcome="Passed" testListId="8c84fa94-04c1-424b-9868-57a2d4851a1d" relativeResultsDirectory="343db44f-dbcd-4bd3-9cea-7d626be82dc4" />
    <UnitTestResult executionId="ac396530-1eef-4b33-b184-d451e3beaf92" testId="30e17c4c-7bcc-ae95-8451-67be697f896d" testName="Ocas.Domestic.Admin.Api.Services.UnitTests.Validators.Models.AcademicRecordBaseValidatorTests.AcademicRecordBaseValidator_ShouldThrow_When_SchoolId_MustBeAHighShool" computerName="VISHWA-KOOLLA" duration="00:00:00.0070000" startTime="2019-10-09T13:25:41.9616021-04:00" endTime="2019-10-09T13:25:41.9616021-04:00" testType="13cdc9d9-ddb5-4fa4-a97d-d965ccfc6d4b" outcome="Passed" testListId="8c84fa94-04c1-424b-9868-57a2d4851a1d" relativeResultsDirectory="ac396530-1eef-4b33-b184-d451e3beaf92" />
    <UnitTestResult executionId="f326fe92-8942-476f-ba86-c86db42c37a9" testId="6f4afe18-0ad3-56c1-7666-86ec4076f21c" testName="Ocas.Domestic.Admin.Api.Services.UnitTests.Validators.Models.AcademicRecordBaseValidatorTests.AcademicRecordBaseValidator_ShouldThrow_When_SchoolId_Empty" computerName="VISHWA-KOOLLA" duration="00:00:00.0050000" startTime="2019-10-09T13:25:42.0296427-04:00" endTime="2019-10-09T13:25:42.0296427-04:00" testType="13cdc9d9-ddb5-4fa4-a97d-d965ccfc6d4b" outcome="Passed" testListId="8c84fa94-04c1-424b-9868-57a2d4851a1d" relativeResultsDirectory="f326fe92-8942-476f-ba86-c86db42c37a9" />
    <UnitTestResult executionId="46a89d42-63d6-4c5d-9928-c2f95fe3c579" testId="6f87855e-85b1-ff38-0867-8939b2b0d07b" testName="Ocas.Domestic.Admin.Api.Services.UnitTests.Handlers.GetOntarioStudentCourseCreditsHandlerTests.GetOntarioStudentCourseCredits_ShouldPass_When_Empty" computerName="VISHWA-KOOLLA" duration="00:00:00.1930000" startTime="2019-10-09T13:25:45.1213175-04:00" endTime="2019-10-09T13:25:45.1213175-04:00" testType="13cdc9d9-ddb5-4fa4-a97d-d965ccfc6d4b" outcome="Passed" testListId="8c84fa94-04c1-424b-9868-57a2d4851a1d" relativeResultsDirectory="46a89d42-63d6-4c5d-9928-c2f95fe3c579" />
    <UnitTestResult executionId="af6ccacb-0a42-4e04-af83-099e7ab49a77" testId="9f06c8aa-754f-b190-1213-2aed56b47db3" testName="Ocas.Domestic.Admin.Api.Services.UnitTests.Authorization.UserAuthorizationTests.CanAccessApplicantAsync_ShouldThrow_When_NoRole" computerName="VISHWA-KOOLLA" duration="00:00:00.0080000" startTime="2019-10-09T13:25:40.6982953-04:00" endTime="2019-10-09T13:25:40.6982953-04:00" testType="13cdc9d9-ddb5-4fa4-a97d-d965ccfc6d4b" outcome="Passed" testListId="8c84fa94-04c1-424b-9868-57a2d4851a1d" relativeResultsDirectory="af6ccacb-0a42-4e04-af83-099e7ab49a77" />
    <UnitTestResult executionId="d9ee12f4-6d85-4801-bf14-070940bca4f7" testId="45e534f3-7e64-e3c0-a48e-cff953913fb6" testName="Ocas.Domestic.Admin.Api.Services.UnitTests.Validators.Models.AcademicRecordBaseValidatorTests.AcademicRecordBaseValidator_ShouldThrow_When_HighSkillsMajorId_Empty" computerName="VISHWA-KOOLLA" duration="00:00:00.0050000" startTime="2019-10-09T13:25:42.0084317-04:00" endTime="2019-10-09T13:25:42.0084317-04:00" testType="13cdc9d9-ddb5-4fa4-a97d-d965ccfc6d4b" outcome="Passed" testListId="8c84fa94-04c1-424b-9868-57a2d4851a1d" relativeResultsDirectory="d9ee12f4-6d85-4801-bf14-070940bca4f7" />
    <UnitTestResult executionId="2a112bbf-b637-4be5-ae71-7b72d9861532" testId="67241837-50b8-a830-731f-f2554451eb4a" testName="Ocas.Domestic.Admin.Api.Services.UnitTests.Validators.Models.AcademicRecordBaseValidatorTests.AcademicRecordBaseValidator_ShouldThrow_When_ApplicantId_Empty" computerName="VISHWA-KOOLLA" duration="00:00:00.0060000" startTime="2019-10-09T13:25:42.0246555-04:00" endTime="2019-10-09T13:25:42.0246555-04:00" testType="13cdc9d9-ddb5-4fa4-a97d-d965ccfc6d4b" outcome="Passed" testListId="8c84fa94-04c1-424b-9868-57a2d4851a1d" relativeResultsDirectory="2a112bbf-b637-4be5-ae71-7b72d9861532" />
    <UnitTestResult executionId="b82b9cbf-3ba9-4403-967e-64e36653ca01" testId="226b4f85-0b82-5526-4c00-9c3a7af5bde3" testName="Ocas.Domestic.Admin.Api.Services.UnitTests.Authorization.UserAuthorizationTests.CanAccessApplicantAsync_ShouldPass_When_OcasUser" computerName="VISHWA-KOOLLA" duration="00:00:00.0020000" startTime="2019-10-09T13:25:40.6913150-04:00" endTime="2019-10-09T13:25:40.6913150-04:00" testType="13cdc9d9-ddb5-4fa4-a97d-d965ccfc6d4b" outcome="Passed" testListId="8c84fa94-04c1-424b-9868-57a2d4851a1d" relativeResultsDirectory="b82b9cbf-3ba9-4403-967e-64e36653ca01" />
    <UnitTestResult executionId="cf9fe56f-efde-42e1-a9b5-2256bdff2287" testId="cfc8ae86-dc6d-42b3-544d-7da9b74b13e6" testName="Ocas.Domestic.Admin.Api.Services.UnitTests.Validators.Models.AcademicRecordBaseValidatorTests.AcademicRecordBaseValidator_ShouldThrow_When_HighestEducationId_Empty" computerName="VISHWA-KOOLLA" duration="00:00:00.0040000" startTime="2019-10-09T13:25:41.9721696-04:00" endTime="2019-10-09T13:25:41.9721696-04:00" testType="13cdc9d9-ddb5-4fa4-a97d-d965ccfc6d4b" outcome="Passed" testListId="8c84fa94-04c1-424b-9868-57a2d4851a1d" relativeResultsDirectory="cf9fe56f-efde-42e1-a9b5-2256bdff2287" />
    <UnitTestResult executionId="6bd5b4cf-8cbc-4de4-bb34-aa2dd6f4c95a" testId="a5cabaa8-279d-ef2d-3220-e0b0df8ea456" testName="Ocas.Domestic.Admin.Api.Services.UnitTests.Handlers.UpdateApplicantInfoHandlerTests.UpdateApplicantInfoHandler_ShouldThrow_When_Duplicate" computerName="VISHWA-KOOLLA" duration="00:00:00.3670000" startTime="2019-10-09T13:25:45.9170254-04:00" endTime="2019-10-09T13:25:45.9170254-04:00" testType="13cdc9d9-ddb5-4fa4-a97d-d965ccfc6d4b" outcome="Passed" testListId="8c84fa94-04c1-424b-9868-57a2d4851a1d" relativeResultsDirectory="6bd5b4cf-8cbc-4de4-bb34-aa2dd6f4c95a" />
    <UnitTestResult executionId="07c53936-12d5-411b-99b9-407f7522f502" testId="1b4b8507-64e3-a6b6-0ed6-ab8135a398cc" testName="Ocas.Domestic.Admin.Api.Services.UnitTests.Validators.IApplicantUserValidatorTests.Validator_ShouldFail_WhenNoUser" computerName="VISHWA-KOOLLA" duration="00:00:00.0100000" startTime="2019-10-09T13:25:40.3749198-04:00" endTime="2019-10-09T13:25:40.3749198-04:00" testType="13cdc9d9-ddb5-4fa4-a97d-d965ccfc6d4b" outcome="Passed" testListId="8c84fa94-04c1-424b-9868-57a2d4851a1d" relativeResultsDirectory="07c53936-12d5-411b-99b9-407f7522f502" />
    <UnitTestResult executionId="ad6552f6-14f2-474f-8865-cf711b19ff06" testId="4ea219a2-de37-0b23-da46-687abba2845d" testName="Ocas.Domestic.Admin.Api.Services.UnitTests.Handlers.UpdateApplicantInfoHandlerTests.UpdateApplicantInfoHandler_ShouldPass" computerName="VISHWA-KOOLLA" duration="00:00:00.4190000" startTime="2019-10-09T13:25:46.3368794-04:00" endTime="2019-10-09T13:25:46.3368794-04:00" testType="13cdc9d9-ddb5-4fa4-a97d-d965ccfc6d4b" outcome="Passed" testListId="8c84fa94-04c1-424b-9868-57a2d4851a1d" relativeResultsDirectory="ad6552f6-14f2-474f-8865-cf711b19ff06" />
    <UnitTestResult executionId="81e2750e-f626-46d3-a108-ca3dc05a0d6e" testId="81ef49f3-2ec7-a6d4-3986-2e94634c7ef4" testName="Ocas.Domestic.Admin.Api.Services.UnitTests.Validators.Models.AcademicRecordBaseValidatorTests.AcademicRecordBaseValidator_ShouldThrow_When_LiteracyTestId_Empty" computerName="VISHWA-KOOLLA" duration="00:00:00.0050000" startTime="2019-10-09T13:25:41.9772303-04:00" endTime="2019-10-09T13:25:41.9772303-04:00" testType="13cdc9d9-ddb5-4fa4-a97d-d965ccfc6d4b" outcome="Passed" testListId="8c84fa94-04c1-424b-9868-57a2d4851a1d" relativeResultsDirectory="81e2750e-f626-46d3-a108-ca3dc05a0d6e" />
    <UnitTestResult executionId="a7a65720-bef6-4650-8a9a-d13026520a34" testId="eb094ad1-7a4f-f0cb-33af-77d7726bc04d" testName="Ocas.Domestic.Admin.Api.Services.UnitTests.Validators.Models.ApplicantUpdateInfoValidatorTests.ApplicantUpdateInfoValidator_ShouldFail_With_LastName_Empty" computerName="VISHWA-KOOLLA" duration="00:00:00.0070000" startTime="2019-10-09T13:25:40.2177343-04:00" endTime="2019-10-09T13:25:40.2177343-04:00" testType="13cdc9d9-ddb5-4fa4-a97d-d965ccfc6d4b" outcome="Passed" testListId="8c84fa94-04c1-424b-9868-57a2d4851a1d" relativeResultsDirectory="a7a65720-bef6-4650-8a9a-d13026520a34" />
    <UnitTestResult executionId="95fcab44-5ea9-4190-8ae5-21d8d020006c" testId="c461d5e6-9a19-cf97-1ba6-47671c314c09" testName="Ocas.Domestic.Admin.Api.Services.UnitTests.Validators.Models.AcademicRecordBaseValidatorTests.AcademicRecordBaseValidator_ShouldThrow_When_CommunityInvolvementId_Empty" computerName="VISHWA-KOOLLA" duration="00:00:00.0070000" startTime="2019-10-09T13:25:41.9681797-04:00" endTime="2019-10-09T13:25:41.9681797-04:00" testType="13cdc9d9-ddb5-4fa4-a97d-d965ccfc6d4b" outcome="Passed" testListId="8c84fa94-04c1-424b-9868-57a2d4851a1d" relativeResultsDirectory="95fcab44-5ea9-4190-8ae5-21d8d020006c" />
    <UnitTestResult executionId="b7fa93d3-c741-4819-a512-fe338fc076fb" testId="c7cb4449-b615-18a2-76c5-39d2fe0b3c53" testName="Ocas.Domestic.Admin.Api.Services.UnitTests.Authorization.UserAuthorizationTests.CanAccessApplicantAsync_ShouldPass_When_CollegeUser" computerName="VISHWA-KOOLLA" duration="00:00:00.9260000" startTime="2019-10-09T13:25:40.6883224-04:00" endTime="2019-10-09T13:25:40.6883224-04:00" testType="13cdc9d9-ddb5-4fa4-a97d-d965ccfc6d4b" outcome="Passed" testListId="8c84fa94-04c1-424b-9868-57a2d4851a1d" relativeResultsDirectory="b7fa93d3-c741-4819-a512-fe338fc076fb" />
    <UnitTestResult executionId="58906b6e-a67f-4ba7-9124-9668c82d6d4d" testId="3f959c29-7684-5490-93e9-8fa35319dcbc" testName="Ocas.Domestic.Admin.Api.Services.UnitTests.Validators.Models.ApplicantUpdateInfoValidatorTests.ApplicantUpdateInfoValidator_ShouldFail_With_BirthDate_Invalid" computerName="VISHWA-KOOLLA" duration="00:00:00.0090000" startTime="2019-10-09T13:25:40.2257129-04:00" endTime="2019-10-09T13:25:40.2257129-04:00" testType="13cdc9d9-ddb5-4fa4-a97d-d965ccfc6d4b" outcome="Passed" testListId="8c84fa94-04c1-424b-9868-57a2d4851a1d" relativeResultsDirectory="58906b6e-a67f-4ba7-9124-9668c82d6d4d" />
    <UnitTestResult executionId="440ad571-c0f0-4c91-be33-2a5ae22e9b87" testId="52de2425-593e-b2f1-48b6-021996b60937" testName="Ocas.Domestic.Admin.Api.Services.UnitTests.Validators.Models.ApplicantUpdateInfoValidatorTests.ApplicantUpdateInfoValidator_ShouldFail_With_LastName_Regex" computerName="VISHWA-KOOLLA" duration="00:00:00.0160000" startTime="2019-10-09T13:25:40.1563461-04:00" endTime="2019-10-09T13:25:40.1563461-04:00" testType="13cdc9d9-ddb5-4fa4-a97d-d965ccfc6d4b" outcome="Passed" testListId="8c84fa94-04c1-424b-9868-57a2d4851a1d" relativeResultsDirectory="440ad571-c0f0-4c91-be33-2a5ae22e9b87" />
    <UnitTestResult executionId="e6edfe67-0ba7-4cbf-88ca-22eb666a894e" testId="1deea76b-42e0-e263-d897-8511976f99b3" testName="Ocas.Domestic.Admin.Api.Services.UnitTests.Validators.Models.ApplicantUpdateInfoValidatorTests.ApplicantUpdateInfoValidator_ShouldFail_With_FirstName_Length" computerName="VISHWA-KOOLLA" duration="00:00:00.0080000" startTime="2019-10-09T13:25:40.1643483-04:00" endTime="2019-10-09T13:25:40.1643483-04:00" testType="13cdc9d9-ddb5-4fa4-a97d-d965ccfc6d4b" outcome="Passed" testListId="8c84fa94-04c1-424b-9868-57a2d4851a1d" relativeResultsDirectory="e6edfe67-0ba7-4cbf-88ca-22eb666a894e" />
    <UnitTestResult executionId="0b7ba1cb-9d80-493b-8edf-28deb1aab872" testId="08831242-9bd5-13c0-09dd-9488423a144a" testName="Ocas.Domestic.Admin.Api.Services.UnitTests.Validators.Models.AcademicRecordValidatorTests.AcademicRecordBaseValidator_ShouldThrow_When_IdEmpty" computerName="VISHWA-KOOLLA" duration="00:00:00.0050000" startTime="2019-10-09T13:25:42.0506703-04:00" endTime="2019-10-09T13:25:42.0506703-04:00" testType="13cdc9d9-ddb5-4fa4-a97d-d965ccfc6d4b" outcome="Passed" testListId="8c84fa94-04c1-424b-9868-57a2d4851a1d" relativeResultsDirectory="0b7ba1cb-9d80-493b-8edf-28deb1aab872" />
    <UnitTestResult executionId="ec8df4ab-9dea-41e4-a3f2-53cbb26e1090" testId="8d2001ec-e0f5-4b07-3bdd-7f3a90848c8a" testName="Ocas.Domestic.Admin.Api.Services.UnitTests.Validators.Models.AcademicRecordBaseValidatorTests.AcademicRecordBaseValidator_ShouldPass_When_HighSkillsMajorId_Null" computerName="VISHWA-KOOLLA" duration="00:00:00.0040000" startTime="2019-10-09T13:25:41.9484979-04:00" endTime="2019-10-09T13:25:41.9484979-04:00" testType="13cdc9d9-ddb5-4fa4-a97d-d965ccfc6d4b" outcome="Passed" testListId="8c84fa94-04c1-424b-9868-57a2d4851a1d" relativeResultsDirectory="ec8df4ab-9dea-41e4-a3f2-53cbb26e1090" />
    <UnitTestResult executionId="7184675c-d71a-4c65-a715-d08cf5bbb1d2" testId="d3bc8007-7656-f83d-98fd-31a3e6576942" testName="Ocas.Domestic.Admin.Api.Services.UnitTests.Handlers.GetOntarioStudentCourseCreditsHandlerTests.GetOntarioStudentCourseCredits_ShouldPass" computerName="VISHWA-KOOLLA" duration="00:00:00.2320000" startTime="2019-10-09T13:25:44.9287584-04:00" endTime="2019-10-09T13:25:44.9287584-04:00" testType="13cdc9d9-ddb5-4fa4-a97d-d965ccfc6d4b" outcome="Passed" testListId="8c84fa94-04c1-424b-9868-57a2d4851a1d" relativeResultsDirectory="7184675c-d71a-4c65-a715-d08cf5bbb1d2" />
    <UnitTestResult executionId="7a449522-45a6-4b83-a81a-6f2dae0f97a5" testId="092e76c0-8474-29ae-43e4-d1e046f4da8b" testName="Ocas.Domestic.Admin.Api.Services.UnitTests.Validators.Models.ApplicantUpdateInfoValidatorTests.ApplicantUpdateInfoValidator_ShouldFail_With_BirthDate_InFuture" computerName="VISHWA-KOOLLA" duration="00:00:00.3130000" startTime="2019-10-09T13:25:40.1403655-04:00" endTime="2019-10-09T13:25:40.1403655-04:00" testType="13cdc9d9-ddb5-4fa4-a97d-d965ccfc6d4b" outcome="Passed" testListId="8c84fa94-04c1-424b-9868-57a2d4851a1d" relativeResultsDirectory="7a449522-45a6-4b83-a81a-6f2dae0f97a5" />
    <UnitTestResult executionId="d1ff6f40-1358-4ef3-a78c-aa967e52c0bf" testId="2a51d698-0acc-933d-6726-8495e2509e49" testName="Ocas.Domestic.Admin.Api.Services.UnitTests.Validators.IIdentityUserValidatorTests.Validator_ShouldPass" computerName="VISHWA-KOOLLA" duration="00:00:00.3840000" startTime="2019-10-09T13:25:40.3639321-04:00" endTime="2019-10-09T13:25:40.3639321-04:00" testType="13cdc9d9-ddb5-4fa4-a97d-d965ccfc6d4b" outcome="Passed" testListId="8c84fa94-04c1-424b-9868-57a2d4851a1d" relativeResultsDirectory="d1ff6f40-1358-4ef3-a78c-aa967e52c0bf" />
    <UnitTestResult executionId="4d18165c-9cbd-4dc7-a352-d76a8f9a0b54" testId="fdb85436-7c1c-3f3e-d452-86f22541005e" testName="Ocas.Domestic.Admin.Api.Services.UnitTests.Handlers.DeleteOntarioStudentCourseCreditHandlerTests.DeleteOntarioStudentCourseCredit_ShouldPass" computerName="VISHWA-KOOLLA" duration="00:00:00.2040000" startTime="2019-10-09T13:25:44.3175671-04:00" endTime="2019-10-09T13:25:44.3175671-04:00" testType="13cdc9d9-ddb5-4fa4-a97d-d965ccfc6d4b" outcome="Passed" testListId="8c84fa94-04c1-424b-9868-57a2d4851a1d" relativeResultsDirectory="4d18165c-9cbd-4dc7-a352-d76a8f9a0b54" />
    <UnitTestResult executionId="ecaee8af-978d-4c64-bd44-e52780c130a2" testId="0d5bf8d5-31de-b0ea-8362-9bb7a1f57db2" testName="Ocas.Domestic.Admin.Api.Services.UnitTests.Validators.Models.AcademicRecordBaseValidatorTests.AcademicRecordBaseValidator_ShouldThrow_When_HighSkillsMajorId_MustExist" computerName="VISHWA-KOOLLA" duration="00:00:00.0060000" startTime="2019-10-09T13:25:42.0039121-04:00" endTime="2019-10-09T13:25:42.0039121-04:00" testType="13cdc9d9-ddb5-4fa4-a97d-d965ccfc6d4b" outcome="Passed" testListId="8c84fa94-04c1-424b-9868-57a2d4851a1d" relativeResultsDirectory="ecaee8af-978d-4c64-bd44-e52780c130a2" />
    <UnitTestResult executionId="d5180085-8ecd-46f3-aa68-5577496e6c38" testId="59f2dffc-c838-81f7-b3af-19d6f7825bf3" testName="Ocas.Domestic.Admin.Api.Services.UnitTests.Handlers.UpdateOntarioStudentCourseCreditHandlerTests.UpdateOntarioStudentCourseCredit_ShouldThrow_When_CourseCodeAndCompletedDate_IsDuplicate" computerName="VISHWA-KOOLLA" duration="00:00:00.6100000" startTime="2019-10-09T13:25:46.9469017-04:00" endTime="2019-10-09T13:25:46.9469017-04:00" testType="13cdc9d9-ddb5-4fa4-a97d-d965ccfc6d4b" outcome="Passed" testListId="8c84fa94-04c1-424b-9868-57a2d4851a1d" relativeResultsDirectory="d5180085-8ecd-46f3-aa68-5577496e6c38" />
    <UnitTestResult executionId="58b95f5e-5ddc-4c65-9c15-5a2d4f98381d" testId="d8af390d-020f-1f4d-ce5b-02780ec73de1" testName="Ocas.Domestic.Admin.Api.Services.UnitTests.Authorization.UserAuthorizationTests.CanAccessApplicantAsync_ShouldPass_When_HSUser" computerName="VISHWA-KOOLLA" duration="00:00:00.0030000" startTime="2019-10-09T13:25:40.7108407-04:00" endTime="2019-10-09T13:25:40.7108407-04:00" testType="13cdc9d9-ddb5-4fa4-a97d-d965ccfc6d4b" outcome="Passed" testListId="8c84fa94-04c1-424b-9868-57a2d4851a1d" relativeResultsDirectory="58b95f5e-5ddc-4c65-9c15-5a2d4f98381d" />
    <UnitTestResult executionId="13fe339b-55ab-4364-8275-10f9154b2863" testId="c1160b98-a5b0-eb12-8117-ab05d79130b7" testName="Ocas.Domestic.Admin.Api.Services.UnitTests.Authorization.UserAuthorizationTests.CanAccessApplicantAsync_ShouldThrow_When_BoardUser" computerName="VISHWA-KOOLLA" duration="00:00:00.0090000" startTime="2019-10-09T13:25:40.7078501-04:00" endTime="2019-10-09T13:25:40.7078501-04:00" testType="13cdc9d9-ddb5-4fa4-a97d-d965ccfc6d4b" outcome="Passed" testListId="8c84fa94-04c1-424b-9868-57a2d4851a1d" relativeResultsDirectory="13fe339b-55ab-4364-8275-10f9154b2863" />
    <UnitTestResult executionId="00043ea3-4392-4247-a135-a4e29a3ccc81" testId="3bef2cde-99b5-e851-b6fd-8049cd2f2247" testName="Ocas.Domestic.Admin.Api.Services.UnitTests.Validators.Models.AcademicRecordBaseValidatorTests.AcademicRecordBaseValidator_ShouldThrow_When_CommunityInvolvementId_MustExist" computerName="VISHWA-KOOLLA" duration="00:00:00.0140000" startTime="2019-10-09T13:25:41.9972600-04:00" endTime="2019-10-09T13:25:41.9972600-04:00" testType="13cdc9d9-ddb5-4fa4-a97d-d965ccfc6d4b" outcome="Passed" testListId="8c84fa94-04c1-424b-9868-57a2d4851a1d" relativeResultsDirectory="00043ea3-4392-4247-a135-a4e29a3ccc81" />
    <UnitTestResult executionId="ca5b1050-6f03-4000-9fe5-c62844bef188" testId="ebe5594d-cd8c-18c2-2f78-7b9a59b122b1" testName="Ocas.Domestic.Admin.Api.Services.UnitTests.Validators.Models.AcademicRecordBaseValidatorTests.AcademicRecordBaseValidator_ShouldPass" computerName="VISHWA-KOOLLA" duration="00:00:00.0060000" startTime="2019-10-09T13:25:41.9546102-04:00" endTime="2019-10-09T13:25:41.9546102-04:00" testType="13cdc9d9-ddb5-4fa4-a97d-d965ccfc6d4b" outcome="Passed" testListId="8c84fa94-04c1-424b-9868-57a2d4851a1d" relativeResultsDirectory="ca5b1050-6f03-4000-9fe5-c62844bef188" />
    <UnitTestResult executionId="d57c04e5-2d09-47cd-8773-b70928e4591d" testId="958a99ce-9738-2a03-e8b0-c2c5b039ca72" testName="Ocas.Domestic.Admin.Api.Services.UnitTests.Handlers.CreateOntarioStudentCourseCreditHandlerTests.CreateOntarioStudentCourseCredit_ShouldThrow_When_Transcript_NotFound" computerName="VISHWA-KOOLLA" duration="00:00:00.6720000" startTime="2019-10-09T13:25:42.7225785-04:00" endTime="2019-10-09T13:25:42.7225785-04:00" testType="13cdc9d9-ddb5-4fa4-a97d-d965ccfc6d4b" outcome="Passed" testListId="8c84fa94-04c1-424b-9868-57a2d4851a1d" relativeResultsDirectory="d57c04e5-2d09-47cd-8773-b70928e4591d" />
    <UnitTestResult executionId="d751ddbe-e004-43d8-b493-f020000b4111" testId="5c14a95f-e4ee-1621-0fcd-787d5aa4e503" testName="Ocas.Domestic.Admin.Api.Services.UnitTests.Handlers.CreateOntarioStudentCourseCreditHandlerTests.CreateOntarioStudentCourseCredit_ShouldPass" computerName="VISHWA-KOOLLA" duration="00:00:00.6360000" startTime="2019-10-09T13:25:43.3592395-04:00" endTime="2019-10-09T13:25:43.3592395-04:00" testType="13cdc9d9-ddb5-4fa4-a97d-d965ccfc6d4b" outcome="Passed" testListId="8c84fa94-04c1-424b-9868-57a2d4851a1d" relativeResultsDirectory="d751ddbe-e004-43d8-b493-f020000b4111" />
    <UnitTestResult executionId="c735cbbf-79b9-4a66-a49c-38f5995d43a7" testId="287ccbb2-afde-b44c-d6a5-5a088a8cec66" testName="Ocas.Domestic.Admin.Api.Services.UnitTests.Validators.IIdentityUserValidatorTests.Validator_ShouldFail_WhenNoUser" computerName="VISHWA-KOOLLA" duration="00:00:00.1510000" startTime="2019-10-09T13:25:39.9832564-04:00" endTime="2019-10-09T13:25:39.9832564-04:00" testType="13cdc9d9-ddb5-4fa4-a97d-d965ccfc6d4b" outcome="Passed" testListId="8c84fa94-04c1-424b-9868-57a2d4851a1d" relativeResultsDirectory="c735cbbf-79b9-4a66-a49c-38f5995d43a7" />
    <UnitTestResult executionId="159bf5d4-78e4-4263-a8b4-80fff7522a89" testId="0dcff627-b8cf-f520-d209-1fa8caef3f56" testName="Ocas.Domestic.Admin.Api.Services.UnitTests.Handlers.UpdateOntarioStudentCourseCreditHandlerTests.UpdateOntarioStudentCourseCredit_ShouldThrow_When_RequestNotFound" computerName="VISHWA-KOOLLA" duration="00:00:00.4040000" startTime="2019-10-09T13:25:47.3578771-04:00" endTime="2019-10-09T13:25:47.3578771-04:00" testType="13cdc9d9-ddb5-4fa4-a97d-d965ccfc6d4b" outcome="Passed" testListId="8c84fa94-04c1-424b-9868-57a2d4851a1d" relativeResultsDirectory="159bf5d4-78e4-4263-a8b4-80fff7522a89" />
    <UnitTestResult executionId="c562acef-ee1e-49cb-8fdb-e5c710d12c60" testId="724f7be3-6951-3103-c88b-a7cc157f0c49" testName="Ocas.Domestic.Admin.Api.Services.UnitTests.Validators.Models.ApplicantUpdateInfoValidatorTests.ApplicantUpdateInfoValidator_ShouldFail_With_FirstName_Empty" computerName="VISHWA-KOOLLA" duration="00:00:00.0080000" startTime="2019-10-09T13:25:40.1723496-04:00" endTime="2019-10-09T13:25:40.1723496-04:00" testType="13cdc9d9-ddb5-4fa4-a97d-d965ccfc6d4b" outcome="Passed" testListId="8c84fa94-04c1-424b-9868-57a2d4851a1d" relativeResultsDirectory="c562acef-ee1e-49cb-8fdb-e5c710d12c60" />
    <UnitTestResult executionId="f6b18525-c769-4501-aee4-950cbd6791ee" testId="84fa75b5-56e6-41ee-cc99-45d1a710e083" testName="Ocas.Domestic.Admin.Api.Services.UnitTests.Validators.Models.ApplicantUpdateInfoValidatorTests.ApplicantUpdateInfoValidator_ShouldFail_With_FirstName_Regex" computerName="VISHWA-KOOLLA" duration="00:00:00.0110000" startTime="2019-10-09T13:25:40.2150561-04:00" endTime="2019-10-09T13:25:40.2150561-04:00" testType="13cdc9d9-ddb5-4fa4-a97d-d965ccfc6d4b" outcome="Passed" testListId="8c84fa94-04c1-424b-9868-57a2d4851a1d" relativeResultsDirectory="f6b18525-c769-4501-aee4-950cbd6791ee" />
    <UnitTestResult executionId="c82fb027-f267-4898-a715-0d63312d88b7" testId="49fbc835-0eaf-62c6-2311-91b21a124368" testName="Ocas.Domestic.Admin.Api.Services.UnitTests.Validators.IApplicantUserValidatorTests.Validator_ShouldPass" computerName="VISHWA-KOOLLA" duration="00:00:00.5380000" startTime="2019-10-09T13:25:40.3659248-04:00" endTime="2019-10-09T13:25:40.3659248-04:00" testType="13cdc9d9-ddb5-4fa4-a97d-d965ccfc6d4b" outcome="Passed" testListId="8c84fa94-04c1-424b-9868-57a2d4851a1d" relativeResultsDirectory="c82fb027-f267-4898-a715-0d63312d88b7" />
    <UnitTestResult executionId="472aa419-d939-487b-a225-bee887445d8d" testId="e5262888-f333-7d68-d516-df5f27afc756" testName="Ocas.Domestic.Admin.Api.Services.UnitTests.Handlers.GetOntarioStudentCourseCreditHandlerTests.GetOntarioStudentCourseCreditHandler_ShouldPass_When_Empty" computerName="VISHWA-KOOLLA" duration="00:00:00.1800000" startTime="2019-10-09T13:25:44.4973164-04:00" endTime="2019-10-09T13:25:44.4973164-04:00" testType="13cdc9d9-ddb5-4fa4-a97d-d965ccfc6d4b" outcome="Passed" testListId="8c84fa94-04c1-424b-9868-57a2d4851a1d" relativeResultsDirectory="472aa419-d939-487b-a225-bee887445d8d" />
  </Results>
  <TestDefinitions>
    <UnitTest name="Ocas.Domestic.Admin.Api.Services.UnitTests.Validators.Models.AcademicRecordBaseValidatorTests.AcademicRecordBaseValidator_ShouldThrow_When_DateCredentialAchieved_InFuture" storage="c:\ocasprojects\apply-api\src\admin-api\src\ocas.domestic.admin.api.services.unittests\bin\release\net461\ocas.domestic.admin.api.services.unittests.dll" id="2b738f98-40f1-7a17-d33a-5be68e45aa1b">
      <Execution id="1fef1a50-43ed-40b8-a69a-256412fbd77d" />
      <TestMethod codeBase="C:\OcasProjects\apply-api\src\admin-api\src\Ocas.Domestic.Admin.Api.Services.UnitTests\bin\Release\net461\Ocas.Domestic.Admin.Api.Services.UnitTests.dll" adapterTypeName="executor://xunit/VsTestRunner2/net" className="Ocas.Domestic.Admin.Api.Services.UnitTests" name="Ocas.Domestic.Admin.Api.Services.UnitTests.Validators.Models.AcademicRecordBaseValidatorTests.AcademicRecordBaseValidator_ShouldThrow_When_DateCredentialAchieved_InFuture" />
    </UnitTest>
    <UnitTest name="Ocas.Domestic.Admin.Api.Services.UnitTests.Validators.IApplicantUserValidatorTests.Validator_ShouldFail_WhenNoUser" storage="c:\ocasprojects\apply-api\src\admin-api\src\ocas.domestic.admin.api.services.unittests\bin\release\net461\ocas.domestic.admin.api.services.unittests.dll" id="1b4b8507-64e3-a6b6-0ed6-ab8135a398cc">
      <Execution id="07c53936-12d5-411b-99b9-407f7522f502" />
      <TestMethod codeBase="C:\OcasProjects\apply-api\src\admin-api\src\Ocas.Domestic.Admin.Api.Services.UnitTests\bin\Release\net461\Ocas.Domestic.Admin.Api.Services.UnitTests.dll" adapterTypeName="executor://xunit/VsTestRunner2/net" className="Ocas.Domestic.Admin.Api.Services.UnitTests" name="Ocas.Domestic.Admin.Api.Services.UnitTests.Validators.IApplicantUserValidatorTests.Validator_ShouldFail_WhenNoUser" />
    </UnitTest>
    <UnitTest name="Ocas.Domestic.Admin.Api.Services.UnitTests.Handlers.CreateOntarioStudentCourseCreditHandlerTests.CreateOntarioStudentCourseCredit_ShouldPass" storage="c:\ocasprojects\apply-api\src\admin-api\src\ocas.domestic.admin.api.services.unittests\bin\release\net461\ocas.domestic.admin.api.services.unittests.dll" id="5c14a95f-e4ee-1621-0fcd-787d5aa4e503">
      <Execution id="d751ddbe-e004-43d8-b493-f020000b4111" />
      <TestMethod codeBase="C:\OcasProjects\apply-api\src\admin-api\src\Ocas.Domestic.Admin.Api.Services.UnitTests\bin\Release\net461\Ocas.Domestic.Admin.Api.Services.UnitTests.dll" adapterTypeName="executor://xunit/VsTestRunner2/net" className="Ocas.Domestic.Admin.Api.Services.UnitTests" name="Ocas.Domestic.Admin.Api.Services.UnitTests.Handlers.CreateOntarioStudentCourseCreditHandlerTests.CreateOntarioStudentCourseCredit_ShouldPass" />
    </UnitTest>
    <UnitTest name="Ocas.Domestic.Admin.Api.Services.UnitTests.Validators.Models.ApplicantUpdateInfoValidatorTests.ApplicantUpdateInfoValidator_ShouldFail_With_FirstName_Length" storage="c:\ocasprojects\apply-api\src\admin-api\src\ocas.domestic.admin.api.services.unittests\bin\release\net461\ocas.domestic.admin.api.services.unittests.dll" id="1deea76b-42e0-e263-d897-8511976f99b3">
      <Execution id="e6edfe67-0ba7-4cbf-88ca-22eb666a894e" />
      <TestMethod codeBase="C:\OcasProjects\apply-api\src\admin-api\src\Ocas.Domestic.Admin.Api.Services.UnitTests\bin\Release\net461\Ocas.Domestic.Admin.Api.Services.UnitTests.dll" adapterTypeName="executor://xunit/VsTestRunner2/net" className="Ocas.Domestic.Admin.Api.Services.UnitTests" name="Ocas.Domestic.Admin.Api.Services.UnitTests.Validators.Models.ApplicantUpdateInfoValidatorTests.ApplicantUpdateInfoValidator_ShouldFail_With_FirstName_Length" />
    </UnitTest>
    <UnitTest name="Ocas.Domestic.Admin.Api.Services.UnitTests.Validators.Models.AcademicRecordBaseValidatorTests.AcademicRecordBaseValidator_ShouldThrow_When_HighestEducationId_Empty" storage="c:\ocasprojects\apply-api\src\admin-api\src\ocas.domestic.admin.api.services.unittests\bin\release\net461\ocas.domestic.admin.api.services.unittests.dll" id="cfc8ae86-dc6d-42b3-544d-7da9b74b13e6">
      <Execution id="cf9fe56f-efde-42e1-a9b5-2256bdff2287" />
      <TestMethod codeBase="C:\OcasProjects\apply-api\src\admin-api\src\Ocas.Domestic.Admin.Api.Services.UnitTests\bin\Release\net461\Ocas.Domestic.Admin.Api.Services.UnitTests.dll" adapterTypeName="executor://xunit/VsTestRunner2/net" className="Ocas.Domestic.Admin.Api.Services.UnitTests" name="Ocas.Domestic.Admin.Api.Services.UnitTests.Validators.Models.AcademicRecordBaseValidatorTests.AcademicRecordBaseValidator_ShouldThrow_When_HighestEducationId_Empty" />
    </UnitTest>
    <UnitTest name="Ocas.Domestic.Admin.Api.Services.UnitTests.Handlers.UpdateOntarioStudentCourseCreditHandlerTests.UpdateOntarioStudentCourseCredit_ShouldThrow_When_RequestNotFound" storage="c:\ocasprojects\apply-api\src\admin-api\src\ocas.domestic.admin.api.services.unittests\bin\release\net461\ocas.domestic.admin.api.services.unittests.dll" id="0dcff627-b8cf-f520-d209-1fa8caef3f56">
      <Execution id="159bf5d4-78e4-4263-a8b4-80fff7522a89" />
      <TestMethod codeBase="C:\OcasProjects\apply-api\src\admin-api\src\Ocas.Domestic.Admin.Api.Services.UnitTests\bin\Release\net461\Ocas.Domestic.Admin.Api.Services.UnitTests.dll" adapterTypeName="executor://xunit/VsTestRunner2/net" className="Ocas.Domestic.Admin.Api.Services.UnitTests" name="Ocas.Domestic.Admin.Api.Services.UnitTests.Handlers.UpdateOntarioStudentCourseCreditHandlerTests.UpdateOntarioStudentCourseCredit_ShouldThrow_When_RequestNotFound" />
    </UnitTest>
    <UnitTest name="Ocas.Domestic.Admin.Api.Services.UnitTests.Validators.Models.ApplicantUpdateInfoValidatorTests.ApplicantUpdateInfoValidator_ShouldFail_With_BirthDate_Invalid" storage="c:\ocasprojects\apply-api\src\admin-api\src\ocas.domestic.admin.api.services.unittests\bin\release\net461\ocas.domestic.admin.api.services.unittests.dll" id="3f959c29-7684-5490-93e9-8fa35319dcbc">
      <Execution id="58906b6e-a67f-4ba7-9124-9668c82d6d4d" />
      <TestMethod codeBase="C:\OcasProjects\apply-api\src\admin-api\src\Ocas.Domestic.Admin.Api.Services.UnitTests\bin\Release\net461\Ocas.Domestic.Admin.Api.Services.UnitTests.dll" adapterTypeName="executor://xunit/VsTestRunner2/net" className="Ocas.Domestic.Admin.Api.Services.UnitTests" name="Ocas.Domestic.Admin.Api.Services.UnitTests.Validators.Models.ApplicantUpdateInfoValidatorTests.ApplicantUpdateInfoValidator_ShouldFail_With_BirthDate_Invalid" />
    </UnitTest>
    <UnitTest name="Ocas.Domestic.Admin.Api.Services.UnitTests.Validators.Models.AcademicRecordBaseValidatorTests.AcademicRecordBaseValidator_ShouldPass" storage="c:\ocasprojects\apply-api\src\admin-api\src\ocas.domestic.admin.api.services.unittests\bin\release\net461\ocas.domestic.admin.api.services.unittests.dll" id="ebe5594d-cd8c-18c2-2f78-7b9a59b122b1">
      <Execution id="ca5b1050-6f03-4000-9fe5-c62844bef188" />
      <TestMethod codeBase="C:\OcasProjects\apply-api\src\admin-api\src\Ocas.Domestic.Admin.Api.Services.UnitTests\bin\Release\net461\Ocas.Domestic.Admin.Api.Services.UnitTests.dll" adapterTypeName="executor://xunit/VsTestRunner2/net" className="Ocas.Domestic.Admin.Api.Services.UnitTests" name="Ocas.Domestic.Admin.Api.Services.UnitTests.Validators.Models.AcademicRecordBaseValidatorTests.AcademicRecordBaseValidator_ShouldPass" />
    </UnitTest>
    <UnitTest name="Ocas.Domestic.Admin.Api.Services.UnitTests.Validators.Models.AcademicRecordBaseValidatorTests.AcademicRecordBaseValidator_ShouldPass_When_HighSkillsMajorId_Null" storage="c:\ocasprojects\apply-api\src\admin-api\src\ocas.domestic.admin.api.services.unittests\bin\release\net461\ocas.domestic.admin.api.services.unittests.dll" id="8d2001ec-e0f5-4b07-3bdd-7f3a90848c8a">
      <Execution id="ec8df4ab-9dea-41e4-a3f2-53cbb26e1090" />
      <TestMethod codeBase="C:\OcasProjects\apply-api\src\admin-api\src\Ocas.Domestic.Admin.Api.Services.UnitTests\bin\Release\net461\Ocas.Domestic.Admin.Api.Services.UnitTests.dll" adapterTypeName="executor://xunit/VsTestRunner2/net" className="Ocas.Domestic.Admin.Api.Services.UnitTests" name="Ocas.Domestic.Admin.Api.Services.UnitTests.Validators.Models.AcademicRecordBaseValidatorTests.AcademicRecordBaseValidator_ShouldPass_When_HighSkillsMajorId_Null" />
    </UnitTest>
    <UnitTest name="Ocas.Domestic.Admin.Api.Services.UnitTests.Validators.Models.AcademicRecordBaseValidatorTests.AcademicRecordBaseValidator_ShouldThrow_When_SchoolId_MustBeAHighShool" storage="c:\ocasprojects\apply-api\src\admin-api\src\ocas.domestic.admin.api.services.unittests\bin\release\net461\ocas.domestic.admin.api.services.unittests.dll" id="30e17c4c-7bcc-ae95-8451-67be697f896d">
      <Execution id="ac396530-1eef-4b33-b184-d451e3beaf92" />
      <TestMethod codeBase="C:\OcasProjects\apply-api\src\admin-api\src\Ocas.Domestic.Admin.Api.Services.UnitTests\bin\Release\net461\Ocas.Domestic.Admin.Api.Services.UnitTests.dll" adapterTypeName="executor://xunit/VsTestRunner2/net" className="Ocas.Domestic.Admin.Api.Services.UnitTests" name="Ocas.Domestic.Admin.Api.Services.UnitTests.Validators.Models.AcademicRecordBaseValidatorTests.AcademicRecordBaseValidator_ShouldThrow_When_SchoolId_MustBeAHighShool" />
    </UnitTest>
    <UnitTest name="Ocas.Domestic.Admin.Api.Services.UnitTests.Validators.Models.ApplicantUpdateInfoValidatorTests.ApplicantUpdateInfoValidator_ShouldFail_With_LastName_Empty" storage="c:\ocasprojects\apply-api\src\admin-api\src\ocas.domestic.admin.api.services.unittests\bin\release\net461\ocas.domestic.admin.api.services.unittests.dll" id="eb094ad1-7a4f-f0cb-33af-77d7726bc04d">
      <Execution id="a7a65720-bef6-4650-8a9a-d13026520a34" />
      <TestMethod codeBase="C:\OcasProjects\apply-api\src\admin-api\src\Ocas.Domestic.Admin.Api.Services.UnitTests\bin\Release\net461\Ocas.Domestic.Admin.Api.Services.UnitTests.dll" adapterTypeName="executor://xunit/VsTestRunner2/net" className="Ocas.Domestic.Admin.Api.Services.UnitTests" name="Ocas.Domestic.Admin.Api.Services.UnitTests.Validators.Models.ApplicantUpdateInfoValidatorTests.ApplicantUpdateInfoValidator_ShouldFail_With_LastName_Empty" />
    </UnitTest>
    <UnitTest name="Ocas.Domestic.Admin.Api.Services.UnitTests.Validators.Models.ApplicantUpdateInfoValidatorTests.ApplicantUpdateInfoValidator_ShouldFail_With_FirstName_Regex" storage="c:\ocasprojects\apply-api\src\admin-api\src\ocas.domestic.admin.api.services.unittests\bin\release\net461\ocas.domestic.admin.api.services.unittests.dll" id="84fa75b5-56e6-41ee-cc99-45d1a710e083">
      <Execution id="f6b18525-c769-4501-aee4-950cbd6791ee" />
      <TestMethod codeBase="C:\OcasProjects\apply-api\src\admin-api\src\Ocas.Domestic.Admin.Api.Services.UnitTests\bin\Release\net461\Ocas.Domestic.Admin.Api.Services.UnitTests.dll" adapterTypeName="executor://xunit/VsTestRunner2/net" className="Ocas.Domestic.Admin.Api.Services.UnitTests" name="Ocas.Domestic.Admin.Api.Services.UnitTests.Validators.Models.ApplicantUpdateInfoValidatorTests.ApplicantUpdateInfoValidator_ShouldFail_With_FirstName_Regex" />
    </UnitTest>
    <UnitTest name="Ocas.Domestic.Admin.Api.Services.UnitTests.Validators.Models.AcademicRecordBaseValidatorTests.AcademicRecordBaseValidator_ShouldThrow_When_LiteracyTestId_MustExist" storage="c:\ocasprojects\apply-api\src\admin-api\src\ocas.domestic.admin.api.services.unittests\bin\release\net461\ocas.domestic.admin.api.services.unittests.dll" id="de112cf3-80ba-c291-0586-376340278f97">
      <Execution id="60ab4112-a009-42ae-92f8-dc320d7837aa" />
      <TestMethod codeBase="C:\OcasProjects\apply-api\src\admin-api\src\Ocas.Domestic.Admin.Api.Services.UnitTests\bin\Release\net461\Ocas.Domestic.Admin.Api.Services.UnitTests.dll" adapterTypeName="executor://xunit/VsTestRunner2/net" className="Ocas.Domestic.Admin.Api.Services.UnitTests" name="Ocas.Domestic.Admin.Api.Services.UnitTests.Validators.Models.AcademicRecordBaseValidatorTests.AcademicRecordBaseValidator_ShouldThrow_When_LiteracyTestId_MustExist" />
    </UnitTest>
    <UnitTest name="Ocas.Domestic.Admin.Api.Services.UnitTests.Authorization.UserAuthorizationTests.CanAccessApplicantAsync_ShouldPass_When_HSUser" storage="c:\ocasprojects\apply-api\src\admin-api\src\ocas.domestic.admin.api.services.unittests\bin\release\net461\ocas.domestic.admin.api.services.unittests.dll" id="d8af390d-020f-1f4d-ce5b-02780ec73de1">
      <Execution id="58b95f5e-5ddc-4c65-9c15-5a2d4f98381d" />
      <TestMethod codeBase="C:\OcasProjects\apply-api\src\admin-api\src\Ocas.Domestic.Admin.Api.Services.UnitTests\bin\Release\net461\Ocas.Domestic.Admin.Api.Services.UnitTests.dll" adapterTypeName="executor://xunit/VsTestRunner2/net" className="Ocas.Domestic.Admin.Api.Services.UnitTests" name="Ocas.Domestic.Admin.Api.Services.UnitTests.Authorization.UserAuthorizationTests.CanAccessApplicantAsync_ShouldPass_When_HSUser" />
    </UnitTest>
    <UnitTest name="Ocas.Domestic.Admin.Api.Services.UnitTests.Authorization.UserAuthorizationTests.CanAccessApplicantAsync_ShouldThrow_When_BoardUser" storage="c:\ocasprojects\apply-api\src\admin-api\src\ocas.domestic.admin.api.services.unittests\bin\release\net461\ocas.domestic.admin.api.services.unittests.dll" id="c1160b98-a5b0-eb12-8117-ab05d79130b7">
      <Execution id="13fe339b-55ab-4364-8275-10f9154b2863" />
      <TestMethod codeBase="C:\OcasProjects\apply-api\src\admin-api\src\Ocas.Domestic.Admin.Api.Services.UnitTests\bin\Release\net461\Ocas.Domestic.Admin.Api.Services.UnitTests.dll" adapterTypeName="executor://xunit/VsTestRunner2/net" className="Ocas.Domestic.Admin.Api.Services.UnitTests" name="Ocas.Domestic.Admin.Api.Services.UnitTests.Authorization.UserAuthorizationTests.CanAccessApplicantAsync_ShouldThrow_When_BoardUser" />
    </UnitTest>
    <UnitTest name="Ocas.Domestic.Admin.Api.Services.UnitTests.Validators.Models.AcademicRecordBaseValidatorTests.AcademicRecordBaseValidator_ShouldPass_When_DateCredentialAchieved_Null" storage="c:\ocasprojects\apply-api\src\admin-api\src\ocas.domestic.admin.api.services.unittests\bin\release\net461\ocas.domestic.admin.api.services.unittests.dll" id="c0deb5e7-e655-5337-d71f-f63ae7ea17cb">
      <Execution id="514b01b4-4836-4e2d-95cb-c20fa3cbbfd7" />
      <TestMethod codeBase="C:\OcasProjects\apply-api\src\admin-api\src\Ocas.Domestic.Admin.Api.Services.UnitTests\bin\Release\net461\Ocas.Domestic.Admin.Api.Services.UnitTests.dll" adapterTypeName="executor://xunit/VsTestRunner2/net" className="Ocas.Domestic.Admin.Api.Services.UnitTests" name="Ocas.Domestic.Admin.Api.Services.UnitTests.Validators.Models.AcademicRecordBaseValidatorTests.AcademicRecordBaseValidator_ShouldPass_When_DateCredentialAchieved_Null" />
    </UnitTest>
    <UnitTest name="Ocas.Domestic.Admin.Api.Services.UnitTests.Validators.IApplicantUserValidatorTests.Validator_ShouldPass" storage="c:\ocasprojects\apply-api\src\admin-api\src\ocas.domestic.admin.api.services.unittests\bin\release\net461\ocas.domestic.admin.api.services.unittests.dll" id="49fbc835-0eaf-62c6-2311-91b21a124368">
      <Execution id="c82fb027-f267-4898-a715-0d63312d88b7" />
      <TestMethod codeBase="C:\OcasProjects\apply-api\src\admin-api\src\Ocas.Domestic.Admin.Api.Services.UnitTests\bin\Release\net461\Ocas.Domestic.Admin.Api.Services.UnitTests.dll" adapterTypeName="executor://xunit/VsTestRunner2/net" className="Ocas.Domestic.Admin.Api.Services.UnitTests" name="Ocas.Domestic.Admin.Api.Services.UnitTests.Validators.IApplicantUserValidatorTests.Validator_ShouldPass" />
    </UnitTest>
    <UnitTest name="Ocas.Domestic.Admin.Api.Services.UnitTests.Validators.Models.AcademicRecordBaseValidatorTests.AcademicRecordBaseValidator_ShouldThrow_When_ApplicantId_Empty" storage="c:\ocasprojects\apply-api\src\admin-api\src\ocas.domestic.admin.api.services.unittests\bin\release\net461\ocas.domestic.admin.api.services.unittests.dll" id="67241837-50b8-a830-731f-f2554451eb4a">
      <Execution id="2a112bbf-b637-4be5-ae71-7b72d9861532" />
      <TestMethod codeBase="C:\OcasProjects\apply-api\src\admin-api\src\Ocas.Domestic.Admin.Api.Services.UnitTests\bin\Release\net461\Ocas.Domestic.Admin.Api.Services.UnitTests.dll" adapterTypeName="executor://xunit/VsTestRunner2/net" className="Ocas.Domestic.Admin.Api.Services.UnitTests" name="Ocas.Domestic.Admin.Api.Services.UnitTests.Validators.Models.AcademicRecordBaseValidatorTests.AcademicRecordBaseValidator_ShouldThrow_When_ApplicantId_Empty" />
    </UnitTest>
    <UnitTest name="Ocas.Domestic.Admin.Api.Services.UnitTests.Validators.Models.AcademicRecordBaseValidatorTests.AcademicRecordBaseValidator_ShouldThrow_When_HighSkillsMajorId_MustExist" storage="c:\ocasprojects\apply-api\src\admin-api\src\ocas.domestic.admin.api.services.unittests\bin\release\net461\ocas.domestic.admin.api.services.unittests.dll" id="0d5bf8d5-31de-b0ea-8362-9bb7a1f57db2">
      <Execution id="ecaee8af-978d-4c64-bd44-e52780c130a2" />
      <TestMethod codeBase="C:\OcasProjects\apply-api\src\admin-api\src\Ocas.Domestic.Admin.Api.Services.UnitTests\bin\Release\net461\Ocas.Domestic.Admin.Api.Services.UnitTests.dll" adapterTypeName="executor://xunit/VsTestRunner2/net" className="Ocas.Domestic.Admin.Api.Services.UnitTests" name="Ocas.Domestic.Admin.Api.Services.UnitTests.Validators.Models.AcademicRecordBaseValidatorTests.AcademicRecordBaseValidator_ShouldThrow_When_HighSkillsMajorId_MustExist" />
    </UnitTest>
    <UnitTest name="Ocas.Domestic.Admin.Api.Services.UnitTests.Validators.IIdentityUserValidatorTests.Validator_ShouldFail_WhenNoUser" storage="c:\ocasprojects\apply-api\src\admin-api\src\ocas.domestic.admin.api.services.unittests\bin\release\net461\ocas.domestic.admin.api.services.unittests.dll" id="287ccbb2-afde-b44c-d6a5-5a088a8cec66">
      <Execution id="c735cbbf-79b9-4a66-a49c-38f5995d43a7" />
      <TestMethod codeBase="C:\OcasProjects\apply-api\src\admin-api\src\Ocas.Domestic.Admin.Api.Services.UnitTests\bin\Release\net461\Ocas.Domestic.Admin.Api.Services.UnitTests.dll" adapterTypeName="executor://xunit/VsTestRunner2/net" className="Ocas.Domestic.Admin.Api.Services.UnitTests" name="Ocas.Domestic.Admin.Api.Services.UnitTests.Validators.IIdentityUserValidatorTests.Validator_ShouldFail_WhenNoUser" />
    </UnitTest>
    <UnitTest name="Ocas.Domestic.Admin.Api.Services.UnitTests.Handlers.CreateOntarioStudentCourseCreditHandlerTests.CreateOntarioStudentCourseCredit_ShouldThrow_When_Transcript_NotFound" storage="c:\ocasprojects\apply-api\src\admin-api\src\ocas.domestic.admin.api.services.unittests\bin\release\net461\ocas.domestic.admin.api.services.unittests.dll" id="958a99ce-9738-2a03-e8b0-c2c5b039ca72">
      <Execution id="d57c04e5-2d09-47cd-8773-b70928e4591d" />
      <TestMethod codeBase="C:\OcasProjects\apply-api\src\admin-api\src\Ocas.Domestic.Admin.Api.Services.UnitTests\bin\Release\net461\Ocas.Domestic.Admin.Api.Services.UnitTests.dll" adapterTypeName="executor://xunit/VsTestRunner2/net" className="Ocas.Domestic.Admin.Api.Services.UnitTests" name="Ocas.Domestic.Admin.Api.Services.UnitTests.Handlers.CreateOntarioStudentCourseCreditHandlerTests.CreateOntarioStudentCourseCredit_ShouldThrow_When_Transcript_NotFound" />
    </UnitTest>
    <UnitTest name="Ocas.Domestic.Admin.Api.Services.UnitTests.Handlers.UpdateApplicantInfoHandlerTests.UpdateApplicantInfoHandler_ShouldPass" storage="c:\ocasprojects\apply-api\src\admin-api\src\ocas.domestic.admin.api.services.unittests\bin\release\net461\ocas.domestic.admin.api.services.unittests.dll" id="4ea219a2-de37-0b23-da46-687abba2845d">
      <Execution id="ad6552f6-14f2-474f-8865-cf711b19ff06" />
      <TestMethod codeBase="C:\OcasProjects\apply-api\src\admin-api\src\Ocas.Domestic.Admin.Api.Services.UnitTests\bin\Release\net461\Ocas.Domestic.Admin.Api.Services.UnitTests.dll" adapterTypeName="executor://xunit/VsTestRunner2/net" className="Ocas.Domestic.Admin.Api.Services.UnitTests" name="Ocas.Domestic.Admin.Api.Services.UnitTests.Handlers.UpdateApplicantInfoHandlerTests.UpdateApplicantInfoHandler_ShouldPass" />
    </UnitTest>
    <UnitTest name="Ocas.Domestic.Admin.Api.Services.UnitTests.Validators.Models.ApplicantUpdateInfoValidatorTests.ApplicantUpdateInfoValidator_ShouldFail_With_BirthDate_InFuture" storage="c:\ocasprojects\apply-api\src\admin-api\src\ocas.domestic.admin.api.services.unittests\bin\release\net461\ocas.domestic.admin.api.services.unittests.dll" id="092e76c0-8474-29ae-43e4-d1e046f4da8b">
      <Execution id="7a449522-45a6-4b83-a81a-6f2dae0f97a5" />
      <TestMethod codeBase="C:\OcasProjects\apply-api\src\admin-api\src\Ocas.Domestic.Admin.Api.Services.UnitTests\bin\Release\net461\Ocas.Domestic.Admin.Api.Services.UnitTests.dll" adapterTypeName="executor://xunit/VsTestRunner2/net" className="Ocas.Domestic.Admin.Api.Services.UnitTests" name="Ocas.Domestic.Admin.Api.Services.UnitTests.Validators.Models.ApplicantUpdateInfoValidatorTests.ApplicantUpdateInfoValidator_ShouldFail_With_BirthDate_InFuture" />
    </UnitTest>
    <UnitTest name="Ocas.Domestic.Admin.Api.Services.UnitTests.Validators.Models.AcademicRecordValidatorTests.AcademicRecordBaseValidator_ShouldThrow_When_IdEmpty" storage="c:\ocasprojects\apply-api\src\admin-api\src\ocas.domestic.admin.api.services.unittests\bin\release\net461\ocas.domestic.admin.api.services.unittests.dll" id="08831242-9bd5-13c0-09dd-9488423a144a">
      <Execution id="0b7ba1cb-9d80-493b-8edf-28deb1aab872" />
      <TestMethod codeBase="C:\OcasProjects\apply-api\src\admin-api\src\Ocas.Domestic.Admin.Api.Services.UnitTests\bin\Release\net461\Ocas.Domestic.Admin.Api.Services.UnitTests.dll" adapterTypeName="executor://xunit/VsTestRunner2/net" className="Ocas.Domestic.Admin.Api.Services.UnitTests" name="Ocas.Domestic.Admin.Api.Services.UnitTests.Validators.Models.AcademicRecordValidatorTests.AcademicRecordBaseValidator_ShouldThrow_When_IdEmpty" />
    </UnitTest>
    <UnitTest name="Ocas.Domestic.Admin.Api.Services.UnitTests.Handlers.UpdateApplicantInfoHandlerTests.UpdateApplicantInfoHandler_ShouldThrow_When_Duplicate" storage="c:\ocasprojects\apply-api\src\admin-api\src\ocas.domestic.admin.api.services.unittests\bin\release\net461\ocas.domestic.admin.api.services.unittests.dll" id="a5cabaa8-279d-ef2d-3220-e0b0df8ea456">
      <Execution id="6bd5b4cf-8cbc-4de4-bb34-aa2dd6f4c95a" />
      <TestMethod codeBase="C:\OcasProjects\apply-api\src\admin-api\src\Ocas.Domestic.Admin.Api.Services.UnitTests\bin\Release\net461\Ocas.Domestic.Admin.Api.Services.UnitTests.dll" adapterTypeName="executor://xunit/VsTestRunner2/net" className="Ocas.Domestic.Admin.Api.Services.UnitTests" name="Ocas.Domestic.Admin.Api.Services.UnitTests.Handlers.UpdateApplicantInfoHandlerTests.UpdateApplicantInfoHandler_ShouldThrow_When_Duplicate" />
    </UnitTest>
    <UnitTest name="Ocas.Domestic.Admin.Api.Services.UnitTests.Authorization.UserAuthorizationTests.CanAccessApplicantAsync_ShouldThrow_When_NoRole" storage="c:\ocasprojects\apply-api\src\admin-api\src\ocas.domestic.admin.api.services.unittests\bin\release\net461\ocas.domestic.admin.api.services.unittests.dll" id="9f06c8aa-754f-b190-1213-2aed56b47db3">
      <Execution id="af6ccacb-0a42-4e04-af83-099e7ab49a77" />
      <TestMethod codeBase="C:\OcasProjects\apply-api\src\admin-api\src\Ocas.Domestic.Admin.Api.Services.UnitTests\bin\Release\net461\Ocas.Domestic.Admin.Api.Services.UnitTests.dll" adapterTypeName="executor://xunit/VsTestRunner2/net" className="Ocas.Domestic.Admin.Api.Services.UnitTests" name="Ocas.Domestic.Admin.Api.Services.UnitTests.Authorization.UserAuthorizationTests.CanAccessApplicantAsync_ShouldThrow_When_NoRole" />
    </UnitTest>
    <UnitTest name="Ocas.Domestic.Admin.Api.Services.UnitTests.Handlers.UpdateApplicantInfoHandlerTests.UpdateApplicantInfoHandler_ShouldPass_When_NoChanges" storage="c:\ocasprojects\apply-api\src\admin-api\src\ocas.domestic.admin.api.services.unittests\bin\release\net461\ocas.domestic.admin.api.services.unittests.dll" id="dd1f64a9-843b-1212-d54d-45f190232992">
      <Execution id="453cf0e3-300a-4ece-a36d-6da298b7f6ee" />
      <TestMethod codeBase="C:\OcasProjects\apply-api\src\admin-api\src\Ocas.Domestic.Admin.Api.Services.UnitTests\bin\Release\net461\Ocas.Domestic.Admin.Api.Services.UnitTests.dll" adapterTypeName="executor://xunit/VsTestRunner2/net" className="Ocas.Domestic.Admin.Api.Services.UnitTests" name="Ocas.Domestic.Admin.Api.Services.UnitTests.Handlers.UpdateApplicantInfoHandlerTests.UpdateApplicantInfoHandler_ShouldPass_When_NoChanges" />
    </UnitTest>
    <UnitTest name="Ocas.Domestic.Admin.Api.Services.UnitTests.Handlers.GetOntarioStudentCourseCreditHandlerTests.GetOntarioStudentCourseCreditHandler_ShouldPass_When_Empty" storage="c:\ocasprojects\apply-api\src\admin-api\src\ocas.domestic.admin.api.services.unittests\bin\release\net461\ocas.domestic.admin.api.services.unittests.dll" id="e5262888-f333-7d68-d516-df5f27afc756">
      <Execution id="472aa419-d939-487b-a225-bee887445d8d" />
      <TestMethod codeBase="C:\OcasProjects\apply-api\src\admin-api\src\Ocas.Domestic.Admin.Api.Services.UnitTests\bin\Release\net461\Ocas.Domestic.Admin.Api.Services.UnitTests.dll" adapterTypeName="executor://xunit/VsTestRunner2/net" className="Ocas.Domestic.Admin.Api.Services.UnitTests" name="Ocas.Domestic.Admin.Api.Services.UnitTests.Handlers.GetOntarioStudentCourseCreditHandlerTests.GetOntarioStudentCourseCreditHandler_ShouldPass_When_Empty" />
    </UnitTest>
    <UnitTest name="Ocas.Domestic.Admin.Api.Services.UnitTests.Validators.Models.ApplicantUpdateInfoValidatorTests.ApplicantUpdateInfoValidator_ShouldFail_With_FirstName_Empty" storage="c:\ocasprojects\apply-api\src\admin-api\src\ocas.domestic.admin.api.services.unittests\bin\release\net461\ocas.domestic.admin.api.services.unittests.dll" id="724f7be3-6951-3103-c88b-a7cc157f0c49">
      <Execution id="c562acef-ee1e-49cb-8fdb-e5c710d12c60" />
      <TestMethod codeBase="C:\OcasProjects\apply-api\src\admin-api\src\Ocas.Domestic.Admin.Api.Services.UnitTests\bin\Release\net461\Ocas.Domestic.Admin.Api.Services.UnitTests.dll" adapterTypeName="executor://xunit/VsTestRunner2/net" className="Ocas.Domestic.Admin.Api.Services.UnitTests" name="Ocas.Domestic.Admin.Api.Services.UnitTests.Validators.Models.ApplicantUpdateInfoValidatorTests.ApplicantUpdateInfoValidator_ShouldFail_With_FirstName_Empty" />
    </UnitTest>
    <UnitTest name="Ocas.Domestic.Admin.Api.Services.UnitTests.Authorization.UserAuthorizationTests.CanAccessApplicantAsync_ShouldPass_When_CollegeUser" storage="c:\ocasprojects\apply-api\src\admin-api\src\ocas.domestic.admin.api.services.unittests\bin\release\net461\ocas.domestic.admin.api.services.unittests.dll" id="c7cb4449-b615-18a2-76c5-39d2fe0b3c53">
      <Execution id="b7fa93d3-c741-4819-a512-fe338fc076fb" />
      <TestMethod codeBase="C:\OcasProjects\apply-api\src\admin-api\src\Ocas.Domestic.Admin.Api.Services.UnitTests\bin\Release\net461\Ocas.Domestic.Admin.Api.Services.UnitTests.dll" adapterTypeName="executor://xunit/VsTestRunner2/net" className="Ocas.Domestic.Admin.Api.Services.UnitTests" name="Ocas.Domestic.Admin.Api.Services.UnitTests.Authorization.UserAuthorizationTests.CanAccessApplicantAsync_ShouldPass_When_CollegeUser" />
    </UnitTest>
    <UnitTest name="Ocas.Domestic.Admin.Api.Services.UnitTests.Validators.Models.AcademicRecordBaseValidatorTests.AcademicRecordBaseValidator_ShouldThrow_When_HighSkillsMajorId_Empty" storage="c:\ocasprojects\apply-api\src\admin-api\src\ocas.domestic.admin.api.services.unittests\bin\release\net461\ocas.domestic.admin.api.services.unittests.dll" id="45e534f3-7e64-e3c0-a48e-cff953913fb6">
      <Execution id="d9ee12f4-6d85-4801-bf14-070940bca4f7" />
      <TestMethod codeBase="C:\OcasProjects\apply-api\src\admin-api\src\Ocas.Domestic.Admin.Api.Services.UnitTests\bin\Release\net461\Ocas.Domestic.Admin.Api.Services.UnitTests.dll" adapterTypeName="executor://xunit/VsTestRunner2/net" className="Ocas.Domestic.Admin.Api.Services.UnitTests" name="Ocas.Domestic.Admin.Api.Services.UnitTests.Validators.Models.AcademicRecordBaseValidatorTests.AcademicRecordBaseValidator_ShouldThrow_When_HighSkillsMajorId_Empty" />
    </UnitTest>
    <UnitTest name="Ocas.Domestic.Admin.Api.Services.UnitTests.Validators.Models.AcademicRecordBaseValidatorTests.AcademicRecordBaseValidator_ShouldThrow_When_CommunityInvolvementId_MustExist" storage="c:\ocasprojects\apply-api\src\admin-api\src\ocas.domestic.admin.api.services.unittests\bin\release\net461\ocas.domestic.admin.api.services.unittests.dll" id="3bef2cde-99b5-e851-b6fd-8049cd2f2247">
      <Execution id="00043ea3-4392-4247-a135-a4e29a3ccc81" />
      <TestMethod codeBase="C:\OcasProjects\apply-api\src\admin-api\src\Ocas.Domestic.Admin.Api.Services.UnitTests\bin\Release\net461\Ocas.Domestic.Admin.Api.Services.UnitTests.dll" adapterTypeName="executor://xunit/VsTestRunner2/net" className="Ocas.Domestic.Admin.Api.Services.UnitTests" name="Ocas.Domestic.Admin.Api.Services.UnitTests.Validators.Models.AcademicRecordBaseValidatorTests.AcademicRecordBaseValidator_ShouldThrow_When_CommunityInvolvementId_MustExist" />
    </UnitTest>
    <UnitTest name="Ocas.Domestic.Admin.Api.Services.UnitTests.Validators.Models.AcademicRecordValidatorTests.AcademicRecordBaseValidator_ShouldPass" storage="c:\ocasprojects\apply-api\src\admin-api\src\ocas.domestic.admin.api.services.unittests\bin\release\net461\ocas.domestic.admin.api.services.unittests.dll" id="7134af25-7940-e237-d45a-35f129d50053">
      <Execution id="97278fd2-f85a-4951-a49e-878f9f352a30" />
      <TestMethod codeBase="C:\OcasProjects\apply-api\src\admin-api\src\Ocas.Domestic.Admin.Api.Services.UnitTests\bin\Release\net461\Ocas.Domestic.Admin.Api.Services.UnitTests.dll" adapterTypeName="executor://xunit/VsTestRunner2/net" className="Ocas.Domestic.Admin.Api.Services.UnitTests" name="Ocas.Domestic.Admin.Api.Services.UnitTests.Validators.Models.AcademicRecordValidatorTests.AcademicRecordBaseValidator_ShouldPass" />
    </UnitTest>
    <UnitTest name="Ocas.Domestic.Admin.Api.Services.UnitTests.Validators.Models.AcademicRecordBaseValidatorTests.AcademicRecordBaseValidator_ShouldThrow_When_CommunityInvolvementId_Empty" storage="c:\ocasprojects\apply-api\src\admin-api\src\ocas.domestic.admin.api.services.unittests\bin\release\net461\ocas.domestic.admin.api.services.unittests.dll" id="c461d5e6-9a19-cf97-1ba6-47671c314c09">
      <Execution id="95fcab44-5ea9-4190-8ae5-21d8d020006c" />
      <TestMethod codeBase="C:\OcasProjects\apply-api\src\admin-api\src\Ocas.Domestic.Admin.Api.Services.UnitTests\bin\Release\net461\Ocas.Domestic.Admin.Api.Services.UnitTests.dll" adapterTypeName="executor://xunit/VsTestRunner2/net" className="Ocas.Domestic.Admin.Api.Services.UnitTests" name="Ocas.Domestic.Admin.Api.Services.UnitTests.Validators.Models.AcademicRecordBaseValidatorTests.AcademicRecordBaseValidator_ShouldThrow_When_CommunityInvolvementId_Empty" />
    </UnitTest>
    <UnitTest name="Ocas.Domestic.Admin.Api.Services.UnitTests.Handlers.GetOntarioStudentCourseCreditsHandlerTests.GetOntarioStudentCourseCredits_ShouldPass" storage="c:\ocasprojects\apply-api\src\admin-api\src\ocas.domestic.admin.api.services.unittests\bin\release\net461\ocas.domestic.admin.api.services.unittests.dll" id="d3bc8007-7656-f83d-98fd-31a3e6576942">
      <Execution id="7184675c-d71a-4c65-a715-d08cf5bbb1d2" />
      <TestMethod codeBase="C:\OcasProjects\apply-api\src\admin-api\src\Ocas.Domestic.Admin.Api.Services.UnitTests\bin\Release\net461\Ocas.Domestic.Admin.Api.Services.UnitTests.dll" adapterTypeName="executor://xunit/VsTestRunner2/net" className="Ocas.Domestic.Admin.Api.Services.UnitTests" name="Ocas.Domestic.Admin.Api.Services.UnitTests.Handlers.GetOntarioStudentCourseCreditsHandlerTests.GetOntarioStudentCourseCredits_ShouldPass" />
    </UnitTest>
    <UnitTest name="Ocas.Domestic.Admin.Api.Services.UnitTests.Handlers.GetOntarioStudentCourseCreditsHandlerTests.GetOntarioStudentCourseCredits_ShouldPass_When_Empty" storage="c:\ocasprojects\apply-api\src\admin-api\src\ocas.domestic.admin.api.services.unittests\bin\release\net461\ocas.domestic.admin.api.services.unittests.dll" id="6f87855e-85b1-ff38-0867-8939b2b0d07b">
      <Execution id="46a89d42-63d6-4c5d-9928-c2f95fe3c579" />
      <TestMethod codeBase="C:\OcasProjects\apply-api\src\admin-api\src\Ocas.Domestic.Admin.Api.Services.UnitTests\bin\Release\net461\Ocas.Domestic.Admin.Api.Services.UnitTests.dll" adapterTypeName="executor://xunit/VsTestRunner2/net" className="Ocas.Domestic.Admin.Api.Services.UnitTests" name="Ocas.Domestic.Admin.Api.Services.UnitTests.Handlers.GetOntarioStudentCourseCreditsHandlerTests.GetOntarioStudentCourseCredits_ShouldPass_When_Empty" />
    </UnitTest>
    <UnitTest name="Ocas.Domestic.Admin.Api.Services.UnitTests.Handlers.GetOntarioStudentCourseCreditHandlerTests.GetOntarioStudentCourseCreditHandler_ShouldPass" storage="c:\ocasprojects\apply-api\src\admin-api\src\ocas.domestic.admin.api.services.unittests\bin\release\net461\ocas.domestic.admin.api.services.unittests.dll" id="48285072-7c03-d4b9-d4b7-09264e314369">
      <Execution id="381e8e5d-8a26-4297-a3fc-5c1e079cc0ac" />
      <TestMethod codeBase="C:\OcasProjects\apply-api\src\admin-api\src\Ocas.Domestic.Admin.Api.Services.UnitTests\bin\Release\net461\Ocas.Domestic.Admin.Api.Services.UnitTests.dll" adapterTypeName="executor://xunit/VsTestRunner2/net" className="Ocas.Domestic.Admin.Api.Services.UnitTests" name="Ocas.Domestic.Admin.Api.Services.UnitTests.Handlers.GetOntarioStudentCourseCreditHandlerTests.GetOntarioStudentCourseCreditHandler_ShouldPass" />
    </UnitTest>
    <UnitTest name="Ocas.Domestic.Admin.Api.Services.UnitTests.Handlers.DeleteOntarioStudentCourseCreditHandlerTests.DeleteOntarioStudentCourseCredit_ShouldPass" storage="c:\ocasprojects\apply-api\src\admin-api\src\ocas.domestic.admin.api.services.unittests\bin\release\net461\ocas.domestic.admin.api.services.unittests.dll" id="fdb85436-7c1c-3f3e-d452-86f22541005e">
      <Execution id="4d18165c-9cbd-4dc7-a352-d76a8f9a0b54" />
      <TestMethod codeBase="C:\OcasProjects\apply-api\src\admin-api\src\Ocas.Domestic.Admin.Api.Services.UnitTests\bin\Release\net461\Ocas.Domestic.Admin.Api.Services.UnitTests.dll" adapterTypeName="executor://xunit/VsTestRunner2/net" className="Ocas.Domestic.Admin.Api.Services.UnitTests" name="Ocas.Domestic.Admin.Api.Services.UnitTests.Handlers.DeleteOntarioStudentCourseCreditHandlerTests.DeleteOntarioStudentCourseCredit_ShouldPass" />
    </UnitTest>
    <UnitTest name="Ocas.Domestic.Admin.Api.Services.UnitTests.Handlers.DeleteOntarioStudentCourseCreditHandlerTests.DeleteOntarioStudentCourseCredit_ShouldThrow_When_RequestNotFound" storage="c:\ocasprojects\apply-api\src\admin-api\src\ocas.domestic.admin.api.services.unittests\bin\release\net461\ocas.domestic.admin.api.services.unittests.dll" id="3646b8fd-accd-5d13-caec-6a888a8dc5c3">
      <Execution id="9c0e0442-2c5c-4666-b43a-9c110c7e53b2" />
      <TestMethod codeBase="C:\OcasProjects\apply-api\src\admin-api\src\Ocas.Domestic.Admin.Api.Services.UnitTests\bin\Release\net461\Ocas.Domestic.Admin.Api.Services.UnitTests.dll" adapterTypeName="executor://xunit/VsTestRunner2/net" className="Ocas.Domestic.Admin.Api.Services.UnitTests" name="Ocas.Domestic.Admin.Api.Services.UnitTests.Handlers.DeleteOntarioStudentCourseCreditHandlerTests.DeleteOntarioStudentCourseCredit_ShouldThrow_When_RequestNotFound" />
    </UnitTest>
    <UnitTest name="Ocas.Domestic.Admin.Api.Services.UnitTests.Handlers.CreateOntarioStudentCourseCreditHandlerTests.CreateOntarioStudentCourseCredit_ShouldThrow_When_DuplicateCourseAndDate" storage="c:\ocasprojects\apply-api\src\admin-api\src\ocas.domestic.admin.api.services.unittests\bin\release\net461\ocas.domestic.admin.api.services.unittests.dll" id="b3d4238d-262a-57af-ed50-269e67916226">
      <Execution id="642d23a1-5fd1-4115-91a6-d4a87855eb2c" />
      <TestMethod codeBase="C:\OcasProjects\apply-api\src\admin-api\src\Ocas.Domestic.Admin.Api.Services.UnitTests\bin\Release\net461\Ocas.Domestic.Admin.Api.Services.UnitTests.dll" adapterTypeName="executor://xunit/VsTestRunner2/net" className="Ocas.Domestic.Admin.Api.Services.UnitTests" name="Ocas.Domestic.Admin.Api.Services.UnitTests.Handlers.CreateOntarioStudentCourseCreditHandlerTests.CreateOntarioStudentCourseCredit_ShouldThrow_When_DuplicateCourseAndDate" />
    </UnitTest>
    <UnitTest name="Ocas.Domestic.Admin.Api.Services.UnitTests.Validators.Models.AcademicRecordBaseValidatorTests.AcademicRecordBaseValidator_ShouldThrow_When_DateCredentialAchieved_Invalid" storage="c:\ocasprojects\apply-api\src\admin-api\src\ocas.domestic.admin.api.services.unittests\bin\release\net461\ocas.domestic.admin.api.services.unittests.dll" id="1ec97f2f-ee24-88cb-a313-2bbdf7ce28d2">
      <Execution id="a7385d9b-5ccb-4ec2-adf7-35756d37f845" />
      <TestMethod codeBase="C:\OcasProjects\apply-api\src\admin-api\src\Ocas.Domestic.Admin.Api.Services.UnitTests\bin\Release\net461\Ocas.Domestic.Admin.Api.Services.UnitTests.dll" adapterTypeName="executor://xunit/VsTestRunner2/net" className="Ocas.Domestic.Admin.Api.Services.UnitTests" name="Ocas.Domestic.Admin.Api.Services.UnitTests.Validators.Models.AcademicRecordBaseValidatorTests.AcademicRecordBaseValidator_ShouldThrow_When_DateCredentialAchieved_Invalid" />
    </UnitTest>
    <UnitTest name="Ocas.Domestic.Admin.Api.Services.UnitTests.Validators.Models.ApplicantUpdateInfoValidatorTests.ApplicantUpdateInfoValidator_ShouldFail_With_LastName_Regex" storage="c:\ocasprojects\apply-api\src\admin-api\src\ocas.domestic.admin.api.services.unittests\bin\release\net461\ocas.domestic.admin.api.services.unittests.dll" id="52de2425-593e-b2f1-48b6-021996b60937">
      <Execution id="440ad571-c0f0-4c91-be33-2a5ae22e9b87" />
      <TestMethod codeBase="C:\OcasProjects\apply-api\src\admin-api\src\Ocas.Domestic.Admin.Api.Services.UnitTests\bin\Release\net461\Ocas.Domestic.Admin.Api.Services.UnitTests.dll" adapterTypeName="executor://xunit/VsTestRunner2/net" className="Ocas.Domestic.Admin.Api.Services.UnitTests" name="Ocas.Domestic.Admin.Api.Services.UnitTests.Validators.Models.ApplicantUpdateInfoValidatorTests.ApplicantUpdateInfoValidator_ShouldFail_With_LastName_Regex" />
    </UnitTest>
    <UnitTest name="Ocas.Domestic.Admin.Api.Services.UnitTests.Authorization.UserAuthorizationTests.CanAccessApplicantAsync_ShouldPass_When_OcasUser" storage="c:\ocasprojects\apply-api\src\admin-api\src\ocas.domestic.admin.api.services.unittests\bin\release\net461\ocas.domestic.admin.api.services.unittests.dll" id="226b4f85-0b82-5526-4c00-9c3a7af5bde3">
      <Execution id="b82b9cbf-3ba9-4403-967e-64e36653ca01" />
      <TestMethod codeBase="C:\OcasProjects\apply-api\src\admin-api\src\Ocas.Domestic.Admin.Api.Services.UnitTests\bin\Release\net461\Ocas.Domestic.Admin.Api.Services.UnitTests.dll" adapterTypeName="executor://xunit/VsTestRunner2/net" className="Ocas.Domestic.Admin.Api.Services.UnitTests" name="Ocas.Domestic.Admin.Api.Services.UnitTests.Authorization.UserAuthorizationTests.CanAccessApplicantAsync_ShouldPass_When_OcasUser" />
    </UnitTest>
    <UnitTest name="Ocas.Domestic.Admin.Api.Services.UnitTests.Validators.Models.AcademicRecordBaseValidatorTests.AcademicRecordBaseValidator_ShouldThrow_When_LiteracyTestId_Empty" storage="c:\ocasprojects\apply-api\src\admin-api\src\ocas.domestic.admin.api.services.unittests\bin\release\net461\ocas.domestic.admin.api.services.unittests.dll" id="81ef49f3-2ec7-a6d4-3986-2e94634c7ef4">
      <Execution id="81e2750e-f626-46d3-a108-ca3dc05a0d6e" />
      <TestMethod codeBase="C:\OcasProjects\apply-api\src\admin-api\src\Ocas.Domestic.Admin.Api.Services.UnitTests\bin\Release\net461\Ocas.Domestic.Admin.Api.Services.UnitTests.dll" adapterTypeName="executor://xunit/VsTestRunner2/net" className="Ocas.Domestic.Admin.Api.Services.UnitTests" name="Ocas.Domestic.Admin.Api.Services.UnitTests.Validators.Models.AcademicRecordBaseValidatorTests.AcademicRecordBaseValidator_ShouldThrow_When_LiteracyTestId_Empty" />
    </UnitTest>
    <UnitTest name="Ocas.Domestic.Admin.Api.Services.UnitTests.Handlers.UpdateOntarioStudentCourseCreditHandlerTests.UpdateOntarioStudentCourseCredit_ShouldPass" storage="c:\ocasprojects\apply-api\src\admin-api\src\ocas.domestic.admin.api.services.unittests\bin\release\net461\ocas.domestic.admin.api.services.unittests.dll" id="63a930e1-f47f-a310-e4b0-20a341ef568c">
      <Execution id="7a978760-8d73-4d48-bcc0-27135eb811ca" />
      <TestMethod codeBase="C:\OcasProjects\apply-api\src\admin-api\src\Ocas.Domestic.Admin.Api.Services.UnitTests\bin\Release\net461\Ocas.Domestic.Admin.Api.Services.UnitTests.dll" adapterTypeName="executor://xunit/VsTestRunner2/net" className="Ocas.Domestic.Admin.Api.Services.UnitTests" name="Ocas.Domestic.Admin.Api.Services.UnitTests.Handlers.UpdateOntarioStudentCourseCreditHandlerTests.UpdateOntarioStudentCourseCredit_ShouldPass" />
    </UnitTest>
    <UnitTest name="Ocas.Domestic.Admin.Api.Services.UnitTests.Validators.Models.ApplicantUpdateInfoValidatorTests.ApplicantUpdateInfoValidator_ShouldFail_With_LastName_Length" storage="c:\ocasprojects\apply-api\src\admin-api\src\ocas.domestic.admin.api.services.unittests\bin\release\net461\ocas.domestic.admin.api.services.unittests.dll" id="8ff41af0-6d7b-2d42-c632-43c9c62573a2">
      <Execution id="b6e7f236-8e27-418d-be16-7b1054e88d41" />
      <TestMethod codeBase="C:\OcasProjects\apply-api\src\admin-api\src\Ocas.Domestic.Admin.Api.Services.UnitTests\bin\Release\net461\Ocas.Domestic.Admin.Api.Services.UnitTests.dll" adapterTypeName="executor://xunit/VsTestRunner2/net" className="Ocas.Domestic.Admin.Api.Services.UnitTests" name="Ocas.Domestic.Admin.Api.Services.UnitTests.Validators.Models.ApplicantUpdateInfoValidatorTests.ApplicantUpdateInfoValidator_ShouldFail_With_LastName_Length" />
    </UnitTest>
    <UnitTest name="Ocas.Domestic.Admin.Api.Services.UnitTests.Handlers.UpdateOntarioStudentCourseCreditHandlerTests.UpdateOntarioStudentCourseCredit_ShouldThrow_When_CourseCodeAndCompletedDate_IsDuplicate" storage="c:\ocasprojects\apply-api\src\admin-api\src\ocas.domestic.admin.api.services.unittests\bin\release\net461\ocas.domestic.admin.api.services.unittests.dll" id="59f2dffc-c838-81f7-b3af-19d6f7825bf3">
      <Execution id="d5180085-8ecd-46f3-aa68-5577496e6c38" />
      <TestMethod codeBase="C:\OcasProjects\apply-api\src\admin-api\src\Ocas.Domestic.Admin.Api.Services.UnitTests\bin\Release\net461\Ocas.Domestic.Admin.Api.Services.UnitTests.dll" adapterTypeName="executor://xunit/VsTestRunner2/net" className="Ocas.Domestic.Admin.Api.Services.UnitTests" name="Ocas.Domestic.Admin.Api.Services.UnitTests.Handlers.UpdateOntarioStudentCourseCreditHandlerTests.UpdateOntarioStudentCourseCredit_ShouldThrow_When_CourseCodeAndCompletedDate_IsDuplicate" />
    </UnitTest>
    <UnitTest name="Ocas.Domestic.Admin.Api.Services.UnitTests.Validators.Models.AcademicRecordBaseValidatorTests.AcademicRecordBaseValidator_ShouldThrow_When_HighestEducationId_MustExist" storage="c:\ocasprojects\apply-api\src\admin-api\src\ocas.domestic.admin.api.services.unittests\bin\release\net461\ocas.domestic.admin.api.services.unittests.dll" id="a7b4a945-2cce-ffda-3e13-9c7f0e6e47a9">
      <Execution id="3b225a78-edd5-4b59-a981-a3a0df7189b7" />
      <TestMethod codeBase="C:\OcasProjects\apply-api\src\admin-api\src\Ocas.Domestic.Admin.Api.Services.UnitTests\bin\Release\net461\Ocas.Domestic.Admin.Api.Services.UnitTests.dll" adapterTypeName="executor://xunit/VsTestRunner2/net" className="Ocas.Domestic.Admin.Api.Services.UnitTests" name="Ocas.Domestic.Admin.Api.Services.UnitTests.Validators.Models.AcademicRecordBaseValidatorTests.AcademicRecordBaseValidator_ShouldThrow_When_HighestEducationId_MustExist" />
    </UnitTest>
    <UnitTest name="Ocas.Domestic.Admin.Api.Services.UnitTests.Validators.IIdentityUserValidatorTests.Validator_ShouldPass" storage="c:\ocasprojects\apply-api\src\admin-api\src\ocas.domestic.admin.api.services.unittests\bin\release\net461\ocas.domestic.admin.api.services.unittests.dll" id="2a51d698-0acc-933d-6726-8495e2509e49">
      <Execution id="d1ff6f40-1358-4ef3-a78c-aa967e52c0bf" />
      <TestMethod codeBase="C:\OcasProjects\apply-api\src\admin-api\src\Ocas.Domestic.Admin.Api.Services.UnitTests\bin\Release\net461\Ocas.Domestic.Admin.Api.Services.UnitTests.dll" adapterTypeName="executor://xunit/VsTestRunner2/net" className="Ocas.Domestic.Admin.Api.Services.UnitTests" name="Ocas.Domestic.Admin.Api.Services.UnitTests.Validators.IIdentityUserValidatorTests.Validator_ShouldPass" />
    </UnitTest>
    <UnitTest name="Ocas.Domestic.Admin.Api.Services.UnitTests.Validators.Models.AcademicRecordBaseValidatorTests.AcademicRecordBaseValidator_ShouldThrow_When_SchoolId_Empty" storage="c:\ocasprojects\apply-api\src\admin-api\src\ocas.domestic.admin.api.services.unittests\bin\release\net461\ocas.domestic.admin.api.services.unittests.dll" id="6f4afe18-0ad3-56c1-7666-86ec4076f21c">
      <Execution id="f326fe92-8942-476f-ba86-c86db42c37a9" />
      <TestMethod codeBase="C:\OcasProjects\apply-api\src\admin-api\src\Ocas.Domestic.Admin.Api.Services.UnitTests\bin\Release\net461\Ocas.Domestic.Admin.Api.Services.UnitTests.dll" adapterTypeName="executor://xunit/VsTestRunner2/net" className="Ocas.Domestic.Admin.Api.Services.UnitTests" name="Ocas.Domestic.Admin.Api.Services.UnitTests.Validators.Models.AcademicRecordBaseValidatorTests.AcademicRecordBaseValidator_ShouldThrow_When_SchoolId_Empty" />
    </UnitTest>
    <UnitTest name="Ocas.Domestic.Admin.Api.Services.UnitTests.Validators.Models.ApplicantUpdateInfoValidatorTests.ApplicantUpdateInfoValidator_ShouldPass" storage="c:\ocasprojects\apply-api\src\admin-api\src\ocas.domestic.admin.api.services.unittests\bin\release\net461\ocas.domestic.admin.api.services.unittests.dll" id="9992fc3c-c03e-8fef-adf1-eb96a5dbe675">
      <Execution id="343db44f-dbcd-4bd3-9cea-7d626be82dc4" />
      <TestMethod codeBase="C:\OcasProjects\apply-api\src\admin-api\src\Ocas.Domestic.Admin.Api.Services.UnitTests\bin\Release\net461\Ocas.Domestic.Admin.Api.Services.UnitTests.dll" adapterTypeName="executor://xunit/VsTestRunner2/net" className="Ocas.Domestic.Admin.Api.Services.UnitTests" name="Ocas.Domestic.Admin.Api.Services.UnitTests.Validators.Models.ApplicantUpdateInfoValidatorTests.ApplicantUpdateInfoValidator_ShouldPass" />
    </UnitTest>
  </TestDefinitions>
  <TestEntries>
    <TestEntry testId="dd1f64a9-843b-1212-d54d-45f190232992" executionId="453cf0e3-300a-4ece-a36d-6da298b7f6ee" testListId="8c84fa94-04c1-424b-9868-57a2d4851a1d" />
    <TestEntry testId="8ff41af0-6d7b-2d42-c632-43c9c62573a2" executionId="b6e7f236-8e27-418d-be16-7b1054e88d41" testListId="8c84fa94-04c1-424b-9868-57a2d4851a1d" />
    <TestEntry testId="de112cf3-80ba-c291-0586-376340278f97" executionId="60ab4112-a009-42ae-92f8-dc320d7837aa" testListId="8c84fa94-04c1-424b-9868-57a2d4851a1d" />
    <TestEntry testId="2b738f98-40f1-7a17-d33a-5be68e45aa1b" executionId="1fef1a50-43ed-40b8-a69a-256412fbd77d" testListId="8c84fa94-04c1-424b-9868-57a2d4851a1d" />
    <TestEntry testId="3646b8fd-accd-5d13-caec-6a888a8dc5c3" executionId="9c0e0442-2c5c-4666-b43a-9c110c7e53b2" testListId="8c84fa94-04c1-424b-9868-57a2d4851a1d" />
    <TestEntry testId="b3d4238d-262a-57af-ed50-269e67916226" executionId="642d23a1-5fd1-4115-91a6-d4a87855eb2c" testListId="8c84fa94-04c1-424b-9868-57a2d4851a1d" />
    <TestEntry testId="1ec97f2f-ee24-88cb-a313-2bbdf7ce28d2" executionId="a7385d9b-5ccb-4ec2-adf7-35756d37f845" testListId="8c84fa94-04c1-424b-9868-57a2d4851a1d" />
    <TestEntry testId="7134af25-7940-e237-d45a-35f129d50053" executionId="97278fd2-f85a-4951-a49e-878f9f352a30" testListId="8c84fa94-04c1-424b-9868-57a2d4851a1d" />
    <TestEntry testId="c0deb5e7-e655-5337-d71f-f63ae7ea17cb" executionId="514b01b4-4836-4e2d-95cb-c20fa3cbbfd7" testListId="8c84fa94-04c1-424b-9868-57a2d4851a1d" />
    <TestEntry testId="48285072-7c03-d4b9-d4b7-09264e314369" executionId="381e8e5d-8a26-4297-a3fc-5c1e079cc0ac" testListId="8c84fa94-04c1-424b-9868-57a2d4851a1d" />
    <TestEntry testId="63a930e1-f47f-a310-e4b0-20a341ef568c" executionId="7a978760-8d73-4d48-bcc0-27135eb811ca" testListId="8c84fa94-04c1-424b-9868-57a2d4851a1d" />
    <TestEntry testId="a7b4a945-2cce-ffda-3e13-9c7f0e6e47a9" executionId="3b225a78-edd5-4b59-a981-a3a0df7189b7" testListId="8c84fa94-04c1-424b-9868-57a2d4851a1d" />
    <TestEntry testId="9992fc3c-c03e-8fef-adf1-eb96a5dbe675" executionId="343db44f-dbcd-4bd3-9cea-7d626be82dc4" testListId="8c84fa94-04c1-424b-9868-57a2d4851a1d" />
    <TestEntry testId="30e17c4c-7bcc-ae95-8451-67be697f896d" executionId="ac396530-1eef-4b33-b184-d451e3beaf92" testListId="8c84fa94-04c1-424b-9868-57a2d4851a1d" />
    <TestEntry testId="6f4afe18-0ad3-56c1-7666-86ec4076f21c" executionId="f326fe92-8942-476f-ba86-c86db42c37a9" testListId="8c84fa94-04c1-424b-9868-57a2d4851a1d" />
    <TestEntry testId="6f87855e-85b1-ff38-0867-8939b2b0d07b" executionId="46a89d42-63d6-4c5d-9928-c2f95fe3c579" testListId="8c84fa94-04c1-424b-9868-57a2d4851a1d" />
    <TestEntry testId="9f06c8aa-754f-b190-1213-2aed56b47db3" executionId="af6ccacb-0a42-4e04-af83-099e7ab49a77" testListId="8c84fa94-04c1-424b-9868-57a2d4851a1d" />
    <TestEntry testId="45e534f3-7e64-e3c0-a48e-cff953913fb6" executionId="d9ee12f4-6d85-4801-bf14-070940bca4f7" testListId="8c84fa94-04c1-424b-9868-57a2d4851a1d" />
    <TestEntry testId="67241837-50b8-a830-731f-f2554451eb4a" executionId="2a112bbf-b637-4be5-ae71-7b72d9861532" testListId="8c84fa94-04c1-424b-9868-57a2d4851a1d" />
    <TestEntry testId="226b4f85-0b82-5526-4c00-9c3a7af5bde3" executionId="b82b9cbf-3ba9-4403-967e-64e36653ca01" testListId="8c84fa94-04c1-424b-9868-57a2d4851a1d" />
    <TestEntry testId="cfc8ae86-dc6d-42b3-544d-7da9b74b13e6" executionId="cf9fe56f-efde-42e1-a9b5-2256bdff2287" testListId="8c84fa94-04c1-424b-9868-57a2d4851a1d" />
    <TestEntry testId="a5cabaa8-279d-ef2d-3220-e0b0df8ea456" executionId="6bd5b4cf-8cbc-4de4-bb34-aa2dd6f4c95a" testListId="8c84fa94-04c1-424b-9868-57a2d4851a1d" />
    <TestEntry testId="1b4b8507-64e3-a6b6-0ed6-ab8135a398cc" executionId="07c53936-12d5-411b-99b9-407f7522f502" testListId="8c84fa94-04c1-424b-9868-57a2d4851a1d" />
    <TestEntry testId="4ea219a2-de37-0b23-da46-687abba2845d" executionId="ad6552f6-14f2-474f-8865-cf711b19ff06" testListId="8c84fa94-04c1-424b-9868-57a2d4851a1d" />
    <TestEntry testId="81ef49f3-2ec7-a6d4-3986-2e94634c7ef4" executionId="81e2750e-f626-46d3-a108-ca3dc05a0d6e" testListId="8c84fa94-04c1-424b-9868-57a2d4851a1d" />
    <TestEntry testId="eb094ad1-7a4f-f0cb-33af-77d7726bc04d" executionId="a7a65720-bef6-4650-8a9a-d13026520a34" testListId="8c84fa94-04c1-424b-9868-57a2d4851a1d" />
    <TestEntry testId="c461d5e6-9a19-cf97-1ba6-47671c314c09" executionId="95fcab44-5ea9-4190-8ae5-21d8d020006c" testListId="8c84fa94-04c1-424b-9868-57a2d4851a1d" />
    <TestEntry testId="c7cb4449-b615-18a2-76c5-39d2fe0b3c53" executionId="b7fa93d3-c741-4819-a512-fe338fc076fb" testListId="8c84fa94-04c1-424b-9868-57a2d4851a1d" />
    <TestEntry testId="3f959c29-7684-5490-93e9-8fa35319dcbc" executionId="58906b6e-a67f-4ba7-9124-9668c82d6d4d" testListId="8c84fa94-04c1-424b-9868-57a2d4851a1d" />
    <TestEntry testId="52de2425-593e-b2f1-48b6-021996b60937" executionId="440ad571-c0f0-4c91-be33-2a5ae22e9b87" testListId="8c84fa94-04c1-424b-9868-57a2d4851a1d" />
    <TestEntry testId="1deea76b-42e0-e263-d897-8511976f99b3" executionId="e6edfe67-0ba7-4cbf-88ca-22eb666a894e" testListId="8c84fa94-04c1-424b-9868-57a2d4851a1d" />
    <TestEntry testId="08831242-9bd5-13c0-09dd-9488423a144a" executionId="0b7ba1cb-9d80-493b-8edf-28deb1aab872" testListId="8c84fa94-04c1-424b-9868-57a2d4851a1d" />
    <TestEntry testId="8d2001ec-e0f5-4b07-3bdd-7f3a90848c8a" executionId="ec8df4ab-9dea-41e4-a3f2-53cbb26e1090" testListId="8c84fa94-04c1-424b-9868-57a2d4851a1d" />
    <TestEntry testId="d3bc8007-7656-f83d-98fd-31a3e6576942" executionId="7184675c-d71a-4c65-a715-d08cf5bbb1d2" testListId="8c84fa94-04c1-424b-9868-57a2d4851a1d" />
    <TestEntry testId="092e76c0-8474-29ae-43e4-d1e046f4da8b" executionId="7a449522-45a6-4b83-a81a-6f2dae0f97a5" testListId="8c84fa94-04c1-424b-9868-57a2d4851a1d" />
    <TestEntry testId="2a51d698-0acc-933d-6726-8495e2509e49" executionId="d1ff6f40-1358-4ef3-a78c-aa967e52c0bf" testListId="8c84fa94-04c1-424b-9868-57a2d4851a1d" />
    <TestEntry testId="fdb85436-7c1c-3f3e-d452-86f22541005e" executionId="4d18165c-9cbd-4dc7-a352-d76a8f9a0b54" testListId="8c84fa94-04c1-424b-9868-57a2d4851a1d" />
    <TestEntry testId="0d5bf8d5-31de-b0ea-8362-9bb7a1f57db2" executionId="ecaee8af-978d-4c64-bd44-e52780c130a2" testListId="8c84fa94-04c1-424b-9868-57a2d4851a1d" />
    <TestEntry testId="59f2dffc-c838-81f7-b3af-19d6f7825bf3" executionId="d5180085-8ecd-46f3-aa68-5577496e6c38" testListId="8c84fa94-04c1-424b-9868-57a2d4851a1d" />
    <TestEntry testId="d8af390d-020f-1f4d-ce5b-02780ec73de1" executionId="58b95f5e-5ddc-4c65-9c15-5a2d4f98381d" testListId="8c84fa94-04c1-424b-9868-57a2d4851a1d" />
    <TestEntry testId="c1160b98-a5b0-eb12-8117-ab05d79130b7" executionId="13fe339b-55ab-4364-8275-10f9154b2863" testListId="8c84fa94-04c1-424b-9868-57a2d4851a1d" />
    <TestEntry testId="3bef2cde-99b5-e851-b6fd-8049cd2f2247" executionId="00043ea3-4392-4247-a135-a4e29a3ccc81" testListId="8c84fa94-04c1-424b-9868-57a2d4851a1d" />
    <TestEntry testId="ebe5594d-cd8c-18c2-2f78-7b9a59b122b1" executionId="ca5b1050-6f03-4000-9fe5-c62844bef188" testListId="8c84fa94-04c1-424b-9868-57a2d4851a1d" />
    <TestEntry testId="958a99ce-9738-2a03-e8b0-c2c5b039ca72" executionId="d57c04e5-2d09-47cd-8773-b70928e4591d" testListId="8c84fa94-04c1-424b-9868-57a2d4851a1d" />
    <TestEntry testId="5c14a95f-e4ee-1621-0fcd-787d5aa4e503" executionId="d751ddbe-e004-43d8-b493-f020000b4111" testListId="8c84fa94-04c1-424b-9868-57a2d4851a1d" />
    <TestEntry testId="287ccbb2-afde-b44c-d6a5-5a088a8cec66" executionId="c735cbbf-79b9-4a66-a49c-38f5995d43a7" testListId="8c84fa94-04c1-424b-9868-57a2d4851a1d" />
    <TestEntry testId="0dcff627-b8cf-f520-d209-1fa8caef3f56" executionId="159bf5d4-78e4-4263-a8b4-80fff7522a89" testListId="8c84fa94-04c1-424b-9868-57a2d4851a1d" />
    <TestEntry testId="724f7be3-6951-3103-c88b-a7cc157f0c49" executionId="c562acef-ee1e-49cb-8fdb-e5c710d12c60" testListId="8c84fa94-04c1-424b-9868-57a2d4851a1d" />
    <TestEntry testId="84fa75b5-56e6-41ee-cc99-45d1a710e083" executionId="f6b18525-c769-4501-aee4-950cbd6791ee" testListId="8c84fa94-04c1-424b-9868-57a2d4851a1d" />
    <TestEntry testId="49fbc835-0eaf-62c6-2311-91b21a124368" executionId="c82fb027-f267-4898-a715-0d63312d88b7" testListId="8c84fa94-04c1-424b-9868-57a2d4851a1d" />
    <TestEntry testId="e5262888-f333-7d68-d516-df5f27afc756" executionId="472aa419-d939-487b-a225-bee887445d8d" testListId="8c84fa94-04c1-424b-9868-57a2d4851a1d" />
  </TestEntries>
  <TestLists>
    <TestList name="Results Not in a List" id="8c84fa94-04c1-424b-9868-57a2d4851a1d" />
    <TestList name="All Loaded Results" id="19431567-8539-422a-85d7-44ee4e166bda" />
  </TestLists>
  <ResultSummary outcome="Completed">
    <Counters total="51" executed="51" passed="51" failed="0" error="0" timeout="0" aborted="0" inconclusive="0" passedButRunAborted="0" notRunnable="0" notExecuted="0" disconnected="0" warning="0" completed="0" inProgress="0" pending="0" />
    <Output>
      <StdOut>[xUnit.net 00:00:00.00] xUnit.net VSTest Adapter v2.4.1 (64-bit Desktop .NET 4.0.30319.42000)[xUnit.net 00:00:08.03]   Discovering: Ocas.Domestic.Admin.Api.Services.UnitTests[xUnit.net 00:00:08.28]   Discovered:  Ocas.Domestic.Admin.Api.Services.UnitTests[xUnit.net 00:00:08.29]   Starting:    Ocas.Domestic.Admin.Api.Services.UnitTests[xUnit.net 00:00:16.47]   Finished:    Ocas.Domestic.Admin.Api.Services.UnitTests</StdOut>
    </Output>
  </ResultSummary>
</TestRun>