<?xml version="1.0" encoding="utf-8"?>
<TestRun id="41177cd1-8f02-4e95-abe5-5d4ddaeef4d7" name="koolla@VISHWA-KOOLLA 2019-10-11 13:38:58" runUser="VISHWA-KOOLLA\koolla" xmlns="http://microsoft.com/schemas/VisualStudio/TeamTest/2010">
  <Times creation="2019-10-11T13:38:58.3422586-04:00" queuing="2019-10-11T13:38:58.3422586-04:00" start="2019-10-11T13:38:49.9218662-04:00" finish="2019-10-11T13:38:58.4615998-04:00" />
  <TestSettings name="default" id="e5861234-5f3d-4bdb-bd1f-fc7728bd568f">
    <Deployment runDeploymentRoot="koolla_VISHWA-KOOLLA_2019-10-11_13_38_58" />
  </TestSettings>
  <Results>
    <UnitTestResult executionId="cfa6fde2-4a88-4e22-a228-22e23ce8ad9e" testId="d27bf402-7739-3421-223e-a56e96586baa" testName="Ocas.Domestic.Apply.Api.UnitTests.Configuration.DashedRoutingConventionTests.DashedRoutes_ShouldPass_WhenActions(actionTemplate: &quot;[action]&quot;, actionName: &quot;HealthCheck&quot;, actionExpected: &quot;health-check&quot;)" computerName="VISHWA-KOOLLA" duration="00:00:00.3400000" startTime="2019-10-11T13:38:58.2810064-04:00" endTime="2019-10-11T13:38:58.2810064-04:00" testType="13cdc9d9-ddb5-4fa4-a97d-d965ccfc6d4b" outcome="Passed" testListId="8c84fa94-04c1-424b-9868-57a2d4851a1d" relativeResultsDirectory="cfa6fde2-4a88-4e22-a228-22e23ce8ad9e" />
    <UnitTestResult executionId="b4871831-3e7d-40cb-be9d-04ded7443b25" testId="52cdf0aa-1ef7-ce93-5af3-1931f4d4a0a9" testName="Ocas.Domestic.Apply.Api.UnitTests.Configuration.DashedRoutingConventionTests.DashedRoutes_ShouldPass_WhenActions(actionTemplate: &quot;[action]&quot;, actionName: &quot;Authorized&quot;, actionExpected: &quot;authorized&quot;)" computerName="VISHWA-KOOLLA" duration="00:00:00.0010000" startTime="2019-10-11T13:38:58.2999458-04:00" endTime="2019-10-11T13:38:58.2999458-04:00" testType="13cdc9d9-ddb5-4fa4-a97d-d965ccfc6d4b" outcome="Passed" testListId="8c84fa94-04c1-424b-9868-57a2d4851a1d" relativeResultsDirectory="b4871831-3e7d-40cb-be9d-04ded7443b25" />
    <UnitTestResult executionId="dc99ee6b-a66a-477d-9b00-2d5a58cbb878" testId="89d5b502-1982-efee-ce04-a1599dfb7523" testName="Ocas.Domestic.Apply.Api.UnitTests.Configuration.DashedRoutingConventionTests.DashedRoutes_ShouldPass_WhenControllers(controllerTemplate: &quot;api/{apiVersion}/[controller]/TrailingValue&quot;, controllerName: &quot;PrivacyStatements&quot;, controllerExpected: &quot;api/{apiVersion}/privacy-statements/trailing-value&quot;)" computerName="VISHWA-KOOLLA" duration="00:00:00.0010000" startTime="2019-10-11T13:38:58.3198655-04:00" endTime="2019-10-11T13:38:58.3198655-04:00" testType="13cdc9d9-ddb5-4fa4-a97d-d965ccfc6d4b" outcome="Passed" testListId="8c84fa94-04c1-424b-9868-57a2d4851a1d" relativeResultsDirectory="dc99ee6b-a66a-477d-9b00-2d5a58cbb878" />
    <UnitTestResult executionId="ccfad7cf-f714-4ce6-aeab-33b3541c7b35" testId="6075d7bc-7809-7ee1-5ec1-0169774c3717" testName="Ocas.Domestic.Apply.Api.UnitTests.Configuration.DashedRoutingConventionTests.DashedRoutes_ShouldPass_WhenControllers(controllerTemplate: &quot;api/v1/[controller]&quot;, controllerName: &quot;Applicants&quot;, controllerExpected: &quot;api/v1/applicants&quot;)" computerName="VISHWA-KOOLLA" duration="00:00:00.0010000" startTime="2019-10-11T13:38:58.3228574-04:00" endTime="2019-10-11T13:38:58.3228574-04:00" testType="13cdc9d9-ddb5-4fa4-a97d-d965ccfc6d4b" outcome="Passed" testListId="8c84fa94-04c1-424b-9868-57a2d4851a1d" relativeResultsDirectory="ccfad7cf-f714-4ce6-aeab-33b3541c7b35" />
    <UnitTestResult executionId="492f856d-8092-4a28-aed1-a62984aab6ab" testId="e7b0360e-9583-ec9a-ef14-94ee84ee52fe" testName="Ocas.Domestic.Apply.Api.UnitTests.Configuration.DashedRoutingConventionTests.DashedRoutes_ShouldPass_WhenControllers(controllerTemplate: &quot;api/v1/Applicants&quot;, controllerName: &quot;Applicants&quot;, controllerExpected: &quot;api/v1/applicants&quot;)" computerName="VISHWA-KOOLLA" duration="00:00:00.0010000" startTime="2019-10-11T13:38:58.3398135-04:00" endTime="2019-10-11T13:38:58.3398135-04:00" testType="13cdc9d9-ddb5-4fa4-a97d-d965ccfc6d4b" outcome="Passed" testListId="8c84fa94-04c1-424b-9868-57a2d4851a1d" relativeResultsDirectory="492f856d-8092-4a28-aed1-a62984aab6ab" />
    <UnitTestResult executionId="95c74a13-8d5e-4a89-bf66-b737f31b228c" testId="22137e8e-0c00-92ec-eb6b-7789ec8c360e" testName="Ocas.Domestic.Apply.Api.UnitTests.Configuration.DashedRoutingConventionTests.DashedRoutes_ShouldPass_WhenControllers(controllerTemplate: &quot;[controller]&quot;, controllerName: &quot;Applicants&quot;, controllerExpected: &quot;applicants&quot;)" computerName="VISHWA-KOOLLA" duration="00:00:00.0010000" startTime="2019-10-11T13:38:58.3258614-04:00" endTime="2019-10-11T13:38:58.3258614-04:00" testType="13cdc9d9-ddb5-4fa4-a97d-d965ccfc6d4b" outcome="Passed" testListId="8c84fa94-04c1-424b-9868-57a2d4851a1d" relativeResultsDirectory="95c74a13-8d5e-4a89-bf66-b737f31b228c" />
    <UnitTestResult executionId="8302f11f-9f43-479e-b3ed-4d6a1483721f" testId="bd73fc8b-45fd-1e0d-6e35-20f853e9d903" testName="Ocas.Domestic.Apply.Api.UnitTests.Configuration.DashedRoutingConventionTests.DashedRoutes_ShouldPass_WhenActions(actionTemplate: &quot;BeforePart/HealthCheck/{someValue}/AfterPart&quot;, actionName: &quot;HealthCheck&quot;, actionExpected: &quot;before-part/health-check/{someValue}/after-part&quot;)" computerName="VISHWA-KOOLLA" duration="00:00:00.0010000" startTime="2019-10-11T13:38:58.2919804-04:00" endTime="2019-10-11T13:38:58.2919804-04:00" testType="13cdc9d9-ddb5-4fa4-a97d-d965ccfc6d4b" outcome="Passed" testListId="8c84fa94-04c1-424b-9868-57a2d4851a1d" relativeResultsDirectory="8302f11f-9f43-479e-b3ed-4d6a1483721f" />
    <UnitTestResult executionId="907c95cc-6fb8-4022-b5e7-5856e385ba86" testId="ee6f6bb1-d057-5915-f5ff-7163161e8249" testName="Ocas.Domestic.Apply.Api.UnitTests.Configuration.DashedRoutingConventionTests.DashedRoutes_ShouldPass_WhenControllers(controllerTemplate: &quot;api/{apiVersion}/PrivacyStatements/TrailingValue&quot;, controllerName: &quot;PrivacyStatements&quot;, controllerExpected: &quot;api/{apiVersion}/privacy-statements/trailing-value&quot;)" computerName="VISHWA-KOOLLA" duration="00:00:00.0010000" startTime="2019-10-11T13:38:58.3288419-04:00" endTime="2019-10-11T13:38:58.3288419-04:00" testType="13cdc9d9-ddb5-4fa4-a97d-d965ccfc6d4b" outcome="Passed" testListId="8c84fa94-04c1-424b-9868-57a2d4851a1d" relativeResultsDirectory="907c95cc-6fb8-4022-b5e7-5856e385ba86" />
    <UnitTestResult executionId="3d6bab88-3e0f-455e-9487-3993283d63cf" testId="852be7ef-b223-85fb-83e9-6bd1210b8049" testName="Ocas.Domestic.Apply.Api.UnitTests.Configuration.DashedRoutingConventionTests.DashedRoutes_ShouldPass_WhenControllers(controllerTemplate: &quot;api/v1/[controller]&quot;, controllerName: &quot;PrivacyStatements&quot;, controllerExpected: &quot;api/v1/privacy-statements&quot;)" computerName="VISHWA-KOOLLA" duration="00:00:00.0010000" startTime="2019-10-11T13:38:58.3248523-04:00" endTime="2019-10-11T13:38:58.3248523-04:00" testType="13cdc9d9-ddb5-4fa4-a97d-d965ccfc6d4b" outcome="Passed" testListId="8c84fa94-04c1-424b-9868-57a2d4851a1d" relativeResultsDirectory="3d6bab88-3e0f-455e-9487-3993283d63cf" />
    <UnitTestResult executionId="111cface-390c-4d34-8a2d-d03189489084" testId="62739121-4300-1c7f-4e54-ed6c98aef053" testName="Ocas.Domestic.Apply.Api.UnitTests.Configuration.DashedRoutingConventionTests.DashedRoutes_ShouldPass_WhenControllers(controllerTemplate: &quot;[controller]&quot;, controllerName: &quot;PrivacyStatements&quot;, controllerExpected: &quot;privacy-statements&quot;)" computerName="VISHWA-KOOLLA" duration="00:00:00.0010000" startTime="2019-10-11T13:38:58.3268469-04:00" endTime="2019-10-11T13:38:58.3268469-04:00" testType="13cdc9d9-ddb5-4fa4-a97d-d965ccfc6d4b" outcome="Passed" testListId="8c84fa94-04c1-424b-9868-57a2d4851a1d" relativeResultsDirectory="111cface-390c-4d34-8a2d-d03189489084" />
    <UnitTestResult executionId="0101feaa-dde9-4d9d-843d-31ec1cb27dc5" testId="707bb420-b982-d4da-d1dc-09584fe2a13a" testName="Ocas.Domestic.Apply.Api.UnitTests.Configuration.DashedRoutingConventionTests.DashedRoutes_ShouldPass_WhenControllers(controllerTemplate: &quot;PrivacyStatements&quot;, controllerName: &quot;PrivacyStatements&quot;, controllerExpected: &quot;privacy-statements&quot;)" computerName="VISHWA-KOOLLA" duration="00:00:00.0010000" startTime="2019-10-11T13:38:58.3208628-04:00" endTime="2019-10-11T13:38:58.3208628-04:00" testType="13cdc9d9-ddb5-4fa4-a97d-d965ccfc6d4b" outcome="Passed" testListId="8c84fa94-04c1-424b-9868-57a2d4851a1d" relativeResultsDirectory="0101feaa-dde9-4d9d-843d-31ec1cb27dc5" />
    <UnitTestResult executionId="54df417e-49b8-46b5-ad98-4cc173ec71f7" testId="0444deb0-b74d-e8ba-3597-df7a8f6847a0" testName="Ocas.Domestic.Apply.Api.UnitTests.Configuration.DashedRoutingConventionTests.DashedRoutes_ShouldPass_WhenActions(actionTemplate: &quot;Authorized&quot;, actionName: &quot;Authorized&quot;, actionExpected: &quot;authorized&quot;)" computerName="VISHWA-KOOLLA" duration="00:00:00.0010000" startTime="2019-10-11T13:38:58.3009419-04:00" endTime="2019-10-11T13:38:58.3009419-04:00" testType="13cdc9d9-ddb5-4fa4-a97d-d965ccfc6d4b" outcome="Passed" testListId="8c84fa94-04c1-424b-9868-57a2d4851a1d" relativeResultsDirectory="54df417e-49b8-46b5-ad98-4cc173ec71f7" />
    <UnitTestResult executionId="9c715d36-5f9e-459d-9ada-d6e66fca835b" testId="144671ef-922f-f736-ab97-ac198cbac551" testName="Ocas.Domestic.Apply.Api.UnitTests.Configuration.DashedRoutingConventionTests.DashedRoutes_ShouldPass_WhenControllers(controllerTemplate: &quot;api/v1/[controller]/TrailingValue&quot;, controllerName: &quot;PrivacyStatements&quot;, controllerExpected: &quot;api/v1/privacy-statements/trailing-value&quot;)" computerName="VISHWA-KOOLLA" duration="00:00:00.0010000" startTime="2019-10-11T13:38:58.3418074-04:00" endTime="2019-10-11T13:38:58.3418074-04:00" testType="13cdc9d9-ddb5-4fa4-a97d-d965ccfc6d4b" outcome="Passed" testListId="8c84fa94-04c1-424b-9868-57a2d4851a1d" relativeResultsDirectory="9c715d36-5f9e-459d-9ada-d6e66fca835b" />
    <UnitTestResult executionId="5e7dc109-bfa4-4eda-accd-02a77dd0efc6" testId="83ec0fd5-b2d9-5939-784a-eca2742cccf7" testName="Ocas.Domestic.Apply.Api.UnitTests.Configuration.DashedRoutingConventionTests.DashedRoutes_ShouldPass_WhenControllers(controllerTemplate: &quot;Applicants&quot;, controllerName: &quot;Applicants&quot;, controllerExpected: &quot;applicants&quot;)" computerName="VISHWA-KOOLLA" duration="00:00:00.0010000" startTime="2019-10-11T13:38:58.3238548-04:00" endTime="2019-10-11T13:38:58.3238548-04:00" testType="13cdc9d9-ddb5-4fa4-a97d-d965ccfc6d4b" outcome="Passed" testListId="8c84fa94-04c1-424b-9868-57a2d4851a1d" relativeResultsDirectory="5e7dc109-bfa4-4eda-accd-02a77dd0efc6" />
    <UnitTestResult executionId="44db909e-e70f-46d1-b202-884cc4d3cb4f" testId="d669d703-7559-afb3-acab-09657a453509" testName="Ocas.Domestic.Apply.Api.UnitTests.Configuration.DashedRoutingConventionTests.DashedRoutes_ShouldPass_WhenActions(actionTemplate: &quot;HealthCheck&quot;, actionName: &quot;HealthCheck&quot;, actionExpected: &quot;health-check&quot;)" computerName="VISHWA-KOOLLA" duration="00:00:00.0010000" startTime="2019-10-11T13:38:58.2929748-04:00" endTime="2019-10-11T13:38:58.2929748-04:00" testType="13cdc9d9-ddb5-4fa4-a97d-d965ccfc6d4b" outcome="Passed" testListId="8c84fa94-04c1-424b-9868-57a2d4851a1d" relativeResultsDirectory="44db909e-e70f-46d1-b202-884cc4d3cb4f" />
    <UnitTestResult executionId="0c795be3-f26b-4572-92af-916599a76d6b" testId="34b86d35-2ce9-8bc8-211b-f7a67e975b4b" testName="Ocas.Domestic.Apply.Api.UnitTests.Configuration.DashedRoutingConventionTests.DashedRoutes_ShouldPass_WhenActions(actionTemplate: &quot;BeforePart/[action]/{someValue}/AfterPart&quot;, actionName: &quot;HealthCheck&quot;, actionExpected: &quot;before-part/health-check/{someValue}/after-part&quot;)" computerName="VISHWA-KOOLLA" duration="00:00:00.0010000" startTime="2019-10-11T13:38:58.2939712-04:00" endTime="2019-10-11T13:38:58.2939712-04:00" testType="13cdc9d9-ddb5-4fa4-a97d-d965ccfc6d4b" outcome="Passed" testListId="8c84fa94-04c1-424b-9868-57a2d4851a1d" relativeResultsDirectory="0c795be3-f26b-4572-92af-916599a76d6b" />
    <UnitTestResult executionId="52fde3f3-da4f-4c9c-a7ea-f04a75597b8f" testId="2700f940-9cda-ffe7-0720-a4880f9c3eb5" testName="Ocas.Domestic.Apply.Api.UnitTests.Configuration.DashedRoutingConventionTests.DashedRoutes_ShouldPass_WhenActions(actionTemplate: &quot;BeforePart/[action]/AfterPart&quot;, actionName: &quot;HealthCheck&quot;, actionExpected: &quot;before-part/health-check/after-part&quot;)" computerName="VISHWA-KOOLLA" duration="00:00:00.0010000" startTime="2019-10-11T13:38:58.2959661-04:00" endTime="2019-10-11T13:38:58.2959661-04:00" testType="13cdc9d9-ddb5-4fa4-a97d-d965ccfc6d4b" outcome="Passed" testListId="8c84fa94-04c1-424b-9868-57a2d4851a1d" relativeResultsDirectory="52fde3f3-da4f-4c9c-a7ea-f04a75597b8f" />
    <UnitTestResult executionId="6debcdeb-ffbe-4dfd-863f-351fb1bf930f" testId="0ff15b7a-6a84-ca64-c5df-8238d3ebfd4e" testName="Ocas.Domestic.Apply.Api.UnitTests.Configuration.DashedRoutingConventionTests.DashedRoutes_ShouldPass_WhenControllers(controllerTemplate: &quot;api/v1/PrivacyStatements&quot;, controllerName: &quot;PrivacyStatements&quot;, controllerExpected: &quot;api/v1/privacy-statements&quot;)" computerName="VISHWA-KOOLLA" duration="00:00:00.0010000" startTime="2019-10-11T13:38:58.3019597-04:00" endTime="2019-10-11T13:38:58.3019597-04:00" testType="13cdc9d9-ddb5-4fa4-a97d-d965ccfc6d4b" outcome="Passed" testListId="8c84fa94-04c1-424b-9868-57a2d4851a1d" relativeResultsDirectory="6debcdeb-ffbe-4dfd-863f-351fb1bf930f" />
    <UnitTestResult executionId="ff719c81-7c97-461c-a9bb-02a6ff55ca7b" testId="0a01648c-0eea-7663-3e66-bd0fc5644339" testName="Ocas.Domestic.Apply.Api.UnitTests.Configuration.DashedRoutingConventionTests.DashedRoutes_ShouldPass_WhenActions(actionTemplate: &quot;BeforePart/HealthCheck/AfterPart&quot;, actionName: &quot;HealthCheck&quot;, actionExpected: &quot;before-part/health-check/after-part&quot;)" computerName="VISHWA-KOOLLA" duration="00:00:00.0010000" startTime="2019-10-11T13:38:58.2899856-04:00" endTime="2019-10-11T13:38:58.2899856-04:00" testType="13cdc9d9-ddb5-4fa4-a97d-d965ccfc6d4b" outcome="Passed" testListId="8c84fa94-04c1-424b-9868-57a2d4851a1d" relativeResultsDirectory="ff719c81-7c97-461c-a9bb-02a6ff55ca7b" />
    <UnitTestResult executionId="298fd460-ed3e-4815-a33b-e0ff1ab4e1b5" testId="2f7f2bf8-9629-33a1-28ec-508d76ac8614" testName="Ocas.Domestic.Apply.Api.UnitTests.Configuration.DashedRoutingConventionTests.DashedRoutes_ShouldPass_WhenControllers(controllerTemplate: &quot;api/v1/PrivacyStatements/TrailingValue&quot;, controllerName: &quot;PrivacyStatements&quot;, controllerExpected: &quot;api/v1/privacy-statements/trailing-value&quot;)" computerName="VISHWA-KOOLLA" duration="00:00:00.0010000" startTime="2019-10-11T13:38:58.3188785-04:00" endTime="2019-10-11T13:38:58.3188785-04:00" testType="13cdc9d9-ddb5-4fa4-a97d-d965ccfc6d4b" outcome="Passed" testListId="8c84fa94-04c1-424b-9868-57a2d4851a1d" relativeResultsDirectory="298fd460-ed3e-4815-a33b-e0ff1ab4e1b5" />
  </Results>
  <TestDefinitions>
    <UnitTest name="Ocas.Domestic.Apply.Api.UnitTests.Configuration.DashedRoutingConventionTests.DashedRoutes_ShouldPass_WhenControllers(controllerTemplate: &quot;api/v1/PrivacyStatements/TrailingValue&quot;, controllerName: &quot;PrivacyStatements&quot;, controllerExpected: &quot;api/v1/privacy-statements/trailing-value&quot;)" storage="c:\ocasprojects\apply-api\src\apply-api\src\ocas.domestic.apply.api.unittests\bin\release\net461\ocas.domestic.apply.api.unittests.dll" id="2f7f2bf8-9629-33a1-28ec-508d76ac8614">
      <Execution id="298fd460-ed3e-4815-a33b-e0ff1ab4e1b5" />
      <TestMethod codeBase="C:\OcasProjects\apply-api\src\apply-api\src\Ocas.Domestic.Apply.Api.UnitTests\bin\Release\net461\Ocas.Domestic.Apply.Api.UnitTests.dll" adapterTypeName="executor://xunit/VsTestRunner2/net" className="Ocas.Domestic.Apply.Api.UnitTests.Configuration.DashedRoutingConventionTests" name="Ocas.Domestic.Apply.Api.UnitTests.Configuration.DashedRoutingConventionTests.DashedRoutes_ShouldPass_WhenControllers(controllerTemplate: &quot;api/v1/PrivacyStatements/TrailingValue&quot;, controllerName: &quot;PrivacyStatements&quot;, controllerExpected: &quot;api/v1/privacy-statements/trailing-value&quot;)" />
    </UnitTest>
    <UnitTest name="Ocas.Domestic.Apply.Api.UnitTests.Configuration.DashedRoutingConventionTests.DashedRoutes_ShouldPass_WhenActions(actionTemplate: &quot;BeforePart/[action]/AfterPart&quot;, actionName: &quot;HealthCheck&quot;, actionExpected: &quot;before-part/health-check/after-part&quot;)" storage="c:\ocasprojects\apply-api\src\apply-api\src\ocas.domestic.apply.api.unittests\bin\release\net461\ocas.domestic.apply.api.unittests.dll" id="2700f940-9cda-ffe7-0720-a4880f9c3eb5">
      <Execution id="52fde3f3-da4f-4c9c-a7ea-f04a75597b8f" />
      <TestMethod codeBase="C:\OcasProjects\apply-api\src\apply-api\src\Ocas.Domestic.Apply.Api.UnitTests\bin\Release\net461\Ocas.Domestic.Apply.Api.UnitTests.dll" adapterTypeName="executor://xunit/VsTestRunner2/net" className="Ocas.Domestic.Apply.Api.UnitTests.Configuration.DashedRoutingConventionTests" name="Ocas.Domestic.Apply.Api.UnitTests.Configuration.DashedRoutingConventionTests.DashedRoutes_ShouldPass_WhenActions(actionTemplate: &quot;BeforePart/[action]/AfterPart&quot;, actionName: &quot;HealthCheck&quot;, actionExpected: &quot;before-part/health-check/after-part&quot;)" />
    </UnitTest>
    <UnitTest name="Ocas.Domestic.Apply.Api.UnitTests.Configuration.DashedRoutingConventionTests.DashedRoutes_ShouldPass_WhenControllers(controllerTemplate: &quot;api/v1/PrivacyStatements&quot;, controllerName: &quot;PrivacyStatements&quot;, controllerExpected: &quot;api/v1/privacy-statements&quot;)" storage="c:\ocasprojects\apply-api\src\apply-api\src\ocas.domestic.apply.api.unittests\bin\release\net461\ocas.domestic.apply.api.unittests.dll" id="0ff15b7a-6a84-ca64-c5df-8238d3ebfd4e">
      <Execution id="6debcdeb-ffbe-4dfd-863f-351fb1bf930f" />
      <TestMethod codeBase="C:\OcasProjects\apply-api\src\apply-api\src\Ocas.Domestic.Apply.Api.UnitTests\bin\Release\net461\Ocas.Domestic.Apply.Api.UnitTests.dll" adapterTypeName="executor://xunit/VsTestRunner2/net" className="Ocas.Domestic.Apply.Api.UnitTests.Configuration.DashedRoutingConventionTests" name="Ocas.Domestic.Apply.Api.UnitTests.Configuration.DashedRoutingConventionTests.DashedRoutes_ShouldPass_WhenControllers(controllerTemplate: &quot;api/v1/PrivacyStatements&quot;, controllerName: &quot;PrivacyStatements&quot;, controllerExpected: &quot;api/v1/privacy-statements&quot;)" />
    </UnitTest>
    <UnitTest name="Ocas.Domestic.Apply.Api.UnitTests.Configuration.DashedRoutingConventionTests.DashedRoutes_ShouldPass_WhenActions(actionTemplate: &quot;HealthCheck&quot;, actionName: &quot;HealthCheck&quot;, actionExpected: &quot;health-check&quot;)" storage="c:\ocasprojects\apply-api\src\apply-api\src\ocas.domestic.apply.api.unittests\bin\release\net461\ocas.domestic.apply.api.unittests.dll" id="d669d703-7559-afb3-acab-09657a453509">
      <Execution id="44db909e-e70f-46d1-b202-884cc4d3cb4f" />
      <TestMethod codeBase="C:\OcasProjects\apply-api\src\apply-api\src\Ocas.Domestic.Apply.Api.UnitTests\bin\Release\net461\Ocas.Domestic.Apply.Api.UnitTests.dll" adapterTypeName="executor://xunit/VsTestRunner2/net" className="Ocas.Domestic.Apply.Api.UnitTests.Configuration.DashedRoutingConventionTests" name="Ocas.Domestic.Apply.Api.UnitTests.Configuration.DashedRoutingConventionTests.DashedRoutes_ShouldPass_WhenActions(actionTemplate: &quot;HealthCheck&quot;, actionName: &quot;HealthCheck&quot;, actionExpected: &quot;health-check&quot;)" />
    </UnitTest>
    <UnitTest name="Ocas.Domestic.Apply.Api.UnitTests.Configuration.DashedRoutingConventionTests.DashedRoutes_ShouldPass_WhenControllers(controllerTemplate: &quot;[controller]&quot;, controllerName: &quot;Applicants&quot;, controllerExpected: &quot;applicants&quot;)" storage="c:\ocasprojects\apply-api\src\apply-api\src\ocas.domestic.apply.api.unittests\bin\release\net461\ocas.domestic.apply.api.unittests.dll" id="22137e8e-0c00-92ec-eb6b-7789ec8c360e">
      <Execution id="95c74a13-8d5e-4a89-bf66-b737f31b228c" />
      <TestMethod codeBase="C:\OcasProjects\apply-api\src\apply-api\src\Ocas.Domestic.Apply.Api.UnitTests\bin\Release\net461\Ocas.Domestic.Apply.Api.UnitTests.dll" adapterTypeName="executor://xunit/VsTestRunner2/net" className="Ocas.Domestic.Apply.Api.UnitTests.Configuration.DashedRoutingConventionTests" name="Ocas.Domestic.Apply.Api.UnitTests.Configuration.DashedRoutingConventionTests.DashedRoutes_ShouldPass_WhenControllers(controllerTemplate: &quot;[controller]&quot;, controllerName: &quot;Applicants&quot;, controllerExpected: &quot;applicants&quot;)" />
    </UnitTest>
    <UnitTest name="Ocas.Domestic.Apply.Api.UnitTests.Configuration.DashedRoutingConventionTests.DashedRoutes_ShouldPass_WhenActions(actionTemplate: &quot;BeforePart/[action]/{someValue}/AfterPart&quot;, actionName: &quot;HealthCheck&quot;, actionExpected: &quot;before-part/health-check/{someValue}/after-part&quot;)" storage="c:\ocasprojects\apply-api\src\apply-api\src\ocas.domestic.apply.api.unittests\bin\release\net461\ocas.domestic.apply.api.unittests.dll" id="34b86d35-2ce9-8bc8-211b-f7a67e975b4b">
      <Execution id="0c795be3-f26b-4572-92af-916599a76d6b" />
      <TestMethod codeBase="C:\OcasProjects\apply-api\src\apply-api\src\Ocas.Domestic.Apply.Api.UnitTests\bin\Release\net461\Ocas.Domestic.Apply.Api.UnitTests.dll" adapterTypeName="executor://xunit/VsTestRunner2/net" className="Ocas.Domestic.Apply.Api.UnitTests.Configuration.DashedRoutingConventionTests" name="Ocas.Domestic.Apply.Api.UnitTests.Configuration.DashedRoutingConventionTests.DashedRoutes_ShouldPass_WhenActions(actionTemplate: &quot;BeforePart/[action]/{someValue}/AfterPart&quot;, actionName: &quot;HealthCheck&quot;, actionExpected: &quot;before-part/health-check/{someValue}/after-part&quot;)" />
    </UnitTest>
    <UnitTest name="Ocas.Domestic.Apply.Api.UnitTests.Configuration.DashedRoutingConventionTests.DashedRoutes_ShouldPass_WhenControllers(controllerTemplate: &quot;api/v1/[controller]/TrailingValue&quot;, controllerName: &quot;PrivacyStatements&quot;, controllerExpected: &quot;api/v1/privacy-statements/trailing-value&quot;)" storage="c:\ocasprojects\apply-api\src\apply-api\src\ocas.domestic.apply.api.unittests\bin\release\net461\ocas.domestic.apply.api.unittests.dll" id="144671ef-922f-f736-ab97-ac198cbac551">
      <Execution id="9c715d36-5f9e-459d-9ada-d6e66fca835b" />
      <TestMethod codeBase="C:\OcasProjects\apply-api\src\apply-api\src\Ocas.Domestic.Apply.Api.UnitTests\bin\Release\net461\Ocas.Domestic.Apply.Api.UnitTests.dll" adapterTypeName="executor://xunit/VsTestRunner2/net" className="Ocas.Domestic.Apply.Api.UnitTests.Configuration.DashedRoutingConventionTests" name="Ocas.Domestic.Apply.Api.UnitTests.Configuration.DashedRoutingConventionTests.DashedRoutes_ShouldPass_WhenControllers(controllerTemplate: &quot;api/v1/[controller]/TrailingValue&quot;, controllerName: &quot;PrivacyStatements&quot;, controllerExpected: &quot;api/v1/privacy-statements/trailing-value&quot;)" />
    </UnitTest>
    <UnitTest name="Ocas.Domestic.Apply.Api.UnitTests.Configuration.DashedRoutingConventionTests.DashedRoutes_ShouldPass_WhenActions(actionTemplate: &quot;[action]&quot;, actionName: &quot;HealthCheck&quot;, actionExpected: &quot;health-check&quot;)" storage="c:\ocasprojects\apply-api\src\apply-api\src\ocas.domestic.apply.api.unittests\bin\release\net461\ocas.domestic.apply.api.unittests.dll" id="d27bf402-7739-3421-223e-a56e96586baa">
      <Execution id="cfa6fde2-4a88-4e22-a228-22e23ce8ad9e" />
      <TestMethod codeBase="C:\OcasProjects\apply-api\src\apply-api\src\Ocas.Domestic.Apply.Api.UnitTests\bin\Release\net461\Ocas.Domestic.Apply.Api.UnitTests.dll" adapterTypeName="executor://xunit/VsTestRunner2/net" className="Ocas.Domestic.Apply.Api.UnitTests.Configuration.DashedRoutingConventionTests" name="Ocas.Domestic.Apply.Api.UnitTests.Configuration.DashedRoutingConventionTests.DashedRoutes_ShouldPass_WhenActions(actionTemplate: &quot;[action]&quot;, actionName: &quot;HealthCheck&quot;, actionExpected: &quot;health-check&quot;)" />
    </UnitTest>
    <UnitTest name="Ocas.Domestic.Apply.Api.UnitTests.Configuration.DashedRoutingConventionTests.DashedRoutes_ShouldPass_WhenControllers(controllerTemplate: &quot;api/v1/Applicants&quot;, controllerName: &quot;Applicants&quot;, controllerExpected: &quot;api/v1/applicants&quot;)" storage="c:\ocasprojects\apply-api\src\apply-api\src\ocas.domestic.apply.api.unittests\bin\release\net461\ocas.domestic.apply.api.unittests.dll" id="e7b0360e-9583-ec9a-ef14-94ee84ee52fe">
      <Execution id="492f856d-8092-4a28-aed1-a62984aab6ab" />
      <TestMethod codeBase="C:\OcasProjects\apply-api\src\apply-api\src\Ocas.Domestic.Apply.Api.UnitTests\bin\Release\net461\Ocas.Domestic.Apply.Api.UnitTests.dll" adapterTypeName="executor://xunit/VsTestRunner2/net" className="Ocas.Domestic.Apply.Api.UnitTests.Configuration.DashedRoutingConventionTests" name="Ocas.Domestic.Apply.Api.UnitTests.Configuration.DashedRoutingConventionTests.DashedRoutes_ShouldPass_WhenControllers(controllerTemplate: &quot;api/v1/Applicants&quot;, controllerName: &quot;Applicants&quot;, controllerExpected: &quot;api/v1/applicants&quot;)" />
    </UnitTest>
    <UnitTest name="Ocas.Domestic.Apply.Api.UnitTests.Configuration.DashedRoutingConventionTests.DashedRoutes_ShouldPass_WhenControllers(controllerTemplate: &quot;api/{apiVersion}/PrivacyStatements/TrailingValue&quot;, controllerName: &quot;PrivacyStatements&quot;, controllerExpected: &quot;api/{apiVersion}/privacy-statements/trailing-value&quot;)" storage="c:\ocasprojects\apply-api\src\apply-api\src\ocas.domestic.apply.api.unittests\bin\release\net461\ocas.domestic.apply.api.unittests.dll" id="ee6f6bb1-d057-5915-f5ff-7163161e8249">
      <Execution id="907c95cc-6fb8-4022-b5e7-5856e385ba86" />
      <TestMethod codeBase="C:\OcasProjects\apply-api\src\apply-api\src\Ocas.Domestic.Apply.Api.UnitTests\bin\Release\net461\Ocas.Domestic.Apply.Api.UnitTests.dll" adapterTypeName="executor://xunit/VsTestRunner2/net" className="Ocas.Domestic.Apply.Api.UnitTests.Configuration.DashedRoutingConventionTests" name="Ocas.Domestic.Apply.Api.UnitTests.Configuration.DashedRoutingConventionTests.DashedRoutes_ShouldPass_WhenControllers(controllerTemplate: &quot;api/{apiVersion}/PrivacyStatements/TrailingValue&quot;, controllerName: &quot;PrivacyStatements&quot;, controllerExpected: &quot;api/{apiVersion}/privacy-statements/trailing-value&quot;)" />
    </UnitTest>
    <UnitTest name="Ocas.Domestic.Apply.Api.UnitTests.Configuration.DashedRoutingConventionTests.DashedRoutes_ShouldPass_WhenActions(actionTemplate: &quot;BeforePart/HealthCheck/AfterPart&quot;, actionName: &quot;HealthCheck&quot;, actionExpected: &quot;before-part/health-check/after-part&quot;)" storage="c:\ocasprojects\apply-api\src\apply-api\src\ocas.domestic.apply.api.unittests\bin\release\net461\ocas.domestic.apply.api.unittests.dll" id="0a01648c-0eea-7663-3e66-bd0fc5644339">
      <Execution id="ff719c81-7c97-461c-a9bb-02a6ff55ca7b" />
      <TestMethod codeBase="C:\OcasProjects\apply-api\src\apply-api\src\Ocas.Domestic.Apply.Api.UnitTests\bin\Release\net461\Ocas.Domestic.Apply.Api.UnitTests.dll" adapterTypeName="executor://xunit/VsTestRunner2/net" className="Ocas.Domestic.Apply.Api.UnitTests.Configuration.DashedRoutingConventionTests" name="Ocas.Domestic.Apply.Api.UnitTests.Configuration.DashedRoutingConventionTests.DashedRoutes_ShouldPass_WhenActions(actionTemplate: &quot;BeforePart/HealthCheck/AfterPart&quot;, actionName: &quot;HealthCheck&quot;, actionExpected: &quot;before-part/health-check/after-part&quot;)" />
    </UnitTest>
    <UnitTest name="Ocas.Domestic.Apply.Api.UnitTests.Configuration.DashedRoutingConventionTests.DashedRoutes_ShouldPass_WhenControllers(controllerTemplate: &quot;Applicants&quot;, controllerName: &quot;Applicants&quot;, controllerExpected: &quot;applicants&quot;)" storage="c:\ocasprojects\apply-api\src\apply-api\src\ocas.domestic.apply.api.unittests\bin\release\net461\ocas.domestic.apply.api.unittests.dll" id="83ec0fd5-b2d9-5939-784a-eca2742cccf7">
      <Execution id="5e7dc109-bfa4-4eda-accd-02a77dd0efc6" />
      <TestMethod codeBase="C:\OcasProjects\apply-api\src\apply-api\src\Ocas.Domestic.Apply.Api.UnitTests\bin\Release\net461\Ocas.Domestic.Apply.Api.UnitTests.dll" adapterTypeName="executor://xunit/VsTestRunner2/net" className="Ocas.Domestic.Apply.Api.UnitTests.Configuration.DashedRoutingConventionTests" name="Ocas.Domestic.Apply.Api.UnitTests.Configuration.DashedRoutingConventionTests.DashedRoutes_ShouldPass_WhenControllers(controllerTemplate: &quot;Applicants&quot;, controllerName: &quot;Applicants&quot;, controllerExpected: &quot;applicants&quot;)" />
    </UnitTest>
    <UnitTest name="Ocas.Domestic.Apply.Api.UnitTests.Configuration.DashedRoutingConventionTests.DashedRoutes_ShouldPass_WhenControllers(controllerTemplate: &quot;api/v1/[controller]&quot;, controllerName: &quot;Applicants&quot;, controllerExpected: &quot;api/v1/applicants&quot;)" storage="c:\ocasprojects\apply-api\src\apply-api\src\ocas.domestic.apply.api.unittests\bin\release\net461\ocas.domestic.apply.api.unittests.dll" id="6075d7bc-7809-7ee1-5ec1-0169774c3717">
      <Execution id="ccfad7cf-f714-4ce6-aeab-33b3541c7b35" />
      <TestMethod codeBase="C:\OcasProjects\apply-api\src\apply-api\src\Ocas.Domestic.Apply.Api.UnitTests\bin\Release\net461\Ocas.Domestic.Apply.Api.UnitTests.dll" adapterTypeName="executor://xunit/VsTestRunner2/net" className="Ocas.Domestic.Apply.Api.UnitTests.Configuration.DashedRoutingConventionTests" name="Ocas.Domestic.Apply.Api.UnitTests.Configuration.DashedRoutingConventionTests.DashedRoutes_ShouldPass_WhenControllers(controllerTemplate: &quot;api/v1/[controller]&quot;, controllerName: &quot;Applicants&quot;, controllerExpected: &quot;api/v1/applicants&quot;)" />
    </UnitTest>
    <UnitTest name="Ocas.Domestic.Apply.Api.UnitTests.Configuration.DashedRoutingConventionTests.DashedRoutes_ShouldPass_WhenActions(actionTemplate: &quot;BeforePart/HealthCheck/{someValue}/AfterPart&quot;, actionName: &quot;HealthCheck&quot;, actionExpected: &quot;before-part/health-check/{someValue}/after-part&quot;)" storage="c:\ocasprojects\apply-api\src\apply-api\src\ocas.domestic.apply.api.unittests\bin\release\net461\ocas.domestic.apply.api.unittests.dll" id="bd73fc8b-45fd-1e0d-6e35-20f853e9d903">
      <Execution id="8302f11f-9f43-479e-b3ed-4d6a1483721f" />
      <TestMethod codeBase="C:\OcasProjects\apply-api\src\apply-api\src\Ocas.Domestic.Apply.Api.UnitTests\bin\Release\net461\Ocas.Domestic.Apply.Api.UnitTests.dll" adapterTypeName="executor://xunit/VsTestRunner2/net" className="Ocas.Domestic.Apply.Api.UnitTests.Configuration.DashedRoutingConventionTests" name="Ocas.Domestic.Apply.Api.UnitTests.Configuration.DashedRoutingConventionTests.DashedRoutes_ShouldPass_WhenActions(actionTemplate: &quot;BeforePart/HealthCheck/{someValue}/AfterPart&quot;, actionName: &quot;HealthCheck&quot;, actionExpected: &quot;before-part/health-check/{someValue}/after-part&quot;)" />
    </UnitTest>
    <UnitTest name="Ocas.Domestic.Apply.Api.UnitTests.Configuration.DashedRoutingConventionTests.DashedRoutes_ShouldPass_WhenControllers(controllerTemplate: &quot;[controller]&quot;, controllerName: &quot;PrivacyStatements&quot;, controllerExpected: &quot;privacy-statements&quot;)" storage="c:\ocasprojects\apply-api\src\apply-api\src\ocas.domestic.apply.api.unittests\bin\release\net461\ocas.domestic.apply.api.unittests.dll" id="62739121-4300-1c7f-4e54-ed6c98aef053">
      <Execution id="111cface-390c-4d34-8a2d-d03189489084" />
      <TestMethod codeBase="C:\OcasProjects\apply-api\src\apply-api\src\Ocas.Domestic.Apply.Api.UnitTests\bin\Release\net461\Ocas.Domestic.Apply.Api.UnitTests.dll" adapterTypeName="executor://xunit/VsTestRunner2/net" className="Ocas.Domestic.Apply.Api.UnitTests.Configuration.DashedRoutingConventionTests" name="Ocas.Domestic.Apply.Api.UnitTests.Configuration.DashedRoutingConventionTests.DashedRoutes_ShouldPass_WhenControllers(controllerTemplate: &quot;[controller]&quot;, controllerName: &quot;PrivacyStatements&quot;, controllerExpected: &quot;privacy-statements&quot;)" />
    </UnitTest>
    <UnitTest name="Ocas.Domestic.Apply.Api.UnitTests.Configuration.DashedRoutingConventionTests.DashedRoutes_ShouldPass_WhenControllers(controllerTemplate: &quot;api/v1/[controller]&quot;, controllerName: &quot;PrivacyStatements&quot;, controllerExpected: &quot;api/v1/privacy-statements&quot;)" storage="c:\ocasprojects\apply-api\src\apply-api\src\ocas.domestic.apply.api.unittests\bin\release\net461\ocas.domestic.apply.api.unittests.dll" id="852be7ef-b223-85fb-83e9-6bd1210b8049">
      <Execution id="3d6bab88-3e0f-455e-9487-3993283d63cf" />
      <TestMethod codeBase="C:\OcasProjects\apply-api\src\apply-api\src\Ocas.Domestic.Apply.Api.UnitTests\bin\Release\net461\Ocas.Domestic.Apply.Api.UnitTests.dll" adapterTypeName="executor://xunit/VsTestRunner2/net" className="Ocas.Domestic.Apply.Api.UnitTests.Configuration.DashedRoutingConventionTests" name="Ocas.Domestic.Apply.Api.UnitTests.Configuration.DashedRoutingConventionTests.DashedRoutes_ShouldPass_WhenControllers(controllerTemplate: &quot;api/v1/[controller]&quot;, controllerName: &quot;PrivacyStatements&quot;, controllerExpected: &quot;api/v1/privacy-statements&quot;)" />
    </UnitTest>
    <UnitTest name="Ocas.Domestic.Apply.Api.UnitTests.Configuration.DashedRoutingConventionTests.DashedRoutes_ShouldPass_WhenActions(actionTemplate: &quot;Authorized&quot;, actionName: &quot;Authorized&quot;, actionExpected: &quot;authorized&quot;)" storage="c:\ocasprojects\apply-api\src\apply-api\src\ocas.domestic.apply.api.unittests\bin\release\net461\ocas.domestic.apply.api.unittests.dll" id="0444deb0-b74d-e8ba-3597-df7a8f6847a0">
      <Execution id="54df417e-49b8-46b5-ad98-4cc173ec71f7" />
      <TestMethod codeBase="C:\OcasProjects\apply-api\src\apply-api\src\Ocas.Domestic.Apply.Api.UnitTests\bin\Release\net461\Ocas.Domestic.Apply.Api.UnitTests.dll" adapterTypeName="executor://xunit/VsTestRunner2/net" className="Ocas.Domestic.Apply.Api.UnitTests.Configuration.DashedRoutingConventionTests" name="Ocas.Domestic.Apply.Api.UnitTests.Configuration.DashedRoutingConventionTests.DashedRoutes_ShouldPass_WhenActions(actionTemplate: &quot;Authorized&quot;, actionName: &quot;Authorized&quot;, actionExpected: &quot;authorized&quot;)" />
    </UnitTest>
    <UnitTest name="Ocas.Domestic.Apply.Api.UnitTests.Configuration.DashedRoutingConventionTests.DashedRoutes_ShouldPass_WhenControllers(controllerTemplate: &quot;PrivacyStatements&quot;, controllerName: &quot;PrivacyStatements&quot;, controllerExpected: &quot;privacy-statements&quot;)" storage="c:\ocasprojects\apply-api\src\apply-api\src\ocas.domestic.apply.api.unittests\bin\release\net461\ocas.domestic.apply.api.unittests.dll" id="707bb420-b982-d4da-d1dc-09584fe2a13a">
      <Execution id="0101feaa-dde9-4d9d-843d-31ec1cb27dc5" />
      <TestMethod codeBase="C:\OcasProjects\apply-api\src\apply-api\src\Ocas.Domestic.Apply.Api.UnitTests\bin\Release\net461\Ocas.Domestic.Apply.Api.UnitTests.dll" adapterTypeName="executor://xunit/VsTestRunner2/net" className="Ocas.Domestic.Apply.Api.UnitTests.Configuration.DashedRoutingConventionTests" name="Ocas.Domestic.Apply.Api.UnitTests.Configuration.DashedRoutingConventionTests.DashedRoutes_ShouldPass_WhenControllers(controllerTemplate: &quot;PrivacyStatements&quot;, controllerName: &quot;PrivacyStatements&quot;, controllerExpected: &quot;privacy-statements&quot;)" />
    </UnitTest>
    <UnitTest name="Ocas.Domestic.Apply.Api.UnitTests.Configuration.DashedRoutingConventionTests.DashedRoutes_ShouldPass_WhenControllers(controllerTemplate: &quot;api/{apiVersion}/[controller]/TrailingValue&quot;, controllerName: &quot;PrivacyStatements&quot;, controllerExpected: &quot;api/{apiVersion}/privacy-statements/trailing-value&quot;)" storage="c:\ocasprojects\apply-api\src\apply-api\src\ocas.domestic.apply.api.unittests\bin\release\net461\ocas.domestic.apply.api.unittests.dll" id="89d5b502-1982-efee-ce04-a1599dfb7523">
      <Execution id="dc99ee6b-a66a-477d-9b00-2d5a58cbb878" />
      <TestMethod codeBase="C:\OcasProjects\apply-api\src\apply-api\src\Ocas.Domestic.Apply.Api.UnitTests\bin\Release\net461\Ocas.Domestic.Apply.Api.UnitTests.dll" adapterTypeName="executor://xunit/VsTestRunner2/net" className="Ocas.Domestic.Apply.Api.UnitTests.Configuration.DashedRoutingConventionTests" name="Ocas.Domestic.Apply.Api.UnitTests.Configuration.DashedRoutingConventionTests.DashedRoutes_ShouldPass_WhenControllers(controllerTemplate: &quot;api/{apiVersion}/[controller]/TrailingValue&quot;, controllerName: &quot;PrivacyStatements&quot;, controllerExpected: &quot;api/{apiVersion}/privacy-statements/trailing-value&quot;)" />
    </UnitTest>
    <UnitTest name="Ocas.Domestic.Apply.Api.UnitTests.Configuration.DashedRoutingConventionTests.DashedRoutes_ShouldPass_WhenActions(actionTemplate: &quot;[action]&quot;, actionName: &quot;Authorized&quot;, actionExpected: &quot;authorized&quot;)" storage="c:\ocasprojects\apply-api\src\apply-api\src\ocas.domestic.apply.api.unittests\bin\release\net461\ocas.domestic.apply.api.unittests.dll" id="52cdf0aa-1ef7-ce93-5af3-1931f4d4a0a9">
      <Execution id="b4871831-3e7d-40cb-be9d-04ded7443b25" />
      <TestMethod codeBase="C:\OcasProjects\apply-api\src\apply-api\src\Ocas.Domestic.Apply.Api.UnitTests\bin\Release\net461\Ocas.Domestic.Apply.Api.UnitTests.dll" adapterTypeName="executor://xunit/VsTestRunner2/net" className="Ocas.Domestic.Apply.Api.UnitTests.Configuration.DashedRoutingConventionTests" name="Ocas.Domestic.Apply.Api.UnitTests.Configuration.DashedRoutingConventionTests.DashedRoutes_ShouldPass_WhenActions(actionTemplate: &quot;[action]&quot;, actionName: &quot;Authorized&quot;, actionExpected: &quot;authorized&quot;)" />
    </UnitTest>
  </TestDefinitions>
  <TestEntries>
    <TestEntry testId="d27bf402-7739-3421-223e-a56e96586baa" executionId="cfa6fde2-4a88-4e22-a228-22e23ce8ad9e" testListId="8c84fa94-04c1-424b-9868-57a2d4851a1d" />
    <TestEntry testId="52cdf0aa-1ef7-ce93-5af3-1931f4d4a0a9" executionId="b4871831-3e7d-40cb-be9d-04ded7443b25" testListId="8c84fa94-04c1-424b-9868-57a2d4851a1d" />
    <TestEntry testId="89d5b502-1982-efee-ce04-a1599dfb7523" executionId="dc99ee6b-a66a-477d-9b00-2d5a58cbb878" testListId="8c84fa94-04c1-424b-9868-57a2d4851a1d" />
    <TestEntry testId="6075d7bc-7809-7ee1-5ec1-0169774c3717" executionId="ccfad7cf-f714-4ce6-aeab-33b3541c7b35" testListId="8c84fa94-04c1-424b-9868-57a2d4851a1d" />
    <TestEntry testId="e7b0360e-9583-ec9a-ef14-94ee84ee52fe" executionId="492f856d-8092-4a28-aed1-a62984aab6ab" testListId="8c84fa94-04c1-424b-9868-57a2d4851a1d" />
    <TestEntry testId="22137e8e-0c00-92ec-eb6b-7789ec8c360e" executionId="95c74a13-8d5e-4a89-bf66-b737f31b228c" testListId="8c84fa94-04c1-424b-9868-57a2d4851a1d" />
    <TestEntry testId="bd73fc8b-45fd-1e0d-6e35-20f853e9d903" executionId="8302f11f-9f43-479e-b3ed-4d6a1483721f" testListId="8c84fa94-04c1-424b-9868-57a2d4851a1d" />
    <TestEntry testId="ee6f6bb1-d057-5915-f5ff-7163161e8249" executionId="907c95cc-6fb8-4022-b5e7-5856e385ba86" testListId="8c84fa94-04c1-424b-9868-57a2d4851a1d" />
    <TestEntry testId="852be7ef-b223-85fb-83e9-6bd1210b8049" executionId="3d6bab88-3e0f-455e-9487-3993283d63cf" testListId="8c84fa94-04c1-424b-9868-57a2d4851a1d" />
    <TestEntry testId="62739121-4300-1c7f-4e54-ed6c98aef053" executionId="111cface-390c-4d34-8a2d-d03189489084" testListId="8c84fa94-04c1-424b-9868-57a2d4851a1d" />
    <TestEntry testId="707bb420-b982-d4da-d1dc-09584fe2a13a" executionId="0101feaa-dde9-4d9d-843d-31ec1cb27dc5" testListId="8c84fa94-04c1-424b-9868-57a2d4851a1d" />
    <TestEntry testId="0444deb0-b74d-e8ba-3597-df7a8f6847a0" executionId="54df417e-49b8-46b5-ad98-4cc173ec71f7" testListId="8c84fa94-04c1-424b-9868-57a2d4851a1d" />
    <TestEntry testId="144671ef-922f-f736-ab97-ac198cbac551" executionId="9c715d36-5f9e-459d-9ada-d6e66fca835b" testListId="8c84fa94-04c1-424b-9868-57a2d4851a1d" />
    <TestEntry testId="83ec0fd5-b2d9-5939-784a-eca2742cccf7" executionId="5e7dc109-bfa4-4eda-accd-02a77dd0efc6" testListId="8c84fa94-04c1-424b-9868-57a2d4851a1d" />
    <TestEntry testId="d669d703-7559-afb3-acab-09657a453509" executionId="44db909e-e70f-46d1-b202-884cc4d3cb4f" testListId="8c84fa94-04c1-424b-9868-57a2d4851a1d" />
    <TestEntry testId="34b86d35-2ce9-8bc8-211b-f7a67e975b4b" executionId="0c795be3-f26b-4572-92af-916599a76d6b" testListId="8c84fa94-04c1-424b-9868-57a2d4851a1d" />
    <TestEntry testId="2700f940-9cda-ffe7-0720-a4880f9c3eb5" executionId="52fde3f3-da4f-4c9c-a7ea-f04a75597b8f" testListId="8c84fa94-04c1-424b-9868-57a2d4851a1d" />
    <TestEntry testId="0ff15b7a-6a84-ca64-c5df-8238d3ebfd4e" executionId="6debcdeb-ffbe-4dfd-863f-351fb1bf930f" testListId="8c84fa94-04c1-424b-9868-57a2d4851a1d" />
    <TestEntry testId="0a01648c-0eea-7663-3e66-bd0fc5644339" executionId="ff719c81-7c97-461c-a9bb-02a6ff55ca7b" testListId="8c84fa94-04c1-424b-9868-57a2d4851a1d" />
    <TestEntry testId="2f7f2bf8-9629-33a1-28ec-508d76ac8614" executionId="298fd460-ed3e-4815-a33b-e0ff1ab4e1b5" testListId="8c84fa94-04c1-424b-9868-57a2d4851a1d" />
  </TestEntries>
  <TestLists>
    <TestList name="Results Not in a List" id="8c84fa94-04c1-424b-9868-57a2d4851a1d" />
    <TestList name="All Loaded Results" id="19431567-8539-422a-85d7-44ee4e166bda" />
  </TestLists>
  <ResultSummary outcome="Completed">
    <Counters total="20" executed="20" passed="20" failed="0" error="0" timeout="0" aborted="0" inconclusive="0" passedButRunAborted="0" notRunnable="0" notExecuted="0" disconnected="0" warning="0" completed="0" inProgress="0" pending="0" />
    <Output>
      <StdOut>[xUnit.net 00:00:00.00] xUnit.net VSTest Adapter v2.4.1 (64-bit Desktop .NET 4.0.30319.42000)[xUnit.net 00:00:06.89]   Discovering: Ocas.Domestic.Apply.Api.UnitTests[xUnit.net 00:00:07.16]   Discovered:  Ocas.Domestic.Apply.Api.UnitTests[xUnit.net 00:00:07.16]   Starting:    Ocas.Domestic.Apply.Api.UnitTests[xUnit.net 00:00:07.75]   Finished:    Ocas.Domestic.Apply.Api.UnitTests</StdOut>
    </Output>
  </ResultSummary>
</TestRun>