<?xml version="1.0" encoding="utf-8"?>
<TestRun id="e0c0ff5d-7225-4dc3-8b96-8836e79011c4" name="koolla@VISHWA-KOOLLA 2019-10-11 13:39:15" runUser="VISHWA-KOOLLA\koolla" xmlns="http://microsoft.com/schemas/VisualStudio/TeamTest/2010">
  <Times creation="2019-10-11T13:39:15.2585245-04:00" queuing="2019-10-11T13:39:15.2585245-04:00" start="2019-10-11T13:39:07.3801181-04:00" finish="2019-10-11T13:39:15.4518447-04:00" />
  <TestSettings name="default" id="ab4db667-02d5-4b07-814d-aa6eaf1aa820">
    <Deployment runDeploymentRoot="koolla_VISHWA-KOOLLA_2019-10-11_13_39_15" />
  </TestSettings>
  <Results>
    <UnitTestResult executionId="940295b3-7487-4a0c-89f3-f448c6092333" testId="3967eb5f-1370-2ebd-799f-f34c6c2535f3" testName="Ocas.Domestic.Data.Extras.UnitTests.DomesticContextExtrasTests.PatchBasisForAdmission_ShouldPass(scenario: NoGed, bfaCode: &quot;2&quot;, currentCode: &quot;N&quot;)" computerName="VISHWA-KOOLLA" duration="00:00:00.1790000" startTime="2019-10-11T13:39:15.3057590-04:00" endTime="2019-10-11T13:39:15.3057590-04:00" testType="13cdc9d9-ddb5-4fa4-a97d-d965ccfc6d4b" outcome="Passed" testListId="8c84fa94-04c1-424b-9868-57a2d4851a1d" relativeResultsDirectory="940295b3-7487-4a0c-89f3-f448c6092333" />
    <UnitTestResult executionId="a463859d-516f-46f8-82e5-ba7cba30930d" testId="8e78afba-7998-9546-25f3-7ac1c0a6d0f9" testName="Ocas.Domestic.Data.Extras.UnitTests.DomesticContextExtrasTests.PatchBasisForAdmission_ShouldPass(scenario: GraduatingAfterCycleStart, bfaCode: &quot;2&quot;, currentCode: &quot;Y&quot;)" computerName="VISHWA-KOOLLA" duration="00:00:00.1860000" startTime="2019-10-11T13:39:14.7761755-04:00" endTime="2019-10-11T13:39:14.7761755-04:00" testType="13cdc9d9-ddb5-4fa4-a97d-d965ccfc6d4b" outcome="Passed" testListId="8c84fa94-04c1-424b-9868-57a2d4851a1d" relativeResultsDirectory="a463859d-516f-46f8-82e5-ba7cba30930d" />
    <UnitTestResult executionId="84dbff66-09c2-4186-8bac-3836a9a79124" testId="81008d77-e6ad-081d-867b-7c9dc8b2e2e4" testName="Ocas.Domestic.Data.Extras.UnitTests.DomesticContextExtrasTests.PatchBasisForAdmission_ShouldPass(scenario: HasGed, bfaCode: &quot;3&quot;, currentCode: &quot;N&quot;)" computerName="VISHWA-KOOLLA" duration="00:00:00.1800000" startTime="2019-10-11T13:39:15.1262392-04:00" endTime="2019-10-11T13:39:15.1262392-04:00" testType="13cdc9d9-ddb5-4fa4-a97d-d965ccfc6d4b" outcome="Passed" testListId="8c84fa94-04c1-424b-9868-57a2d4851a1d" relativeResultsDirectory="84dbff66-09c2-4186-8bac-3836a9a79124" />
    <UnitTestResult executionId="5d74ef8e-0557-4a36-902a-87d27428f907" testId="dc10bf8c-9eeb-20bc-ee62-9b5b3f40c1bb" testName="Ocas.Domestic.Data.Extras.UnitTests.DomesticContextExtrasTests.PatchBasisForAdmission_ShouldPass(scenario: GraduatingBeforeCycleStart, bfaCode: &quot;3&quot;, currentCode: &quot;Y&quot;)" computerName="VISHWA-KOOLLA" duration="00:00:00.1730000" startTime="2019-10-11T13:39:14.9467195-04:00" endTime="2019-10-11T13:39:14.9467195-04:00" testType="13cdc9d9-ddb5-4fa4-a97d-d965ccfc6d4b" outcome="Passed" testListId="8c84fa94-04c1-424b-9868-57a2d4851a1d" relativeResultsDirectory="5d74ef8e-0557-4a36-902a-87d27428f907" />
    <UnitTestResult executionId="a9894c59-f14f-4c03-bc3c-c111f180b1b1" testId="de1e88e9-be12-141d-5a3e-3841c165cf99" testName="Ocas.Domestic.Data.Extras.UnitTests.DomesticContextExtrasTests.PatchBasisForAdmission_ShouldPass(scenario: GraduatingBeforeProgramStart, bfaCode: &quot;3&quot;, currentCode: &quot;Y&quot;)" computerName="VISHWA-KOOLLA" duration="00:00:00.1840000" startTime="2019-10-11T13:39:14.5886618-04:00" endTime="2019-10-11T13:39:14.5886618-04:00" testType="13cdc9d9-ddb5-4fa4-a97d-d965ccfc6d4b" outcome="Passed" testListId="8c84fa94-04c1-424b-9868-57a2d4851a1d" relativeResultsDirectory="a9894c59-f14f-4c03-bc3c-c111f180b1b1" />
    <UnitTestResult executionId="995517e8-0256-4142-81ca-bbdb92479dbf" testId="50423cec-9597-92cd-58c3-258981b69efc" testName="Ocas.Domestic.Data.Extras.UnitTests.DomesticContextExtrasTests.PatchBasisForAdmission_ShouldPass(scenario: GraduatingAfterProgramStart, bfaCode: &quot;2&quot;, currentCode: &quot;Y&quot;)" computerName="VISHWA-KOOLLA" duration="00:00:00.7050000" startTime="2019-10-11T13:39:14.4201121-04:00" endTime="2019-10-11T13:39:14.4201121-04:00" testType="13cdc9d9-ddb5-4fa4-a97d-d965ccfc6d4b" outcome="Passed" testListId="8c84fa94-04c1-424b-9868-57a2d4851a1d" relativeResultsDirectory="995517e8-0256-4142-81ca-bbdb92479dbf" />
  </Results>
  <TestDefinitions>
    <UnitTest name="Ocas.Domestic.Data.Extras.UnitTests.DomesticContextExtrasTests.PatchBasisForAdmission_ShouldPass(scenario: GraduatingBeforeProgramStart, bfaCode: &quot;3&quot;, currentCode: &quot;Y&quot;)" storage="c:\ocasprojects\apply-api\src\apply-api\src\ocas.domestic.data.extras.unittests\bin\release\net461\ocas.domestic.data.extras.unittests.dll" id="de1e88e9-be12-141d-5a3e-3841c165cf99">
      <Execution id="a9894c59-f14f-4c03-bc3c-c111f180b1b1" />
      <TestMethod codeBase="C:\OcasProjects\apply-api\src\apply-api\src\Ocas.Domestic.Data.Extras.UnitTests\bin\Release\net461\Ocas.Domestic.Data.Extras.UnitTests.dll" adapterTypeName="executor://xunit/VsTestRunner2/net" className="Ocas.Domestic.Data.Extras.UnitTests.DomesticContextExtrasTests" name="Ocas.Domestic.Data.Extras.UnitTests.DomesticContextExtrasTests.PatchBasisForAdmission_ShouldPass(scenario: GraduatingBeforeProgramStart, bfaCode: &quot;3&quot;, currentCode: &quot;Y&quot;)" />
    </UnitTest>
    <UnitTest name="Ocas.Domestic.Data.Extras.UnitTests.DomesticContextExtrasTests.PatchBasisForAdmission_ShouldPass(scenario: NoGed, bfaCode: &quot;2&quot;, currentCode: &quot;N&quot;)" storage="c:\ocasprojects\apply-api\src\apply-api\src\ocas.domestic.data.extras.unittests\bin\release\net461\ocas.domestic.data.extras.unittests.dll" id="3967eb5f-1370-2ebd-799f-f34c6c2535f3">
      <Execution id="940295b3-7487-4a0c-89f3-f448c6092333" />
      <TestMethod codeBase="C:\OcasProjects\apply-api\src\apply-api\src\Ocas.Domestic.Data.Extras.UnitTests\bin\Release\net461\Ocas.Domestic.Data.Extras.UnitTests.dll" adapterTypeName="executor://xunit/VsTestRunner2/net" className="Ocas.Domestic.Data.Extras.UnitTests.DomesticContextExtrasTests" name="Ocas.Domestic.Data.Extras.UnitTests.DomesticContextExtrasTests.PatchBasisForAdmission_ShouldPass(scenario: NoGed, bfaCode: &quot;2&quot;, currentCode: &quot;N&quot;)" />
    </UnitTest>
    <UnitTest name="Ocas.Domestic.Data.Extras.UnitTests.DomesticContextExtrasTests.PatchBasisForAdmission_ShouldPass(scenario: GraduatingAfterProgramStart, bfaCode: &quot;2&quot;, currentCode: &quot;Y&quot;)" storage="c:\ocasprojects\apply-api\src\apply-api\src\ocas.domestic.data.extras.unittests\bin\release\net461\ocas.domestic.data.extras.unittests.dll" id="50423cec-9597-92cd-58c3-258981b69efc">
      <Execution id="995517e8-0256-4142-81ca-bbdb92479dbf" />
      <TestMethod codeBase="C:\OcasProjects\apply-api\src\apply-api\src\Ocas.Domestic.Data.Extras.UnitTests\bin\Release\net461\Ocas.Domestic.Data.Extras.UnitTests.dll" adapterTypeName="executor://xunit/VsTestRunner2/net" className="Ocas.Domestic.Data.Extras.UnitTests.DomesticContextExtrasTests" name="Ocas.Domestic.Data.Extras.UnitTests.DomesticContextExtrasTests.PatchBasisForAdmission_ShouldPass(scenario: GraduatingAfterProgramStart, bfaCode: &quot;2&quot;, currentCode: &quot;Y&quot;)" />
    </UnitTest>
    <UnitTest name="Ocas.Domestic.Data.Extras.UnitTests.DomesticContextExtrasTests.PatchBasisForAdmission_ShouldPass(scenario: HasGed, bfaCode: &quot;3&quot;, currentCode: &quot;N&quot;)" storage="c:\ocasprojects\apply-api\src\apply-api\src\ocas.domestic.data.extras.unittests\bin\release\net461\ocas.domestic.data.extras.unittests.dll" id="81008d77-e6ad-081d-867b-7c9dc8b2e2e4">
      <Execution id="84dbff66-09c2-4186-8bac-3836a9a79124" />
      <TestMethod codeBase="C:\OcasProjects\apply-api\src\apply-api\src\Ocas.Domestic.Data.Extras.UnitTests\bin\Release\net461\Ocas.Domestic.Data.Extras.UnitTests.dll" adapterTypeName="executor://xunit/VsTestRunner2/net" className="Ocas.Domestic.Data.Extras.UnitTests.DomesticContextExtrasTests" name="Ocas.Domestic.Data.Extras.UnitTests.DomesticContextExtrasTests.PatchBasisForAdmission_ShouldPass(scenario: HasGed, bfaCode: &quot;3&quot;, currentCode: &quot;N&quot;)" />
    </UnitTest>
    <UnitTest name="Ocas.Domestic.Data.Extras.UnitTests.DomesticContextExtrasTests.PatchBasisForAdmission_ShouldPass(scenario: GraduatingAfterCycleStart, bfaCode: &quot;2&quot;, currentCode: &quot;Y&quot;)" storage="c:\ocasprojects\apply-api\src\apply-api\src\ocas.domestic.data.extras.unittests\bin\release\net461\ocas.domestic.data.extras.unittests.dll" id="8e78afba-7998-9546-25f3-7ac1c0a6d0f9">
      <Execution id="a463859d-516f-46f8-82e5-ba7cba30930d" />
      <TestMethod codeBase="C:\OcasProjects\apply-api\src\apply-api\src\Ocas.Domestic.Data.Extras.UnitTests\bin\Release\net461\Ocas.Domestic.Data.Extras.UnitTests.dll" adapterTypeName="executor://xunit/VsTestRunner2/net" className="Ocas.Domestic.Data.Extras.UnitTests.DomesticContextExtrasTests" name="Ocas.Domestic.Data.Extras.UnitTests.DomesticContextExtrasTests.PatchBasisForAdmission_ShouldPass(scenario: GraduatingAfterCycleStart, bfaCode: &quot;2&quot;, currentCode: &quot;Y&quot;)" />
    </UnitTest>
    <UnitTest name="Ocas.Domestic.Data.Extras.UnitTests.DomesticContextExtrasTests.PatchBasisForAdmission_ShouldPass(scenario: GraduatingBeforeCycleStart, bfaCode: &quot;3&quot;, currentCode: &quot;Y&quot;)" storage="c:\ocasprojects\apply-api\src\apply-api\src\ocas.domestic.data.extras.unittests\bin\release\net461\ocas.domestic.data.extras.unittests.dll" id="dc10bf8c-9eeb-20bc-ee62-9b5b3f40c1bb">
      <Execution id="5d74ef8e-0557-4a36-902a-87d27428f907" />
      <TestMethod codeBase="C:\OcasProjects\apply-api\src\apply-api\src\Ocas.Domestic.Data.Extras.UnitTests\bin\Release\net461\Ocas.Domestic.Data.Extras.UnitTests.dll" adapterTypeName="executor://xunit/VsTestRunner2/net" className="Ocas.Domestic.Data.Extras.UnitTests.DomesticContextExtrasTests" name="Ocas.Domestic.Data.Extras.UnitTests.DomesticContextExtrasTests.PatchBasisForAdmission_ShouldPass(scenario: GraduatingBeforeCycleStart, bfaCode: &quot;3&quot;, currentCode: &quot;Y&quot;)" />
    </UnitTest>
  </TestDefinitions>
  <TestEntries>
    <TestEntry testId="3967eb5f-1370-2ebd-799f-f34c6c2535f3" executionId="940295b3-7487-4a0c-89f3-f448c6092333" testListId="8c84fa94-04c1-424b-9868-57a2d4851a1d" />
    <TestEntry testId="8e78afba-7998-9546-25f3-7ac1c0a6d0f9" executionId="a463859d-516f-46f8-82e5-ba7cba30930d" testListId="8c84fa94-04c1-424b-9868-57a2d4851a1d" />
    <TestEntry testId="81008d77-e6ad-081d-867b-7c9dc8b2e2e4" executionId="84dbff66-09c2-4186-8bac-3836a9a79124" testListId="8c84fa94-04c1-424b-9868-57a2d4851a1d" />
    <TestEntry testId="dc10bf8c-9eeb-20bc-ee62-9b5b3f40c1bb" executionId="5d74ef8e-0557-4a36-902a-87d27428f907" testListId="8c84fa94-04c1-424b-9868-57a2d4851a1d" />
    <TestEntry testId="de1e88e9-be12-141d-5a3e-3841c165cf99" executionId="a9894c59-f14f-4c03-bc3c-c111f180b1b1" testListId="8c84fa94-04c1-424b-9868-57a2d4851a1d" />
    <TestEntry testId="50423cec-9597-92cd-58c3-258981b69efc" executionId="995517e8-0256-4142-81ca-bbdb92479dbf" testListId="8c84fa94-04c1-424b-9868-57a2d4851a1d" />
  </TestEntries>
  <TestLists>
    <TestList name="Results Not in a List" id="8c84fa94-04c1-424b-9868-57a2d4851a1d" />
    <TestList name="All Loaded Results" id="19431567-8539-422a-85d7-44ee4e166bda" />
  </TestLists>
  <ResultSummary outcome="Completed">
    <Counters total="6" executed="6" passed="6" failed="0" error="0" timeout="0" aborted="0" inconclusive="0" passedButRunAborted="0" notRunnable="0" notExecuted="0" disconnected="0" warning="0" completed="0" inProgress="0" pending="0" />
    <Output>
      <StdOut>[xUnit.net 00:00:00.00] xUnit.net VSTest Adapter v2.4.1 (64-bit Desktop .NET 4.0.30319.42000)[xUnit.net 00:00:03.23]   Discovering: Ocas.Domestic.Data.Extras.UnitTests[xUnit.net 00:00:03.43]   Discovered:  Ocas.Domestic.Data.Extras.UnitTests[xUnit.net 00:00:03.43]   Starting:    Ocas.Domestic.Data.Extras.UnitTests[xUnit.net 00:00:07.29]   Finished:    Ocas.Domestic.Data.Extras.UnitTests</StdOut>
    </Output>
  </ResultSummary>
</TestRun>