<?xml version="1.0" encoding="utf-8"?>
<TestRun id="2dd574fb-b42c-4377-86fd-80279d699fce" name="koolla@VISHWA-KOOLLA 2019-10-11 13:39:06" runUser="VISHWA-KOOLLA\koolla" xmlns="http://microsoft.com/schemas/VisualStudio/TeamTest/2010">
  <Times creation="2019-10-11T13:39:06.3703103-04:00" queuing="2019-10-11T13:39:06.3703104-04:00" start="2019-10-11T13:38:59.3934787-04:00" finish="2019-10-11T13:39:06.5518523-04:00" />
  <TestSettings name="default" id="ab074bd5-f9ba-4aa8-a5b0-05064ec9953e">
    <Deployment runDeploymentRoot="koolla_VISHWA-KOOLLA_2019-10-11_13_39_06" />
  </TestSettings>
  <Results>
    <UnitTestResult executionId="e62ce75a-ac60-4ccd-8113-a4140a03146a" testId="50405034-2160-ea4b-cc4c-d7582b6f525d" testName="Ocas.Domestic.AppSettings.Extras.UnitTests.AppSettingsExtrasTests.GetOfferLockReleaseDate_ShouldPass(dayOfWeek: Wednesday, scenario: BeforeLockStart, expectedDayOfWeek: Wednesday)" computerName="VISHWA-KOOLLA" duration="00:00:00.0050000" startTime="2019-10-11T13:39:06.3141856-04:00" endTime="2019-10-11T13:39:06.3141856-04:00" testType="13cdc9d9-ddb5-4fa4-a97d-d965ccfc6d4b" outcome="Passed" testListId="8c84fa94-04c1-424b-9868-57a2d4851a1d" relativeResultsDirectory="e62ce75a-ac60-4ccd-8113-a4140a03146a" />
    <UnitTestResult executionId="6fccc74f-368a-463d-8d57-0ab8ed81ce08" testId="e3be3e3c-5e42-7069-48ca-c29ccdab1ece" testName="Ocas.Domestic.AppSettings.Extras.UnitTests.AppSettingsExtrasTests.GetOfferLockReleaseDate_ShouldPass(dayOfWeek: Saturday, scenario: AfterLockEnd, expectedDayOfWeek: Sunday)" computerName="VISHWA-KOOLLA" duration="00:00:00.0030000" startTime="2019-10-11T13:39:06.3161801-04:00" endTime="2019-10-11T13:39:06.3161801-04:00" testType="13cdc9d9-ddb5-4fa4-a97d-d965ccfc6d4b" outcome="Passed" testListId="8c84fa94-04c1-424b-9868-57a2d4851a1d" relativeResultsDirectory="6fccc74f-368a-463d-8d57-0ab8ed81ce08" />
    <UnitTestResult executionId="5e583435-1518-4d1b-8491-2b7d2fbd5234" testId="23921918-654c-c73b-cb64-cd51a3ba6594" testName="Ocas.Domestic.AppSettings.Extras.UnitTests.AppSettingsExtrasTests.GetOfferLockReleaseDate_ShouldPass(dayOfWeek: Tuesday, scenario: DuringLockWindow, expectedDayOfWeek: Wednesday)" computerName="VISHWA-KOOLLA" duration="00:00:00.0030000" startTime="2019-10-11T13:39:06.3181870-04:00" endTime="2019-10-11T13:39:06.3181870-04:00" testType="13cdc9d9-ddb5-4fa4-a97d-d965ccfc6d4b" outcome="Passed" testListId="8c84fa94-04c1-424b-9868-57a2d4851a1d" relativeResultsDirectory="5e583435-1518-4d1b-8491-2b7d2fbd5234" />
    <UnitTestResult executionId="7da0ae45-6eac-4054-a297-3891ace5d4a9" testId="d94408b4-9d41-1c5f-885f-c22e2e5f61a5" testName="Ocas.Domestic.AppSettings.Extras.UnitTests.AppSettingsExtrasTests.GetOfferLockReleaseDate_ShouldPass(dayOfWeek: Saturday, scenario: BeforeLockStart, expectedDayOfWeek: Sunday)" computerName="VISHWA-KOOLLA" duration="00:00:00.0030000" startTime="2019-10-11T13:39:06.3640503-04:00" endTime="2019-10-11T13:39:06.3640503-04:00" testType="13cdc9d9-ddb5-4fa4-a97d-d965ccfc6d4b" outcome="Passed" testListId="8c84fa94-04c1-424b-9868-57a2d4851a1d" relativeResultsDirectory="7da0ae45-6eac-4054-a297-3891ace5d4a9" />
    <UnitTestResult executionId="2b81dad1-f263-4b72-abc1-5eee11fe1f4a" testId="62ccd313-ee74-06f3-ceef-a192db2064c3" testName="Ocas.Domestic.AppSettings.Extras.UnitTests.AppSettingsExtrasTests.GetOfferLockReleaseDate_ShouldPass(dayOfWeek: Monday, scenario: AfterLockEnd, expectedDayOfWeek: Tuesday)" computerName="VISHWA-KOOLLA" duration="00:00:00.0030000" startTime="2019-10-11T13:39:06.3271749-04:00" endTime="2019-10-11T13:39:06.3271749-04:00" testType="13cdc9d9-ddb5-4fa4-a97d-d965ccfc6d4b" outcome="Passed" testListId="8c84fa94-04c1-424b-9868-57a2d4851a1d" relativeResultsDirectory="2b81dad1-f263-4b72-abc1-5eee11fe1f4a" />
    <UnitTestResult executionId="60decf61-9d9a-4eea-b7b0-b82b4e262aa1" testId="3efeb082-6fcd-ec13-dbd5-896dc2ca6b66" testName="Ocas.Domestic.AppSettings.Extras.UnitTests.AppSettingsExtrasTests.GetOfferLockReleaseDate_ShouldPass(dayOfWeek: Monday, scenario: DuringLockWindow, expectedDayOfWeek: Tuesday)" computerName="VISHWA-KOOLLA" duration="00:00:00.0070000" startTime="2019-10-11T13:39:06.3491171-04:00" endTime="2019-10-11T13:39:06.3491171-04:00" testType="13cdc9d9-ddb5-4fa4-a97d-d965ccfc6d4b" outcome="Passed" testListId="8c84fa94-04c1-424b-9868-57a2d4851a1d" relativeResultsDirectory="60decf61-9d9a-4eea-b7b0-b82b4e262aa1" />
    <UnitTestResult executionId="4f807117-12d0-4aea-8da2-4b3cea34f487" testId="e0a2e593-6b9b-9334-73c8-abf08938077d" testName="Ocas.Domestic.AppSettings.Extras.UnitTests.AppSettingsExtrasTests.GetOfferLockReleaseDate_ShouldPass(dayOfWeek: Friday, scenario: DuringLockWindow, expectedDayOfWeek: Sunday)" computerName="VISHWA-KOOLLA" duration="00:00:00.0030000" startTime="2019-10-11T13:39:06.3540781-04:00" endTime="2019-10-11T13:39:06.3540781-04:00" testType="13cdc9d9-ddb5-4fa4-a97d-d965ccfc6d4b" outcome="Passed" testListId="8c84fa94-04c1-424b-9868-57a2d4851a1d" relativeResultsDirectory="4f807117-12d0-4aea-8da2-4b3cea34f487" />
    <UnitTestResult executionId="99b87cb1-389c-49d9-9041-1016ca526baa" testId="40c23468-1667-1343-49ff-eb64aebb52df" testName="Ocas.Domestic.AppSettings.Extras.UnitTests.AppSettingsExtrasTests.GetOfferLockReleaseDate_ShouldPass(dayOfWeek: Tuesday, scenario: AfterLockEnd, expectedDayOfWeek: Wednesday)" computerName="VISHWA-KOOLLA" duration="00:00:00.0040000" startTime="2019-10-11T13:39:06.3201995-04:00" endTime="2019-10-11T13:39:06.3201995-04:00" testType="13cdc9d9-ddb5-4fa4-a97d-d965ccfc6d4b" outcome="Passed" testListId="8c84fa94-04c1-424b-9868-57a2d4851a1d" relativeResultsDirectory="99b87cb1-389c-49d9-9041-1016ca526baa" />
    <UnitTestResult executionId="d3c24bf2-7ff9-4071-bdbd-7f70b31af4e0" testId="684b66f7-662b-ceb5-3c97-8cafc3de34f4" testName="Ocas.Domestic.AppSettings.Extras.UnitTests.AppSettingsExtrasTests.GetApplicationCycleEqualConsiderationDate_ShouldPass" computerName="VISHWA-KOOLLA" duration="00:00:00.0120000" startTime="2019-10-11T13:39:06.3880271-04:00" endTime="2019-10-11T13:39:06.3880271-04:00" testType="13cdc9d9-ddb5-4fa4-a97d-d965ccfc6d4b" outcome="Passed" testListId="8c84fa94-04c1-424b-9868-57a2d4851a1d" relativeResultsDirectory="d3c24bf2-7ff9-4071-bdbd-7f70b31af4e0" />
    <UnitTestResult executionId="d2ac0649-dde0-44c4-9544-33e85acd5a46" testId="e044bb09-70ea-5944-0427-c12217dca8ee" testName="Ocas.Domestic.AppSettings.Extras.UnitTests.AppSettingsExtrasTests.GetOfferLockReleaseDate_ShouldPass(dayOfWeek: Friday, scenario: AfterLockEnd, expectedDayOfWeek: Sunday)" computerName="VISHWA-KOOLLA" duration="00:00:00.1580000" startTime="2019-10-11T13:39:06.3012442-04:00" endTime="2019-10-11T13:39:06.3012442-04:00" testType="13cdc9d9-ddb5-4fa4-a97d-d965ccfc6d4b" outcome="Passed" testListId="8c84fa94-04c1-424b-9868-57a2d4851a1d" relativeResultsDirectory="d2ac0649-dde0-44c4-9544-33e85acd5a46" />
    <UnitTestResult executionId="06a52020-4f93-4143-97a8-7fa3268567eb" testId="c746067f-c557-46d0-626e-9eed10cfe2ff" testName="Ocas.Domestic.AppSettings.Extras.UnitTests.AppSettingsExtrasTests.GetOfferLockReleaseDate_ShouldPass(dayOfWeek: Thursday, scenario: AfterLockEnd, expectedDayOfWeek: Sunday)" computerName="VISHWA-KOOLLA" duration="00:00:00.0040000" startTime="2019-10-11T13:39:06.3720292-04:00" endTime="2019-10-11T13:39:06.3720292-04:00" testType="13cdc9d9-ddb5-4fa4-a97d-d965ccfc6d4b" outcome="Passed" testListId="8c84fa94-04c1-424b-9868-57a2d4851a1d" relativeResultsDirectory="06a52020-4f93-4143-97a8-7fa3268567eb" />
    <UnitTestResult executionId="ff0c9ed5-4b14-4953-bcfe-497cf1abd75a" testId="ffc8c65d-18bc-83d0-13a0-d6ac395e513c" testName="Ocas.Domestic.AppSettings.Extras.UnitTests.AppSettingsExtrasTests.GetOfferLockReleaseDate_ShouldPass(dayOfWeek: Thursday, scenario: BeforeLockStart, expectedDayOfWeek: Thursday)" computerName="VISHWA-KOOLLA" duration="00:00:00.0030000" startTime="2019-10-11T13:39:06.3570954-04:00" endTime="2019-10-11T13:39:06.3570954-04:00" testType="13cdc9d9-ddb5-4fa4-a97d-d965ccfc6d4b" outcome="Passed" testListId="8c84fa94-04c1-424b-9868-57a2d4851a1d" relativeResultsDirectory="ff0c9ed5-4b14-4953-bcfe-497cf1abd75a" />
    <UnitTestResult executionId="e589a183-5b82-40f3-be0d-dda39855070a" testId="ccdf0f14-58cd-c1d2-ba3c-db6a16a22ae6" testName="Ocas.Domestic.AppSettings.Extras.UnitTests.AppSettingsExtrasTests.GetOfferLockReleaseDate_ShouldPass(dayOfWeek: Sunday, scenario: AfterLockEnd, expectedDayOfWeek: Monday)" computerName="VISHWA-KOOLLA" duration="00:00:00.0050000" startTime="2019-10-11T13:39:06.3501153-04:00" endTime="2019-10-11T13:39:06.3501153-04:00" testType="13cdc9d9-ddb5-4fa4-a97d-d965ccfc6d4b" outcome="Passed" testListId="8c84fa94-04c1-424b-9868-57a2d4851a1d" relativeResultsDirectory="e589a183-5b82-40f3-be0d-dda39855070a" />
    <UnitTestResult executionId="26b5fc72-87f7-43c7-9e8b-b48c43835b62" testId="165c71da-aa42-99ed-2c68-d9a601cee3e2" testName="Ocas.Domestic.AppSettings.Extras.UnitTests.AppSettingsExtrasTests.GetOfferLockReleaseDate_ShouldPass(dayOfWeek: Wednesday, scenario: AfterLockEnd, expectedDayOfWeek: Thursday)" computerName="VISHWA-KOOLLA" duration="00:00:00.0030000" startTime="2019-10-11T13:39:06.3481203-04:00" endTime="2019-10-11T13:39:06.3481203-04:00" testType="13cdc9d9-ddb5-4fa4-a97d-d965ccfc6d4b" outcome="Passed" testListId="8c84fa94-04c1-424b-9868-57a2d4851a1d" relativeResultsDirectory="26b5fc72-87f7-43c7-9e8b-b48c43835b62" />
    <UnitTestResult executionId="cefc5718-b717-490b-9012-3094fbf14c60" testId="727c05e2-f26a-f096-4d03-62412b7c924b" testName="Ocas.Domestic.AppSettings.Extras.UnitTests.AppSettingsExtrasTests.GetOfferLockReleaseDate_ShouldPass(dayOfWeek: Sunday, scenario: DuringLockWindow, expectedDayOfWeek: Monday)" computerName="VISHWA-KOOLLA" duration="00:00:00.0050000" startTime="2019-10-11T13:39:06.3510861-04:00" endTime="2019-10-11T13:39:06.3510861-04:00" testType="13cdc9d9-ddb5-4fa4-a97d-d965ccfc6d4b" outcome="Passed" testListId="8c84fa94-04c1-424b-9868-57a2d4851a1d" relativeResultsDirectory="cefc5718-b717-490b-9012-3094fbf14c60" />
    <UnitTestResult executionId="30721762-fa78-4cfa-8038-4cd46cc66348" testId="9c49d898-3f3a-e8d5-dd35-aa08dbfc5f2c" testName="Ocas.Domestic.AppSettings.Extras.UnitTests.AppSettingsExtrasTests.GetOfferLockReleaseDate_ShouldPass(dayOfWeek: Sunday, scenario: BeforeLockStart, expectedDayOfWeek: Sunday)" computerName="VISHWA-KOOLLA" duration="00:00:00.0040000" startTime="2019-10-11T13:39:06.3151827-04:00" endTime="2019-10-11T13:39:06.3151827-04:00" testType="13cdc9d9-ddb5-4fa4-a97d-d965ccfc6d4b" outcome="Passed" testListId="8c84fa94-04c1-424b-9868-57a2d4851a1d" relativeResultsDirectory="30721762-fa78-4cfa-8038-4cd46cc66348" />
    <UnitTestResult executionId="64151262-b1c0-4377-b21a-b58c996cd400" testId="1db4c425-12b8-f15d-0f1f-d525ad728dc7" testName="Ocas.Domestic.AppSettings.Extras.UnitTests.AppSettingsExtrasTests.GetOfferLockReleaseDate_ShouldPass(dayOfWeek: Friday, scenario: BeforeLockStart, expectedDayOfWeek: Sunday)" computerName="VISHWA-KOOLLA" duration="00:00:00.0030000" startTime="2019-10-11T13:39:06.3241825-04:00" endTime="2019-10-11T13:39:06.3241825-04:00" testType="13cdc9d9-ddb5-4fa4-a97d-d965ccfc6d4b" outcome="Passed" testListId="8c84fa94-04c1-424b-9868-57a2d4851a1d" relativeResultsDirectory="64151262-b1c0-4377-b21a-b58c996cd400" />
    <UnitTestResult executionId="72f444d9-1398-46f0-87cc-46d1988701be" testId="0613e7da-6f22-6148-0220-f882f295deb5" testName="Ocas.Domestic.AppSettings.Extras.UnitTests.AppSettingsExtrasTests.GetOfferLockReleaseDate_ShouldPass(dayOfWeek: Thursday, scenario: DuringLockWindow, expectedDayOfWeek: Sunday)" computerName="VISHWA-KOOLLA" duration="00:00:00.0030000" startTime="2019-10-11T13:39:06.3750212-04:00" endTime="2019-10-11T13:39:06.3750212-04:00" testType="13cdc9d9-ddb5-4fa4-a97d-d965ccfc6d4b" outcome="Passed" testListId="8c84fa94-04c1-424b-9868-57a2d4851a1d" relativeResultsDirectory="72f444d9-1398-46f0-87cc-46d1988701be" />
    <UnitTestResult executionId="770d45f3-30bf-43da-9d40-d20640dfb806" testId="7e81167c-5211-1290-25c2-c9c4d6c63944" testName="Ocas.Domestic.AppSettings.Extras.UnitTests.AppSettingsExtrasTests.GetOfferLockReleaseDate_ShouldPass(dayOfWeek: Monday, scenario: BeforeLockStart, expectedDayOfWeek: Monday)" computerName="VISHWA-KOOLLA" duration="00:00:00.0040000" startTime="2019-10-11T13:39:06.3680398-04:00" endTime="2019-10-11T13:39:06.3680398-04:00" testType="13cdc9d9-ddb5-4fa4-a97d-d965ccfc6d4b" outcome="Passed" testListId="8c84fa94-04c1-424b-9868-57a2d4851a1d" relativeResultsDirectory="770d45f3-30bf-43da-9d40-d20640dfb806" />
    <UnitTestResult executionId="233da759-f3f9-4d67-8fa4-a0f4f1fe86aa" testId="a649c2e0-a643-c0ce-4d72-35962ca5813a" testName="Ocas.Domestic.AppSettings.Extras.UnitTests.AppSettingsExtrasTests.GetOfferLockReleaseDate_ShouldPass(dayOfWeek: Saturday, scenario: DuringLockWindow, expectedDayOfWeek: Sunday)" computerName="VISHWA-KOOLLA" duration="00:00:00.0030000" startTime="2019-10-11T13:39:06.3530808-04:00" endTime="2019-10-11T13:39:06.3530808-04:00" testType="13cdc9d9-ddb5-4fa4-a97d-d965ccfc6d4b" outcome="Passed" testListId="8c84fa94-04c1-424b-9868-57a2d4851a1d" relativeResultsDirectory="233da759-f3f9-4d67-8fa4-a0f4f1fe86aa" />
    <UnitTestResult executionId="2f640094-b2d1-4651-8b5b-c68dbd706e9c" testId="27003192-4def-93fc-12e1-2494363610ff" testName="Ocas.Domestic.AppSettings.Extras.UnitTests.AppSettingsExtrasTests.GetOfferLockReleaseDate_ShouldPass(dayOfWeek: Wednesday, scenario: DuringLockWindow, expectedDayOfWeek: Thursday)" computerName="VISHWA-KOOLLA" duration="00:00:00.0040000" startTime="2019-10-11T13:39:06.3131883-04:00" endTime="2019-10-11T13:39:06.3131883-04:00" testType="13cdc9d9-ddb5-4fa4-a97d-d965ccfc6d4b" outcome="Passed" testListId="8c84fa94-04c1-424b-9868-57a2d4851a1d" relativeResultsDirectory="2f640094-b2d1-4651-8b5b-c68dbd706e9c" />
    <UnitTestResult executionId="c60ea065-9604-473c-9fa8-f3aeb56f8e8e" testId="685c31ca-b3a0-fe1c-a4bd-dd448fe32a6c" testName="Ocas.Domestic.AppSettings.Extras.UnitTests.AppSettingsExtrasTests.GetOfferLockReleaseDate_ShouldPass(dayOfWeek: Tuesday, scenario: BeforeLockStart, expectedDayOfWeek: Tuesday)" computerName="VISHWA-KOOLLA" duration="00:00:00.0030000" startTime="2019-10-11T13:39:06.3600869-04:00" endTime="2019-10-11T13:39:06.3600869-04:00" testType="13cdc9d9-ddb5-4fa4-a97d-d965ccfc6d4b" outcome="Passed" testListId="8c84fa94-04c1-424b-9868-57a2d4851a1d" relativeResultsDirectory="c60ea065-9604-473c-9fa8-f3aeb56f8e8e" />
  </Results>
  <TestDefinitions>
    <UnitTest name="Ocas.Domestic.AppSettings.Extras.UnitTests.AppSettingsExtrasTests.GetApplicationCycleEqualConsiderationDate_ShouldPass" storage="c:\ocasprojects\apply-api\src\apply-api\src\ocas.domestic.appsettings.extras.unittests\bin\release\net461\ocas.domestic.appsettings.extras.unittests.dll" id="684b66f7-662b-ceb5-3c97-8cafc3de34f4">
      <Execution id="d3c24bf2-7ff9-4071-bdbd-7f70b31af4e0" />
      <TestMethod codeBase="C:\OcasProjects\apply-api\src\apply-api\src\Ocas.Domestic.AppSettings.Extras.UnitTests\bin\Release\net461\Ocas.Domestic.AppSettings.Extras.UnitTests.dll" adapterTypeName="executor://xunit/VsTestRunner2/net" className="Ocas.Domestic.AppSettings.Extras.UnitTests" name="Ocas.Domestic.AppSettings.Extras.UnitTests.AppSettingsExtrasTests.GetApplicationCycleEqualConsiderationDate_ShouldPass" />
    </UnitTest>
    <UnitTest name="Ocas.Domestic.AppSettings.Extras.UnitTests.AppSettingsExtrasTests.GetOfferLockReleaseDate_ShouldPass(dayOfWeek: Friday, scenario: DuringLockWindow, expectedDayOfWeek: Sunday)" storage="c:\ocasprojects\apply-api\src\apply-api\src\ocas.domestic.appsettings.extras.unittests\bin\release\net461\ocas.domestic.appsettings.extras.unittests.dll" id="e0a2e593-6b9b-9334-73c8-abf08938077d">
      <Execution id="4f807117-12d0-4aea-8da2-4b3cea34f487" />
      <TestMethod codeBase="C:\OcasProjects\apply-api\src\apply-api\src\Ocas.Domestic.AppSettings.Extras.UnitTests\bin\Release\net461\Ocas.Domestic.AppSettings.Extras.UnitTests.dll" adapterTypeName="executor://xunit/VsTestRunner2/net" className="Ocas.Domestic.AppSettings.Extras.UnitTests.AppSettingsExtrasTests" name="Ocas.Domestic.AppSettings.Extras.UnitTests.AppSettingsExtrasTests.GetOfferLockReleaseDate_ShouldPass(dayOfWeek: Friday, scenario: DuringLockWindow, expectedDayOfWeek: Sunday)" />
    </UnitTest>
    <UnitTest name="Ocas.Domestic.AppSettings.Extras.UnitTests.AppSettingsExtrasTests.GetOfferLockReleaseDate_ShouldPass(dayOfWeek: Monday, scenario: BeforeLockStart, expectedDayOfWeek: Monday)" storage="c:\ocasprojects\apply-api\src\apply-api\src\ocas.domestic.appsettings.extras.unittests\bin\release\net461\ocas.domestic.appsettings.extras.unittests.dll" id="7e81167c-5211-1290-25c2-c9c4d6c63944">
      <Execution id="770d45f3-30bf-43da-9d40-d20640dfb806" />
      <TestMethod codeBase="C:\OcasProjects\apply-api\src\apply-api\src\Ocas.Domestic.AppSettings.Extras.UnitTests\bin\Release\net461\Ocas.Domestic.AppSettings.Extras.UnitTests.dll" adapterTypeName="executor://xunit/VsTestRunner2/net" className="Ocas.Domestic.AppSettings.Extras.UnitTests.AppSettingsExtrasTests" name="Ocas.Domestic.AppSettings.Extras.UnitTests.AppSettingsExtrasTests.GetOfferLockReleaseDate_ShouldPass(dayOfWeek: Monday, scenario: BeforeLockStart, expectedDayOfWeek: Monday)" />
    </UnitTest>
    <UnitTest name="Ocas.Domestic.AppSettings.Extras.UnitTests.AppSettingsExtrasTests.GetOfferLockReleaseDate_ShouldPass(dayOfWeek: Friday, scenario: AfterLockEnd, expectedDayOfWeek: Sunday)" storage="c:\ocasprojects\apply-api\src\apply-api\src\ocas.domestic.appsettings.extras.unittests\bin\release\net461\ocas.domestic.appsettings.extras.unittests.dll" id="e044bb09-70ea-5944-0427-c12217dca8ee">
      <Execution id="d2ac0649-dde0-44c4-9544-33e85acd5a46" />
      <TestMethod codeBase="C:\OcasProjects\apply-api\src\apply-api\src\Ocas.Domestic.AppSettings.Extras.UnitTests\bin\Release\net461\Ocas.Domestic.AppSettings.Extras.UnitTests.dll" adapterTypeName="executor://xunit/VsTestRunner2/net" className="Ocas.Domestic.AppSettings.Extras.UnitTests.AppSettingsExtrasTests" name="Ocas.Domestic.AppSettings.Extras.UnitTests.AppSettingsExtrasTests.GetOfferLockReleaseDate_ShouldPass(dayOfWeek: Friday, scenario: AfterLockEnd, expectedDayOfWeek: Sunday)" />
    </UnitTest>
    <UnitTest name="Ocas.Domestic.AppSettings.Extras.UnitTests.AppSettingsExtrasTests.GetOfferLockReleaseDate_ShouldPass(dayOfWeek: Tuesday, scenario: AfterLockEnd, expectedDayOfWeek: Wednesday)" storage="c:\ocasprojects\apply-api\src\apply-api\src\ocas.domestic.appsettings.extras.unittests\bin\release\net461\ocas.domestic.appsettings.extras.unittests.dll" id="40c23468-1667-1343-49ff-eb64aebb52df">
      <Execution id="99b87cb1-389c-49d9-9041-1016ca526baa" />
      <TestMethod codeBase="C:\OcasProjects\apply-api\src\apply-api\src\Ocas.Domestic.AppSettings.Extras.UnitTests\bin\Release\net461\Ocas.Domestic.AppSettings.Extras.UnitTests.dll" adapterTypeName="executor://xunit/VsTestRunner2/net" className="Ocas.Domestic.AppSettings.Extras.UnitTests.AppSettingsExtrasTests" name="Ocas.Domestic.AppSettings.Extras.UnitTests.AppSettingsExtrasTests.GetOfferLockReleaseDate_ShouldPass(dayOfWeek: Tuesday, scenario: AfterLockEnd, expectedDayOfWeek: Wednesday)" />
    </UnitTest>
    <UnitTest name="Ocas.Domestic.AppSettings.Extras.UnitTests.AppSettingsExtrasTests.GetOfferLockReleaseDate_ShouldPass(dayOfWeek: Saturday, scenario: BeforeLockStart, expectedDayOfWeek: Sunday)" storage="c:\ocasprojects\apply-api\src\apply-api\src\ocas.domestic.appsettings.extras.unittests\bin\release\net461\ocas.domestic.appsettings.extras.unittests.dll" id="d94408b4-9d41-1c5f-885f-c22e2e5f61a5">
      <Execution id="7da0ae45-6eac-4054-a297-3891ace5d4a9" />
      <TestMethod codeBase="C:\OcasProjects\apply-api\src\apply-api\src\Ocas.Domestic.AppSettings.Extras.UnitTests\bin\Release\net461\Ocas.Domestic.AppSettings.Extras.UnitTests.dll" adapterTypeName="executor://xunit/VsTestRunner2/net" className="Ocas.Domestic.AppSettings.Extras.UnitTests.AppSettingsExtrasTests" name="Ocas.Domestic.AppSettings.Extras.UnitTests.AppSettingsExtrasTests.GetOfferLockReleaseDate_ShouldPass(dayOfWeek: Saturday, scenario: BeforeLockStart, expectedDayOfWeek: Sunday)" />
    </UnitTest>
    <UnitTest name="Ocas.Domestic.AppSettings.Extras.UnitTests.AppSettingsExtrasTests.GetOfferLockReleaseDate_ShouldPass(dayOfWeek: Wednesday, scenario: BeforeLockStart, expectedDayOfWeek: Wednesday)" storage="c:\ocasprojects\apply-api\src\apply-api\src\ocas.domestic.appsettings.extras.unittests\bin\release\net461\ocas.domestic.appsettings.extras.unittests.dll" id="50405034-2160-ea4b-cc4c-d7582b6f525d">
      <Execution id="e62ce75a-ac60-4ccd-8113-a4140a03146a" />
      <TestMethod codeBase="C:\OcasProjects\apply-api\src\apply-api\src\Ocas.Domestic.AppSettings.Extras.UnitTests\bin\Release\net461\Ocas.Domestic.AppSettings.Extras.UnitTests.dll" adapterTypeName="executor://xunit/VsTestRunner2/net" className="Ocas.Domestic.AppSettings.Extras.UnitTests.AppSettingsExtrasTests" name="Ocas.Domestic.AppSettings.Extras.UnitTests.AppSettingsExtrasTests.GetOfferLockReleaseDate_ShouldPass(dayOfWeek: Wednesday, scenario: BeforeLockStart, expectedDayOfWeek: Wednesday)" />
    </UnitTest>
    <UnitTest name="Ocas.Domestic.AppSettings.Extras.UnitTests.AppSettingsExtrasTests.GetOfferLockReleaseDate_ShouldPass(dayOfWeek: Wednesday, scenario: DuringLockWindow, expectedDayOfWeek: Thursday)" storage="c:\ocasprojects\apply-api\src\apply-api\src\ocas.domestic.appsettings.extras.unittests\bin\release\net461\ocas.domestic.appsettings.extras.unittests.dll" id="27003192-4def-93fc-12e1-2494363610ff">
      <Execution id="2f640094-b2d1-4651-8b5b-c68dbd706e9c" />
      <TestMethod codeBase="C:\OcasProjects\apply-api\src\apply-api\src\Ocas.Domestic.AppSettings.Extras.UnitTests\bin\Release\net461\Ocas.Domestic.AppSettings.Extras.UnitTests.dll" adapterTypeName="executor://xunit/VsTestRunner2/net" className="Ocas.Domestic.AppSettings.Extras.UnitTests.AppSettingsExtrasTests" name="Ocas.Domestic.AppSettings.Extras.UnitTests.AppSettingsExtrasTests.GetOfferLockReleaseDate_ShouldPass(dayOfWeek: Wednesday, scenario: DuringLockWindow, expectedDayOfWeek: Thursday)" />
    </UnitTest>
    <UnitTest name="Ocas.Domestic.AppSettings.Extras.UnitTests.AppSettingsExtrasTests.GetOfferLockReleaseDate_ShouldPass(dayOfWeek: Thursday, scenario: DuringLockWindow, expectedDayOfWeek: Sunday)" storage="c:\ocasprojects\apply-api\src\apply-api\src\ocas.domestic.appsettings.extras.unittests\bin\release\net461\ocas.domestic.appsettings.extras.unittests.dll" id="0613e7da-6f22-6148-0220-f882f295deb5">
      <Execution id="72f444d9-1398-46f0-87cc-46d1988701be" />
      <TestMethod codeBase="C:\OcasProjects\apply-api\src\apply-api\src\Ocas.Domestic.AppSettings.Extras.UnitTests\bin\Release\net461\Ocas.Domestic.AppSettings.Extras.UnitTests.dll" adapterTypeName="executor://xunit/VsTestRunner2/net" className="Ocas.Domestic.AppSettings.Extras.UnitTests.AppSettingsExtrasTests" name="Ocas.Domestic.AppSettings.Extras.UnitTests.AppSettingsExtrasTests.GetOfferLockReleaseDate_ShouldPass(dayOfWeek: Thursday, scenario: DuringLockWindow, expectedDayOfWeek: Sunday)" />
    </UnitTest>
    <UnitTest name="Ocas.Domestic.AppSettings.Extras.UnitTests.AppSettingsExtrasTests.GetOfferLockReleaseDate_ShouldPass(dayOfWeek: Sunday, scenario: AfterLockEnd, expectedDayOfWeek: Monday)" storage="c:\ocasprojects\apply-api\src\apply-api\src\ocas.domestic.appsettings.extras.unittests\bin\release\net461\ocas.domestic.appsettings.extras.unittests.dll" id="ccdf0f14-58cd-c1d2-ba3c-db6a16a22ae6">
      <Execution id="e589a183-5b82-40f3-be0d-dda39855070a" />
      <TestMethod codeBase="C:\OcasProjects\apply-api\src\apply-api\src\Ocas.Domestic.AppSettings.Extras.UnitTests\bin\Release\net461\Ocas.Domestic.AppSettings.Extras.UnitTests.dll" adapterTypeName="executor://xunit/VsTestRunner2/net" className="Ocas.Domestic.AppSettings.Extras.UnitTests.AppSettingsExtrasTests" name="Ocas.Domestic.AppSettings.Extras.UnitTests.AppSettingsExtrasTests.GetOfferLockReleaseDate_ShouldPass(dayOfWeek: Sunday, scenario: AfterLockEnd, expectedDayOfWeek: Monday)" />
    </UnitTest>
    <UnitTest name="Ocas.Domestic.AppSettings.Extras.UnitTests.AppSettingsExtrasTests.GetOfferLockReleaseDate_ShouldPass(dayOfWeek: Thursday, scenario: BeforeLockStart, expectedDayOfWeek: Thursday)" storage="c:\ocasprojects\apply-api\src\apply-api\src\ocas.domestic.appsettings.extras.unittests\bin\release\net461\ocas.domestic.appsettings.extras.unittests.dll" id="ffc8c65d-18bc-83d0-13a0-d6ac395e513c">
      <Execution id="ff0c9ed5-4b14-4953-bcfe-497cf1abd75a" />
      <TestMethod codeBase="C:\OcasProjects\apply-api\src\apply-api\src\Ocas.Domestic.AppSettings.Extras.UnitTests\bin\Release\net461\Ocas.Domestic.AppSettings.Extras.UnitTests.dll" adapterTypeName="executor://xunit/VsTestRunner2/net" className="Ocas.Domestic.AppSettings.Extras.UnitTests.AppSettingsExtrasTests" name="Ocas.Domestic.AppSettings.Extras.UnitTests.AppSettingsExtrasTests.GetOfferLockReleaseDate_ShouldPass(dayOfWeek: Thursday, scenario: BeforeLockStart, expectedDayOfWeek: Thursday)" />
    </UnitTest>
    <UnitTest name="Ocas.Domestic.AppSettings.Extras.UnitTests.AppSettingsExtrasTests.GetOfferLockReleaseDate_ShouldPass(dayOfWeek: Sunday, scenario: BeforeLockStart, expectedDayOfWeek: Sunday)" storage="c:\ocasprojects\apply-api\src\apply-api\src\ocas.domestic.appsettings.extras.unittests\bin\release\net461\ocas.domestic.appsettings.extras.unittests.dll" id="9c49d898-3f3a-e8d5-dd35-aa08dbfc5f2c">
      <Execution id="30721762-fa78-4cfa-8038-4cd46cc66348" />
      <TestMethod codeBase="C:\OcasProjects\apply-api\src\apply-api\src\Ocas.Domestic.AppSettings.Extras.UnitTests\bin\Release\net461\Ocas.Domestic.AppSettings.Extras.UnitTests.dll" adapterTypeName="executor://xunit/VsTestRunner2/net" className="Ocas.Domestic.AppSettings.Extras.UnitTests.AppSettingsExtrasTests" name="Ocas.Domestic.AppSettings.Extras.UnitTests.AppSettingsExtrasTests.GetOfferLockReleaseDate_ShouldPass(dayOfWeek: Sunday, scenario: BeforeLockStart, expectedDayOfWeek: Sunday)" />
    </UnitTest>
    <UnitTest name="Ocas.Domestic.AppSettings.Extras.UnitTests.AppSettingsExtrasTests.GetOfferLockReleaseDate_ShouldPass(dayOfWeek: Thursday, scenario: AfterLockEnd, expectedDayOfWeek: Sunday)" storage="c:\ocasprojects\apply-api\src\apply-api\src\ocas.domestic.appsettings.extras.unittests\bin\release\net461\ocas.domestic.appsettings.extras.unittests.dll" id="c746067f-c557-46d0-626e-9eed10cfe2ff">
      <Execution id="06a52020-4f93-4143-97a8-7fa3268567eb" />
      <TestMethod codeBase="C:\OcasProjects\apply-api\src\apply-api\src\Ocas.Domestic.AppSettings.Extras.UnitTests\bin\Release\net461\Ocas.Domestic.AppSettings.Extras.UnitTests.dll" adapterTypeName="executor://xunit/VsTestRunner2/net" className="Ocas.Domestic.AppSettings.Extras.UnitTests.AppSettingsExtrasTests" name="Ocas.Domestic.AppSettings.Extras.UnitTests.AppSettingsExtrasTests.GetOfferLockReleaseDate_ShouldPass(dayOfWeek: Thursday, scenario: AfterLockEnd, expectedDayOfWeek: Sunday)" />
    </UnitTest>
    <UnitTest name="Ocas.Domestic.AppSettings.Extras.UnitTests.AppSettingsExtrasTests.GetOfferLockReleaseDate_ShouldPass(dayOfWeek: Monday, scenario: DuringLockWindow, expectedDayOfWeek: Tuesday)" storage="c:\ocasprojects\apply-api\src\apply-api\src\ocas.domestic.appsettings.extras.unittests\bin\release\net461\ocas.domestic.appsettings.extras.unittests.dll" id="3efeb082-6fcd-ec13-dbd5-896dc2ca6b66">
      <Execution id="60decf61-9d9a-4eea-b7b0-b82b4e262aa1" />
      <TestMethod codeBase="C:\OcasProjects\apply-api\src\apply-api\src\Ocas.Domestic.AppSettings.Extras.UnitTests\bin\Release\net461\Ocas.Domestic.AppSettings.Extras.UnitTests.dll" adapterTypeName="executor://xunit/VsTestRunner2/net" className="Ocas.Domestic.AppSettings.Extras.UnitTests.AppSettingsExtrasTests" name="Ocas.Domestic.AppSettings.Extras.UnitTests.AppSettingsExtrasTests.GetOfferLockReleaseDate_ShouldPass(dayOfWeek: Monday, scenario: DuringLockWindow, expectedDayOfWeek: Tuesday)" />
    </UnitTest>
    <UnitTest name="Ocas.Domestic.AppSettings.Extras.UnitTests.AppSettingsExtrasTests.GetOfferLockReleaseDate_ShouldPass(dayOfWeek: Wednesday, scenario: AfterLockEnd, expectedDayOfWeek: Thursday)" storage="c:\ocasprojects\apply-api\src\apply-api\src\ocas.domestic.appsettings.extras.unittests\bin\release\net461\ocas.domestic.appsettings.extras.unittests.dll" id="165c71da-aa42-99ed-2c68-d9a601cee3e2">
      <Execution id="26b5fc72-87f7-43c7-9e8b-b48c43835b62" />
      <TestMethod codeBase="C:\OcasProjects\apply-api\src\apply-api\src\Ocas.Domestic.AppSettings.Extras.UnitTests\bin\Release\net461\Ocas.Domestic.AppSettings.Extras.UnitTests.dll" adapterTypeName="executor://xunit/VsTestRunner2/net" className="Ocas.Domestic.AppSettings.Extras.UnitTests.AppSettingsExtrasTests" name="Ocas.Domestic.AppSettings.Extras.UnitTests.AppSettingsExtrasTests.GetOfferLockReleaseDate_ShouldPass(dayOfWeek: Wednesday, scenario: AfterLockEnd, expectedDayOfWeek: Thursday)" />
    </UnitTest>
    <UnitTest name="Ocas.Domestic.AppSettings.Extras.UnitTests.AppSettingsExtrasTests.GetOfferLockReleaseDate_ShouldPass(dayOfWeek: Sunday, scenario: DuringLockWindow, expectedDayOfWeek: Monday)" storage="c:\ocasprojects\apply-api\src\apply-api\src\ocas.domestic.appsettings.extras.unittests\bin\release\net461\ocas.domestic.appsettings.extras.unittests.dll" id="727c05e2-f26a-f096-4d03-62412b7c924b">
      <Execution id="cefc5718-b717-490b-9012-3094fbf14c60" />
      <TestMethod codeBase="C:\OcasProjects\apply-api\src\apply-api\src\Ocas.Domestic.AppSettings.Extras.UnitTests\bin\Release\net461\Ocas.Domestic.AppSettings.Extras.UnitTests.dll" adapterTypeName="executor://xunit/VsTestRunner2/net" className="Ocas.Domestic.AppSettings.Extras.UnitTests.AppSettingsExtrasTests" name="Ocas.Domestic.AppSettings.Extras.UnitTests.AppSettingsExtrasTests.GetOfferLockReleaseDate_ShouldPass(dayOfWeek: Sunday, scenario: DuringLockWindow, expectedDayOfWeek: Monday)" />
    </UnitTest>
    <UnitTest name="Ocas.Domestic.AppSettings.Extras.UnitTests.AppSettingsExtrasTests.GetOfferLockReleaseDate_ShouldPass(dayOfWeek: Monday, scenario: AfterLockEnd, expectedDayOfWeek: Tuesday)" storage="c:\ocasprojects\apply-api\src\apply-api\src\ocas.domestic.appsettings.extras.unittests\bin\release\net461\ocas.domestic.appsettings.extras.unittests.dll" id="62ccd313-ee74-06f3-ceef-a192db2064c3">
      <Execution id="2b81dad1-f263-4b72-abc1-5eee11fe1f4a" />
      <TestMethod codeBase="C:\OcasProjects\apply-api\src\apply-api\src\Ocas.Domestic.AppSettings.Extras.UnitTests\bin\Release\net461\Ocas.Domestic.AppSettings.Extras.UnitTests.dll" adapterTypeName="executor://xunit/VsTestRunner2/net" className="Ocas.Domestic.AppSettings.Extras.UnitTests.AppSettingsExtrasTests" name="Ocas.Domestic.AppSettings.Extras.UnitTests.AppSettingsExtrasTests.GetOfferLockReleaseDate_ShouldPass(dayOfWeek: Monday, scenario: AfterLockEnd, expectedDayOfWeek: Tuesday)" />
    </UnitTest>
    <UnitTest name="Ocas.Domestic.AppSettings.Extras.UnitTests.AppSettingsExtrasTests.GetOfferLockReleaseDate_ShouldPass(dayOfWeek: Friday, scenario: BeforeLockStart, expectedDayOfWeek: Sunday)" storage="c:\ocasprojects\apply-api\src\apply-api\src\ocas.domestic.appsettings.extras.unittests\bin\release\net461\ocas.domestic.appsettings.extras.unittests.dll" id="1db4c425-12b8-f15d-0f1f-d525ad728dc7">
      <Execution id="64151262-b1c0-4377-b21a-b58c996cd400" />
      <TestMethod codeBase="C:\OcasProjects\apply-api\src\apply-api\src\Ocas.Domestic.AppSettings.Extras.UnitTests\bin\Release\net461\Ocas.Domestic.AppSettings.Extras.UnitTests.dll" adapterTypeName="executor://xunit/VsTestRunner2/net" className="Ocas.Domestic.AppSettings.Extras.UnitTests.AppSettingsExtrasTests" name="Ocas.Domestic.AppSettings.Extras.UnitTests.AppSettingsExtrasTests.GetOfferLockReleaseDate_ShouldPass(dayOfWeek: Friday, scenario: BeforeLockStart, expectedDayOfWeek: Sunday)" />
    </UnitTest>
    <UnitTest name="Ocas.Domestic.AppSettings.Extras.UnitTests.AppSettingsExtrasTests.GetOfferLockReleaseDate_ShouldPass(dayOfWeek: Saturday, scenario: AfterLockEnd, expectedDayOfWeek: Sunday)" storage="c:\ocasprojects\apply-api\src\apply-api\src\ocas.domestic.appsettings.extras.unittests\bin\release\net461\ocas.domestic.appsettings.extras.unittests.dll" id="e3be3e3c-5e42-7069-48ca-c29ccdab1ece">
      <Execution id="6fccc74f-368a-463d-8d57-0ab8ed81ce08" />
      <TestMethod codeBase="C:\OcasProjects\apply-api\src\apply-api\src\Ocas.Domestic.AppSettings.Extras.UnitTests\bin\Release\net461\Ocas.Domestic.AppSettings.Extras.UnitTests.dll" adapterTypeName="executor://xunit/VsTestRunner2/net" className="Ocas.Domestic.AppSettings.Extras.UnitTests.AppSettingsExtrasTests" name="Ocas.Domestic.AppSettings.Extras.UnitTests.AppSettingsExtrasTests.GetOfferLockReleaseDate_ShouldPass(dayOfWeek: Saturday, scenario: AfterLockEnd, expectedDayOfWeek: Sunday)" />
    </UnitTest>
    <UnitTest name="Ocas.Domestic.AppSettings.Extras.UnitTests.AppSettingsExtrasTests.GetOfferLockReleaseDate_ShouldPass(dayOfWeek: Tuesday, scenario: BeforeLockStart, expectedDayOfWeek: Tuesday)" storage="c:\ocasprojects\apply-api\src\apply-api\src\ocas.domestic.appsettings.extras.unittests\bin\release\net461\ocas.domestic.appsettings.extras.unittests.dll" id="685c31ca-b3a0-fe1c-a4bd-dd448fe32a6c">
      <Execution id="c60ea065-9604-473c-9fa8-f3aeb56f8e8e" />
      <TestMethod codeBase="C:\OcasProjects\apply-api\src\apply-api\src\Ocas.Domestic.AppSettings.Extras.UnitTests\bin\Release\net461\Ocas.Domestic.AppSettings.Extras.UnitTests.dll" adapterTypeName="executor://xunit/VsTestRunner2/net" className="Ocas.Domestic.AppSettings.Extras.UnitTests.AppSettingsExtrasTests" name="Ocas.Domestic.AppSettings.Extras.UnitTests.AppSettingsExtrasTests.GetOfferLockReleaseDate_ShouldPass(dayOfWeek: Tuesday, scenario: BeforeLockStart, expectedDayOfWeek: Tuesday)" />
    </UnitTest>
    <UnitTest name="Ocas.Domestic.AppSettings.Extras.UnitTests.AppSettingsExtrasTests.GetOfferLockReleaseDate_ShouldPass(dayOfWeek: Saturday, scenario: DuringLockWindow, expectedDayOfWeek: Sunday)" storage="c:\ocasprojects\apply-api\src\apply-api\src\ocas.domestic.appsettings.extras.unittests\bin\release\net461\ocas.domestic.appsettings.extras.unittests.dll" id="a649c2e0-a643-c0ce-4d72-35962ca5813a">
      <Execution id="233da759-f3f9-4d67-8fa4-a0f4f1fe86aa" />
      <TestMethod codeBase="C:\OcasProjects\apply-api\src\apply-api\src\Ocas.Domestic.AppSettings.Extras.UnitTests\bin\Release\net461\Ocas.Domestic.AppSettings.Extras.UnitTests.dll" adapterTypeName="executor://xunit/VsTestRunner2/net" className="Ocas.Domestic.AppSettings.Extras.UnitTests.AppSettingsExtrasTests" name="Ocas.Domestic.AppSettings.Extras.UnitTests.AppSettingsExtrasTests.GetOfferLockReleaseDate_ShouldPass(dayOfWeek: Saturday, scenario: DuringLockWindow, expectedDayOfWeek: Sunday)" />
    </UnitTest>
    <UnitTest name="Ocas.Domestic.AppSettings.Extras.UnitTests.AppSettingsExtrasTests.GetOfferLockReleaseDate_ShouldPass(dayOfWeek: Tuesday, scenario: DuringLockWindow, expectedDayOfWeek: Wednesday)" storage="c:\ocasprojects\apply-api\src\apply-api\src\ocas.domestic.appsettings.extras.unittests\bin\release\net461\ocas.domestic.appsettings.extras.unittests.dll" id="23921918-654c-c73b-cb64-cd51a3ba6594">
      <Execution id="5e583435-1518-4d1b-8491-2b7d2fbd5234" />
      <TestMethod codeBase="C:\OcasProjects\apply-api\src\apply-api\src\Ocas.Domestic.AppSettings.Extras.UnitTests\bin\Release\net461\Ocas.Domestic.AppSettings.Extras.UnitTests.dll" adapterTypeName="executor://xunit/VsTestRunner2/net" className="Ocas.Domestic.AppSettings.Extras.UnitTests.AppSettingsExtrasTests" name="Ocas.Domestic.AppSettings.Extras.UnitTests.AppSettingsExtrasTests.GetOfferLockReleaseDate_ShouldPass(dayOfWeek: Tuesday, scenario: DuringLockWindow, expectedDayOfWeek: Wednesday)" />
    </UnitTest>
  </TestDefinitions>
  <TestEntries>
    <TestEntry testId="50405034-2160-ea4b-cc4c-d7582b6f525d" executionId="e62ce75a-ac60-4ccd-8113-a4140a03146a" testListId="8c84fa94-04c1-424b-9868-57a2d4851a1d" />
    <TestEntry testId="e3be3e3c-5e42-7069-48ca-c29ccdab1ece" executionId="6fccc74f-368a-463d-8d57-0ab8ed81ce08" testListId="8c84fa94-04c1-424b-9868-57a2d4851a1d" />
    <TestEntry testId="23921918-654c-c73b-cb64-cd51a3ba6594" executionId="5e583435-1518-4d1b-8491-2b7d2fbd5234" testListId="8c84fa94-04c1-424b-9868-57a2d4851a1d" />
    <TestEntry testId="d94408b4-9d41-1c5f-885f-c22e2e5f61a5" executionId="7da0ae45-6eac-4054-a297-3891ace5d4a9" testListId="8c84fa94-04c1-424b-9868-57a2d4851a1d" />
    <TestEntry testId="62ccd313-ee74-06f3-ceef-a192db2064c3" executionId="2b81dad1-f263-4b72-abc1-5eee11fe1f4a" testListId="8c84fa94-04c1-424b-9868-57a2d4851a1d" />
    <TestEntry testId="3efeb082-6fcd-ec13-dbd5-896dc2ca6b66" executionId="60decf61-9d9a-4eea-b7b0-b82b4e262aa1" testListId="8c84fa94-04c1-424b-9868-57a2d4851a1d" />
    <TestEntry testId="e0a2e593-6b9b-9334-73c8-abf08938077d" executionId="4f807117-12d0-4aea-8da2-4b3cea34f487" testListId="8c84fa94-04c1-424b-9868-57a2d4851a1d" />
    <TestEntry testId="40c23468-1667-1343-49ff-eb64aebb52df" executionId="99b87cb1-389c-49d9-9041-1016ca526baa" testListId="8c84fa94-04c1-424b-9868-57a2d4851a1d" />
    <TestEntry testId="684b66f7-662b-ceb5-3c97-8cafc3de34f4" executionId="d3c24bf2-7ff9-4071-bdbd-7f70b31af4e0" testListId="8c84fa94-04c1-424b-9868-57a2d4851a1d" />
    <TestEntry testId="e044bb09-70ea-5944-0427-c12217dca8ee" executionId="d2ac0649-dde0-44c4-9544-33e85acd5a46" testListId="8c84fa94-04c1-424b-9868-57a2d4851a1d" />
    <TestEntry testId="c746067f-c557-46d0-626e-9eed10cfe2ff" executionId="06a52020-4f93-4143-97a8-7fa3268567eb" testListId="8c84fa94-04c1-424b-9868-57a2d4851a1d" />
    <TestEntry testId="ffc8c65d-18bc-83d0-13a0-d6ac395e513c" executionId="ff0c9ed5-4b14-4953-bcfe-497cf1abd75a" testListId="8c84fa94-04c1-424b-9868-57a2d4851a1d" />
    <TestEntry testId="ccdf0f14-58cd-c1d2-ba3c-db6a16a22ae6" executionId="e589a183-5b82-40f3-be0d-dda39855070a" testListId="8c84fa94-04c1-424b-9868-57a2d4851a1d" />
    <TestEntry testId="165c71da-aa42-99ed-2c68-d9a601cee3e2" executionId="26b5fc72-87f7-43c7-9e8b-b48c43835b62" testListId="8c84fa94-04c1-424b-9868-57a2d4851a1d" />
    <TestEntry testId="727c05e2-f26a-f096-4d03-62412b7c924b" executionId="cefc5718-b717-490b-9012-3094fbf14c60" testListId="8c84fa94-04c1-424b-9868-57a2d4851a1d" />
    <TestEntry testId="9c49d898-3f3a-e8d5-dd35-aa08dbfc5f2c" executionId="30721762-fa78-4cfa-8038-4cd46cc66348" testListId="8c84fa94-04c1-424b-9868-57a2d4851a1d" />
    <TestEntry testId="1db4c425-12b8-f15d-0f1f-d525ad728dc7" executionId="64151262-b1c0-4377-b21a-b58c996cd400" testListId="8c84fa94-04c1-424b-9868-57a2d4851a1d" />
    <TestEntry testId="0613e7da-6f22-6148-0220-f882f295deb5" executionId="72f444d9-1398-46f0-87cc-46d1988701be" testListId="8c84fa94-04c1-424b-9868-57a2d4851a1d" />
    <TestEntry testId="7e81167c-5211-1290-25c2-c9c4d6c63944" executionId="770d45f3-30bf-43da-9d40-d20640dfb806" testListId="8c84fa94-04c1-424b-9868-57a2d4851a1d" />
    <TestEntry testId="a649c2e0-a643-c0ce-4d72-35962ca5813a" executionId="233da759-f3f9-4d67-8fa4-a0f4f1fe86aa" testListId="8c84fa94-04c1-424b-9868-57a2d4851a1d" />
    <TestEntry testId="27003192-4def-93fc-12e1-2494363610ff" executionId="2f640094-b2d1-4651-8b5b-c68dbd706e9c" testListId="8c84fa94-04c1-424b-9868-57a2d4851a1d" />
    <TestEntry testId="685c31ca-b3a0-fe1c-a4bd-dd448fe32a6c" executionId="c60ea065-9604-473c-9fa8-f3aeb56f8e8e" testListId="8c84fa94-04c1-424b-9868-57a2d4851a1d" />
  </TestEntries>
  <TestLists>
    <TestList name="Results Not in a List" id="8c84fa94-04c1-424b-9868-57a2d4851a1d" />
    <TestList name="All Loaded Results" id="19431567-8539-422a-85d7-44ee4e166bda" />
  </TestLists>
  <ResultSummary outcome="Completed">
    <Counters total="22" executed="22" passed="22" failed="0" error="0" timeout="0" aborted="0" inconclusive="0" passedButRunAborted="0" notRunnable="0" notExecuted="0" disconnected="0" warning="0" completed="0" inProgress="0" pending="0" />
    <Output>
      <StdOut>[xUnit.net 00:00:00.00] xUnit.net VSTest Adapter v2.4.1 (64-bit Desktop .NET 4.0.30319.42000)[xUnit.net 00:00:03.43]   Discovering: Ocas.Domestic.AppSettings.Extras.UnitTests[xUnit.net 00:00:03.65]   Discovered:  Ocas.Domestic.AppSettings.Extras.UnitTests[xUnit.net 00:00:03.66]   Starting:    Ocas.Domestic.AppSettings.Extras.UnitTests[xUnit.net 00:00:06.26]   Finished:    Ocas.Domestic.AppSettings.Extras.UnitTests</StdOut>
    </Output>
  </ResultSummary>
</TestRun>