<?xml version="1.0" encoding="utf-8"?>
<TestRun id="5f66c1c2-dff7-4a62-937c-f7929bbcfe2e" name="koolla@VISHWA-KOOLLA 2019-10-11 13:38:13" runUser="VISHWA-KOOLLA\koolla" xmlns="http://microsoft.com/schemas/VisualStudio/TeamTest/2010">
  <Times creation="2019-10-11T13:38:13.9416016-04:00" queuing="2019-10-11T13:38:13.9416017-04:00" start="2019-10-11T13:38:07.4742246-04:00" finish="2019-10-11T13:38:49.0290414-04:00" />
  <TestSettings name="default" id="17cfef7c-990d-4e29-a32e-2ec678935aa9">
    <Deployment runDeploymentRoot="koolla_VISHWA-KOOLLA_2019-10-11_13_38_13" />
  </TestSettings>
  <Results>
    <UnitTestResult executionId="d8e351d0-2910-4eb3-9954-8f5c398b140f" testId="358227ba-85c5-65ee-00b7-fd3d5a2f2ab6" testName="Ocas.Domestic.Apply.Api.Services.UnitTests.Validators.Models.ProgramChoiceBaseValidatorTests.ProgramChoiceBaseValidator_ShouldThrow_When_EntryLevelEmpty" computerName="VISHWA-KOOLLA" duration="00:00:00.0150000" startTime="2019-10-11T13:38:16.4426531-04:00" endTime="2019-10-11T13:38:16.4426531-04:00" testType="13cdc9d9-ddb5-4fa4-a97d-d965ccfc6d4b" outcome="Passed" testListId="8c84fa94-04c1-424b-9868-57a2d4851a1d" relativeResultsDirectory="d8e351d0-2910-4eb3-9954-8f5c398b140f" />
    <UnitTestResult executionId="4e7b8afa-f956-434a-a860-ea5f9f7d81cb" testId="6228aa15-4cf3-83f3-aa59-b6ddaece3f90" testName="Ocas.Domestic.Apply.Api.Services.UnitTests.Mappers.ApiMapperTests.MapColleges_ShouldPass_When_NotOpen" computerName="VISHWA-KOOLLA" duration="00:00:00.0750000" startTime="2019-10-11T13:38:16.7737656-04:00" endTime="2019-10-11T13:38:16.7737656-04:00" testType="13cdc9d9-ddb5-4fa4-a97d-d965ccfc6d4b" outcome="Passed" testListId="8c84fa94-04c1-424b-9868-57a2d4851a1d" relativeResultsDirectory="4e7b8afa-f956-434a-a860-ea5f9f7d81cb" />
    <UnitTestResult executionId="abc42cfe-66f7-420d-8aee-cb55739716fe" testId="3a1b337b-d60e-2d1f-801b-eacdef639b65" testName="Ocas.Domestic.Apply.Api.Services.UnitTests.Validators.Models.InternationalEducationValidatorTests.InternationalEducationValidator_ShouldFail_WhenMissingRequiredFields_AttendedTo_International" computerName="VISHWA-KOOLLA" duration="00:00:00.0090000" startTime="2019-10-11T13:38:16.2701127-04:00" endTime="2019-10-11T13:38:16.2701127-04:00" testType="13cdc9d9-ddb5-4fa4-a97d-d965ccfc6d4b" outcome="Passed" testListId="8c84fa94-04c1-424b-9868-57a2d4851a1d" relativeResultsDirectory="abc42cfe-66f7-420d-8aee-cb55739716fe" />
    <UnitTestResult executionId="bb97ec3a-44e4-42df-a3e6-b812f248fb2c" testId="c7401b6f-4769-315f-ca0f-646b905473b1" testName="Ocas.Domestic.Apply.Api.Services.UnitTests.Validators.Messages.GetProgramChoicesValidatorTests.GetProgramChoicesValidator_ShouldPass_When_ApplicationId" computerName="VISHWA-KOOLLA" duration="00:00:00.0920000" startTime="2019-10-11T13:38:14.3452688-04:00" endTime="2019-10-11T13:38:14.3452688-04:00" testType="13cdc9d9-ddb5-4fa4-a97d-d965ccfc6d4b" outcome="Passed" testListId="8c84fa94-04c1-424b-9868-57a2d4851a1d" relativeResultsDirectory="bb97ec3a-44e4-42df-a3e6-b812f248fb2c" />
    <UnitTestResult executionId="548587da-645c-4501-89cc-42e0936be4ae" testId="3c96e077-f96f-0ab0-bb7b-e3dac7037b41" testName="Ocas.Domestic.Apply.Api.Services.UnitTests.Mappers.ApiMapperTests.MapTranscriptRequest_ShouldPass" computerName="VISHWA-KOOLLA" duration="00:00:00.0230000" startTime="2019-10-11T13:38:16.8545694-04:00" endTime="2019-10-11T13:38:16.8545694-04:00" testType="13cdc9d9-ddb5-4fa4-a97d-d965ccfc6d4b" outcome="Passed" testListId="8c84fa94-04c1-424b-9868-57a2d4851a1d" relativeResultsDirectory="548587da-645c-4501-89cc-42e0936be4ae" />
    <UnitTestResult executionId="c9181bd5-aed8-4b55-a257-8b8c5a8d6084" testId="29ae10b8-fff9-d1f2-15bf-62c8745aaa4b" testName="Ocas.Domestic.Apply.Api.Services.UnitTests.Handlers.CreateApplicantBaseHandlerTests.CreateApplicantBaseHandler_ShouldThrow_When_ContactExists" computerName="VISHWA-KOOLLA" duration="00:00:00.2060000" startTime="2019-10-11T13:38:21.9531416-04:00" endTime="2019-10-11T13:38:21.9531416-04:00" testType="13cdc9d9-ddb5-4fa4-a97d-d965ccfc6d4b" outcome="Passed" testListId="8c84fa94-04c1-424b-9868-57a2d4851a1d" relativeResultsDirectory="c9181bd5-aed8-4b55-a257-8b8c5a8d6084" />
    <UnitTestResult executionId="778ddbd5-f94d-441c-9cc0-e9de17aeacd9" testId="728794f1-efea-20f4-5dad-ea5b2177008e" testName="Ocas.Domestic.Apply.Api.Services.UnitTests.Validators.Messages.GetTranscriptRequestsValidatorTests.GetTranscriptRequestsValidator_ShouldPass_WhenApplicationId" computerName="VISHWA-KOOLLA" duration="00:00:00.8700000" startTime="2019-10-11T13:38:14.1667463-04:00" endTime="2019-10-11T13:38:14.1667463-04:00" testType="13cdc9d9-ddb5-4fa4-a97d-d965ccfc6d4b" outcome="Passed" testListId="8c84fa94-04c1-424b-9868-57a2d4851a1d" relativeResultsDirectory="778ddbd5-f94d-441c-9cc0-e9de17aeacd9" />
    <UnitTestResult executionId="63bda683-1b55-47c5-80a0-6ddc845280df" testId="3ce7aacd-a683-81da-26b0-f7e644cfbc09" testName="Ocas.Domestic.Apply.Api.Services.UnitTests.Handlers.CompleteProgramsHandlerTests.CompletePrograms_ShouldPass" computerName="VISHWA-KOOLLA" duration="00:00:00.2010000" startTime="2019-10-11T13:38:20.8939604-04:00" endTime="2019-10-11T13:38:20.8939604-04:00" testType="13cdc9d9-ddb5-4fa4-a97d-d965ccfc6d4b" outcome="Passed" testListId="8c84fa94-04c1-424b-9868-57a2d4851a1d" relativeResultsDirectory="63bda683-1b55-47c5-80a0-6ddc845280df" />
    <UnitTestResult executionId="685f1d63-677a-4a7c-86ec-3b4078fdc421" testId="901c656f-0d4a-1693-0da2-2e78b5766441" testName="Ocas.Domestic.Apply.Api.Services.UnitTests.Validators.Models.EducationBaseValidatorTests.Validator_ShouldFail_WhenMissingRequiredFields_InGeneral" computerName="VISHWA-KOOLLA" duration="00:00:00.0080000" startTime="2019-10-11T13:38:16.2342408-04:00" endTime="2019-10-11T13:38:16.2342408-04:00" testType="13cdc9d9-ddb5-4fa4-a97d-d965ccfc6d4b" outcome="Passed" testListId="8c84fa94-04c1-424b-9868-57a2d4851a1d" relativeResultsDirectory="685f1d63-677a-4a7c-86ec-3b4078fdc421" />
    <UnitTestResult executionId="8ef53f80-bbe2-4a07-bf6e-64e8304c5b36" testId="8aa38431-5f1c-8354-a489-110572481e66" testName="Ocas.Domestic.Apply.Api.Services.UnitTests.Validators.Models.PayOrderInfoValidatorTests.PayOrderInfoValidator_ShouldFail_WhenExpiryNaN" computerName="VISHWA-KOOLLA" duration="00:00:00.0140000" startTime="2019-10-11T13:38:16.3918193-04:00" endTime="2019-10-11T13:38:16.3918193-04:00" testType="13cdc9d9-ddb5-4fa4-a97d-d965ccfc6d4b" outcome="Passed" testListId="8c84fa94-04c1-424b-9868-57a2d4851a1d" relativeResultsDirectory="8ef53f80-bbe2-4a07-bf6e-64e8304c5b36" />
    <UnitTestResult executionId="4da83271-1cb1-4352-90ac-399d6db0aa08" testId="d12b49a7-ceb2-6aab-f900-a16edd174151" testName="Ocas.Domestic.Apply.Api.Services.UnitTests.Handlers.UpdateEducationHandlerTests.UpdateEducation_ShouldThrow_When_TranscriptRequests_Then_InstituteNameMismatch" computerName="VISHWA-KOOLLA" duration="00:00:00.1800000" startTime="2019-10-11T13:38:42.4194385-04:00" endTime="2019-10-11T13:38:42.4194385-04:00" testType="13cdc9d9-ddb5-4fa4-a97d-d965ccfc6d4b" outcome="Passed" testListId="8c84fa94-04c1-424b-9868-57a2d4851a1d" relativeResultsDirectory="4da83271-1cb1-4352-90ac-399d6db0aa08" />
    <UnitTestResult executionId="d004a66b-e3bf-43da-97b9-1a49331f16ff" testId="bf97c879-345c-02f5-2e95-1d4edd4a35ce" testName="Ocas.Domestic.Apply.Api.Services.UnitTests.Validators.Messages.GetCitiesValidatorTests.GetCitiesValidator_ShouldFail_WhenInvalidProvince" computerName="VISHWA-KOOLLA" duration="00:00:00.0080000" startTime="2019-10-11T13:38:16.5763267-04:00" endTime="2019-10-11T13:38:16.5763267-04:00" testType="13cdc9d9-ddb5-4fa4-a97d-d965ccfc6d4b" outcome="Passed" testListId="8c84fa94-04c1-424b-9868-57a2d4851a1d" relativeResultsDirectory="d004a66b-e3bf-43da-97b9-1a49331f16ff" />
    <UnitTestResult executionId="626b7d56-dd74-4c20-8cfd-0705a9c68f9a" testId="da099cee-6637-cc1f-6a4b-307bbf19298a" testName="Ocas.Domestic.Apply.Api.Services.UnitTests.Mappers.ApiMapperTests.MapOffers_ShouldPass_When_Active_Then_CanRespond_True" computerName="VISHWA-KOOLLA" duration="00:00:00.0050000" startTime="2019-10-11T13:38:17.3233477-04:00" endTime="2019-10-11T13:38:17.3233477-04:00" testType="13cdc9d9-ddb5-4fa4-a97d-d965ccfc6d4b" outcome="Passed" testListId="8c84fa94-04c1-424b-9868-57a2d4851a1d" relativeResultsDirectory="626b7d56-dd74-4c20-8cfd-0705a9c68f9a" />
    <UnitTestResult executionId="3e097aa9-d0fb-41a1-b803-a6314cdbec47" testId="977de86a-3001-6db3-36d3-f14d48a67f42" testName="Ocas.Domestic.Apply.Api.Services.UnitTests.Authorization.UserAuthorizationTests.CanAccessApplicantAsync_ShouldFail_When_UpnMismatch" computerName="VISHWA-KOOLLA" duration="00:00:00.0030000" startTime="2019-10-11T13:38:14.2674774-04:00" endTime="2019-10-11T13:38:14.2674774-04:00" testType="13cdc9d9-ddb5-4fa4-a97d-d965ccfc6d4b" outcome="Passed" testListId="8c84fa94-04c1-424b-9868-57a2d4851a1d" relativeResultsDirectory="3e097aa9-d0fb-41a1-b803-a6314cdbec47" />
    <UnitTestResult executionId="c9c17135-2977-4f69-a5ab-204bf0f260e0" testId="0f77a602-5da5-56ce-0b73-378dd790c7ca" testName="Ocas.Domestic.Apply.Api.Services.UnitTests.Validators.Messages.VerifyApplicantOenValidatorTests.VerifyApplicantOenValidator_ShouldPass" computerName="VISHWA-KOOLLA" duration="00:00:00.6230000" startTime="2019-10-11T13:38:14.1587679-04:00" endTime="2019-10-11T13:38:14.1587679-04:00" testType="13cdc9d9-ddb5-4fa4-a97d-d965ccfc6d4b" outcome="Passed" testListId="8c84fa94-04c1-424b-9868-57a2d4851a1d" relativeResultsDirectory="c9c17135-2977-4f69-a5ab-204bf0f260e0" />
    <UnitTestResult executionId="0a78aa94-0c34-4dc7-b06b-1fe387e24942" testId="f74de4c4-c849-3f39-3152-7694210954c2" testName="Ocas.Domestic.Apply.Api.Services.UnitTests.Handlers.UpdateApplicantHandlerTests.UpdateApplicantHandler_ShouldPass" computerName="VISHWA-KOOLLA" duration="00:00:00.2310000" startTime="2019-10-11T13:38:41.0964798-04:00" endTime="2019-10-11T13:38:41.0964798-04:00" testType="13cdc9d9-ddb5-4fa4-a97d-d965ccfc6d4b" outcome="Passed" testListId="8c84fa94-04c1-424b-9868-57a2d4851a1d" relativeResultsDirectory="0a78aa94-0c34-4dc7-b06b-1fe387e24942" />
    <UnitTestResult executionId="05ef475e-9662-4562-9d0f-82e7d6613af2" testId="d3e53466-0b9b-0056-a8ab-1c9fa0d1f250" testName="Ocas.Domestic.Apply.Api.Services.UnitTests.Handlers.UpdateProgramChoicesHandlerTests.UpdateProgramChoicesHandler_ShouldPass_When_IntakeAvailabilityClosed_With_OcasUser" computerName="VISHWA-KOOLLA" duration="00:00:00.2140000" startTime="2019-10-11T13:38:46.2644530-04:00" endTime="2019-10-11T13:38:46.2644530-04:00" testType="13cdc9d9-ddb5-4fa4-a97d-d965ccfc6d4b" outcome="Passed" testListId="8c84fa94-04c1-424b-9868-57a2d4851a1d" relativeResultsDirectory="05ef475e-9662-4562-9d0f-82e7d6613af2" />
    <UnitTestResult executionId="90ed5d6b-7f55-40a9-ae3d-54307bad9f83" testId="2d36f315-454d-daee-df3c-ef718c006783" testName="Ocas.Domestic.Apply.Api.Services.UnitTests.Validators.Messages.GetOrderValidatorTests.GetOrderValidator_ShouldPass" computerName="VISHWA-KOOLLA" duration="00:00:00.0120000" startTime="2019-10-11T13:38:14.1797118-04:00" endTime="2019-10-11T13:38:14.1797118-04:00" testType="13cdc9d9-ddb5-4fa4-a97d-d965ccfc6d4b" outcome="Passed" testListId="8c84fa94-04c1-424b-9868-57a2d4851a1d" relativeResultsDirectory="90ed5d6b-7f55-40a9-ae3d-54307bad9f83" />
    <UnitTestResult executionId="0fc7529f-edd8-497a-8d78-b6e8a0f4a339" testId="a68e05d0-5d0a-e035-2dea-fe328ac85fe7" testName="Ocas.Domestic.Apply.Api.Services.UnitTests.Validators.Models.PayOrderInfoValidatorTests.PayOrderInfoValidator_ShouldFail_WhenCscTooLong" computerName="VISHWA-KOOLLA" duration="00:00:00.0060000" startTime="2019-10-11T13:38:16.4097576-04:00" endTime="2019-10-11T13:38:16.4097576-04:00" testType="13cdc9d9-ddb5-4fa4-a97d-d965ccfc6d4b" outcome="Passed" testListId="8c84fa94-04c1-424b-9868-57a2d4851a1d" relativeResultsDirectory="0fc7529f-edd8-497a-8d78-b6e8a0f4a339" />
    <UnitTestResult executionId="c9255018-5277-4093-9be4-71b1b208d3b1" testId="b0f06964-cb08-16c2-dcb1-77edb2f9ea5b" testName="Ocas.Domestic.Apply.Api.Services.UnitTests.Mappers.ApiMapperTests.MapOrderDetail_ShouldPass_When_NotVoucher" computerName="VISHWA-KOOLLA" duration="00:00:00.0010000" startTime="2019-10-11T13:38:17.1517733-04:00" endTime="2019-10-11T13:38:17.1517733-04:00" testType="13cdc9d9-ddb5-4fa4-a97d-d965ccfc6d4b" outcome="Passed" testListId="8c84fa94-04c1-424b-9868-57a2d4851a1d" relativeResultsDirectory="c9255018-5277-4093-9be4-71b1b208d3b1" />
    <UnitTestResult executionId="181dedbb-d3d0-4547-93f6-f4d1afc27d8c" testId="4419e1dd-b339-f8fd-33e9-9301691d152b" testName="Ocas.Domestic.Apply.Api.Services.UnitTests.Handlers.CreateTranscriptRequestHandlerTests.CreateTranscriptRequest_ShouldThrow_When_TransmissionTypeNotMatchesEducationType" computerName="VISHWA-KOOLLA" duration="00:00:00.2240000" startTime="2019-10-11T13:38:25.1324849-04:00" endTime="2019-10-11T13:38:25.1324849-04:00" testType="13cdc9d9-ddb5-4fa4-a97d-d965ccfc6d4b" outcome="Passed" testListId="8c84fa94-04c1-424b-9868-57a2d4851a1d" relativeResultsDirectory="181dedbb-d3d0-4547-93f6-f4d1afc27d8c" />
    <UnitTestResult executionId="88591330-c662-481e-91b9-31d377e97baa" testId="05a32734-4b56-8f48-9962-3f5104e77d9d" testName="Ocas.Domestic.Apply.Api.Services.UnitTests.Mappers.ApiMapperTests.MapEducation_ShouldPass_When_UniversityWithoutEtms" computerName="VISHWA-KOOLLA" duration="00:00:00.0490000" startTime="2019-10-11T13:38:16.9762518-04:00" endTime="2019-10-11T13:38:16.9762518-04:00" testType="13cdc9d9-ddb5-4fa4-a97d-d965ccfc6d4b" outcome="Passed" testListId="8c84fa94-04c1-424b-9868-57a2d4851a1d" relativeResultsDirectory="88591330-c662-481e-91b9-31d377e97baa" />
    <UnitTestResult executionId="ef3051ad-a1b4-42db-82db-7f2622d191a0" testId="08fd4f3e-49a6-138f-c209-2fa19de2f026" testName="Ocas.Domestic.Apply.Api.Services.UnitTests.Handlers.CompleteProgramsHandlerTests.CompletePrograms_ShouldThrow_WhenNoApplications" computerName="VISHWA-KOOLLA" duration="00:00:00.1890000" startTime="2019-10-11T13:38:20.6921458-04:00" endTime="2019-10-11T13:38:20.6921458-04:00" testType="13cdc9d9-ddb5-4fa4-a97d-d965ccfc6d4b" outcome="Passed" testListId="8c84fa94-04c1-424b-9868-57a2d4851a1d" relativeResultsDirectory="ef3051ad-a1b4-42db-82db-7f2622d191a0" />
    <UnitTestResult executionId="40417a52-bacf-44fd-be21-8f16a7e4b8c4" testId="eb426742-d742-5f49-a8df-4878ae6685ac" testName="Ocas.Domestic.Apply.Api.Services.UnitTests.Handlers.RemoveVoucherHandlerTests.RemoveVoucher_ShouldThrow_WhenShoppingCartDoesNotExist" computerName="VISHWA-KOOLLA" duration="00:00:00.2200000" startTime="2019-10-11T13:38:39.5426259-04:00" endTime="2019-10-11T13:38:39.5426259-04:00" testType="13cdc9d9-ddb5-4fa4-a97d-d965ccfc6d4b" outcome="Passed" testListId="8c84fa94-04c1-424b-9868-57a2d4851a1d" relativeResultsDirectory="40417a52-bacf-44fd-be21-8f16a7e4b8c4" />
    <UnitTestResult executionId="f60ac00a-b3d4-4c04-95d9-e56cb6b47d99" testId="408be925-b9ee-caaa-e838-d322225d752e" testName="Ocas.Domestic.Apply.Api.Services.UnitTests.Authorization.UserAuthorizationTests.CanAccessApplicantAsync_ShouldPass_When_SubjectIdMatchSub" computerName="VISHWA-KOOLLA" duration="00:00:00.0100000" startTime="2019-10-11T13:38:14.2794447-04:00" endTime="2019-10-11T13:38:14.2794447-04:00" testType="13cdc9d9-ddb5-4fa4-a97d-d965ccfc6d4b" outcome="Passed" testListId="8c84fa94-04c1-424b-9868-57a2d4851a1d" relativeResultsDirectory="f60ac00a-b3d4-4c04-95d9-e56cb6b47d99" />
    <UnitTestResult executionId="a3e90e35-7a37-4d9f-90b8-17217717ebcf" testId="c67bdc03-bb2d-4221-f95c-de1c22cddf5a" testName="Ocas.Domestic.Apply.Api.Services.UnitTests.Handlers.RemoveEducationHandlerTests.RemoveEducationHandler_ShouldThrow_When_HasPaidApplication" computerName="VISHWA-KOOLLA" duration="00:00:00.1890000" startTime="2019-10-11T13:38:38.7603506-04:00" endTime="2019-10-11T13:38:38.7603506-04:00" testType="13cdc9d9-ddb5-4fa4-a97d-d965ccfc6d4b" outcome="Passed" testListId="8c84fa94-04c1-424b-9868-57a2d4851a1d" relativeResultsDirectory="a3e90e35-7a37-4d9f-90b8-17217717ebcf" />
    <UnitTestResult executionId="467b300a-6600-4313-b498-7f7842c0450d" testId="73ab6047-1ae6-85d7-3fe4-142930325294" testName="Ocas.Domestic.Apply.Api.Services.UnitTests.Validators.IIdentityUserValidatorTests.Validator_ShouldPass" computerName="VISHWA-KOOLLA" duration="00:00:00.0020000" startTime="2019-10-11T13:38:14.1986610-04:00" endTime="2019-10-11T13:38:14.1986610-04:00" testType="13cdc9d9-ddb5-4fa4-a97d-d965ccfc6d4b" outcome="Passed" testListId="8c84fa94-04c1-424b-9868-57a2d4851a1d" relativeResultsDirectory="467b300a-6600-4313-b498-7f7842c0450d" />
    <UnitTestResult executionId="05f0c678-59e2-4656-b4fa-a0e2cdc974c5" testId="74b217a0-9a6a-962b-e3d9-bf5aa3b20d3a" testName="Ocas.Domestic.Apply.Api.Services.UnitTests.Validators.Models.TranscriptRequestBaseValidatorTests.TranscriptRequestBaseValidator_ShouldFail_When_IdsEmpty" computerName="VISHWA-KOOLLA" duration="00:00:00.0060000" startTime="2019-10-11T13:38:16.4975307-04:00" endTime="2019-10-11T13:38:16.4975307-04:00" testType="13cdc9d9-ddb5-4fa4-a97d-d965ccfc6d4b" outcome="Passed" testListId="8c84fa94-04c1-424b-9868-57a2d4851a1d" relativeResultsDirectory="05f0c678-59e2-4656-b4fa-a0e2cdc974c5" />
    <UnitTestResult executionId="c2c67604-0626-4e6c-b920-6503ed319db6" testId="3a6db258-c254-24b7-de95-081506da4974" testName="Ocas.Domestic.Apply.Api.Services.UnitTests.Validators.Messages.GetProgramChoicesValidatorTests.GetProgramChoicesValidator_ShouldPass_When_ApplicantId" computerName="VISHWA-KOOLLA" duration="00:00:00.0160000" startTime="2019-10-11T13:38:14.3692052-04:00" endTime="2019-10-11T13:38:14.3692052-04:00" testType="13cdc9d9-ddb5-4fa4-a97d-d965ccfc6d4b" outcome="Passed" testListId="8c84fa94-04c1-424b-9868-57a2d4851a1d" relativeResultsDirectory="c2c67604-0626-4e6c-b920-6503ed319db6" />
    <UnitTestResult executionId="46271fea-dae9-4205-b38d-9a9082276090" testId="4e3f3ac0-66da-fddd-af53-1de66b2ef397" testName="Ocas.Domestic.Apply.Api.Services.UnitTests.Mappers.ApiMapperTests.MapApplicant_ShouldPass_When_DoNotSendFalse_Then_AgreedToCaslTrue" computerName="VISHWA-KOOLLA" duration="00:00:00.0100000" startTime="2019-10-11T13:38:17.3083813-04:00" endTime="2019-10-11T13:38:17.3083813-04:00" testType="13cdc9d9-ddb5-4fa4-a97d-d965ccfc6d4b" outcome="Passed" testListId="8c84fa94-04c1-424b-9868-57a2d4851a1d" relativeResultsDirectory="46271fea-dae9-4205-b38d-9a9082276090" />
    <UnitTestResult executionId="d9ee7d2d-ea19-4fc0-927b-f5a0bbd83728" testId="6d27b183-3342-2873-2ba3-35a3dc758f05" testName="Ocas.Domestic.Apply.Api.Services.UnitTests.Validators.Models.ApplicantValidatorTests.Validator_ShouldFail_When_Canada_Phone_Invalid" computerName="VISHWA-KOOLLA" duration="00:00:00.0150000" startTime="2019-10-11T13:38:15.8452846-04:00" endTime="2019-10-11T13:38:15.8452846-04:00" testType="13cdc9d9-ddb5-4fa4-a97d-d965ccfc6d4b" outcome="Passed" testListId="8c84fa94-04c1-424b-9868-57a2d4851a1d" relativeResultsDirectory="d9ee7d2d-ea19-4fc0-927b-f5a0bbd83728" />
    <UnitTestResult executionId="4b045cf8-8730-4143-beee-e9c9ddcd6557" testId="e0724787-b8a4-767f-e0c4-7978f8d56e2b" testName="Ocas.Domestic.Apply.Api.Services.UnitTests.Validators.Messages.UpdateEducationStatusValidatorTests.Validator_ShouldFail_WhenEnrolled_NoGraduationDate" computerName="VISHWA-KOOLLA" duration="00:00:00.2870000" startTime="2019-10-11T13:38:14.1757225-04:00" endTime="2019-10-11T13:38:14.1757225-04:00" testType="13cdc9d9-ddb5-4fa4-a97d-d965ccfc6d4b" outcome="Passed" testListId="8c84fa94-04c1-424b-9868-57a2d4851a1d" relativeResultsDirectory="4b045cf8-8730-4143-beee-e9c9ddcd6557" />
    <UnitTestResult executionId="397558e1-5619-4ff6-a516-48d6bc997e06" testId="4d167721-94d9-e01b-778d-d6a53d731c86" testName="Ocas.Domestic.Apply.Api.Services.UnitTests.Validators.Models.CanadianUniversityValidatorTests.CanadianUniversityValidator_ShouldFail_WhenInstituteTypeDoesNotMatch_InCanadianUniversity" computerName="VISHWA-KOOLLA" duration="00:00:00.0140000" startTime="2019-10-11T13:38:16.1374683-04:00" endTime="2019-10-11T13:38:16.1374683-04:00" testType="13cdc9d9-ddb5-4fa4-a97d-d965ccfc6d4b" outcome="Passed" testListId="8c84fa94-04c1-424b-9868-57a2d4851a1d" relativeResultsDirectory="397558e1-5619-4ff6-a516-48d6bc997e06" />
    <UnitTestResult executionId="140ff3db-fa15-4c3d-aa48-60645944dbfc" testId="e44b3482-2d9f-b225-e5e4-1063a8b7c6be" testName="Ocas.Domestic.Apply.Api.Services.UnitTests.Handlers.UpdateApplicantHandlerTests.UpdateApplicantHandler_ShouldThrow_When_InvalidBirthDate" computerName="VISHWA-KOOLLA" duration="00:00:00.1870000" startTime="2019-10-11T13:38:40.8660883-04:00" endTime="2019-10-11T13:38:40.8660883-04:00" testType="13cdc9d9-ddb5-4fa4-a97d-d965ccfc6d4b" outcome="Passed" testListId="8c84fa94-04c1-424b-9868-57a2d4851a1d" relativeResultsDirectory="140ff3db-fa15-4c3d-aa48-60645944dbfc" />
    <UnitTestResult executionId="5c069528-ff58-4e3b-8fd4-3e76dcbdbc86" testId="09a855f7-27b7-36cb-9204-e3c7ea05e519" testName="Ocas.Domestic.Apply.Api.Services.UnitTests.Validators.Models.InternationalEducationValidatorTests.InternationalEducationValidator_ShouldPass_WhenInternational" computerName="VISHWA-KOOLLA" duration="00:00:00.0090000" startTime="2019-10-11T13:38:16.3190216-04:00" endTime="2019-10-11T13:38:16.3190216-04:00" testType="13cdc9d9-ddb5-4fa4-a97d-d965ccfc6d4b" outcome="Passed" testListId="8c84fa94-04c1-424b-9868-57a2d4851a1d" relativeResultsDirectory="5c069528-ff58-4e3b-8fd4-3e76dcbdbc86" />
    <UnitTestResult executionId="759a5039-73d7-42b5-ae5a-a2dc92e6faef" testId="32f00cb9-a10f-12d3-6314-d176a45a277c" testName="Ocas.Domestic.Apply.Api.Services.UnitTests.Handlers.UpdateEducationHandlerTests.UpdateEducation_ShouldThrow_When_EducationTypeMismatch" computerName="VISHWA-KOOLLA" duration="00:00:00.1970000" startTime="2019-10-11T13:38:42.2389214-04:00" endTime="2019-10-11T13:38:42.2389214-04:00" testType="13cdc9d9-ddb5-4fa4-a97d-d965ccfc6d4b" outcome="Passed" testListId="8c84fa94-04c1-424b-9868-57a2d4851a1d" relativeResultsDirectory="759a5039-73d7-42b5-ae5a-a2dc92e6faef" />
    <UnitTestResult executionId="92da1c7d-f243-4342-8c23-5dc1543abab4" testId="866c65ab-f909-9b42-9486-28c1f56924ec" testName="Ocas.Domestic.Apply.Api.Services.UnitTests.Handlers.ReissueTranscriptRequestHandlerTests.ReissueTranscriptRequest_ShouldThrow_WhenNoEtmsTr" computerName="VISHWA-KOOLLA" duration="00:00:00.1830000" startTime="2019-10-11T13:38:37.0168711-04:00" endTime="2019-10-11T13:38:37.0168711-04:00" testType="13cdc9d9-ddb5-4fa4-a97d-d965ccfc6d4b" outcome="Passed" testListId="8c84fa94-04c1-424b-9868-57a2d4851a1d" relativeResultsDirectory="92da1c7d-f243-4342-8c23-5dc1543abab4" />
    <UnitTestResult executionId="ea3846d0-051d-4e43-9814-e15fc1c602f7" testId="44d9271e-bf63-61c2-5a06-f96b3e99bfbb" testName="Ocas.Domestic.Apply.Api.Services.UnitTests.Validators.Models.CanadianHighSchoolValidatorTests.Validator_ShouldFail_WhenInvalidProvince_InCanadian" computerName="VISHWA-KOOLLA" duration="00:00:00.0190000" startTime="2019-10-11T13:38:15.9978424-04:00" endTime="2019-10-11T13:38:15.9978424-04:00" testType="13cdc9d9-ddb5-4fa4-a97d-d965ccfc6d4b" outcome="Passed" testListId="8c84fa94-04c1-424b-9868-57a2d4851a1d" relativeResultsDirectory="ea3846d0-051d-4e43-9814-e15fc1c602f7" />
    <UnitTestResult executionId="a878adcb-5f78-4316-8a60-18024359cd84" testId="26ac09b1-b6a4-7e27-ffaa-358b6895ed86" testName="Ocas.Domestic.Apply.Api.Services.UnitTests.Handlers.GetOfferHistoriesHandlerTests.GetOfferHistoriesHandler_ShouldPass" computerName="VISHWA-KOOLLA" duration="00:00:00.2030000" startTime="2019-10-11T13:38:31.5620040-04:00" endTime="2019-10-11T13:38:31.5620040-04:00" testType="13cdc9d9-ddb5-4fa4-a97d-d965ccfc6d4b" outcome="Passed" testListId="8c84fa94-04c1-424b-9868-57a2d4851a1d" relativeResultsDirectory="a878adcb-5f78-4316-8a60-18024359cd84" />
    <UnitTestResult executionId="96ebb40c-af68-4fbb-9c7a-b36d1a1aaf0d" testId="1ad78eb8-da80-de07-399c-306bf714d790" testName="Ocas.Domestic.Apply.Api.Services.UnitTests.Validators.Models.IntlCredentialAssessmentValidatorTests.Validator_ShouldPass" computerName="VISHWA-KOOLLA" duration="00:00:00.0050000" startTime="2019-10-11T13:38:16.3609030-04:00" endTime="2019-10-11T13:38:16.3609030-04:00" testType="13cdc9d9-ddb5-4fa4-a97d-d965ccfc6d4b" outcome="Passed" testListId="8c84fa94-04c1-424b-9868-57a2d4851a1d" relativeResultsDirectory="96ebb40c-af68-4fbb-9c7a-b36d1a1aaf0d" />
    <UnitTestResult executionId="061103ad-ff4c-464a-a35c-d30f0173337a" testId="08bb9aee-22bf-dfa3-e16a-eb72076c21ea" testName="Ocas.Domestic.Apply.Api.Services.UnitTests.Authorization.UserAuthorizationTests.CanAccessApplicantAsync_ShouldFail_When_ApplicantIdEmpty" computerName="VISHWA-KOOLLA" duration="00:00:00.0030000" startTime="2019-10-11T13:38:14.2475304-04:00" endTime="2019-10-11T13:38:14.2475304-04:00" testType="13cdc9d9-ddb5-4fa4-a97d-d965ccfc6d4b" outcome="Passed" testListId="8c84fa94-04c1-424b-9868-57a2d4851a1d" relativeResultsDirectory="061103ad-ff4c-464a-a35c-d30f0173337a" />
    <UnitTestResult executionId="b88c6941-d659-4ffb-8103-df4cda5e25dc" testId="43a91129-7e7b-4a8b-7ab6-35a583afdd10" testName="Ocas.Domestic.Apply.Api.Services.UnitTests.Handlers.UpdateProgramChoicesHandlerTests.UpdateProgramChoiceHandler_ShouldThrow_When_RemoveOfferAcceptedChoice" computerName="VISHWA-KOOLLA" duration="00:00:00.2160000" startTime="2019-10-11T13:38:45.4335139-04:00" endTime="2019-10-11T13:38:45.4335139-04:00" testType="13cdc9d9-ddb5-4fa4-a97d-d965ccfc6d4b" outcome="Passed" testListId="8c84fa94-04c1-424b-9868-57a2d4851a1d" relativeResultsDirectory="b88c6941-d659-4ffb-8103-df4cda5e25dc" />
    <UnitTestResult executionId="af49afcc-0330-4899-a828-f1f992065619" testId="4ec19c98-d1d4-762a-d53f-2bac1489bf92" testName="Ocas.Domestic.Apply.Api.Services.UnitTests.Validators.Models.ApplicantValidatorTests.Validator_ShouldPass_When_StatusInCanada_CanadianCitizen" computerName="VISHWA-KOOLLA" duration="00:00:00.0140000" startTime="2019-10-11T13:38:15.6627704-04:00" endTime="2019-10-11T13:38:15.6627704-04:00" testType="13cdc9d9-ddb5-4fa4-a97d-d965ccfc6d4b" outcome="Passed" testListId="8c84fa94-04c1-424b-9868-57a2d4851a1d" relativeResultsDirectory="af49afcc-0330-4899-a828-f1f992065619" />
    <UnitTestResult executionId="7510f041-6717-4ae2-9281-616fe8a8a88b" testId="9b69418f-ff9f-330d-ea9c-189ebbef905f" testName="Ocas.Domestic.Apply.Api.Services.UnitTests.Authorization.UserAuthorizationTests.CanAccessApplicantAsync_ShouldFail_When_SubjectMismatch" computerName="VISHWA-KOOLLA" duration="00:00:00.0030000" startTime="2019-10-11T13:38:14.2694716-04:00" endTime="2019-10-11T13:38:14.2694716-04:00" testType="13cdc9d9-ddb5-4fa4-a97d-d965ccfc6d4b" outcome="Passed" testListId="8c84fa94-04c1-424b-9868-57a2d4851a1d" relativeResultsDirectory="7510f041-6717-4ae2-9281-616fe8a8a88b" />
    <UnitTestResult executionId="57570beb-91e8-4feb-8d0d-a27e60e5a8e2" testId="c42afb23-9023-0b25-961a-281c1b38b0d8" testName="Ocas.Domestic.Apply.Api.Services.UnitTests.Handlers.CreateTranscriptRequestHandlerTests.CreateTranscriptRequest_ShouldThrow_When_TransmissionMissing" computerName="VISHWA-KOOLLA" duration="00:00:00.2310000" startTime="2019-10-11T13:38:26.8409085-04:00" endTime="2019-10-11T13:38:26.8409085-04:00" testType="13cdc9d9-ddb5-4fa4-a97d-d965ccfc6d4b" outcome="Passed" testListId="8c84fa94-04c1-424b-9868-57a2d4851a1d" relativeResultsDirectory="57570beb-91e8-4feb-8d0d-a27e60e5a8e2" />
    <UnitTestResult executionId="33129992-0a3a-4d30-92cb-d884af75b849" testId="5dfa3dfd-88ea-9cdb-419a-e3775c1fc294" testName="Ocas.Domestic.Apply.Api.Services.UnitTests.Handlers.GetSupportingDocumentFileHandlerTests.GetSupportingDocumentFileHandler_ShouldPass_WithSupportingDocument" computerName="VISHWA-KOOLLA" duration="00:00:00.1940000" startTime="2019-10-11T13:38:33.3148185-04:00" endTime="2019-10-11T13:38:33.3148185-04:00" testType="13cdc9d9-ddb5-4fa4-a97d-d965ccfc6d4b" outcome="Passed" testListId="8c84fa94-04c1-424b-9868-57a2d4851a1d" relativeResultsDirectory="33129992-0a3a-4d30-92cb-d884af75b849" />
    <UnitTestResult executionId="a1421ae3-bc78-459c-8649-56d58f38bca5" testId="0b1355c3-b7c7-e8ee-9d02-60971704fc1d" testName="Ocas.Domestic.Apply.Api.Services.UnitTests.Handlers.CreateApplicantHandlerTests.CreateApplicantHandler_ShouldThrow_When_IsDuplicateEmail" computerName="VISHWA-KOOLLA" duration="00:00:00.2090000" startTime="2019-10-11T13:38:22.7555208-04:00" endTime="2019-10-11T13:38:22.7555208-04:00" testType="13cdc9d9-ddb5-4fa4-a97d-d965ccfc6d4b" outcome="Passed" testListId="8c84fa94-04c1-424b-9868-57a2d4851a1d" relativeResultsDirectory="a1421ae3-bc78-459c-8649-56d58f38bca5" />
    <UnitTestResult executionId="033a829c-596d-49ba-9c0a-8bc8a6ada597" testId="af0adc9c-ad85-b90a-0522-7c1f3fde7dee" testName="Ocas.Domestic.Apply.Api.Services.UnitTests.Validators.Models.ApplicantValidatorTests.Validator_ShouldFail_When_Usa_PostalCode_Invalid" computerName="VISHWA-KOOLLA" duration="00:00:00.0160000" startTime="2019-10-11T13:38:15.5730207-04:00" endTime="2019-10-11T13:38:15.5730207-04:00" testType="13cdc9d9-ddb5-4fa4-a97d-d965ccfc6d4b" outcome="Passed" testListId="8c84fa94-04c1-424b-9868-57a2d4851a1d" relativeResultsDirectory="033a829c-596d-49ba-9c0a-8bc8a6ada597" />
    <UnitTestResult executionId="f7168fdd-1a7e-47c5-8f4d-4b5bbe13b76a" testId="28d12ca9-82f0-2e66-3b07-6abedd15b9da" testName="Ocas.Domestic.Apply.Api.Services.UnitTests.Validators.Models.CanadianHighSchoolValidatorTests.Validator_ShouldFail_WhenNotCurrentlyAttending_FieldsMissing_InCanadian" computerName="VISHWA-KOOLLA" duration="00:00:00.0120000" startTime="2019-10-11T13:38:16.0646628-04:00" endTime="2019-10-11T13:38:16.0646628-04:00" testType="13cdc9d9-ddb5-4fa4-a97d-d965ccfc6d4b" outcome="Passed" testListId="8c84fa94-04c1-424b-9868-57a2d4851a1d" relativeResultsDirectory="f7168fdd-1a7e-47c5-8f4d-4b5bbe13b76a" />
    <UnitTestResult executionId="f996af6f-520b-4683-82ee-318e753dad91" testId="e53e282a-c400-0a4c-f248-7852257f23a5" testName="Ocas.Domestic.Apply.Api.Services.UnitTests.Handlers.GetSupportingDocumentsHandlerTests.GetSupportingDocumentsHandler_ShouldPass_When_ReturnEmpty" computerName="VISHWA-KOOLLA" duration="00:00:00.1850000" startTime="2019-10-11T13:38:34.5735073-04:00" endTime="2019-10-11T13:38:34.5735073-04:00" testType="13cdc9d9-ddb5-4fa4-a97d-d965ccfc6d4b" outcome="Passed" testListId="8c84fa94-04c1-424b-9868-57a2d4851a1d" relativeResultsDirectory="f996af6f-520b-4683-82ee-318e753dad91" />
    <UnitTestResult executionId="22e8c9c6-1691-4e6c-8696-53e47dcd9b5c" testId="a30e97c3-9056-cba4-7db4-bf8b2d144098" testName="Ocas.Domestic.Apply.Api.Services.UnitTests.Mappers.ApiMapperTests.MapCollegeInformations_ShouldPass" computerName="VISHWA-KOOLLA" duration="00:00:00.0050000" startTime="2019-10-11T13:38:17.0011778-04:00" endTime="2019-10-11T13:38:17.0011778-04:00" testType="13cdc9d9-ddb5-4fa4-a97d-d965ccfc6d4b" outcome="Passed" testListId="8c84fa94-04c1-424b-9868-57a2d4851a1d" relativeResultsDirectory="22e8c9c6-1691-4e6c-8696-53e47dcd9b5c" />
    <UnitTestResult executionId="3a71f270-1e5b-4e00-8f31-2c3b6bf00c33" testId="2684d4a4-d1db-0ef4-f2cf-87ed4cecd799" testName="Ocas.Domestic.Apply.Api.Services.UnitTests.Handlers.UpdateProgramChoicesHandlerTests.UpdateProgramChoiceHandler_ShouldPass_When_AlternateChoice" computerName="VISHWA-KOOLLA" duration="00:00:00.2680000" startTime="2019-10-11T13:38:44.8125063-04:00" endTime="2019-10-11T13:38:44.8125063-04:00" testType="13cdc9d9-ddb5-4fa4-a97d-d965ccfc6d4b" outcome="Passed" testListId="8c84fa94-04c1-424b-9868-57a2d4851a1d" relativeResultsDirectory="3a71f270-1e5b-4e00-8f31-2c3b6bf00c33" />
    <UnitTestResult executionId="76207b43-a074-4f7c-89ab-558e446ca081" testId="bd7e7782-00b7-8ffb-6962-9803b6c3ec7e" testName="Ocas.Domestic.Apply.Api.Services.UnitTests.Handlers.ClaimVoucherHandlerTests.ClaimVoucher_ShouldThrow_WhenShoppingCartProductIsMissing" computerName="VISHWA-KOOLLA" duration="00:00:00.2000000" startTime="2019-10-11T13:38:18.9188824-04:00" endTime="2019-10-11T13:38:18.9188824-04:00" testType="13cdc9d9-ddb5-4fa4-a97d-d965ccfc6d4b" outcome="Passed" testListId="8c84fa94-04c1-424b-9868-57a2d4851a1d" relativeResultsDirectory="76207b43-a074-4f7c-89ab-558e446ca081" />
    <UnitTestResult executionId="d24eb60e-ebab-417b-98e1-7dede4806b2a" testId="5e5fbac6-a7b1-f3f6-f5fc-8ae1ec4676e9" testName="Ocas.Domestic.Apply.Api.Services.UnitTests.Mappers.ApiMapperTests.MapApplicant_ShouldPass_When_TitleId_Known" computerName="VISHWA-KOOLLA" duration="00:00:00.0040000" startTime="2019-10-11T13:38:17.1447920-04:00" endTime="2019-10-11T13:38:17.1447920-04:00" testType="13cdc9d9-ddb5-4fa4-a97d-d965ccfc6d4b" outcome="Passed" testListId="8c84fa94-04c1-424b-9868-57a2d4851a1d" relativeResultsDirectory="d24eb60e-ebab-417b-98e1-7dede4806b2a" />
    <UnitTestResult executionId="023b4c33-0dde-4693-a4af-ad3ca121ac63" testId="96c14473-28dd-eaa1-3021-3b243612a1cc" testName="Ocas.Domestic.Apply.Api.Services.UnitTests.Validators.Models.ProgramChoiceBaseValidatorTests.ProgramChoiceBaseValidator_ShouldPass" computerName="VISHWA-KOOLLA" duration="00:00:00.0040000" startTime="2019-10-11T13:38:16.4576113-04:00" endTime="2019-10-11T13:38:16.4576113-04:00" testType="13cdc9d9-ddb5-4fa4-a97d-d965ccfc6d4b" outcome="Passed" testListId="8c84fa94-04c1-424b-9868-57a2d4851a1d" relativeResultsDirectory="023b4c33-0dde-4693-a4af-ad3ca121ac63" />
    <UnitTestResult executionId="2a5feada-33b3-4eb4-a8cd-15f04f9942c2" testId="8bff8787-f1e3-57b2-0622-e2ed3086e44a" testName="Ocas.Domestic.Apply.Api.Services.UnitTests.Handlers.UpdateProgramChoicesHandlerTests.UpdateProgramChoicesHandler_ShouldPass" computerName="VISHWA-KOOLLA" duration="00:00:00.2110000" startTime="2019-10-11T13:38:45.2180792-04:00" endTime="2019-10-11T13:38:45.2180792-04:00" testType="13cdc9d9-ddb5-4fa4-a97d-d965ccfc6d4b" outcome="Passed" testListId="8c84fa94-04c1-424b-9868-57a2d4851a1d" relativeResultsDirectory="2a5feada-33b3-4eb4-a8cd-15f04f9942c2" />
    <UnitTestResult executionId="436596ea-ccca-4e5b-8630-572af32cd207" testId="4eebf93a-5557-6354-aad0-e4eee8b98e28" testName="Ocas.Domestic.Apply.Api.Services.UnitTests.Validators.Messages.GetCitiesValidatorTests.GetCitiesValidator_ShouldPass_WhenValidProvince" computerName="VISHWA-KOOLLA" duration="00:00:00.0110000" startTime="2019-10-11T13:38:16.5633284-04:00" endTime="2019-10-11T13:38:16.5633284-04:00" testType="13cdc9d9-ddb5-4fa4-a97d-d965ccfc6d4b" outcome="Passed" testListId="8c84fa94-04c1-424b-9868-57a2d4851a1d" relativeResultsDirectory="436596ea-ccca-4e5b-8630-572af32cd207" />
    <UnitTestResult executionId="83e42070-c29c-41f9-9bae-07b616499088" testId="efc7e287-d3b0-1786-d35e-9da7098e7c94" testName="Ocas.Domestic.Apply.Api.Services.UnitTests.Validators.Models.ApplicantValidatorTests.Validator_ShouldFail_When_PreferredLanguage_Invalid" computerName="VISHWA-KOOLLA" duration="00:00:00.0140000" startTime="2019-10-11T13:38:15.8203506-04:00" endTime="2019-10-11T13:38:15.8203506-04:00" testType="13cdc9d9-ddb5-4fa4-a97d-d965ccfc6d4b" outcome="Passed" testListId="8c84fa94-04c1-424b-9868-57a2d4851a1d" relativeResultsDirectory="83e42070-c29c-41f9-9bae-07b616499088" />
    <UnitTestResult executionId="a1f173e4-20f3-41cc-bb6c-95db57b8c24c" testId="c041ed90-e01c-f6fd-01d3-44ed101d5ea6" testName="Ocas.Domestic.Apply.Api.Services.UnitTests.Mappers.DtoMapperTests.PatchEducation_Should_Patch_OntarioCanadianHighSchool" computerName="VISHWA-KOOLLA" duration="00:00:00.1510000" startTime="2019-10-11T13:38:17.6015703-04:00" endTime="2019-10-11T13:38:17.6015703-04:00" testType="13cdc9d9-ddb5-4fa4-a97d-d965ccfc6d4b" outcome="Passed" testListId="8c84fa94-04c1-424b-9868-57a2d4851a1d" relativeResultsDirectory="a1f173e4-20f3-41cc-bb6c-95db57b8c24c" />
    <UnitTestResult executionId="6b10ebd5-2d19-404b-b733-08db7ffdc971" testId="bb0c6d81-416b-9e54-b3fb-c462ba778467" testName="Ocas.Domestic.Apply.Api.Services.UnitTests.Handlers.ClaimVoucherHandlerTests.ClaimVoucher_ShouldThrow_WhenVoucherDoesNotExist" computerName="VISHWA-KOOLLA" duration="00:00:00.1970000" startTime="2019-10-11T13:38:19.7297392-04:00" endTime="2019-10-11T13:38:19.7297392-04:00" testType="13cdc9d9-ddb5-4fa4-a97d-d965ccfc6d4b" outcome="Passed" testListId="8c84fa94-04c1-424b-9868-57a2d4851a1d" relativeResultsDirectory="6b10ebd5-2d19-404b-b733-08db7ffdc971" />
    <UnitTestResult executionId="ab052d03-36a3-4770-ae4a-00e90afc9a21" testId="fd57c0b1-fb69-f259-a706-7cced98561b6" testName="Ocas.Domestic.Apply.Api.Services.UnitTests.Handlers.CompleteProgramsHandlerTests.CompletePrograms_ShouldThrow_WhenNoChoices" computerName="VISHWA-KOOLLA" duration="00:00:00.2030000" startTime="2019-10-11T13:38:20.3101608-04:00" endTime="2019-10-11T13:38:20.3101608-04:00" testType="13cdc9d9-ddb5-4fa4-a97d-d965ccfc6d4b" outcome="Passed" testListId="8c84fa94-04c1-424b-9868-57a2d4851a1d" relativeResultsDirectory="ab052d03-36a3-4770-ae4a-00e90afc9a21" />
    <UnitTestResult executionId="c39972f7-048b-466d-a2b7-617169124840" testId="0b860545-0b5a-7420-8dd7-6175497585ec" testName="Ocas.Domestic.Apply.Api.Services.UnitTests.Handlers.GetOsapTokenHandlerTests.GetOsapToken_ShouldPass" computerName="VISHWA-KOOLLA" duration="00:00:00.2830000" startTime="2019-10-11T13:38:32.6361935-04:00" endTime="2019-10-11T13:38:32.6361935-04:00" testType="13cdc9d9-ddb5-4fa4-a97d-d965ccfc6d4b" outcome="Passed" testListId="8c84fa94-04c1-424b-9868-57a2d4851a1d" relativeResultsDirectory="c39972f7-048b-466d-a2b7-617169124840" />
    <UnitTestResult executionId="8751566b-14cd-4870-8660-8b28d880f425" testId="f8439cbf-75a6-772f-932e-ff4189d2c5c2" testName="Ocas.Domestic.Apply.Api.Services.UnitTests.Handlers.CreateApplicantBaseHandlerTests.CreateApplicantBaseHandler_ShouldThrow_When_IsDuplicateDetails" computerName="VISHWA-KOOLLA" duration="00:00:00.2030000" startTime="2019-10-11T13:38:22.1560697-04:00" endTime="2019-10-11T13:38:22.1560697-04:00" testType="13cdc9d9-ddb5-4fa4-a97d-d965ccfc6d4b" outcome="Passed" testListId="8c84fa94-04c1-424b-9868-57a2d4851a1d" relativeResultsDirectory="8751566b-14cd-4870-8660-8b28d880f425" />
    <UnitTestResult executionId="0075ebd4-f620-4785-bc99-9886c4f459d6" testId="ecb53429-349d-9c63-7a99-2605158d5291" testName="Ocas.Domestic.Apply.Api.Services.UnitTests.Handlers.ClaimVoucherHandlerTests.ClaimVoucher_ShouldThrow_WhenNotIssued" computerName="VISHWA-KOOLLA" duration="00:00:00.1920000" startTime="2019-10-11T13:38:20.1067050-04:00" endTime="2019-10-11T13:38:20.1067050-04:00" testType="13cdc9d9-ddb5-4fa4-a97d-d965ccfc6d4b" outcome="Passed" testListId="8c84fa94-04c1-424b-9868-57a2d4851a1d" relativeResultsDirectory="0075ebd4-f620-4785-bc99-9886c4f459d6" />
    <UnitTestResult executionId="6f0eff28-3c1a-4aba-ab27-7184149dfeea" testId="9126a09c-75b8-da26-d6df-f63fe9f17934" testName="Ocas.Domestic.Apply.Api.Services.UnitTests.Validators.Messages.GetFinancialTransactionsValidatorTests.GetFinancialTransactionsValidator_ShouldFail_When_ApplicationId_Empty" computerName="VISHWA-KOOLLA" duration="00:00:00.2950000" startTime="2019-10-11T13:38:14.1647519-04:00" endTime="2019-10-11T13:38:14.1647519-04:00" testType="13cdc9d9-ddb5-4fa4-a97d-d965ccfc6d4b" outcome="Passed" testListId="8c84fa94-04c1-424b-9868-57a2d4851a1d" relativeResultsDirectory="6f0eff28-3c1a-4aba-ab27-7184149dfeea" />
    <UnitTestResult executionId="b972754c-292b-41f3-b44c-3c5fe9669cc3" testId="def69aa9-51c6-3501-74b8-a2ed6db14743" testName="Ocas.Domestic.Apply.Api.Services.UnitTests.Validators.OenValidatorTests.OenValidator_Should_Fail_When_Empty" computerName="VISHWA-KOOLLA" duration="00:00:00.1880000" startTime="2019-10-11T13:38:15.1996078-04:00" endTime="2019-10-11T13:38:15.1996078-04:00" testType="13cdc9d9-ddb5-4fa4-a97d-d965ccfc6d4b" outcome="Passed" testListId="8c84fa94-04c1-424b-9868-57a2d4851a1d" relativeResultsDirectory="b972754c-292b-41f3-b44c-3c5fe9669cc3" />
    <UnitTestResult executionId="f1e923d2-497a-43a4-91f1-cc8a3f0cd880" testId="13110422-f8e8-48da-cea2-a363e0c5e393" testName="Ocas.Domestic.Apply.Api.Services.UnitTests.Mappers.ApiMapperTests.MapApplicant_ShouldPass_When_DoNotSendNull_Then_AgreedToCaslNull" computerName="VISHWA-KOOLLA" duration="00:00:00.0090000" startTime="2019-10-11T13:38:16.8316319-04:00" endTime="2019-10-11T13:38:16.8316319-04:00" testType="13cdc9d9-ddb5-4fa4-a97d-d965ccfc6d4b" outcome="Passed" testListId="8c84fa94-04c1-424b-9868-57a2d4851a1d" relativeResultsDirectory="f1e923d2-497a-43a4-91f1-cc8a3f0cd880" />
    <UnitTestResult executionId="5d5dcfdf-5640-42c1-a690-198649136143" testId="a58307bd-cf89-25ed-7343-cd0053bd8edd" testName="Ocas.Domestic.Apply.Api.Services.UnitTests.Validators.Messages.GetCollegeTemplateValidatorTests.GetCollegeTemplateValidator_ShouldFail_When_CollegeIdEmpty" computerName="VISHWA-KOOLLA" duration="00:00:00.0240000" startTime="2019-10-11T13:38:16.6002304-04:00" endTime="2019-10-11T13:38:16.6002304-04:00" testType="13cdc9d9-ddb5-4fa4-a97d-d965ccfc6d4b" outcome="Passed" testListId="8c84fa94-04c1-424b-9868-57a2d4851a1d" relativeResultsDirectory="5d5dcfdf-5640-42c1-a690-198649136143" />
    <UnitTestResult executionId="eb059536-5299-47fe-b65d-ea64336f035b" testId="9be8cd01-31b4-b857-eaaa-2f2734211524" testName="Ocas.Domestic.Apply.Api.Services.UnitTests.Validators.Models.ApplicantValidatorTests.Validator_ShouldFail_When_Title_Invalid" computerName="VISHWA-KOOLLA" duration="00:00:00.0160000" startTime="2019-10-11T13:38:15.8612074-04:00" endTime="2019-10-11T13:38:15.8612074-04:00" testType="13cdc9d9-ddb5-4fa4-a97d-d965ccfc6d4b" outcome="Passed" testListId="8c84fa94-04c1-424b-9868-57a2d4851a1d" relativeResultsDirectory="eb059536-5299-47fe-b65d-ea64336f035b" />
    <UnitTestResult executionId="1f112308-64aa-424d-b894-922bae43bb61" testId="4097aae1-879f-ad00-0262-148a101316f6" testName="Ocas.Domestic.Apply.Api.Services.UnitTests.Mappers.ApiMapperTests.MapTranscriptTransmissions_ShouldPass_Without_Institution" computerName="VISHWA-KOOLLA" duration="00:00:00.0110000" startTime="2019-10-11T13:38:16.9951683-04:00" endTime="2019-10-11T13:38:16.9951683-04:00" testType="13cdc9d9-ddb5-4fa4-a97d-d965ccfc6d4b" outcome="Passed" testListId="8c84fa94-04c1-424b-9868-57a2d4851a1d" relativeResultsDirectory="1f112308-64aa-424d-b894-922bae43bb61" />
    <UnitTestResult executionId="74023eda-f4f2-4c43-8bfd-fe5241199638" testId="e115b9c2-9070-a516-0416-e40fbb6af5be" testName="Ocas.Domestic.Apply.Api.Services.UnitTests.Validators.Models.TranscriptRequestBaseValidatorTests.TranscriptRequestBaseValidator_ShouldPass" computerName="VISHWA-KOOLLA" duration="00:00:00.0050000" startTime="2019-10-11T13:38:16.4915206-04:00" endTime="2019-10-11T13:38:16.4915206-04:00" testType="13cdc9d9-ddb5-4fa4-a97d-d965ccfc6d4b" outcome="Passed" testListId="8c84fa94-04c1-424b-9868-57a2d4851a1d" relativeResultsDirectory="74023eda-f4f2-4c43-8bfd-fe5241199638" />
    <UnitTestResult executionId="a7ce4763-4b19-45ca-82a3-b5548ad44dd0" testId="0d0e9945-6d27-fc96-b21a-ecf38c751b88" testName="Ocas.Domestic.Apply.Api.Services.UnitTests.Behaviors.UserAuthorizationBehaviorTests.Behavior_ShouldFail_With_Unauthorized" computerName="VISHWA-KOOLLA" duration="00:00:00.0130000" startTime="2019-10-11T13:38:14.2345659-04:00" endTime="2019-10-11T13:38:14.2345659-04:00" testType="13cdc9d9-ddb5-4fa4-a97d-d965ccfc6d4b" outcome="Passed" testListId="8c84fa94-04c1-424b-9868-57a2d4851a1d" relativeResultsDirectory="a7ce4763-4b19-45ca-82a3-b5548ad44dd0" />
    <UnitTestResult executionId="b0fb209a-58b9-4819-95c5-5403f871846f" testId="caf75f59-0cde-fa2c-abdb-c6749c5d700a" testName="Ocas.Domestic.Apply.Api.Services.UnitTests.Handlers.GetPartnerBrandingHandlerTests.GetPartnerBrandingHandler_ShouldThrow_WhenPartnerBranding_DoesNotAllowCba" computerName="VISHWA-KOOLLA" duration="00:00:00.0070000" startTime="2019-10-11T13:38:32.6521437-04:00" endTime="2019-10-11T13:38:32.6521437-04:00" testType="13cdc9d9-ddb5-4fa4-a97d-d965ccfc6d4b" outcome="Passed" testListId="8c84fa94-04c1-424b-9868-57a2d4851a1d" relativeResultsDirectory="b0fb209a-58b9-4819-95c5-5403f871846f" />
    <UnitTestResult executionId="dd7dde95-ff05-49e9-b5d7-555b395bcc5b" testId="51ff8f86-cc3f-c585-09cb-e0cf00e2fa8c" testName="Ocas.Domestic.Apply.Api.Services.UnitTests.Mappers.ApiMapperTests.MapInstituteWarnings_ShouldPass_When_Transcript" computerName="VISHWA-KOOLLA" duration="00:00:00.0010000" startTime="2019-10-11T13:38:17.2116136-04:00" endTime="2019-10-11T13:38:17.2116136-04:00" testType="13cdc9d9-ddb5-4fa4-a97d-d965ccfc6d4b" outcome="Passed" testListId="8c84fa94-04c1-424b-9868-57a2d4851a1d" relativeResultsDirectory="dd7dde95-ff05-49e9-b5d7-555b395bcc5b" />
    <UnitTestResult executionId="94fd805d-5033-4593-9d64-2d3b408d4d75" testId="0e4d3f08-b555-1b86-11a7-50e4fb3aaaac" testName="Ocas.Domestic.Apply.Api.Services.UnitTests.Validators.Models.ApplicantValidatorTests.Validator_ShouldFail_When_MailingAddress_Null" computerName="VISHWA-KOOLLA" duration="00:00:00.0100000" startTime="2019-10-11T13:38:15.6108763-04:00" endTime="2019-10-11T13:38:15.6108763-04:00" testType="13cdc9d9-ddb5-4fa4-a97d-d965ccfc6d4b" outcome="Passed" testListId="8c84fa94-04c1-424b-9868-57a2d4851a1d" relativeResultsDirectory="94fd805d-5033-4593-9d64-2d3b408d4d75" />
    <UnitTestResult executionId="b7ba6f9d-19f6-4819-a1a3-e43bcc3a48cb" testId="42df1bd9-dc2b-fd38-7f17-39e7aba8b13f" testName="Ocas.Domestic.Apply.Api.Services.UnitTests.Validators.Models.TranscriptRequestBaseValidatorTests.TranscriptRequestBaseValidator_ShouldFail_When_TransmissionIdInvalid" computerName="VISHWA-KOOLLA" duration="00:00:00.0290000" startTime="2019-10-11T13:38:16.4865600-04:00" endTime="2019-10-11T13:38:16.4865600-04:00" testType="13cdc9d9-ddb5-4fa4-a97d-d965ccfc6d4b" outcome="Passed" testListId="8c84fa94-04c1-424b-9868-57a2d4851a1d" relativeResultsDirectory="b7ba6f9d-19f6-4819-a1a3-e43bcc3a48cb" />
    <UnitTestResult executionId="2a1fa528-296f-4833-aab5-fd0989b3ccf0" testId="952739b1-2fe6-ed72-abec-618dc6fb6e17" testName="Ocas.Domestic.Apply.Api.Services.UnitTests.Handlers.ReissueTranscriptRequestHandlerTests.ReissueTranscriptRequest_ShouldPass" computerName="VISHWA-KOOLLA" duration="00:00:00.2400000" startTime="2019-10-11T13:38:38.0122421-04:00" endTime="2019-10-11T13:38:38.0122421-04:00" testType="13cdc9d9-ddb5-4fa4-a97d-d965ccfc6d4b" outcome="Passed" testListId="8c84fa94-04c1-424b-9868-57a2d4851a1d" relativeResultsDirectory="2a1fa528-296f-4833-aab5-fd0989b3ccf0" />
    <UnitTestResult executionId="4ec4f349-e96f-41f7-91f8-9d1c1ab3437a" testId="d56f3303-ae36-09d5-bdc1-6357e341ae6a" testName="Ocas.Domestic.Apply.Api.Services.UnitTests.Validators.IApplicantUserValidatorTests.Validator_ShouldPass" computerName="VISHWA-KOOLLA" duration="00:00:00.0990000" startTime="2019-10-11T13:38:13.3994007-04:00" endTime="2019-10-11T13:38:13.3994007-04:00" testType="13cdc9d9-ddb5-4fa4-a97d-d965ccfc6d4b" outcome="Passed" testListId="8c84fa94-04c1-424b-9868-57a2d4851a1d" relativeResultsDirectory="4ec4f349-e96f-41f7-91f8-9d1c1ab3437a" />
    <UnitTestResult executionId="f3ff63a2-5416-4be2-9d04-af5233c05c0c" testId="9ba14096-4049-fb4c-9e6a-42a86aaff897" testName="Ocas.Domestic.Apply.Api.Services.UnitTests.Behaviors.UserAuthorizationBehaviorTests.Behavior_ShouldPass_With_Authorized" computerName="VISHWA-KOOLLA" duration="00:00:00.0450000" startTime="2019-10-11T13:38:14.2235945-04:00" endTime="2019-10-11T13:38:14.2235945-04:00" testType="13cdc9d9-ddb5-4fa4-a97d-d965ccfc6d4b" outcome="Passed" testListId="8c84fa94-04c1-424b-9868-57a2d4851a1d" relativeResultsDirectory="f3ff63a2-5416-4be2-9d04-af5233c05c0c" />
    <UnitTestResult executionId="04f12a4a-aebb-4ae9-88fa-dede2b8919bf" testId="a8fdcb19-b1f6-bd99-0fe5-12d9213f43c8" testName="Ocas.Domestic.Apply.Api.Services.UnitTests.Validators.OenValidatorTests.OenValidator_Should_Fail_When_InvalidChecksum" computerName="VISHWA-KOOLLA" duration="00:00:00.2370000" startTime="2019-10-11T13:38:15.0120707-04:00" endTime="2019-10-11T13:38:15.0120707-04:00" testType="13cdc9d9-ddb5-4fa4-a97d-d965ccfc6d4b" outcome="Passed" testListId="8c84fa94-04c1-424b-9868-57a2d4851a1d" relativeResultsDirectory="04f12a4a-aebb-4ae9-88fa-dede2b8919bf" />
    <UnitTestResult executionId="2e04b587-1ca8-458a-93cc-7bf11abbfe49" testId="a0da7c95-e88d-b423-3fa9-43c3e3f72055" testName="Ocas.Domestic.Apply.Api.Services.UnitTests.Handlers.RemoveVoucherHandlerTests.RemoveVoucher_ShouldThrow_WhenPaymentLocked" computerName="VISHWA-KOOLLA" duration="00:00:00.1920000" startTime="2019-10-11T13:38:40.4940576-04:00" endTime="2019-10-11T13:38:40.4940576-04:00" testType="13cdc9d9-ddb5-4fa4-a97d-d965ccfc6d4b" outcome="Passed" testListId="8c84fa94-04c1-424b-9868-57a2d4851a1d" relativeResultsDirectory="2e04b587-1ca8-458a-93cc-7bf11abbfe49" />
    <UnitTestResult executionId="7db8c586-03bd-463e-9a86-9cfdbf50c7f8" testId="57270b82-1f75-e568-e0ee-16607e2ff79c" testName="Ocas.Domestic.Apply.Api.Services.UnitTests.Mappers.ApiMapperTests.MapOrderDetail_ShouldPass_When_Voucher" computerName="VISHWA-KOOLLA" duration="00:00:00.0080000" startTime="2019-10-11T13:38:16.8226619-04:00" endTime="2019-10-11T13:38:16.8226619-04:00" testType="13cdc9d9-ddb5-4fa4-a97d-d965ccfc6d4b" outcome="Passed" testListId="8c84fa94-04c1-424b-9868-57a2d4851a1d" relativeResultsDirectory="7db8c586-03bd-463e-9a86-9cfdbf50c7f8" />
    <UnitTestResult executionId="7d391660-9e2e-49d9-908e-08017f849483" testId="fdeeabc6-444e-6ce5-acaf-df5876acdf77" testName="Ocas.Domestic.Apply.Api.Services.UnitTests.Validators.ApplicantCreateValidatorTests.Validator_ShouldFail_With_FirstName_Length" computerName="VISHWA-KOOLLA" duration="00:00:00.0100000" startTime="2019-10-11T13:38:14.3831670-04:00" endTime="2019-10-11T13:38:14.3831670-04:00" testType="13cdc9d9-ddb5-4fa4-a97d-d965ccfc6d4b" outcome="Passed" testListId="8c84fa94-04c1-424b-9868-57a2d4851a1d" relativeResultsDirectory="7d391660-9e2e-49d9-908e-08017f849483" />
    <UnitTestResult executionId="ac706c06-fb70-4c04-82ac-943bb2caa9c7" testId="ef0a7342-5986-b52f-faf0-461c503b1e20" testName="Ocas.Domestic.Apply.Api.Services.UnitTests.Handlers.DeleteTranscriptRequestHandlerTests.DeleteTranscriptRequest_ShouldThrow_When_RequestNoApplicant" computerName="VISHWA-KOOLLA" duration="00:00:00.2040000" startTime="2019-10-11T13:38:29.3227527-04:00" endTime="2019-10-11T13:38:29.3227527-04:00" testType="13cdc9d9-ddb5-4fa4-a97d-d965ccfc6d4b" outcome="Passed" testListId="8c84fa94-04c1-424b-9868-57a2d4851a1d" relativeResultsDirectory="ac706c06-fb70-4c04-82ac-943bb2caa9c7" />
    <UnitTestResult executionId="152a7f14-c18f-422b-b3f0-43c77b5cf9b9" testId="c8316f99-25ef-3997-5a36-0c3f1bf1f71e" testName="Ocas.Domestic.Apply.Api.Services.UnitTests.Validators.Messages.UpdateProgramChoicesValidatorTests.UpdateProgramChoicesValidator_ShouldFail_When_ApplicationIdEmpty" computerName="VISHWA-KOOLLA" duration="00:00:00.0180000" startTime="2019-10-11T13:38:16.6909869-04:00" endTime="2019-10-11T13:38:16.6909869-04:00" testType="13cdc9d9-ddb5-4fa4-a97d-d965ccfc6d4b" outcome="Passed" testListId="8c84fa94-04c1-424b-9868-57a2d4851a1d" relativeResultsDirectory="152a7f14-c18f-422b-b3f0-43c77b5cf9b9" />
    <UnitTestResult executionId="1103fab6-b9f6-45ad-a555-718f4aa0986b" testId="02af9d40-f36e-af48-1589-573d249b8892" testName="Ocas.Domestic.Apply.Api.Services.UnitTests.Handlers.CreateApplicantBaseHandlerTests.CreateApplicantBaseHandler_ShouldThrow_When_IsDuplicateEmail" computerName="VISHWA-KOOLLA" duration="00:00:00.2440000" startTime="2019-10-11T13:38:21.7467266-04:00" endTime="2019-10-11T13:38:21.7467266-04:00" testType="13cdc9d9-ddb5-4fa4-a97d-d965ccfc6d4b" outcome="Passed" testListId="8c84fa94-04c1-424b-9868-57a2d4851a1d" relativeResultsDirectory="1103fab6-b9f6-45ad-a555-718f4aa0986b" />
    <UnitTestResult executionId="02477f0a-fd07-4482-97b6-7414cdb58047" testId="2946b4b0-480f-74c5-808b-62cd414e991d" testName="Ocas.Domestic.Apply.Api.Services.UnitTests.Mappers.ApiMapperTests.MapEducation_ShouldPass_When_HighSchoolWithEtms" computerName="VISHWA-KOOLLA" duration="00:00:00.0050000" startTime="2019-10-11T13:38:17.0390533-04:00" endTime="2019-10-11T13:38:17.0390533-04:00" testType="13cdc9d9-ddb5-4fa4-a97d-d965ccfc6d4b" outcome="Passed" testListId="8c84fa94-04c1-424b-9868-57a2d4851a1d" relativeResultsDirectory="02477f0a-fd07-4482-97b6-7414cdb58047" />
    <UnitTestResult executionId="541b7049-308e-469e-9789-e1771c00ae45" testId="d5df2a84-8cef-8ac0-d1fa-92b9d126c2ca" testName="Ocas.Domestic.Apply.Api.Services.UnitTests.Handlers.GetSupportingDocumentFileHandlerTests.GetSupportingDocumentFileHandler4HighSchoolGrades_ShouldPass_WithTranscript" computerName="VISHWA-KOOLLA" duration="00:00:00.2670000" startTime="2019-10-11T13:38:32.9387860-04:00" endTime="2019-10-11T13:38:32.9387860-04:00" testType="13cdc9d9-ddb5-4fa4-a97d-d965ccfc6d4b" outcome="Passed" testListId="8c84fa94-04c1-424b-9868-57a2d4851a1d" relativeResultsDirectory="541b7049-308e-469e-9789-e1771c00ae45" />
    <UnitTestResult executionId="8b4206e9-7b97-4b54-b062-5f591dcc5e32" testId="cfaf0e2d-90c5-2ca4-5b0b-1a3c5987bf3c" testName="Ocas.Domestic.Apply.Api.Services.UnitTests.Mappers.ApiMapperTests.MapEducation_ShouldPass_When_UniversityWithEtms" computerName="VISHWA-KOOLLA" duration="00:00:00.0510000" startTime="2019-10-11T13:38:17.2625127-04:00" endTime="2019-10-11T13:38:17.2625127-04:00" testType="13cdc9d9-ddb5-4fa4-a97d-d965ccfc6d4b" outcome="Passed" testListId="8c84fa94-04c1-424b-9868-57a2d4851a1d" relativeResultsDirectory="8b4206e9-7b97-4b54-b062-5f591dcc5e32" />
    <UnitTestResult executionId="b65ecb39-8611-4d60-8a84-d16f1311b000" testId="7ed27f01-c56a-c6ba-1d3a-3137b17eba83" testName="Ocas.Domestic.Apply.Api.Services.UnitTests.Extensions.LookupsCacheExtensionsTests.GetSourceId_ShouldPass_When_College_NotAllowedCba" computerName="VISHWA-KOOLLA" duration="00:00:00.0030000" startTime="2019-10-11T13:38:47.7577206-04:00" endTime="2019-10-11T13:38:47.7577206-04:00" testType="13cdc9d9-ddb5-4fa4-a97d-d965ccfc6d4b" outcome="Passed" testListId="8c84fa94-04c1-424b-9868-57a2d4851a1d" relativeResultsDirectory="b65ecb39-8611-4d60-8a84-d16f1311b000" />
    <UnitTestResult executionId="00b1ad2f-f477-4d49-8ef8-a3e9543a833b" testId="5b2a0682-0d7a-eb99-8cfe-b0cac2434473" testName="Ocas.Domestic.Apply.Api.Services.UnitTests.Handlers.CreateTranscriptRequestHandlerTests.CreateTranscriptRequest_ShouldPass_When_NewApply" computerName="VISHWA-KOOLLA" duration="00:00:00.2290000" startTime="2019-10-11T13:38:27.2916996-04:00" endTime="2019-10-11T13:38:27.2916996-04:00" testType="13cdc9d9-ddb5-4fa4-a97d-d965ccfc6d4b" outcome="Passed" testListId="8c84fa94-04c1-424b-9868-57a2d4851a1d" relativeResultsDirectory="00b1ad2f-f477-4d49-8ef8-a3e9543a833b" />
    <UnitTestResult executionId="1b896bfc-d98e-44e4-85f1-8c40725bc355" testId="770b15a4-e4d0-bf58-71b3-caeba3b4b0a8" testName="Ocas.Domestic.Apply.Api.Services.UnitTests.Mappers.ApiMapperTests.MapOrder_ShouldPass" computerName="VISHWA-KOOLLA" duration="00:00:00.0070000" startTime="2019-10-11T13:38:17.0949283-04:00" endTime="2019-10-11T13:38:17.0949283-04:00" testType="13cdc9d9-ddb5-4fa4-a97d-d965ccfc6d4b" outcome="Passed" testListId="8c84fa94-04c1-424b-9868-57a2d4851a1d" relativeResultsDirectory="1b896bfc-d98e-44e4-85f1-8c40725bc355" />
    <UnitTestResult executionId="d1706f3d-04e4-4559-9033-e4c3829c869d" testId="eb095953-9046-a91f-8920-ab72dcc79cb2" testName="Ocas.Domestic.Apply.Api.Services.UnitTests.Mappers.ApiMapperTests.MapShoppingCart_ShouldPass_When_AccountBalance" computerName="VISHWA-KOOLLA" duration="00:00:00.0010000" startTime="2019-10-11T13:38:17.1637413-04:00" endTime="2019-10-11T13:38:17.1637413-04:00" testType="13cdc9d9-ddb5-4fa4-a97d-d965ccfc6d4b" outcome="Passed" testListId="8c84fa94-04c1-424b-9868-57a2d4851a1d" relativeResultsDirectory="d1706f3d-04e4-4559-9033-e4c3829c869d" />
    <UnitTestResult executionId="72063c0f-9ae3-43bc-8c67-b0210ecdd741" testId="9c946757-53f1-a137-194d-8beafa8df5a0" testName="Ocas.Domestic.Apply.Api.Services.UnitTests.Validators.Models.EducationBaseValidatorTests.Validator_ShouldFail_WhenDatesNotFormatted" computerName="VISHWA-KOOLLA" duration="00:00:00.0190000" startTime="2019-10-11T13:38:16.1943485-04:00" endTime="2019-10-11T13:38:16.1943485-04:00" testType="13cdc9d9-ddb5-4fa4-a97d-d965ccfc6d4b" outcome="Passed" testListId="8c84fa94-04c1-424b-9868-57a2d4851a1d" relativeResultsDirectory="72063c0f-9ae3-43bc-8c67-b0210ecdd741" />
    <UnitTestResult executionId="afa969c4-6d9c-4eda-8e2d-aae7da8756c8" testId="7e3612ed-a062-be4f-5d2b-4590a254a22c" testName="Ocas.Domestic.Apply.Api.Services.UnitTests.Handlers.GetSupportingDocumentFileHandlerTests.GetSupportingDocumentFileHandler_Should_Throw_When_Base64_Empty" computerName="VISHWA-KOOLLA" duration="00:00:00.1900000" startTime="2019-10-11T13:38:33.9601204-04:00" endTime="2019-10-11T13:38:33.9601204-04:00" testType="13cdc9d9-ddb5-4fa4-a97d-d965ccfc6d4b" outcome="Passed" testListId="8c84fa94-04c1-424b-9868-57a2d4851a1d" relativeResultsDirectory="afa969c4-6d9c-4eda-8e2d-aae7da8756c8" />
    <UnitTestResult executionId="6c5aa437-16e5-408d-8e44-2b5ed62647dc" testId="ab4c2e9d-3af2-f4d3-0c39-df2b4a76e60d" testName="Ocas.Domestic.Apply.Api.Services.UnitTests.Validators.Models.ProgramChoiceBaseValidatorTests.ProgramChoiceBaseValidator_ShouldThrow_When_EntryLevelInvalid" computerName="VISHWA-KOOLLA" duration="00:00:00.0100000" startTime="2019-10-11T13:38:16.4536221-04:00" endTime="2019-10-11T13:38:16.4536221-04:00" testType="13cdc9d9-ddb5-4fa4-a97d-d965ccfc6d4b" outcome="Passed" testListId="8c84fa94-04c1-424b-9868-57a2d4851a1d" relativeResultsDirectory="6c5aa437-16e5-408d-8e44-2b5ed62647dc" />
    <UnitTestResult executionId="4b95e319-c822-4647-b482-9021184fb748" testId="0f504120-6971-2225-937a-525678f12149" testName="Ocas.Domestic.Apply.Api.Services.UnitTests.Authorization.UserAuthorizationTests.CanAccessApplicantAsync_ShouldPass_When_SubjectIdMatchUpn" computerName="VISHWA-KOOLLA" duration="00:00:01.0140000" startTime="2019-10-11T13:38:14.2186079-04:00" endTime="2019-10-11T13:38:14.2186079-04:00" testType="13cdc9d9-ddb5-4fa4-a97d-d965ccfc6d4b" outcome="Passed" testListId="8c84fa94-04c1-424b-9868-57a2d4851a1d" relativeResultsDirectory="4b95e319-c822-4647-b482-9021184fb748" />
    <UnitTestResult executionId="1f27e8be-33da-49b8-8fc1-bd63304af961" testId="75f735cf-ce54-fa30-5d12-e1ed3287151c" testName="Ocas.Domestic.Apply.Api.Services.UnitTests.Handlers.ClaimVoucherHandlerTests.ClaimVoucher_ShouldThrow_WhenProductIdIsMissing" computerName="VISHWA-KOOLLA" duration="00:00:00.2090000" startTime="2019-10-11T13:38:18.7184509-04:00" endTime="2019-10-11T13:38:18.7184509-04:00" testType="13cdc9d9-ddb5-4fa4-a97d-d965ccfc6d4b" outcome="Passed" testListId="8c84fa94-04c1-424b-9868-57a2d4851a1d" relativeResultsDirectory="1f27e8be-33da-49b8-8fc1-bd63304af961" />
    <UnitTestResult executionId="466401e2-5532-40a4-a9a7-b4264815e24e" testId="8d0dfbe4-b792-9542-5e6b-3b4db3df76c7" testName="Ocas.Domestic.Apply.Api.Services.UnitTests.Authorization.UserAuthorizationTests.CanAccessApplicantAsync_ShouldFail_When_ApplicantNotActive" computerName="VISHWA-KOOLLA" duration="00:00:00.0200000" startTime="2019-10-11T13:38:14.2664804-04:00" endTime="2019-10-11T13:38:14.2664804-04:00" testType="13cdc9d9-ddb5-4fa4-a97d-d965ccfc6d4b" outcome="Passed" testListId="8c84fa94-04c1-424b-9868-57a2d4851a1d" relativeResultsDirectory="466401e2-5532-40a4-a9a7-b4264815e24e" />
    <UnitTestResult executionId="fe19af4e-f7d7-42d9-97e9-bf6311ab2d58" testId="6695056b-8409-0e65-b607-9a5e39fc9ee3" testName="Ocas.Domestic.Apply.Api.Services.UnitTests.Validators.Models.CanadianUniversityValidatorTests.CanadianUniversityValidator_ShouldFail_WhenMissingFields_InOntarioUniversity" computerName="VISHWA-KOOLLA" duration="00:00:00.0230000" startTime="2019-10-11T13:38:16.0876335-04:00" endTime="2019-10-11T13:38:16.0876335-04:00" testType="13cdc9d9-ddb5-4fa4-a97d-d965ccfc6d4b" outcome="Passed" testListId="8c84fa94-04c1-424b-9868-57a2d4851a1d" relativeResultsDirectory="fe19af4e-f7d7-42d9-97e9-bf6311ab2d58" />
    <UnitTestResult executionId="73c5f221-89c4-48bd-96e9-8b6c6e0f610f" testId="0e8a531c-8e83-c3ba-5bc0-547d6c8747c8" testName="Ocas.Domestic.Apply.Api.Services.UnitTests.Validators.Models.ApplicantValidatorTests.Validator_ShouldFail_When_Intl_Phone_Invalid" computerName="VISHWA-KOOLLA" duration="00:00:00.0100000" startTime="2019-10-11T13:38:15.5829839-04:00" endTime="2019-10-11T13:38:15.5829839-04:00" testType="13cdc9d9-ddb5-4fa4-a97d-d965ccfc6d4b" outcome="Passed" testListId="8c84fa94-04c1-424b-9868-57a2d4851a1d" relativeResultsDirectory="73c5f221-89c4-48bd-96e9-8b6c6e0f610f" />
    <UnitTestResult executionId="dc4b590a-3835-4ab8-8f27-7a74cb74c5b6" testId="3534b3f5-9c29-f1b9-84aa-faa4351dd5d4" testName="Ocas.Domestic.Apply.Api.Services.UnitTests.Handlers.UpdateInternationalCreditAssessmentHandlerTests.UpdateInternationalCreditAssessmentHandler_ShouldPass_When_IntlCredentialAssessment_Removed" computerName="VISHWA-KOOLLA" duration="00:00:00.1980000" startTime="2019-10-11T13:38:43.8052321-04:00" endTime="2019-10-11T13:38:43.8052321-04:00" testType="13cdc9d9-ddb5-4fa4-a97d-d965ccfc6d4b" outcome="Passed" testListId="8c84fa94-04c1-424b-9868-57a2d4851a1d" relativeResultsDirectory="dc4b590a-3835-4ab8-8f27-7a74cb74c5b6" />
    <UnitTestResult executionId="ed6431ed-99c0-456a-be64-ddb288c0e917" testId="92680ef5-aece-24fc-353f-e651e8feae8e" testName="Ocas.Domestic.Apply.Api.Services.UnitTests.Validators.Models.EducationValidatorTests.Validator_ShouldPass_WhenInternational" computerName="VISHWA-KOOLLA" duration="00:00:00.0100000" startTime="2019-10-11T13:38:16.2601402-04:00" endTime="2019-10-11T13:38:16.2601402-04:00" testType="13cdc9d9-ddb5-4fa4-a97d-d965ccfc6d4b" outcome="Passed" testListId="8c84fa94-04c1-424b-9868-57a2d4851a1d" relativeResultsDirectory="ed6431ed-99c0-456a-be64-ddb288c0e917" />
    <UnitTestResult executionId="630db105-2b5f-4854-8d03-e2e387edea90" testId="34ff584d-c1bf-91b9-b1e7-d1d0ad2246ad" testName="Ocas.Domestic.Apply.Api.Services.UnitTests.Validators.Models.CanadianHighSchoolValidatorTests.Validator_ShouldFail_WhenNotCurrentlyAttending_FieldsInvalid_InCanadian" computerName="VISHWA-KOOLLA" duration="00:00:00.0110000" startTime="2019-10-11T13:38:16.0297571-04:00" endTime="2019-10-11T13:38:16.0297571-04:00" testType="13cdc9d9-ddb5-4fa4-a97d-d965ccfc6d4b" outcome="Passed" testListId="8c84fa94-04c1-424b-9868-57a2d4851a1d" relativeResultsDirectory="630db105-2b5f-4854-8d03-e2e387edea90" />
    <UnitTestResult executionId="fb0bf98d-0f67-4dde-8201-252afcfd72fb" testId="8d07df3f-53b4-812e-2207-7abf3d7b1cd0" testName="Ocas.Domestic.Apply.Api.Services.UnitTests.Handlers.PayOrderHandlerTests.PayOrder_ShouldCompleteZeroDollarPayment_WhenTrUpdateFails" computerName="VISHWA-KOOLLA" duration="00:00:00.3240000" startTime="2019-10-11T13:38:34.8976856-04:00" endTime="2019-10-11T13:38:34.8976856-04:00" testType="13cdc9d9-ddb5-4fa4-a97d-d965ccfc6d4b" outcome="Passed" testListId="8c84fa94-04c1-424b-9868-57a2d4851a1d" relativeResultsDirectory="fb0bf98d-0f67-4dde-8201-252afcfd72fb" />
    <UnitTestResult executionId="3687f400-302a-4495-8f8d-8310dc2cf0c7" testId="ca5cccde-320a-8c3f-5aa6-73179f158159" testName="Ocas.Domestic.Apply.Api.Services.UnitTests.Mappers.ApiMapperTests.MapApplicant_ShouldPass_When_DoNotSendTrue_Then_AgreedToCaslFalse" computerName="VISHWA-KOOLLA" duration="00:00:00.0410000" startTime="2019-10-11T13:38:16.8146883-04:00" endTime="2019-10-11T13:38:16.8146883-04:00" testType="13cdc9d9-ddb5-4fa4-a97d-d965ccfc6d4b" outcome="Passed" testListId="8c84fa94-04c1-424b-9868-57a2d4851a1d" relativeResultsDirectory="3687f400-302a-4495-8f8d-8310dc2cf0c7" />
    <UnitTestResult executionId="6ff1eeaa-3e68-4939-8cd5-b89f72f838d4" testId="f8dc361c-37e3-fba5-7372-c12e646443fc" testName="Ocas.Domestic.Apply.Api.Services.UnitTests.Handlers.ReissueTranscriptRequestHandlerTests.ReissueTranscriptRequest_ShouldThrow_WhenInvalidPostSecondaryStatus" computerName="VISHWA-KOOLLA" duration="00:00:00.1910000" startTime="2019-10-11T13:38:37.5734199-04:00" endTime="2019-10-11T13:38:37.5734199-04:00" testType="13cdc9d9-ddb5-4fa4-a97d-d965ccfc6d4b" outcome="Passed" testListId="8c84fa94-04c1-424b-9868-57a2d4851a1d" relativeResultsDirectory="6ff1eeaa-3e68-4939-8cd5-b89f72f838d4" />
    <UnitTestResult executionId="c7150df2-3975-4fd0-b08d-03d4f7606de6" testId="40e0315f-7dd9-4c8c-0076-af06b169460e" testName="Ocas.Domestic.Apply.Api.Services.UnitTests.Validators.Models.PayOrderInfoValidatorTests.PayOrderInfoValidator_ShouldPass" computerName="VISHWA-KOOLLA" duration="00:00:00.0060000" startTime="2019-10-11T13:38:16.3977937-04:00" endTime="2019-10-11T13:38:16.3977937-04:00" testType="13cdc9d9-ddb5-4fa4-a97d-d965ccfc6d4b" outcome="Passed" testListId="8c84fa94-04c1-424b-9868-57a2d4851a1d" relativeResultsDirectory="c7150df2-3975-4fd0-b08d-03d4f7606de6" />
    <UnitTestResult executionId="907da75b-aa17-4cec-82b2-cb4dc9cc6969" testId="c1ab5aed-bddf-d205-5c10-4654f3b6f0c1" testName="Ocas.Domestic.Apply.Api.Services.UnitTests.Validators.Models.EducationValidatorTests.Validator_ShouldFail_WhenMissingId" computerName="VISHWA-KOOLLA" duration="00:00:00.0160000" startTime="2019-10-11T13:38:16.2511644-04:00" endTime="2019-10-11T13:38:16.2511644-04:00" testType="13cdc9d9-ddb5-4fa4-a97d-d965ccfc6d4b" outcome="Passed" testListId="8c84fa94-04c1-424b-9868-57a2d4851a1d" relativeResultsDirectory="907da75b-aa17-4cec-82b2-cb4dc9cc6969" />
    <UnitTestResult executionId="363a9dcd-92e9-4d9c-8aa8-9413e8196ca4" testId="a9196659-1534-d803-9deb-e2ec54b68d2e" testName="Ocas.Domestic.Apply.Api.Services.UnitTests.Handlers.AcceptOfferHandlerTests.AcceptOffer_ShouldThrow_WhenNotActive" computerName="VISHWA-KOOLLA" duration="00:00:00.1700000" startTime="2019-10-11T13:38:18.2757666-04:00" endTime="2019-10-11T13:38:18.2757666-04:00" testType="13cdc9d9-ddb5-4fa4-a97d-d965ccfc6d4b" outcome="Passed" testListId="8c84fa94-04c1-424b-9868-57a2d4851a1d" relativeResultsDirectory="363a9dcd-92e9-4d9c-8aa8-9413e8196ca4" />
    <UnitTestResult executionId="63e4b562-ba01-4ed2-ae38-4b81647b2d3e" testId="dcbc3183-3c97-ffa1-a625-fce92a6156a4" testName="Ocas.Domestic.Apply.Api.Services.UnitTests.Validators.Messages.GetCollegeTemplateValidatorTests.GetCollegeTemplateValidator_ShouldPass" computerName="VISHWA-KOOLLA" duration="00:00:00.0070000" startTime="2019-10-11T13:38:16.6281921-04:00" endTime="2019-10-11T13:38:16.6281921-04:00" testType="13cdc9d9-ddb5-4fa4-a97d-d965ccfc6d4b" outcome="Passed" testListId="8c84fa94-04c1-424b-9868-57a2d4851a1d" relativeResultsDirectory="63e4b562-ba01-4ed2-ae38-4b81647b2d3e" />
    <UnitTestResult executionId="c7ae51cd-f895-4244-bd4c-9b49558ce843" testId="c55c481a-75e0-dc28-ba3d-412a71c5cc72" testName="Ocas.Domestic.Apply.Api.Services.UnitTests.Handlers.GetApplicantHandlerTests.GetApplicant_ShouldThrow_NotApplicant" computerName="VISHWA-KOOLLA" duration="00:00:00.1860000" startTime="2019-10-11T13:38:29.7199306-04:00" endTime="2019-10-11T13:38:29.7199306-04:00" testType="13cdc9d9-ddb5-4fa4-a97d-d965ccfc6d4b" outcome="Passed" testListId="8c84fa94-04c1-424b-9868-57a2d4851a1d" relativeResultsDirectory="c7ae51cd-f895-4244-bd4c-9b49558ce843" />
    <UnitTestResult executionId="dc2e5912-27d6-475d-bf79-4c0a8a9d798c" testId="3278ff07-1be9-93f5-d32a-d4520ebb5c4f" testName="Ocas.Domestic.Apply.Api.Services.UnitTests.Validators.Models.ApplicantValidatorTests.Validator_ShouldFail_When_Intl_Phone_TooLong" computerName="VISHWA-KOOLLA" duration="00:00:00.0100000" startTime="2019-10-11T13:38:15.7186248-04:00" endTime="2019-10-11T13:38:15.7186248-04:00" testType="13cdc9d9-ddb5-4fa4-a97d-d965ccfc6d4b" outcome="Passed" testListId="8c84fa94-04c1-424b-9868-57a2d4851a1d" relativeResultsDirectory="dc2e5912-27d6-475d-bf79-4c0a8a9d798c" />
    <UnitTestResult executionId="a826f199-91c4-426f-9b99-0d83109d4a51" testId="1ca09bd6-ce67-b45c-9a6f-d08b64627b02" testName="Ocas.Domestic.Apply.Api.Services.UnitTests.Mappers.ApiMapperTests.MapApplicant_ShouldPass_When_AboriginalStatusId_ShownInPortal" computerName="VISHWA-KOOLLA" duration="00:00:00.0190000" startTime="2019-10-11T13:38:17.2824250-04:00" endTime="2019-10-11T13:38:17.2824250-04:00" testType="13cdc9d9-ddb5-4fa4-a97d-d965ccfc6d4b" outcome="Passed" testListId="8c84fa94-04c1-424b-9868-57a2d4851a1d" relativeResultsDirectory="a826f199-91c4-426f-9b99-0d83109d4a51" />
    <UnitTestResult executionId="20c8e3e7-ccdc-46e0-abc1-102ee5da763e" testId="ec669260-0633-5873-1b6d-4c80d879ccbc" testName="Ocas.Domestic.Apply.Api.Services.UnitTests.Handlers.DeclineAllOffersHandlerTests.DeclineAllOffers_ShouldPass_OnlyWhenOffersAreNotDeclined" computerName="VISHWA-KOOLLA" duration="00:00:00.2240000" startTime="2019-10-11T13:38:27.9340956-04:00" endTime="2019-10-11T13:38:27.9340956-04:00" testType="13cdc9d9-ddb5-4fa4-a97d-d965ccfc6d4b" outcome="Passed" testListId="8c84fa94-04c1-424b-9868-57a2d4851a1d" relativeResultsDirectory="20c8e3e7-ccdc-46e0-abc1-102ee5da763e" />
    <UnitTestResult executionId="a65168bb-2d75-43f7-8aa3-7bddc497e6a6" testId="5f28757e-bdfb-c78d-e642-d41728143084" testName="Ocas.Domestic.Apply.Api.Services.UnitTests.Validators.ApplicantCreateValidatorTests.Validator_ShouldFail_With_BirthDate_Invalid" computerName="VISHWA-KOOLLA" duration="00:00:00.0210000" startTime="2019-10-11T13:38:14.3731950-04:00" endTime="2019-10-11T13:38:14.3731950-04:00" testType="13cdc9d9-ddb5-4fa4-a97d-d965ccfc6d4b" outcome="Passed" testListId="8c84fa94-04c1-424b-9868-57a2d4851a1d" relativeResultsDirectory="a65168bb-2d75-43f7-8aa3-7bddc497e6a6" />
    <UnitTestResult executionId="c8b32bf1-1ae0-49f1-b8ad-632fa6dda12b" testId="b4db4e5e-fe06-d381-57ee-0c3501d27586" testName="Ocas.Domestic.Apply.Api.Services.UnitTests.Extensions.LookupsCacheExtensionsTests.GetSourceId_ShouldPass_When_EmptyPartnerCode" computerName="VISHWA-KOOLLA" duration="00:00:00.0020000" startTime="2019-10-11T13:38:47.7387790-04:00" endTime="2019-10-11T13:38:47.7387790-04:00" testType="13cdc9d9-ddb5-4fa4-a97d-d965ccfc6d4b" outcome="Passed" testListId="8c84fa94-04c1-424b-9868-57a2d4851a1d" relativeResultsDirectory="c8b32bf1-1ae0-49f1-b8ad-632fa6dda12b" />
    <UnitTestResult executionId="b5e3d133-1f15-4521-b477-8e61f3c08e88" testId="b634ad24-ca64-d924-9e4d-2d097063324f" testName="Ocas.Domestic.Apply.Api.Services.UnitTests.Mappers.ApiMapperTests.MapApplicant_ShouldPass_When_AboriginalStatusId_NotShownInPortal" computerName="VISHWA-KOOLLA" duration="00:00:00.0340000" startTime="2019-10-11T13:38:17.3891715-04:00" endTime="2019-10-11T13:38:17.3901367-04:00" testType="13cdc9d9-ddb5-4fa4-a97d-d965ccfc6d4b" outcome="Passed" testListId="8c84fa94-04c1-424b-9868-57a2d4851a1d" relativeResultsDirectory="b5e3d133-1f15-4521-b477-8e61f3c08e88" />
    <UnitTestResult executionId="72d11474-c38a-4d52-81bc-2de8dc6439d1" testId="ff7c7b29-46ba-54ef-65e1-2f4529d8a781" testName="Ocas.Domestic.Apply.Api.Services.UnitTests.Mappers.ApiMapperTests.MapApplication_ShouldPass_When_ProgramChoice" computerName="VISHWA-KOOLLA" duration="00:00:00.0010000" startTime="2019-10-11T13:38:17.2635068-04:00" endTime="2019-10-11T13:38:17.2635068-04:00" testType="13cdc9d9-ddb5-4fa4-a97d-d965ccfc6d4b" outcome="Passed" testListId="8c84fa94-04c1-424b-9868-57a2d4851a1d" relativeResultsDirectory="72d11474-c38a-4d52-81bc-2de8dc6439d1" />
    <UnitTestResult executionId="f6d52a31-55ec-48b9-9c22-19b509db23d8" testId="4b241c52-6deb-d923-ee2c-65f4271b308a" testName="Ocas.Domestic.Apply.Api.Services.UnitTests.Validators.Messages.CreateApplicationValidatorTests.CreateApplicationValidator_ShouldPass" computerName="VISHWA-KOOLLA" duration="00:00:00.0100000" startTime="2019-10-11T13:38:16.5513977-04:00" endTime="2019-10-11T13:38:16.5513977-04:00" testType="13cdc9d9-ddb5-4fa4-a97d-d965ccfc6d4b" outcome="Passed" testListId="8c84fa94-04c1-424b-9868-57a2d4851a1d" relativeResultsDirectory="f6d52a31-55ec-48b9-9c22-19b509db23d8" />
    <UnitTestResult executionId="17102e70-61dd-4d88-adb6-f5cb559ea530" testId="c7c5f14b-a754-b266-d4f4-751978c72a20" testName="Ocas.Domestic.Apply.Api.Services.UnitTests.Handlers.RemoveEducationHandlerTests.RemoveEducationHandler_ShouldThrow_When_RequestHasNoApplicant" computerName="VISHWA-KOOLLA" duration="00:00:00.1670000" startTime="2019-10-11T13:38:39.3222155-04:00" endTime="2019-10-11T13:38:39.3222155-04:00" testType="13cdc9d9-ddb5-4fa4-a97d-d965ccfc6d4b" outcome="Passed" testListId="8c84fa94-04c1-424b-9868-57a2d4851a1d" relativeResultsDirectory="17102e70-61dd-4d88-adb6-f5cb559ea530" />
    <UnitTestResult executionId="117a0a5f-355b-4d37-bbe0-4a3cb5e5bc6e" testId="3adfe7fe-a36a-3bb6-14bd-ea3d1cf75131" testName="Ocas.Domestic.Apply.Api.Services.UnitTests.Handlers.GetSupportingDocumentFileHandlerTests.GetSupportingDocumentFileHandler_Should_Throw_When_Invalid_Base64" computerName="VISHWA-KOOLLA" duration="00:00:00.1790000" startTime="2019-10-11T13:38:34.1396405-04:00" endTime="2019-10-11T13:38:34.1396405-04:00" testType="13cdc9d9-ddb5-4fa4-a97d-d965ccfc6d4b" outcome="Passed" testListId="8c84fa94-04c1-424b-9868-57a2d4851a1d" relativeResultsDirectory="117a0a5f-355b-4d37-bbe0-4a3cb5e5bc6e" />
    <UnitTestResult executionId="ac058c22-d0f8-408f-8744-0a40c8d27d76" testId="1975c6fc-d38f-3f1e-4e85-6a1bdef428c6" testName="Ocas.Domestic.Apply.Api.Services.UnitTests.Validators.Models.ApplicantValidatorTests.Validator_ShouldPass_When_StatusInCanada_International" computerName="VISHWA-KOOLLA" duration="00:00:00.0210000" startTime="2019-10-11T13:38:15.5570263-04:00" endTime="2019-10-11T13:38:15.5570263-04:00" testType="13cdc9d9-ddb5-4fa4-a97d-d965ccfc6d4b" outcome="Passed" testListId="8c84fa94-04c1-424b-9868-57a2d4851a1d" relativeResultsDirectory="ac058c22-d0f8-408f-8744-0a40c8d27d76" />
    <UnitTestResult executionId="aff2baf4-899e-48e3-9775-d783ec6c7dc8" testId="dcf4a579-26d8-d44c-5c47-8b870e406faa" testName="Ocas.Domestic.Apply.Api.Services.UnitTests.Handlers.CreateTranscriptRequestHandlerTests.CreateTranscriptRequest_ShouldThrow_When_HighSchoolRequest_NotEtms" computerName="VISHWA-KOOLLA" duration="00:00:00.2360000" startTime="2019-10-11T13:38:26.3871205-04:00" endTime="2019-10-11T13:38:26.3871205-04:00" testType="13cdc9d9-ddb5-4fa4-a97d-d965ccfc6d4b" outcome="Passed" testListId="8c84fa94-04c1-424b-9868-57a2d4851a1d" relativeResultsDirectory="aff2baf4-899e-48e3-9775-d783ec6c7dc8" />
    <UnitTestResult executionId="146b40eb-b891-4d58-82ad-436636b4fc73" testId="4f8719dc-834b-fd92-4692-bdf21846e8ca" testName="Ocas.Domestic.Apply.Api.Services.UnitTests.Handlers.CreateTranscriptRequestHandlerTests.CreateTranscriptRequest_ShouldThrow_When_CollegeRequest_ToInstituteIdEmpty" computerName="VISHWA-KOOLLA" duration="00:00:00.2070000" startTime="2019-10-11T13:38:24.2546235-04:00" endTime="2019-10-11T13:38:24.2546235-04:00" testType="13cdc9d9-ddb5-4fa4-a97d-d965ccfc6d4b" outcome="Passed" testListId="8c84fa94-04c1-424b-9868-57a2d4851a1d" relativeResultsDirectory="146b40eb-b891-4d58-82ad-436636b4fc73" />
    <UnitTestResult executionId="02ee81bf-5697-4140-accd-cd48960d01d3" testId="bda7e2c9-47de-e196-e998-dd25614dfe24" testName="Ocas.Domestic.Apply.Api.Services.UnitTests.Validators.EmailValidatorTests.Validator_ShouldFail_Length" computerName="VISHWA-KOOLLA" duration="00:00:00.1680000" startTime="2019-10-11T13:38:14.3472649-04:00" endTime="2019-10-11T13:38:14.3472649-04:00" testType="13cdc9d9-ddb5-4fa4-a97d-d965ccfc6d4b" outcome="Passed" testListId="8c84fa94-04c1-424b-9868-57a2d4851a1d" relativeResultsDirectory="02ee81bf-5697-4140-accd-cd48960d01d3" />
    <UnitTestResult executionId="28698e5e-52ab-4f1c-b2c1-5f1282f64204" testId="42230366-68b1-f6a7-2718-3e380f01c84f" testName="Ocas.Domestic.Apply.Api.Services.UnitTests.Mappers.ApiMapperTests.MapEducation_ShouldPass_When_CollegeEmptyFee" computerName="VISHWA-KOOLLA" duration="00:00:00.0090000" startTime="2019-10-11T13:38:17.0869599-04:00" endTime="2019-10-11T13:38:17.0869599-04:00" testType="13cdc9d9-ddb5-4fa4-a97d-d965ccfc6d4b" outcome="Passed" testListId="8c84fa94-04c1-424b-9868-57a2d4851a1d" relativeResultsDirectory="28698e5e-52ab-4f1c-b2c1-5f1282f64204" />
    <UnitTestResult executionId="b6c0795b-4886-4afb-a652-83aab58c55bc" testId="c5f2bdf7-897a-c3ac-3a55-6a2364153174" testName="Ocas.Domestic.Apply.Api.Services.UnitTests.Mappers.ApiMapperTests.MapApplicantMessage_ShouldPass" computerName="VISHWA-KOOLLA" duration="00:00:00.0170000" startTime="2019-10-11T13:38:17.0779790-04:00" endTime="2019-10-11T13:38:17.0779790-04:00" testType="13cdc9d9-ddb5-4fa4-a97d-d965ccfc6d4b" outcome="Passed" testListId="8c84fa94-04c1-424b-9868-57a2d4851a1d" relativeResultsDirectory="b6c0795b-4886-4afb-a652-83aab58c55bc" />
    <UnitTestResult executionId="568371ae-85ed-4f08-ba92-d1a3763f58cb" testId="14615820-61e2-1d28-6b38-1197a84df05f" testName="Ocas.Domestic.Apply.Api.Services.UnitTests.Validators.Messages.GetFinancialTransactionsValidatorTests.GetFinancialTransactionsValidator_ShouldPass" computerName="VISHWA-KOOLLA" duration="00:00:00.0110000" startTime="2019-10-11T13:38:14.1827038-04:00" endTime="2019-10-11T13:38:14.1827038-04:00" testType="13cdc9d9-ddb5-4fa4-a97d-d965ccfc6d4b" outcome="Passed" testListId="8c84fa94-04c1-424b-9868-57a2d4851a1d" relativeResultsDirectory="568371ae-85ed-4f08-ba92-d1a3763f58cb" />
    <UnitTestResult executionId="9ef61f25-0b3f-4a18-b4a7-9738fb6f4068" testId="4cf722e0-758b-8048-473f-65e7c85969d4" testName="Ocas.Domestic.Apply.Api.Services.UnitTests.Validators.EmailValidatorTests.Validator_ShouldFail_Regex" computerName="VISHWA-KOOLLA" duration="00:00:00.0030000" startTime="2019-10-11T13:38:14.3532491-04:00" endTime="2019-10-11T13:38:14.3532491-04:00" testType="13cdc9d9-ddb5-4fa4-a97d-d965ccfc6d4b" outcome="Passed" testListId="8c84fa94-04c1-424b-9868-57a2d4851a1d" relativeResultsDirectory="9ef61f25-0b3f-4a18-b4a7-9738fb6f4068" />
    <UnitTestResult executionId="77d8cf67-64ac-4584-9820-2a0d7218b5c7" testId="54a0ca4e-70bc-af79-006e-83861d8f2e12" testName="Ocas.Domestic.Apply.Api.Services.UnitTests.Validators.Models.EducationBaseValidatorTests.Validator_ShouldFail_WhenAttendedFromInFuture" computerName="VISHWA-KOOLLA" duration="00:00:00.0100000" startTime="2019-10-11T13:38:16.2043273-04:00" endTime="2019-10-11T13:38:16.2043273-04:00" testType="13cdc9d9-ddb5-4fa4-a97d-d965ccfc6d4b" outcome="Passed" testListId="8c84fa94-04c1-424b-9868-57a2d4851a1d" relativeResultsDirectory="77d8cf67-64ac-4584-9820-2a0d7218b5c7" />
    <UnitTestResult executionId="59edbaea-4f39-4723-9f1b-8e54d33ded7a" testId="c3256784-1dc1-b846-e413-ce629ef2b649" testName="Ocas.Domestic.Apply.Api.Services.UnitTests.Mappers.ApiMapperTests.MapTranscriptRequest_ShouldPass_When_TransmissionIdNull" computerName="VISHWA-KOOLLA" duration="00:00:00.0070000" startTime="2019-10-11T13:38:16.9842239-04:00" endTime="2019-10-11T13:38:16.9842239-04:00" testType="13cdc9d9-ddb5-4fa4-a97d-d965ccfc6d4b" outcome="Passed" testListId="8c84fa94-04c1-424b-9868-57a2d4851a1d" relativeResultsDirectory="59edbaea-4f39-4723-9f1b-8e54d33ded7a" />
    <UnitTestResult executionId="6fbeceb9-b950-4185-9429-fd8657878129" testId="e41b312d-6fd8-06a7-d4d2-0e1dba457021" testName="Ocas.Domestic.Apply.Api.Services.UnitTests.Mappers.ApiMapperTests.MapOffers_ShouldPass_When_Empty" computerName="VISHWA-KOOLLA" duration="00:00:00.0130000" startTime="2019-10-11T13:38:17.2954244-04:00" endTime="2019-10-11T13:38:17.2954244-04:00" testType="13cdc9d9-ddb5-4fa4-a97d-d965ccfc6d4b" outcome="Passed" testListId="8c84fa94-04c1-424b-9868-57a2d4851a1d" relativeResultsDirectory="6fbeceb9-b950-4185-9429-fd8657878129" />
    <UnitTestResult executionId="a20d0db5-772a-462e-9299-25218098d5ac" testId="04f68393-97b8-947f-c447-b618f71feef1" testName="Ocas.Domestic.Apply.Api.Services.UnitTests.Mappers.DtoMapperTests.PatchEducation_Should_Patch_CanadianHighSchool_WhenNoInstituteId" computerName="VISHWA-KOOLLA" duration="00:00:00.0070000" startTime="2019-10-11T13:38:17.6334848-04:00" endTime="2019-10-11T13:38:17.6334848-04:00" testType="13cdc9d9-ddb5-4fa4-a97d-d965ccfc6d4b" outcome="Passed" testListId="8c84fa94-04c1-424b-9868-57a2d4851a1d" relativeResultsDirectory="a20d0db5-772a-462e-9299-25218098d5ac" />
    <UnitTestResult executionId="675a6f71-de86-4316-a6b0-b74903b6e838" testId="48a95b46-a6c6-f225-831d-5f1fd19ec703" testName="Ocas.Domestic.Apply.Api.Services.UnitTests.Mappers.ApiMapperTests.MapApplicant_ShouldPass_When_Home_Matches_Mobile_Phone" computerName="VISHWA-KOOLLA" duration="00:00:00.0080000" startTime="2019-10-11T13:38:17.1158694-04:00" endTime="2019-10-11T13:38:17.1158694-04:00" testType="13cdc9d9-ddb5-4fa4-a97d-d965ccfc6d4b" outcome="Passed" testListId="8c84fa94-04c1-424b-9868-57a2d4851a1d" relativeResultsDirectory="675a6f71-de86-4316-a6b0-b74903b6e838" />
    <UnitTestResult executionId="3d882bc3-8075-4f4a-8a94-0ddcd27ce286" testId="01564961-beb6-395b-3d84-eda52e81fb48" testName="Ocas.Domestic.Apply.Api.Services.UnitTests.Extensions.LookupsCacheExtensionsTests.GetSourcePartnerId_ShouldPass_When_EmptyPartnerCode" computerName="VISHWA-KOOLLA" duration="00:00:00.0020000" startTime="2019-10-11T13:38:47.7447299-04:00" endTime="2019-10-11T13:38:47.7447299-04:00" testType="13cdc9d9-ddb5-4fa4-a97d-d965ccfc6d4b" outcome="Passed" testListId="8c84fa94-04c1-424b-9868-57a2d4851a1d" relativeResultsDirectory="3d882bc3-8075-4f4a-8a94-0ddcd27ce286" />
    <UnitTestResult executionId="c45f21bf-53b6-44a4-bc5e-663e969a6dcf" testId="56fb37ea-1812-1704-d2f9-64025eb8d891" testName="Ocas.Domestic.Apply.Api.Services.UnitTests.Handlers.DeclineOfferHandlerTests.DeclineOffer_ShouldThrow_WhenNotPaid" computerName="VISHWA-KOOLLA" duration="00:00:00.2020000" startTime="2019-10-11T13:38:28.1355576-04:00" endTime="2019-10-11T13:38:28.1355576-04:00" testType="13cdc9d9-ddb5-4fa4-a97d-d965ccfc6d4b" outcome="Passed" testListId="8c84fa94-04c1-424b-9868-57a2d4851a1d" relativeResultsDirectory="c45f21bf-53b6-44a4-bc5e-663e969a6dcf" />
    <UnitTestResult executionId="2bf2d04a-3915-48c0-9df8-b35d091f180a" testId="18fd0d8a-c998-a579-f0e4-bca24dc32b97" testName="Ocas.Domestic.Apply.Api.Services.UnitTests.Mappers.DtoMapperTests.PatchEducation_Should_Patch_CanadianHighSchool" computerName="VISHWA-KOOLLA" duration="00:00:00.0060000" startTime="2019-10-11T13:38:17.4520048-04:00" endTime="2019-10-11T13:38:17.4520048-04:00" testType="13cdc9d9-ddb5-4fa4-a97d-d965ccfc6d4b" outcome="Passed" testListId="8c84fa94-04c1-424b-9868-57a2d4851a1d" relativeResultsDirectory="2bf2d04a-3915-48c0-9df8-b35d091f180a" />
    <UnitTestResult executionId="9ca79df6-29d8-444c-ba4d-f8657c1db2d8" testId="012dfa9a-7482-943e-8fc4-f870b1142f94" testName="Ocas.Domestic.Apply.Api.Services.UnitTests.Handlers.PayOrderHandlerTests.PayOrder_ShouldThrow_WhenApplicantNotComplete" computerName="VISHWA-KOOLLA" duration="00:00:00.1970000" startTime="2019-10-11T13:38:35.8291938-04:00" endTime="2019-10-11T13:38:35.8291938-04:00" testType="13cdc9d9-ddb5-4fa4-a97d-d965ccfc6d4b" outcome="Passed" testListId="8c84fa94-04c1-424b-9868-57a2d4851a1d" relativeResultsDirectory="9ca79df6-29d8-444c-ba4d-f8657c1db2d8" />
    <UnitTestResult executionId="9a61bd9a-30f3-4f3d-9575-256dbfad32ee" testId="4e6cfe37-ec13-66ca-f2aa-a0de2e247f81" testName="Ocas.Domestic.Apply.Api.Services.UnitTests.Mappers.ApiMapperTests.MapApplicant_ShouldPass_When_DoNotSendFlase_Then_AgreedToCaslNull" computerName="VISHWA-KOOLLA" duration="00:00:00.0050000" startTime="2019-10-11T13:38:17.0609924-04:00" endTime="2019-10-11T13:38:17.0609924-04:00" testType="13cdc9d9-ddb5-4fa4-a97d-d965ccfc6d4b" outcome="Passed" testListId="8c84fa94-04c1-424b-9868-57a2d4851a1d" relativeResultsDirectory="9a61bd9a-30f3-4f3d-9575-256dbfad32ee" />
    <UnitTestResult executionId="310915f8-6319-4ef6-8bc9-a7ea3bea8dd4" testId="b43b4fe2-b9a8-7124-f236-03e8f6bf1846" testName="Ocas.Domestic.Apply.Api.Services.UnitTests.Validators.Models.CanadianCollegeValidatorTests.CanadianCollegeValidator_ShouldFail_WhenMissingFields_InOntarioCollege" computerName="VISHWA-KOOLLA" duration="00:00:00.0130000" startTime="2019-10-11T13:38:15.9330468-04:00" endTime="2019-10-11T13:38:15.9330468-04:00" testType="13cdc9d9-ddb5-4fa4-a97d-d965ccfc6d4b" outcome="Passed" testListId="8c84fa94-04c1-424b-9868-57a2d4851a1d" relativeResultsDirectory="310915f8-6319-4ef6-8bc9-a7ea3bea8dd4" />
    <UnitTestResult executionId="755e894d-a745-462f-a709-bcf8bcd1a718" testId="c8a4513e-3e03-2bcf-ee19-af79dfac1407" testName="Ocas.Domestic.Apply.Api.Services.UnitTests.Handlers.UpdateProgramChoicesHandlerTests.UpdateProgramChoicesHandler_ShouldThrow_When_GreaterThanMaxCollegeChoices" computerName="VISHWA-KOOLLA" duration="00:00:00.2220000" startTime="2019-10-11T13:38:44.5452210-04:00" endTime="2019-10-11T13:38:44.5452210-04:00" testType="13cdc9d9-ddb5-4fa4-a97d-d965ccfc6d4b" outcome="Passed" testListId="8c84fa94-04c1-424b-9868-57a2d4851a1d" relativeResultsDirectory="755e894d-a745-462f-a709-bcf8bcd1a718" />
    <UnitTestResult executionId="6bdf185d-e762-40ed-83ba-a27bb8161ae0" testId="453349cb-7974-0c33-5aa0-7415a14e021c" testName="Ocas.Domestic.Apply.Api.Services.UnitTests.Validators.Messages.UpdateEducationStatusValidatorTests.Validator_ShouldPass_WhenNotEnrolled" computerName="VISHWA-KOOLLA" duration="00:00:00.5560000" startTime="2019-10-11T13:38:13.8861608-04:00" endTime="2019-10-11T13:38:13.8861608-04:00" testType="13cdc9d9-ddb5-4fa4-a97d-d965ccfc6d4b" outcome="Passed" testListId="8c84fa94-04c1-424b-9868-57a2d4851a1d" relativeResultsDirectory="6bdf185d-e762-40ed-83ba-a27bb8161ae0" />
    <UnitTestResult executionId="733da393-6589-437b-a85b-d679d4635322" testId="31a2eb24-7f90-2904-f67e-e851e057e5d3" testName="Ocas.Domestic.Apply.Api.Services.UnitTests.Validators.EmailValidatorTests.Validator_ShouldPass" computerName="VISHWA-KOOLLA" duration="00:00:00.0020000" startTime="2019-10-11T13:38:14.3582340-04:00" endTime="2019-10-11T13:38:14.3582340-04:00" testType="13cdc9d9-ddb5-4fa4-a97d-d965ccfc6d4b" outcome="Passed" testListId="8c84fa94-04c1-424b-9868-57a2d4851a1d" relativeResultsDirectory="733da393-6589-437b-a85b-d679d4635322" />
    <UnitTestResult executionId="2258bc3a-588b-4cac-b00f-7f0c4766703d" testId="e3a69c14-e4b3-d98e-0dca-4fc73c9df075" testName="Ocas.Domestic.Apply.Api.Services.UnitTests.Validators.Models.CanadianCollegeValidatorTests.CanadianCollegeValidator_ShouldFail_WhenState_InCanadianCollege" computerName="VISHWA-KOOLLA" duration="00:00:00.0140000" startTime="2019-10-11T13:38:15.9470094-04:00" endTime="2019-10-11T13:38:15.9470094-04:00" testType="13cdc9d9-ddb5-4fa4-a97d-d965ccfc6d4b" outcome="Passed" testListId="8c84fa94-04c1-424b-9868-57a2d4851a1d" relativeResultsDirectory="2258bc3a-588b-4cac-b00f-7f0c4766703d" />
    <UnitTestResult executionId="0701ee22-0839-43c2-a688-fec6cc2cd0bd" testId="f63f40fb-7d40-eeba-6da6-e1ddbd9bd6eb" testName="Ocas.Domestic.Apply.Api.Services.UnitTests.Mappers.ApiMapperTests.MapColleges_ShouldPass_When_NoSchoolStatus" computerName="VISHWA-KOOLLA" duration="00:00:00.0010000" startTime="2019-10-11T13:38:16.8745283-04:00" endTime="2019-10-11T13:38:16.8745283-04:00" testType="13cdc9d9-ddb5-4fa4-a97d-d965ccfc6d4b" outcome="Passed" testListId="8c84fa94-04c1-424b-9868-57a2d4851a1d" relativeResultsDirectory="0701ee22-0839-43c2-a688-fec6cc2cd0bd" />
    <UnitTestResult executionId="31de4789-8a81-4eae-bb22-5789be3fa846" testId="609ef518-2134-7433-4579-fe3b4ec6d786" testName="Ocas.Domestic.Apply.Api.Services.UnitTests.Mappers.DtoMapperTests.PatchEducation_Should_NotPatchFields_CanadianHighSchool" computerName="VISHWA-KOOLLA" duration="00:00:00.0320000" startTime="2019-10-11T13:38:17.4350479-04:00" endTime="2019-10-11T13:38:17.4350479-04:00" testType="13cdc9d9-ddb5-4fa4-a97d-d965ccfc6d4b" outcome="Passed" testListId="8c84fa94-04c1-424b-9868-57a2d4851a1d" relativeResultsDirectory="31de4789-8a81-4eae-bb22-5789be3fa846" />
    <UnitTestResult executionId="cffaeaf9-7428-4734-9c39-15d816dae41e" testId="f3b72a1e-1202-7d67-41b8-92ae46caac51" testName="Ocas.Domestic.Apply.Api.Services.UnitTests.Handlers.CompleteTranscriptsHandlerTests.CompleteTranscripts_ShouldThrow_WhenNoApplications" computerName="VISHWA-KOOLLA" duration="00:00:00.2080000" startTime="2019-10-11T13:38:21.2959226-04:00" endTime="2019-10-11T13:38:21.2959226-04:00" testType="13cdc9d9-ddb5-4fa4-a97d-d965ccfc6d4b" outcome="Passed" testListId="8c84fa94-04c1-424b-9868-57a2d4851a1d" relativeResultsDirectory="cffaeaf9-7428-4734-9c39-15d816dae41e" />
    <UnitTestResult executionId="3e388ea7-3eb6-4ae3-bc55-0427e094e383" testId="681a8b18-4350-04de-9c97-de05466ebfa9" testName="Ocas.Domestic.Apply.Api.Services.UnitTests.Validators.Messages.UpdateEducationStatusValidatorTests.Validator_ShouldPass_WhenEnrolled" computerName="VISHWA-KOOLLA" duration="00:00:00.0230000" startTime="2019-10-11T13:38:14.2036474-04:00" endTime="2019-10-11T13:38:14.2036474-04:00" testType="13cdc9d9-ddb5-4fa4-a97d-d965ccfc6d4b" outcome="Passed" testListId="8c84fa94-04c1-424b-9868-57a2d4851a1d" relativeResultsDirectory="3e388ea7-3eb6-4ae3-bc55-0427e094e383" />
    <UnitTestResult executionId="6a9ee9d8-1a43-4f7a-8896-2294349dccd4" testId="593548fd-e6f7-e558-11ed-70f1daa668c6" testName="Ocas.Domestic.Apply.Api.Services.UnitTests.Handlers.ClaimVoucherHandlerTests.ClaimVoucher_ShouldPass" computerName="VISHWA-KOOLLA" duration="00:00:00.2150000" startTime="2019-10-11T13:38:19.3408080-04:00" endTime="2019-10-11T13:38:19.3408080-04:00" testType="13cdc9d9-ddb5-4fa4-a97d-d965ccfc6d4b" outcome="Passed" testListId="8c84fa94-04c1-424b-9868-57a2d4851a1d" relativeResultsDirectory="6a9ee9d8-1a43-4f7a-8896-2294349dccd4" />
    <UnitTestResult executionId="fed9ad6f-e0be-4ed8-a37e-0a19777b2267" testId="cf12a913-2c1d-c6d9-d151-92354120f30f" testName="Ocas.Domestic.Apply.Api.Services.UnitTests.Handlers.CreateTranscriptRequestHandlerTests.CreateTranscriptRequest_ShouldThrow_When_HighSchoolRequest_TransmissionIdNotSendNow" computerName="VISHWA-KOOLLA" duration="00:00:00.2220000" startTime="2019-10-11T13:38:27.0632769-04:00" endTime="2019-10-11T13:38:27.0632769-04:00" testType="13cdc9d9-ddb5-4fa4-a97d-d965ccfc6d4b" outcome="Passed" testListId="8c84fa94-04c1-424b-9868-57a2d4851a1d" relativeResultsDirectory="fed9ad6f-e0be-4ed8-a37e-0a19777b2267" />
    <UnitTestResult executionId="a7b9dfee-bcfa-45f6-b54d-1b4c3d7083b6" testId="a9f9e3ca-8383-1e8b-5b78-04dfd9c4a878" testName="Ocas.Domestic.Apply.Api.Services.UnitTests.Handlers.DeleteTranscriptRequestHandlerTests.DeleteTranscriptRequest_ShouldThrow_When_RequestHasRequestLog" computerName="VISHWA-KOOLLA" duration="00:00:00.1940000" startTime="2019-10-11T13:38:29.1183004-04:00" endTime="2019-10-11T13:38:29.1183004-04:00" testType="13cdc9d9-ddb5-4fa4-a97d-d965ccfc6d4b" outcome="Passed" testListId="8c84fa94-04c1-424b-9868-57a2d4851a1d" relativeResultsDirectory="a7b9dfee-bcfa-45f6-b54d-1b4c3d7083b6" />
    <UnitTestResult executionId="7f88e55b-e8cf-447c-8609-5c502919de50" testId="ead97fb4-5220-2f31-3464-7b9bf5735310" testName="Ocas.Domestic.Apply.Api.Services.UnitTests.Extensions.LookupsCacheExtensionsTests.GetSourceId_ShouldPass_When_ReferralPartner_AllowedCba_And_AllowCbaReferralCodeAsSource" computerName="VISHWA-KOOLLA" duration="00:00:00.0030000" startTime="2019-10-11T13:38:47.7417705-04:00" endTime="2019-10-11T13:38:47.7417705-04:00" testType="13cdc9d9-ddb5-4fa4-a97d-d965ccfc6d4b" outcome="Passed" testListId="8c84fa94-04c1-424b-9868-57a2d4851a1d" relativeResultsDirectory="7f88e55b-e8cf-447c-8609-5c502919de50" />
    <UnitTestResult executionId="2961eb31-8da3-4489-91c7-54d786d32c93" testId="3fb3dcf1-2d4f-a20d-4029-2867bec71032" testName="Ocas.Domestic.Apply.Api.Services.UnitTests.Mappers.ApiMapperTests.MapApplication_ShouldPass_When_TranscriptRequests" computerName="VISHWA-KOOLLA" duration="00:00:00.0010000" startTime="2019-10-11T13:38:17.2994050-04:00" endTime="2019-10-11T13:38:17.2994050-04:00" testType="13cdc9d9-ddb5-4fa4-a97d-d965ccfc6d4b" outcome="Passed" testListId="8c84fa94-04c1-424b-9868-57a2d4851a1d" relativeResultsDirectory="2961eb31-8da3-4489-91c7-54d786d32c93" />
    <UnitTestResult executionId="6d65237c-10fe-48f3-8640-f273f1a18b67" testId="92c3f1c2-fe67-60c2-d8e3-06cfe202c141" testName="Ocas.Domestic.Apply.Api.Services.UnitTests.Validators.Messages.CreateApplicantValidatorTests.Validator_ShouldPass" computerName="VISHWA-KOOLLA" duration="00:00:00.5750000" startTime="2019-10-11T13:38:13.8652537-04:00" endTime="2019-10-11T13:38:13.8652537-04:00" testType="13cdc9d9-ddb5-4fa4-a97d-d965ccfc6d4b" outcome="Passed" testListId="8c84fa94-04c1-424b-9868-57a2d4851a1d" relativeResultsDirectory="6d65237c-10fe-48f3-8640-f273f1a18b67" />
    <UnitTestResult executionId="67688477-592f-4d07-8bbe-74730dce0aa4" testId="b23f2f29-618e-bd9c-59bd-5e39b42e98e8" testName="Ocas.Domestic.Apply.Api.Services.UnitTests.Mappers.ApiMapperTests.MapTranscriptTransmissions_ShouldPass_When_College" computerName="VISHWA-KOOLLA" duration="00:00:00.0030000" startTime="2019-10-11T13:38:17.2066267-04:00" endTime="2019-10-11T13:38:17.2066267-04:00" testType="13cdc9d9-ddb5-4fa4-a97d-d965ccfc6d4b" outcome="Passed" testListId="8c84fa94-04c1-424b-9868-57a2d4851a1d" relativeResultsDirectory="67688477-592f-4d07-8bbe-74730dce0aa4" />
    <UnitTestResult executionId="45057896-85ca-41a6-979a-4e20d17d2563" testId="d727dde0-fbd8-0606-6e2e-98d3b39fab22" testName="Ocas.Domestic.Apply.Api.Services.UnitTests.Mappers.ApiMapperTests.MapEducation_ShouldPass_When_CollegeWithoutEtms" computerName="VISHWA-KOOLLA" duration="00:00:00.0030000" startTime="2019-10-11T13:38:17.0141502-04:00" endTime="2019-10-11T13:38:17.0141502-04:00" testType="13cdc9d9-ddb5-4fa4-a97d-d965ccfc6d4b" outcome="Passed" testListId="8c84fa94-04c1-424b-9868-57a2d4851a1d" relativeResultsDirectory="45057896-85ca-41a6-979a-4e20d17d2563" />
    <UnitTestResult executionId="4b3c17dd-48d3-4614-92cb-8eb031572150" testId="d8efd106-1267-b68b-0b2c-d2960c60b3f8" testName="Ocas.Domestic.Apply.Api.Services.UnitTests.Validators.Messages.GetTranscriptRequestsValidatorTests.GetTranscriptRequestsValidator_ShouldPass_WhenApplicantId" computerName="VISHWA-KOOLLA" duration="00:00:00.0140000" startTime="2019-10-11T13:38:14.2176104-04:00" endTime="2019-10-11T13:38:14.2176104-04:00" testType="13cdc9d9-ddb5-4fa4-a97d-d965ccfc6d4b" outcome="Passed" testListId="8c84fa94-04c1-424b-9868-57a2d4851a1d" relativeResultsDirectory="4b3c17dd-48d3-4614-92cb-8eb031572150" />
    <UnitTestResult executionId="5800511d-b98e-4ab1-8e41-f1783be5b19e" testId="d292c428-37d8-bf18-ef4b-4f2b67f29ce9" testName="Ocas.Domestic.Apply.Api.Services.UnitTests.Handlers.UpdateEducationHandlerTests.UpdateEducation_ShouldThrow_WhenInvalidDate" computerName="VISHWA-KOOLLA" duration="00:00:00.1650000" startTime="2019-10-11T13:38:42.0424473-04:00" endTime="2019-10-11T13:38:42.0424473-04:00" testType="13cdc9d9-ddb5-4fa4-a97d-d965ccfc6d4b" outcome="Passed" testListId="8c84fa94-04c1-424b-9868-57a2d4851a1d" relativeResultsDirectory="5800511d-b98e-4ab1-8e41-f1783be5b19e" />
    <UnitTestResult executionId="59ac269b-e464-4853-afb6-8256809487a4" testId="961b1589-0e32-37cf-b0de-98595f24b9eb" testName="Ocas.Domestic.Apply.Api.Services.UnitTests.Validators.ApplicantCreateValidatorTests.Validator_ShouldFail_With_Email_Invalid" computerName="VISHWA-KOOLLA" duration="00:00:00.0160000" startTime="2019-10-11T13:38:14.3522520-04:00" endTime="2019-10-11T13:38:14.3522520-04:00" testType="13cdc9d9-ddb5-4fa4-a97d-d965ccfc6d4b" outcome="Passed" testListId="8c84fa94-04c1-424b-9868-57a2d4851a1d" relativeResultsDirectory="59ac269b-e464-4853-afb6-8256809487a4" />
    <UnitTestResult executionId="775e733d-b855-4a31-b47a-a1c37abd62b6" testId="d67a649d-bf19-3adb-8007-4169afb14d6c" testName="Ocas.Domestic.Apply.Api.Services.UnitTests.Validators.Messages.CreateApplicationValidatorTests.CreateApplicationValidator_ShouldFail_When_ApplicationCycleIdEmpty" computerName="VISHWA-KOOLLA" duration="00:00:00.0070000" startTime="2019-10-11T13:38:16.5304162-04:00" endTime="2019-10-11T13:38:16.5304162-04:00" testType="13cdc9d9-ddb5-4fa4-a97d-d965ccfc6d4b" outcome="Passed" testListId="8c84fa94-04c1-424b-9868-57a2d4851a1d" relativeResultsDirectory="775e733d-b855-4a31-b47a-a1c37abd62b6" />
    <UnitTestResult executionId="aff5aac7-ac4e-4f25-8e70-b2e8b4bd5527" testId="52abfd50-f3f0-a680-8918-16664b33ada4" testName="Ocas.Domestic.Apply.Api.Services.UnitTests.Handlers.CompleteTranscriptsHandlerTests.CompleteTranscripts_ShouldPass_WhenAlreadyCompleted" computerName="VISHWA-KOOLLA" duration="00:00:00.2080000" startTime="2019-10-11T13:38:21.5033518-04:00" endTime="2019-10-11T13:38:21.5033518-04:00" testType="13cdc9d9-ddb5-4fa4-a97d-d965ccfc6d4b" outcome="Passed" testListId="8c84fa94-04c1-424b-9868-57a2d4851a1d" relativeResultsDirectory="aff5aac7-ac4e-4f25-8e70-b2e8b4bd5527" />
    <UnitTestResult executionId="5f1b75ed-9205-4a75-a729-69d39645d484" testId="7e2f27b5-6a26-b52b-950b-67c356ff01df" testName="Ocas.Domestic.Apply.Api.Services.UnitTests.Handlers.CreateApplicantHandlerTests.CreateApplicantHandler_ShouldThrow_When_ContactExists" computerName="VISHWA-KOOLLA" duration="00:00:00.1770000" startTime="2019-10-11T13:38:23.3619002-04:00" endTime="2019-10-11T13:38:23.3619002-04:00" testType="13cdc9d9-ddb5-4fa4-a97d-d965ccfc6d4b" outcome="Passed" testListId="8c84fa94-04c1-424b-9868-57a2d4851a1d" relativeResultsDirectory="5f1b75ed-9205-4a75-a729-69d39645d484" />
    <UnitTestResult executionId="57b83570-5660-4cfe-9027-d8e1f066a566" testId="12a53f86-0ef8-5bd1-22dc-1aed5538bd70" testName="Ocas.Domestic.Apply.Api.Services.UnitTests.Handlers.PayOrderHandlerTests.PayOrder_ShouldThrow_WhenApplicationIncomplete" computerName="VISHWA-KOOLLA" duration="00:00:00.1770000" startTime="2019-10-11T13:38:36.6250492-04:00" endTime="2019-10-11T13:38:36.6250492-04:00" testType="13cdc9d9-ddb5-4fa4-a97d-d965ccfc6d4b" outcome="Passed" testListId="8c84fa94-04c1-424b-9868-57a2d4851a1d" relativeResultsDirectory="57b83570-5660-4cfe-9027-d8e1f066a566" />
    <UnitTestResult executionId="bdf5fbb8-7111-4eae-955a-1f836aabe346" testId="51e96206-ca7d-74d6-2ab9-a15e015157b8" testName="Ocas.Domestic.Apply.Api.Services.UnitTests.Handlers.UpdateInternationalCreditAssessmentHandlerTests.UpdateInternationalCreditAssessmentHandler_ShouldPass_When_IntlCredentialAssessment_Updated" computerName="VISHWA-KOOLLA" duration="00:00:00.2180000" startTime="2019-10-11T13:38:43.2257450-04:00" endTime="2019-10-11T13:38:43.2257450-04:00" testType="13cdc9d9-ddb5-4fa4-a97d-d965ccfc6d4b" outcome="Passed" testListId="8c84fa94-04c1-424b-9868-57a2d4851a1d" relativeResultsDirectory="bdf5fbb8-7111-4eae-955a-1f836aabe346" />
    <UnitTestResult executionId="95b90bab-4ee3-47fe-b8e1-576aaf84976f" testId="63383eed-27e8-4e72-c9b4-d428ef84f928" testName="Ocas.Domestic.Apply.Api.Services.UnitTests.Mappers.ApiMapperTests.MapEducation_ShouldPass_When_HasBoth_CanDelete" computerName="VISHWA-KOOLLA" duration="00:00:00.0020000" startTime="2019-10-11T13:38:17.0959243-04:00" endTime="2019-10-11T13:38:17.0959243-04:00" testType="13cdc9d9-ddb5-4fa4-a97d-d965ccfc6d4b" outcome="Passed" testListId="8c84fa94-04c1-424b-9868-57a2d4851a1d" relativeResultsDirectory="95b90bab-4ee3-47fe-b8e1-576aaf84976f" />
    <UnitTestResult executionId="e26ba4f5-bc81-4577-863c-577482d4ff56" testId="054e836f-6fc2-343c-f44c-07d4aa95a161" testName="Ocas.Domestic.Apply.Api.Services.UnitTests.Handlers.GetSupportingDocumentsHandlerTests.GetSupportingDocumentsHandler_ShouldPass" computerName="VISHWA-KOOLLA" duration="00:00:00.2480000" startTime="2019-10-11T13:38:34.3889740-04:00" endTime="2019-10-11T13:38:34.3889740-04:00" testType="13cdc9d9-ddb5-4fa4-a97d-d965ccfc6d4b" outcome="Passed" testListId="8c84fa94-04c1-424b-9868-57a2d4851a1d" relativeResultsDirectory="e26ba4f5-bc81-4577-863c-577482d4ff56" />
    <UnitTestResult executionId="c9cc310c-91b4-4984-935d-e1d77d8e2f06" testId="bf0dd09d-1edb-7ed2-6a73-ee2539d47a7b" testName="Ocas.Domestic.Apply.Api.Services.UnitTests.Validators.Models.CanadianUniversityValidatorTests.CanadianUniversityValidator_ShouldPass_WhenCanadianUniversity" computerName="VISHWA-KOOLLA" duration="00:00:00.0140000" startTime="2019-10-11T13:38:16.1025611-04:00" endTime="2019-10-11T13:38:16.1025611-04:00" testType="13cdc9d9-ddb5-4fa4-a97d-d965ccfc6d4b" outcome="Passed" testListId="8c84fa94-04c1-424b-9868-57a2d4851a1d" relativeResultsDirectory="c9cc310c-91b4-4984-935d-e1d77d8e2f06" />
    <UnitTestResult executionId="0c3295b2-5416-4c54-8b2a-bf767c39a943" testId="e9f5d522-1931-c414-434a-0a06f6f48f9c" testName="Ocas.Domestic.Apply.Api.Services.UnitTests.Extensions.LookupsCacheExtensionsTests.GetSourceId_ShouldPass_When_College_AllowedCba_And_NotAllowCbaReferralCodeAsSource" computerName="VISHWA-KOOLLA" duration="00:00:00.0040000" startTime="2019-10-11T13:38:47.7367769-04:00" endTime="2019-10-11T13:38:47.7367769-04:00" testType="13cdc9d9-ddb5-4fa4-a97d-d965ccfc6d4b" outcome="Passed" testListId="8c84fa94-04c1-424b-9868-57a2d4851a1d" relativeResultsDirectory="0c3295b2-5416-4c54-8b2a-bf767c39a943" />
    <UnitTestResult executionId="13554669-f8d1-4aef-a7d5-e315516fa567" testId="c7e53443-a17e-78d4-8ad1-c1f448f5407e" testName="Ocas.Domestic.Apply.Api.Services.UnitTests.Handlers.ReissueTranscriptRequestHandlerTests.ReissueTranscriptRequest_ShouldThrow_WhenNoEtmsProcess" computerName="VISHWA-KOOLLA" duration="00:00:00.2060000" startTime="2019-10-11T13:38:37.2113511-04:00" endTime="2019-10-11T13:38:37.2113511-04:00" testType="13cdc9d9-ddb5-4fa4-a97d-d965ccfc6d4b" outcome="Passed" testListId="8c84fa94-04c1-424b-9868-57a2d4851a1d" relativeResultsDirectory="13554669-f8d1-4aef-a7d5-e315516fa567" />
    <UnitTestResult executionId="a9f656c4-6965-41bd-b0d3-5cc8b5ac7245" testId="e54fe2d6-e6d3-a6bd-95fd-fc9b32521888" testName="Ocas.Domestic.Apply.Api.Services.UnitTests.Authorization.UserAuthorizationTests.CanAccessApplicantAsync_ShouldPass_When_OcasUser" computerName="VISHWA-KOOLLA" duration="00:00:00.0020000" startTime="2019-10-11T13:38:14.2814425-04:00" endTime="2019-10-11T13:38:14.2814425-04:00" testType="13cdc9d9-ddb5-4fa4-a97d-d965ccfc6d4b" outcome="Passed" testListId="8c84fa94-04c1-424b-9868-57a2d4851a1d" relativeResultsDirectory="a9f656c4-6965-41bd-b0d3-5cc8b5ac7245" />
    <UnitTestResult executionId="85c8209b-d708-4a2e-bd97-7494e2f94e04" testId="ab6d4393-1468-3ee1-73e9-a85a2a153632" testName="Ocas.Domestic.Apply.Api.Services.UnitTests.Handlers.GetSupportingDocumentFileHandlerTests.GetSupportingDocumentFileHandler_Should_Throw_When_No_Request_Found" computerName="VISHWA-KOOLLA" duration="00:00:00.2010000" startTime="2019-10-11T13:38:33.5163350-04:00" endTime="2019-10-11T13:38:33.5163350-04:00" testType="13cdc9d9-ddb5-4fa4-a97d-d965ccfc6d4b" outcome="Passed" testListId="8c84fa94-04c1-424b-9868-57a2d4851a1d" relativeResultsDirectory="85c8209b-d708-4a2e-bd97-7494e2f94e04" />
    <UnitTestResult executionId="b4886fa5-ac4a-4326-994e-129ff0fadf77" testId="557b130d-3ffe-5936-ae89-3b1497bbfd5f" testName="Ocas.Domestic.Apply.Api.Services.UnitTests.Validators.Messages.DeleteTranscriptRequestValidatorTests.DeleteTranscriptRequestValidator_ShouldPass" computerName="VISHWA-KOOLLA" duration="00:00:00.0250000" startTime="2019-10-11T13:38:14.2634882-04:00" endTime="2019-10-11T13:38:14.2634882-04:00" testType="13cdc9d9-ddb5-4fa4-a97d-d965ccfc6d4b" outcome="Passed" testListId="8c84fa94-04c1-424b-9868-57a2d4851a1d" relativeResultsDirectory="b4886fa5-ac4a-4326-994e-129ff0fadf77" />
    <UnitTestResult executionId="f1540b6c-74f1-4449-8011-7ebfca4b3420" testId="e564b4d7-9237-5f99-0011-33a7bd04b2aa" testName="Ocas.Domestic.Apply.Api.Services.UnitTests.Validators.Models.ApplicantValidatorTests.Validator_ShouldFail_When_Canada_Province_Missing" computerName="VISHWA-KOOLLA" duration="00:00:00.0200000" startTime="2019-10-11T13:38:15.5361143-04:00" endTime="2019-10-11T13:38:15.5361143-04:00" testType="13cdc9d9-ddb5-4fa4-a97d-d965ccfc6d4b" outcome="Passed" testListId="8c84fa94-04c1-424b-9868-57a2d4851a1d" relativeResultsDirectory="f1540b6c-74f1-4449-8011-7ebfca4b3420" />
    <UnitTestResult executionId="405b03a3-4b94-4682-aa9e-ed05d4140583" testId="4cff65f1-4efc-c777-f263-ca52f3ef770e" testName="Ocas.Domestic.Apply.Api.Services.UnitTests.Validators.Models.PayOrderInfoValidatorTests.PayOrderInfoValidator_ShouldFail_WhenCardHolderTooLong" computerName="VISHWA-KOOLLA" duration="00:00:00.0060000" startTime="2019-10-11T13:38:16.4276930-04:00" endTime="2019-10-11T13:38:16.4276930-04:00" testType="13cdc9d9-ddb5-4fa4-a97d-d965ccfc6d4b" outcome="Passed" testListId="8c84fa94-04c1-424b-9868-57a2d4851a1d" relativeResultsDirectory="405b03a3-4b94-4682-aa9e-ed05d4140583" />
    <UnitTestResult executionId="1b0bb3b6-ec3f-43c6-8be5-2564fee4c3d9" testId="8a5f4207-4780-179a-4cba-249a56fcab67" testName="Ocas.Domestic.Apply.Api.Services.UnitTests.Validators.Messages.DeleteTranscriptRequestValidatorTests.DeleteTranscriptRequestValidator_ShouldFail_When_TranscriptRequestId_Empty" computerName="VISHWA-KOOLLA" duration="00:00:00.0740000" startTime="2019-10-11T13:38:14.3352952-04:00" endTime="2019-10-11T13:38:14.3352952-04:00" testType="13cdc9d9-ddb5-4fa4-a97d-d965ccfc6d4b" outcome="Passed" testListId="8c84fa94-04c1-424b-9868-57a2d4851a1d" relativeResultsDirectory="1b0bb3b6-ec3f-43c6-8be5-2564fee4c3d9" />
    <UnitTestResult executionId="4bd8f23c-ff44-4b1b-96bd-f90fee58d5ce" testId="e2bf2c29-811a-c45c-908d-c0755feb27e4" testName="Ocas.Domestic.Apply.Api.Services.UnitTests.Handlers.RemoveVoucherHandlerTests.RemoveVoucher_ShouldThrow_WhenVoucherMissing" computerName="VISHWA-KOOLLA" duration="00:00:00.1870000" startTime="2019-10-11T13:38:40.3015984-04:00" endTime="2019-10-11T13:38:40.3015984-04:00" testType="13cdc9d9-ddb5-4fa4-a97d-d965ccfc6d4b" outcome="Passed" testListId="8c84fa94-04c1-424b-9868-57a2d4851a1d" relativeResultsDirectory="4bd8f23c-ff44-4b1b-96bd-f90fee58d5ce" />
    <UnitTestResult executionId="268d2800-d561-4ec6-a785-56a5ec03d368" testId="ed7ad9d9-e75a-95a5-5bc8-3885c5b71a22" testName="Ocas.Domestic.Apply.Api.Services.UnitTests.Extensions.LookupsCacheExtensionsTests.GetSourcePartnerId_ShouldPass_When_ReferralPartner_AllowedCba" computerName="VISHWA-KOOLLA" duration="00:00:00.0030000" startTime="2019-10-11T13:38:47.7706936-04:00" endTime="2019-10-11T13:38:47.7706936-04:00" testType="13cdc9d9-ddb5-4fa4-a97d-d965ccfc6d4b" outcome="Passed" testListId="8c84fa94-04c1-424b-9868-57a2d4851a1d" relativeResultsDirectory="268d2800-d561-4ec6-a785-56a5ec03d368" />
    <UnitTestResult executionId="6f49fb77-1fd0-4665-ac16-3b8c0f4bbe14" testId="11e63c9c-70c6-bd7c-aac2-48389a635bd9" testName="Ocas.Domestic.Apply.Api.Services.UnitTests.Handlers.CreateTranscriptRequestHandlerTests.CreateTranscriptRequest_ShouldThrow_When_ApplicationMissing" computerName="VISHWA-KOOLLA" duration="00:00:00.1850000" startTime="2019-10-11T13:38:26.1519267-04:00" endTime="2019-10-11T13:38:26.1519267-04:00" testType="13cdc9d9-ddb5-4fa4-a97d-d965ccfc6d4b" outcome="Passed" testListId="8c84fa94-04c1-424b-9868-57a2d4851a1d" relativeResultsDirectory="6f49fb77-1fd0-4665-ac16-3b8c0f4bbe14" />
    <UnitTestResult executionId="7992e67e-9fc6-4034-abe9-0e04a535c82f" testId="7a7768bd-9ba3-3f59-b2e9-f35e786af8f3" testName="Ocas.Domestic.Apply.Api.Services.UnitTests.Handlers.GetApplicantHistoriesHandlerTests.GetApplicantHistoriesHandler_ShouldPass" computerName="VISHWA-KOOLLA" duration="00:00:00.2330000" startTime="2019-10-11T13:38:30.3472546-04:00" endTime="2019-10-11T13:38:30.3472546-04:00" testType="13cdc9d9-ddb5-4fa4-a97d-d965ccfc6d4b" outcome="Passed" testListId="8c84fa94-04c1-424b-9868-57a2d4851a1d" relativeResultsDirectory="7992e67e-9fc6-4034-abe9-0e04a535c82f" />
    <UnitTestResult executionId="80ba3029-ec9c-41f8-a3b9-9d911038efbd" testId="ccb1137e-6132-6ce3-4dfc-83bfe0c357e4" testName="Ocas.Domestic.Apply.Api.Services.UnitTests.Handlers.ClaimVoucherHandlerTests.ClaimVoucher_ShouldThrow_WhenPaymentLocked" computerName="VISHWA-KOOLLA" duration="00:00:00.2340000" startTime="2019-10-11T13:38:18.5101399-04:00" endTime="2019-10-11T13:38:18.5101399-04:00" testType="13cdc9d9-ddb5-4fa4-a97d-d965ccfc6d4b" outcome="Passed" testListId="8c84fa94-04c1-424b-9868-57a2d4851a1d" relativeResultsDirectory="80ba3029-ec9c-41f8-a3b9-9d911038efbd" />
    <UnitTestResult executionId="ddfb4d50-e14c-4996-99fd-7a74b0032ea5" testId="c5ceee00-5834-4100-28a1-bd4ea9d63de8" testName="Ocas.Domestic.Apply.Api.Services.UnitTests.Mappers.DtoMapperTests.PatchEducation_Should_Patch_InternationalEdu" computerName="VISHWA-KOOLLA" duration="00:00:00.0170000" startTime="2019-10-11T13:38:17.6185249-04:00" endTime="2019-10-11T13:38:17.6185249-04:00" testType="13cdc9d9-ddb5-4fa4-a97d-d965ccfc6d4b" outcome="Passed" testListId="8c84fa94-04c1-424b-9868-57a2d4851a1d" relativeResultsDirectory="ddfb4d50-e14c-4996-99fd-7a74b0032ea5" />
    <UnitTestResult executionId="de95bd4a-ea55-458f-8bf7-5883f25205a5" testId="abc25e64-7fed-bcec-988f-a323a13ace46" testName="Ocas.Domestic.Apply.Api.Services.UnitTests.Validators.Models.PayOrderInfoValidatorTests.PayOrderInfoValidator_ShouldFail_WhenCscTooShort" computerName="VISHWA-KOOLLA" duration="00:00:00.0060000" startTime="2019-10-11T13:38:16.4217177-04:00" endTime="2019-10-11T13:38:16.4217177-04:00" testType="13cdc9d9-ddb5-4fa4-a97d-d965ccfc6d4b" outcome="Passed" testListId="8c84fa94-04c1-424b-9868-57a2d4851a1d" relativeResultsDirectory="de95bd4a-ea55-458f-8bf7-5883f25205a5" />
    <UnitTestResult executionId="1352df63-2f2d-4dd3-b517-1c3468da766e" testId="3a7c60ae-7556-d221-0113-0f2d848a344f" testName="Ocas.Domestic.Apply.Api.Services.UnitTests.Validators.Models.ApplicantValidatorTests.Validator_ShouldFail_When_Province_Invalid" computerName="VISHWA-KOOLLA" duration="00:00:00.0130000" startTime="2019-10-11T13:38:15.7325902-04:00" endTime="2019-10-11T13:38:15.7325902-04:00" testType="13cdc9d9-ddb5-4fa4-a97d-d965ccfc6d4b" outcome="Passed" testListId="8c84fa94-04c1-424b-9868-57a2d4851a1d" relativeResultsDirectory="1352df63-2f2d-4dd3-b517-1c3468da766e" />
    <UnitTestResult executionId="cabc96b8-ba5f-49da-b94e-61050758e48a" testId="469131fc-0f5b-b8a8-5ae5-f44569d9bd84" testName="Ocas.Domestic.Apply.Api.Services.UnitTests.Validators.Models.AcademicUpgradingValidatorTests.AcademicUpgradingValidator_ShouldFail_WhenProvinceNotOntario_InAcademicUpgrading" computerName="VISHWA-KOOLLA" duration="00:00:00.0130000" startTime="2019-10-11T13:38:15.3036978-04:00" endTime="2019-10-11T13:38:15.3036978-04:00" testType="13cdc9d9-ddb5-4fa4-a97d-d965ccfc6d4b" outcome="Passed" testListId="8c84fa94-04c1-424b-9868-57a2d4851a1d" relativeResultsDirectory="cabc96b8-ba5f-49da-b94e-61050758e48a" />
    <UnitTestResult executionId="f11db9e5-929b-4922-8145-910b4ef5f297" testId="6f9fe0cb-4c32-3d27-d5f2-bef84955921d" testName="Ocas.Domestic.Apply.Api.Services.UnitTests.Mappers.ApiMapperTests.MapOffers_ShouldPass_When_HardExpiryDate_Past_Then_IsHardExpired_True" computerName="VISHWA-KOOLLA" duration="00:00:00.0070000" startTime="2019-10-11T13:38:17.1408027-04:00" endTime="2019-10-11T13:38:17.1408027-04:00" testType="13cdc9d9-ddb5-4fa4-a97d-d965ccfc6d4b" outcome="Passed" testListId="8c84fa94-04c1-424b-9868-57a2d4851a1d" relativeResultsDirectory="f11db9e5-929b-4922-8145-910b4ef5f297" />
    <UnitTestResult executionId="7aed2dcb-3835-4592-8a8b-f86298e58b54" testId="d96d3067-1af6-9d07-883d-a4ea3250abb6" testName="Ocas.Domestic.Apply.Api.Services.UnitTests.Handlers.UpdateProgramChoicesHandlerTests.UpdateProgramChoiceHandler_ShouldThrow_When_MatchingAlternateChoice" computerName="VISHWA-KOOLLA" duration="00:00:00.2200000" startTime="2019-10-11T13:38:47.1155847-04:00" endTime="2019-10-11T13:38:47.1155847-04:00" testType="13cdc9d9-ddb5-4fa4-a97d-d965ccfc6d4b" outcome="Passed" testListId="8c84fa94-04c1-424b-9868-57a2d4851a1d" relativeResultsDirectory="7aed2dcb-3835-4592-8a8b-f86298e58b54" />
    <UnitTestResult executionId="7b23e9fa-b898-436e-8c7b-a5bf9063d16e" testId="d3d56c63-57c5-dedf-b53b-19a285839156" testName="Ocas.Domestic.Apply.Api.Services.UnitTests.Handlers.GetEducationsHandlerTests.GetEducationsHandler_ShouldPass" computerName="VISHWA-KOOLLA" duration="00:00:00.2010000" startTime="2019-10-11T13:38:30.7651340-04:00" endTime="2019-10-11T13:38:30.7651340-04:00" testType="13cdc9d9-ddb5-4fa4-a97d-d965ccfc6d4b" outcome="Passed" testListId="8c84fa94-04c1-424b-9868-57a2d4851a1d" relativeResultsDirectory="7b23e9fa-b898-436e-8c7b-a5bf9063d16e" />
    <UnitTestResult executionId="14737068-29d4-4a87-9b66-3ab2707b20fe" testId="3a6d3e34-0327-45d8-b70f-e233bb208bc2" testName="Ocas.Domestic.Apply.Api.Services.UnitTests.Validators.Models.IntlCredentialAssessmentValidatorTests.Validator_ShouldPass_Without_Reference" computerName="VISHWA-KOOLLA" duration="00:00:00.0010000" startTime="2019-10-11T13:38:16.3569062-04:00" endTime="2019-10-11T13:38:16.3569062-04:00" testType="13cdc9d9-ddb5-4fa4-a97d-d965ccfc6d4b" outcome="Passed" testListId="8c84fa94-04c1-424b-9868-57a2d4851a1d" relativeResultsDirectory="14737068-29d4-4a87-9b66-3ab2707b20fe" />
    <UnitTestResult executionId="4edcf056-2077-46d2-af7e-736ec411feea" testId="1bb63996-4c85-cbaf-32a1-88ea3b5e3235" testName="Ocas.Domestic.Apply.Api.Services.UnitTests.Mappers.ApiMapperTests.MapOffers_ShouldPass_When_SoftExpiryDate_Future_Then_IsSoftExpired_False" computerName="VISHWA-KOOLLA" duration="00:00:00.0040000" startTime="2019-10-11T13:38:17.1497788-04:00" endTime="2019-10-11T13:38:17.1497788-04:00" testType="13cdc9d9-ddb5-4fa4-a97d-d965ccfc6d4b" outcome="Passed" testListId="8c84fa94-04c1-424b-9868-57a2d4851a1d" relativeResultsDirectory="4edcf056-2077-46d2-af7e-736ec411feea" />
    <UnitTestResult executionId="efc5a90c-8923-4767-b750-95bad16d26e0" testId="d95d823b-88bf-773c-01b8-265c84d5ee9e" testName="Ocas.Domestic.Apply.Api.Services.UnitTests.Validators.Models.ApplicantValidatorTests.Validator_ShouldPass_When_Title_Empty" computerName="VISHWA-KOOLLA" duration="00:00:00.0120000" startTime="2019-10-11T13:38:15.7086533-04:00" endTime="2019-10-11T13:38:15.7086533-04:00" testType="13cdc9d9-ddb5-4fa4-a97d-d965ccfc6d4b" outcome="Passed" testListId="8c84fa94-04c1-424b-9868-57a2d4851a1d" relativeResultsDirectory="efc5a90c-8923-4767-b750-95bad16d26e0" />
    <UnitTestResult executionId="9137442e-37e7-4add-b8cf-f8508d6e4fed" testId="082ac76e-ec4d-2c42-d5db-638befe213ae" testName="Ocas.Domestic.Apply.Api.Services.UnitTests.Validators.Messages.UpdateEducationStatusValidatorTests.Validator_ShouldFail_When_NoEnrolled" computerName="VISHWA-KOOLLA" duration="00:00:00.0280000" startTime="2019-10-11T13:38:14.2654823-04:00" endTime="2019-10-11T13:38:14.2654823-04:00" testType="13cdc9d9-ddb5-4fa4-a97d-d965ccfc6d4b" outcome="Passed" testListId="8c84fa94-04c1-424b-9868-57a2d4851a1d" relativeResultsDirectory="9137442e-37e7-4add-b8cf-f8508d6e4fed" />
    <UnitTestResult executionId="793a947b-8db4-4f32-a065-df65efc54c52" testId="2453ff20-3294-66ad-1419-7da1c6f6b981" testName="Ocas.Domestic.Apply.Api.Services.UnitTests.Handlers.GetApplicantHandlerTests.GetApplicant_ShouldNot_Update_LastLogin_OcasUser" computerName="VISHWA-KOOLLA" duration="00:00:00.2050000" startTime="2019-10-11T13:38:29.9244152-04:00" endTime="2019-10-11T13:38:29.9244152-04:00" testType="13cdc9d9-ddb5-4fa4-a97d-d965ccfc6d4b" outcome="Passed" testListId="8c84fa94-04c1-424b-9868-57a2d4851a1d" relativeResultsDirectory="793a947b-8db4-4f32-a065-df65efc54c52" />
    <UnitTestResult executionId="58802e7a-fff0-4c46-99f0-0bc513807375" testId="97cfaad4-2b0a-93fe-00ee-f7e43f2402a4" testName="Ocas.Domestic.Apply.Api.Services.UnitTests.Validators.Models.ApplicantValidatorTests.Validator_ShouldFail_When_Canada_Province_Invalid" computerName="VISHWA-KOOLLA" duration="00:00:00.0160000" startTime="2019-10-11T13:38:15.7595166-04:00" endTime="2019-10-11T13:38:15.7595166-04:00" testType="13cdc9d9-ddb5-4fa4-a97d-d965ccfc6d4b" outcome="Passed" testListId="8c84fa94-04c1-424b-9868-57a2d4851a1d" relativeResultsDirectory="58802e7a-fff0-4c46-99f0-0bc513807375" />
    <UnitTestResult executionId="a5bd46bd-2ec1-4b0e-be08-66a10d47e490" testId="299a35ef-094a-53e6-94e2-49d2a21c498f" testName="Ocas.Domestic.Apply.Api.Services.UnitTests.Handlers.UpdateEducationHandlerTests.UpdateEducation_ShouldThrow_When_TranscriptRequests_Then_InstituteIdMismatch" computerName="VISHWA-KOOLLA" duration="00:00:00.2060000" startTime="2019-10-11T13:38:43.0073654-04:00" endTime="2019-10-11T13:38:43.0073654-04:00" testType="13cdc9d9-ddb5-4fa4-a97d-d965ccfc6d4b" outcome="Passed" testListId="8c84fa94-04c1-424b-9868-57a2d4851a1d" relativeResultsDirectory="a5bd46bd-2ec1-4b0e-be08-66a10d47e490" />
    <UnitTestResult executionId="374d5573-e2f8-4417-bf9f-faafda5a75be" testId="56aa836f-af0b-8456-7220-ec87c99fcca0" testName="Ocas.Domestic.Apply.Api.Services.UnitTests.Validators.IIdentityUserValidatorTests.Validator_ShouldFail_WhenNoUser" computerName="VISHWA-KOOLLA" duration="00:00:00.0030000" startTime="2019-10-11T13:38:14.1966662-04:00" endTime="2019-10-11T13:38:14.1966662-04:00" testType="13cdc9d9-ddb5-4fa4-a97d-d965ccfc6d4b" outcome="Passed" testListId="8c84fa94-04c1-424b-9868-57a2d4851a1d" relativeResultsDirectory="374d5573-e2f8-4417-bf9f-faafda5a75be" />
    <UnitTestResult executionId="08563dc0-56c1-4d06-8f7a-4df2a4039a87" testId="0b5eb5fb-db86-438c-0e89-134d9394d942" testName="Ocas.Domestic.Apply.Api.Services.UnitTests.Handlers.UpdateProgramChoicesHandlerTests.UpdateProgramChoicesHandler_ShouldThrow_When_ApplicantCollegeHistoryFuture" computerName="VISHWA-KOOLLA" duration="00:00:00.2060000" startTime="2019-10-11T13:38:46.0510310-04:00" endTime="2019-10-11T13:38:46.0510310-04:00" testType="13cdc9d9-ddb5-4fa4-a97d-d965ccfc6d4b" outcome="Passed" testListId="8c84fa94-04c1-424b-9868-57a2d4851a1d" relativeResultsDirectory="08563dc0-56c1-4d06-8f7a-4df2a4039a87" />
    <UnitTestResult executionId="1094f86d-d8ba-42d9-9d78-9af21a72052b" testId="721c4042-21e2-3dcd-b1bf-b3d033d4ed50" testName="Ocas.Domestic.Apply.Api.Services.UnitTests.Handlers.CreateTranscriptRequestHandlerTests.CreateTranscriptRequest_ShouldThrow_When_ToInstituteIdMissing" computerName="VISHWA-KOOLLA" duration="00:00:00.2100000" startTime="2019-10-11T13:38:24.6945686-04:00" endTime="2019-10-11T13:38:24.6945686-04:00" testType="13cdc9d9-ddb5-4fa4-a97d-d965ccfc6d4b" outcome="Passed" testListId="8c84fa94-04c1-424b-9868-57a2d4851a1d" relativeResultsDirectory="1094f86d-d8ba-42d9-9d78-9af21a72052b" />
    <UnitTestResult executionId="eca6cf83-cc3c-4fb0-b0b3-f5b99f272894" testId="0fff72a9-7ba5-2b77-a580-74d9b3ea0ba6" testName="Ocas.Domestic.Apply.Api.Services.UnitTests.Handlers.CreateEducationHandlerTests.CreateEducation_ShouldThrow_WhenInvalidDate" computerName="VISHWA-KOOLLA" duration="00:00:00.1910000" startTime="2019-10-11T13:38:23.7589972-04:00" endTime="2019-10-11T13:38:23.7589972-04:00" testType="13cdc9d9-ddb5-4fa4-a97d-d965ccfc6d4b" outcome="Passed" testListId="8c84fa94-04c1-424b-9868-57a2d4851a1d" relativeResultsDirectory="eca6cf83-cc3c-4fb0-b0b3-f5b99f272894" />
    <UnitTestResult executionId="e0c27c2e-1312-4a1c-85f3-8ac1dd244c71" testId="01faba55-a5bb-ff7d-8f2d-5450531f6987" testName="Ocas.Domestic.Apply.Api.Services.UnitTests.Mappers.ApiMapperTests.MapSupportingDocument_ShouldPass_When_AcademicRecord" computerName="VISHWA-KOOLLA" duration="00:00:00.0100000" startTime="2019-10-11T13:38:17.1079060-04:00" endTime="2019-10-11T13:38:17.1079060-04:00" testType="13cdc9d9-ddb5-4fa4-a97d-d965ccfc6d4b" outcome="Passed" testListId="8c84fa94-04c1-424b-9868-57a2d4851a1d" relativeResultsDirectory="e0c27c2e-1312-4a1c-85f3-8ac1dd244c71" />
    <UnitTestResult executionId="a2d3e02b-4ba2-4d39-8584-22cb1825c639" testId="31eb33e3-2473-9968-2286-2e331444d4e6" testName="Ocas.Domestic.Apply.Api.Services.UnitTests.Validators.Models.CanadianCollegeValidatorTests.CanadianCollegeValidator_ShouldFail_WhenInstituteTypeDoesNotMatch_InCanadianCollege" computerName="VISHWA-KOOLLA" duration="00:00:00.0120000" startTime="2019-10-11T13:38:15.9200815-04:00" endTime="2019-10-11T13:38:15.9200815-04:00" testType="13cdc9d9-ddb5-4fa4-a97d-d965ccfc6d4b" outcome="Passed" testListId="8c84fa94-04c1-424b-9868-57a2d4851a1d" relativeResultsDirectory="a2d3e02b-4ba2-4d39-8584-22cb1825c639" />
    <UnitTestResult executionId="4b42ca9e-e464-483f-8020-849ddc553b58" testId="77dc03a6-bade-dd9e-d629-900d2a4f26bb" testName="Ocas.Domestic.Apply.Api.Services.UnitTests.Handlers.CreateTranscriptRequestHandlerTests.CreateTranscriptRequest_ShouldThrow_When_ChoicesMissing" computerName="VISHWA-KOOLLA" duration="00:00:00.2300000" startTime="2019-10-11T13:38:24.4850207-04:00" endTime="2019-10-11T13:38:24.4850207-04:00" testType="13cdc9d9-ddb5-4fa4-a97d-d965ccfc6d4b" outcome="Passed" testListId="8c84fa94-04c1-424b-9868-57a2d4851a1d" relativeResultsDirectory="4b42ca9e-e464-483f-8020-849ddc553b58" />
    <UnitTestResult executionId="cf315247-6bbf-43b6-985e-f77872d8758f" testId="93a472ad-bf8e-743a-fb81-b6d8d3589fb3" testName="Ocas.Domestic.Apply.Api.Services.UnitTests.Handlers.CreateApplicantBaseHandlerTests.CreateApplicantHandler_ShouldThrow_When_IsOcasUser" computerName="VISHWA-KOOLLA" duration="00:00:00.1780000" startTime="2019-10-11T13:38:22.3346212-04:00" endTime="2019-10-11T13:38:22.3346212-04:00" testType="13cdc9d9-ddb5-4fa4-a97d-d965ccfc6d4b" outcome="Passed" testListId="8c84fa94-04c1-424b-9868-57a2d4851a1d" relativeResultsDirectory="cf315247-6bbf-43b6-985e-f77872d8758f" />
    <UnitTestResult executionId="a3cb9181-fe3d-4094-8333-9419260b8ba4" testId="bbbb1832-aed3-634a-04fd-a795fb80df3a" testName="Ocas.Domestic.Apply.Api.Services.UnitTests.Handlers.GetPartnerBrandingHandlerTests.GetPartnerBrandingHandler_ShouldPass_WhenCollegeBranding" computerName="VISHWA-KOOLLA" duration="00:00:00.0070000" startTime="2019-10-11T13:38:32.6621230-04:00" endTime="2019-10-11T13:38:32.6621230-04:00" testType="13cdc9d9-ddb5-4fa4-a97d-d965ccfc6d4b" outcome="Passed" testListId="8c84fa94-04c1-424b-9868-57a2d4851a1d" relativeResultsDirectory="a3cb9181-fe3d-4094-8333-9419260b8ba4" />
    <UnitTestResult executionId="92313e51-1185-44fe-b0f6-dfa723e2b7de" testId="1142b92b-7740-f2f8-7c2c-84773377d5fa" testName="Ocas.Domestic.Apply.Api.Services.UnitTests.Validators.ApplicantCreateValidatorTests.Validator_ShouldPass" computerName="VISHWA-KOOLLA" duration="00:00:00.0090000" startTime="2019-10-11T13:38:14.4061118-04:00" endTime="2019-10-11T13:38:14.4061118-04:00" testType="13cdc9d9-ddb5-4fa4-a97d-d965ccfc6d4b" outcome="Passed" testListId="8c84fa94-04c1-424b-9868-57a2d4851a1d" relativeResultsDirectory="92313e51-1185-44fe-b0f6-dfa723e2b7de" />
    <UnitTestResult executionId="90e1ceb2-42c2-44a2-ba20-b294c97dc6d5" testId="0c09fcb3-b886-02f3-b994-7727bf662b1d" testName="Ocas.Domestic.Apply.Api.Services.UnitTests.Handlers.ReissueTranscriptRequestHandlerTests.ReissueTranscriptRequest_ShouldThrow_WhenRequestNotFound" computerName="VISHWA-KOOLLA" duration="00:00:00.1670000" startTime="2019-10-11T13:38:38.1797605-04:00" endTime="2019-10-11T13:38:38.1797605-04:00" testType="13cdc9d9-ddb5-4fa4-a97d-d965ccfc6d4b" outcome="Passed" testListId="8c84fa94-04c1-424b-9868-57a2d4851a1d" relativeResultsDirectory="90e1ceb2-42c2-44a2-ba20-b294c97dc6d5" />
    <UnitTestResult executionId="fdd376cc-92cb-4fe9-abe4-9519c2f4d5cc" testId="2770cf90-de12-5681-5fa0-a12e0bb007fe" testName="Ocas.Domestic.Apply.Api.Services.UnitTests.Validators.Models.PayOrderInfoValidatorTests.PayOrderInfoValidator_ShouldFail_WhenCscNaN" computerName="VISHWA-KOOLLA" duration="00:00:00.0060000" startTime="2019-10-11T13:38:16.4037574-04:00" endTime="2019-10-11T13:38:16.4037574-04:00" testType="13cdc9d9-ddb5-4fa4-a97d-d965ccfc6d4b" outcome="Passed" testListId="8c84fa94-04c1-424b-9868-57a2d4851a1d" relativeResultsDirectory="fdd376cc-92cb-4fe9-abe4-9519c2f4d5cc" />
    <UnitTestResult executionId="7b4169af-b1a8-4ebf-a68a-15a26c3a2ad7" testId="4b0d2c2f-f3a3-bf10-cc0c-96e494a072c5" testName="Ocas.Domestic.Apply.Api.Services.UnitTests.Validators.Models.AcademicUpgradingValidatorTests.AcademicUpgradingValidator_ShouldFail_WhenDataMissing_InAcademicUpgrading" computerName="VISHWA-KOOLLA" duration="00:00:00.0110000" startTime="2019-10-11T13:38:15.2937243-04:00" endTime="2019-10-11T13:38:15.2937243-04:00" testType="13cdc9d9-ddb5-4fa4-a97d-d965ccfc6d4b" outcome="Passed" testListId="8c84fa94-04c1-424b-9868-57a2d4851a1d" relativeResultsDirectory="7b4169af-b1a8-4ebf-a68a-15a26c3a2ad7" />
    <UnitTestResult executionId="4e4980c0-2c89-42a8-aaeb-3f9f6b27d6c9" testId="52706946-1872-3a45-7508-46e1da82d402" testName="Ocas.Domestic.Apply.Api.Services.UnitTests.Mappers.ApiMapperTests.MapSupportingDocument_ShouldPass_When_Transcript" computerName="VISHWA-KOOLLA" duration="00:00:00.0110000" startTime="2019-10-11T13:38:17.3343174-04:00" endTime="2019-10-11T13:38:17.3343174-04:00" testType="13cdc9d9-ddb5-4fa4-a97d-d965ccfc6d4b" outcome="Passed" testListId="8c84fa94-04c1-424b-9868-57a2d4851a1d" relativeResultsDirectory="4e4980c0-2c89-42a8-aaeb-3f9f6b27d6c9" />
    <UnitTestResult executionId="42cccf25-3ef0-4838-81ea-97916c046798" testId="54b12900-41cf-de7b-4041-88c5c6c9306d" testName="Ocas.Domestic.Apply.Api.Services.UnitTests.Validators.Models.CanadianUniversityValidatorTests.CanadianUniversityValidator_ShouldFail_WhenLookupsDoNotExist_InCanadianUniversity" computerName="VISHWA-KOOLLA" duration="00:00:00.0160000" startTime="2019-10-11T13:38:16.1534509-04:00" endTime="2019-10-11T13:38:16.1534509-04:00" testType="13cdc9d9-ddb5-4fa4-a97d-d965ccfc6d4b" outcome="Passed" testListId="8c84fa94-04c1-424b-9868-57a2d4851a1d" relativeResultsDirectory="42cccf25-3ef0-4838-81ea-97916c046798" />
    <UnitTestResult executionId="0125241f-3719-421c-978a-a1aad4eb7c08" testId="0645b3e6-f972-8996-50d9-ea7e73a9e50d" testName="Ocas.Domestic.Apply.Api.Services.UnitTests.Handlers.GetPartnerBrandingHandlerTests.GetPartnerBrandingHandler_ShouldPass_WhenPartnerBranding" computerName="VISHWA-KOOLLA" duration="00:00:00.0090000" startTime="2019-10-11T13:38:32.6710924-04:00" endTime="2019-10-11T13:38:32.6710924-04:00" testType="13cdc9d9-ddb5-4fa4-a97d-d965ccfc6d4b" outcome="Passed" testListId="8c84fa94-04c1-424b-9868-57a2d4851a1d" relativeResultsDirectory="0125241f-3719-421c-978a-a1aad4eb7c08" />
    <UnitTestResult executionId="aca3944e-fd46-4d0f-b7a7-16791957423e" testId="5c5a453c-8917-fdce-80d6-ce41b9c8a082" testName="Ocas.Domestic.Apply.Api.Services.UnitTests.Handlers.UpdateProgramChoicesHandlerTests.UpdateProgramChoicesHandler_ShouldThrow_When_ApplicationCycleNotFound" computerName="VISHWA-KOOLLA" duration="00:00:00.1900000" startTime="2019-10-11T13:38:46.8951844-04:00" endTime="2019-10-11T13:38:46.8951844-04:00" testType="13cdc9d9-ddb5-4fa4-a97d-d965ccfc6d4b" outcome="Passed" testListId="8c84fa94-04c1-424b-9868-57a2d4851a1d" relativeResultsDirectory="aca3944e-fd46-4d0f-b7a7-16791957423e" />
    <UnitTestResult executionId="15b47450-92d1-44d1-8ec1-1c5205fae225" testId="bf6668de-76a7-1fc0-8d11-fec739837f12" testName="Ocas.Domestic.Apply.Api.Services.UnitTests.Handlers.RemoveEducationHandlerTests.RemoveEducationHandler_ShouldPass" computerName="VISHWA-KOOLLA" duration="00:00:00.2070000" startTime="2019-10-11T13:38:38.5707970-04:00" endTime="2019-10-11T13:38:38.5707970-04:00" testType="13cdc9d9-ddb5-4fa4-a97d-d965ccfc6d4b" outcome="Passed" testListId="8c84fa94-04c1-424b-9868-57a2d4851a1d" relativeResultsDirectory="15b47450-92d1-44d1-8ec1-1c5205fae225" />
    <UnitTestResult executionId="0b08bc5c-9a1b-44bb-a8b0-79a557903320" testId="ae721ed3-fdff-fd4b-88f4-b1318604a64b" testName="Ocas.Domestic.Apply.Api.Services.UnitTests.Handlers.CreateApplicationHandlerTests.CreateApplicationHandler_ShouldPass_When_ApplicationExistsForCycle" computerName="VISHWA-KOOLLA" duration="00:00:00.2060000" startTime="2019-10-11T13:38:23.5683508-04:00" endTime="2019-10-11T13:38:23.5683508-04:00" testType="13cdc9d9-ddb5-4fa4-a97d-d965ccfc6d4b" outcome="Passed" testListId="8c84fa94-04c1-424b-9868-57a2d4851a1d" relativeResultsDirectory="0b08bc5c-9a1b-44bb-a8b0-79a557903320" />
    <UnitTestResult executionId="3eed9089-6b58-4c67-9a4f-ba4957aa1526" testId="a499ca4e-259c-3d81-bd9c-484d34fcfba4" testName="Ocas.Domestic.Apply.Api.Services.UnitTests.Handlers.UpdateApplicantHandlerTests.UpdateApplicantHandler_ShouldThrow_When_ChangingLockedField" computerName="VISHWA-KOOLLA" duration="00:00:00.1920000" startTime="2019-10-11T13:38:41.4704784-04:00" endTime="2019-10-11T13:38:41.4704784-04:00" testType="13cdc9d9-ddb5-4fa4-a97d-d965ccfc6d4b" outcome="Passed" testListId="8c84fa94-04c1-424b-9868-57a2d4851a1d" relativeResultsDirectory="3eed9089-6b58-4c67-9a4f-ba4957aa1526" />
    <UnitTestResult executionId="0fd83d5c-2f1f-4049-8b77-1b0128ccc4c9" testId="389652f7-ca64-a56c-a9a0-eb7a30622a4e" testName="Ocas.Domestic.Apply.Api.Services.UnitTests.Mappers.DtoMapperTests.PatchEducation_Should_Patch_CanadianHighSchool_WhenInstituteId" computerName="VISHWA-KOOLLA" duration="00:00:00.0090000" startTime="2019-10-11T13:38:17.6534315-04:00" endTime="2019-10-11T13:38:17.6534315-04:00" testType="13cdc9d9-ddb5-4fa4-a97d-d965ccfc6d4b" outcome="Passed" testListId="8c84fa94-04c1-424b-9868-57a2d4851a1d" relativeResultsDirectory="0fd83d5c-2f1f-4049-8b77-1b0128ccc4c9" />
    <UnitTestResult executionId="a8f75f66-5101-450d-a06c-9bf332b24903" testId="198d1141-5c79-39ef-b480-d2d4806a17ba" testName="Ocas.Domestic.Apply.Api.Services.UnitTests.Mappers.ApiMapperTests.MapShoppingCart_ShouldPass_When_Voucher" computerName="VISHWA-KOOLLA" duration="00:00:00.0010000" startTime="2019-10-11T13:38:17.3382757-04:00" endTime="2019-10-11T13:38:17.3382757-04:00" testType="13cdc9d9-ddb5-4fa4-a97d-d965ccfc6d4b" outcome="Passed" testListId="8c84fa94-04c1-424b-9868-57a2d4851a1d" relativeResultsDirectory="a8f75f66-5101-450d-a06c-9bf332b24903" />
    <UnitTestResult executionId="bfeb0d52-1834-4afd-bb39-ab0998d67bde" testId="19be7201-15e8-e86e-6dca-193067be6ce7" testName="Ocas.Domestic.Apply.Api.Services.UnitTests.Handlers.CompleteTranscriptsHandlerTests.CompleteTranscripts_ShouldPass" computerName="VISHWA-KOOLLA" duration="00:00:00.1940000" startTime="2019-10-11T13:38:21.0874168-04:00" endTime="2019-10-11T13:38:21.0874168-04:00" testType="13cdc9d9-ddb5-4fa4-a97d-d965ccfc6d4b" outcome="Passed" testListId="8c84fa94-04c1-424b-9868-57a2d4851a1d" relativeResultsDirectory="bfeb0d52-1834-4afd-bb39-ab0998d67bde" />
    <UnitTestResult executionId="6a91b92a-f159-4338-bf3b-828fd0f7f38d" testId="db60226b-c462-b8b7-3c5d-56745308814b" testName="Ocas.Domestic.Apply.Api.Services.UnitTests.Handlers.CreateTranscriptRequestHandlerTests.CreateTranscriptRequest_ShouldPass_When_ApplicationPaid" computerName="VISHWA-KOOLLA" duration="00:00:00.2880000" startTime="2019-10-11T13:38:24.0471963-04:00" endTime="2019-10-11T13:38:24.0471963-04:00" testType="13cdc9d9-ddb5-4fa4-a97d-d965ccfc6d4b" outcome="Passed" testListId="8c84fa94-04c1-424b-9868-57a2d4851a1d" relativeResultsDirectory="6a91b92a-f159-4338-bf3b-828fd0f7f38d" />
    <UnitTestResult executionId="f01e3299-afc3-45cb-b245-23a18b602aae" testId="757eb82f-2f96-7b98-69e2-68aa3374ffc4" testName="Ocas.Domestic.Apply.Api.Services.UnitTests.Validators.Models.EducationBaseValidatorTests.Validator_ShouldFail_WhenAttendToBeforeAttendedFrom" computerName="VISHWA-KOOLLA" duration="00:00:00.0110000" startTime="2019-10-11T13:38:16.2152962-04:00" endTime="2019-10-11T13:38:16.2152962-04:00" testType="13cdc9d9-ddb5-4fa4-a97d-d965ccfc6d4b" outcome="Passed" testListId="8c84fa94-04c1-424b-9868-57a2d4851a1d" relativeResultsDirectory="f01e3299-afc3-45cb-b245-23a18b602aae" />
    <UnitTestResult executionId="cb7f2285-3e39-4135-a6c9-ae4ec617cf15" testId="98e22baa-bba0-9d2f-e946-51cf65d34395" testName="Ocas.Domestic.Apply.Api.Services.UnitTests.Extensions.LookupsCacheExtensionsTests.GetSourcePartnerId_ShouldPass_When_College_NotAllowedCba" computerName="VISHWA-KOOLLA" duration="00:00:00.0030000" startTime="2019-10-11T13:38:47.7686909-04:00" endTime="2019-10-11T13:38:47.7686909-04:00" testType="13cdc9d9-ddb5-4fa4-a97d-d965ccfc6d4b" outcome="Passed" testListId="8c84fa94-04c1-424b-9868-57a2d4851a1d" relativeResultsDirectory="cb7f2285-3e39-4135-a6c9-ae4ec617cf15" />
    <UnitTestResult executionId="cd3513e5-1b59-42d5-a3bd-fb64eb77d15f" testId="5fb18bf7-2efa-1816-0ba3-8e06ca7636cc" testName="Ocas.Domestic.Apply.Api.Services.UnitTests.Mappers.ApiMapperTests.MapShoppingCart_ShouldPass_When_NsfBalance" computerName="VISHWA-KOOLLA" duration="00:00:00.0010000" startTime="2019-10-11T13:38:17.1457895-04:00" endTime="2019-10-11T13:38:17.1457895-04:00" testType="13cdc9d9-ddb5-4fa4-a97d-d965ccfc6d4b" outcome="Passed" testListId="8c84fa94-04c1-424b-9868-57a2d4851a1d" relativeResultsDirectory="cd3513e5-1b59-42d5-a3bd-fb64eb77d15f" />
    <UnitTestResult executionId="aaca90d4-dc0e-41c8-b6b0-63549613e65b" testId="58e4b85c-31c4-85b2-ecd4-2936696c291f" testName="Ocas.Domestic.Apply.Api.Services.UnitTests.Handlers.GetEducationsHandlerTests.GetEducationsHandler_ShouldPass_When_Empty" computerName="VISHWA-KOOLLA" duration="00:00:00.1900000" startTime="2019-10-11T13:38:30.9556247-04:00" endTime="2019-10-11T13:38:30.9556247-04:00" testType="13cdc9d9-ddb5-4fa4-a97d-d965ccfc6d4b" outcome="Passed" testListId="8c84fa94-04c1-424b-9868-57a2d4851a1d" relativeResultsDirectory="aaca90d4-dc0e-41c8-b6b0-63549613e65b" />
    <UnitTestResult executionId="71308dee-6566-42d2-8795-1f8a4c729b26" testId="a1107469-95c3-43fb-73d0-8f263c15f619" testName="Ocas.Domestic.Apply.Api.Services.UnitTests.Validators.Models.IntlCredentialAssessmentValidatorTests.Validator_ShouldThrow_When_Reference_NotNumeric" computerName="VISHWA-KOOLLA" duration="00:00:00.0040000" startTime="2019-10-11T13:38:16.3439153-04:00" endTime="2019-10-11T13:38:16.3439153-04:00" testType="13cdc9d9-ddb5-4fa4-a97d-d965ccfc6d4b" outcome="Passed" testListId="8c84fa94-04c1-424b-9868-57a2d4851a1d" relativeResultsDirectory="71308dee-6566-42d2-8795-1f8a4c729b26" />
    <UnitTestResult executionId="ea2b5eda-d814-41a8-a973-cf67822e53ca" testId="6f3ebdf9-39fb-2119-9ef1-adecf89442eb" testName="Ocas.Domestic.Apply.Api.Services.UnitTests.Mappers.ApiMapperTests.MappingSupportingDocument_ShouldPass_When_IntlCredential" computerName="VISHWA-KOOLLA" duration="00:00:00.0070000" startTime="2019-10-11T13:38:17.1228586-04:00" endTime="2019-10-11T13:38:17.1228586-04:00" testType="13cdc9d9-ddb5-4fa4-a97d-d965ccfc6d4b" outcome="Passed" testListId="8c84fa94-04c1-424b-9868-57a2d4851a1d" relativeResultsDirectory="ea2b5eda-d814-41a8-a973-cf67822e53ca" />
    <UnitTestResult executionId="989dbc01-cba8-4ee9-a198-041bda323e71" testId="f22423ff-a79d-8216-10aa-e6bf5cc3861d" testName="Ocas.Domestic.Apply.Api.Services.UnitTests.Mappers.ApiMapperTests.MapApplicant_ShouldPass_When_TitleId_Unknown" computerName="VISHWA-KOOLLA" duration="00:00:00.0050000" startTime="2019-10-11T13:38:16.9214041-04:00" endTime="2019-10-11T13:38:16.9214041-04:00" testType="13cdc9d9-ddb5-4fa4-a97d-d965ccfc6d4b" outcome="Passed" testListId="8c84fa94-04c1-424b-9868-57a2d4851a1d" relativeResultsDirectory="989dbc01-cba8-4ee9-a198-041bda323e71" />
    <UnitTestResult executionId="0a5087e2-e229-4095-8b12-2c7a9e0d687a" testId="af78a5b4-a100-267f-1620-a28ed388ae46" testName="Ocas.Domestic.Apply.Api.Services.UnitTests.Handlers.PayOrderHandlerTests.PayOrder_ShouldThrow_WhenMonerisAndInvalid" computerName="VISHWA-KOOLLA" duration="00:00:00.1760000" startTime="2019-10-11T13:38:36.2161431-04:00" endTime="2019-10-11T13:38:36.2161431-04:00" testType="13cdc9d9-ddb5-4fa4-a97d-d965ccfc6d4b" outcome="Passed" testListId="8c84fa94-04c1-424b-9868-57a2d4851a1d" relativeResultsDirectory="0a5087e2-e229-4095-8b12-2c7a9e0d687a" />
    <UnitTestResult executionId="635f110f-836e-491a-8113-61d79c90c216" testId="1ad21ec3-5948-641d-4032-601c877cb985" testName="Ocas.Domestic.Apply.Api.Services.UnitTests.Handlers.AcceptOfferHandlerTests.AcceptOffer_ShouldThrow_WhenAccepted" computerName="VISHWA-KOOLLA" duration="00:00:00.2190000" startTime="2019-10-11T13:38:17.9177247-04:00" endTime="2019-10-11T13:38:17.9177247-04:00" testType="13cdc9d9-ddb5-4fa4-a97d-d965ccfc6d4b" outcome="Passed" testListId="8c84fa94-04c1-424b-9868-57a2d4851a1d" relativeResultsDirectory="635f110f-836e-491a-8113-61d79c90c216" />
    <UnitTestResult executionId="29edbc0d-3679-4fa2-9940-ef9d3ad31206" testId="c9fb6358-46d3-a29b-a78a-e164e92721f0" testName="Ocas.Domestic.Apply.Api.Services.UnitTests.Validators.Models.CanadianUniversityValidatorTests.CanadianUniversityValidator_ShouldFail_WhenOtherCredential_InCanadianUniversity" computerName="VISHWA-KOOLLA" duration="00:00:00.0100000" startTime="2019-10-11T13:38:16.1115743-04:00" endTime="2019-10-11T13:38:16.1115743-04:00" testType="13cdc9d9-ddb5-4fa4-a97d-d965ccfc6d4b" outcome="Passed" testListId="8c84fa94-04c1-424b-9868-57a2d4851a1d" relativeResultsDirectory="29edbc0d-3679-4fa2-9940-ef9d3ad31206" />
    <UnitTestResult executionId="d303b61e-5f56-4adf-a387-6193ec13a381" testId="8eb25de5-7bbd-63a0-d44a-fc9dd4171026" testName="Ocas.Domestic.Apply.Api.Services.UnitTests.Handlers.ReissueTranscriptRequestHandlerTests.ReissueTranscriptRequest_ShouldThrow_WhenTrHasNoApplication" computerName="VISHWA-KOOLLA" duration="00:00:00.1970000" startTime="2019-10-11T13:38:36.8225209-04:00" endTime="2019-10-11T13:38:36.8225209-04:00" testType="13cdc9d9-ddb5-4fa4-a97d-d965ccfc6d4b" outcome="Passed" testListId="8c84fa94-04c1-424b-9868-57a2d4851a1d" relativeResultsDirectory="d303b61e-5f56-4adf-a387-6193ec13a381" />
    <UnitTestResult executionId="137b8715-4c2b-4f19-91b4-5fc23b219970" testId="81ff59e4-fa80-8714-bb08-ee178a161461" testName="Ocas.Domestic.Apply.Api.Services.UnitTests.Handlers.RemoveVoucherHandlerTests.RemoveVoucher_ShouldPass" computerName="VISHWA-KOOLLA" duration="00:00:00.2060000" startTime="2019-10-11T13:38:40.1141010-04:00" endTime="2019-10-11T13:38:40.1141010-04:00" testType="13cdc9d9-ddb5-4fa4-a97d-d965ccfc6d4b" outcome="Passed" testListId="8c84fa94-04c1-424b-9868-57a2d4851a1d" relativeResultsDirectory="137b8715-4c2b-4f19-91b4-5fc23b219970" />
    <UnitTestResult executionId="d8cee45a-d50f-4517-b5fb-1ba20d9adc9a" testId="406bb463-1312-8018-9458-144968bc78cd" testName="Ocas.Domestic.Apply.Api.Services.UnitTests.Mappers.ApiMapperTests.MapTranscriptRequest_ShouldPass_When_HighSchool" computerName="VISHWA-KOOLLA" duration="00:00:00.0160000" startTime="2019-10-11T13:38:17.3552357-04:00" endTime="2019-10-11T13:38:17.3552357-04:00" testType="13cdc9d9-ddb5-4fa4-a97d-d965ccfc6d4b" outcome="Passed" testListId="8c84fa94-04c1-424b-9868-57a2d4851a1d" relativeResultsDirectory="d8cee45a-d50f-4517-b5fb-1ba20d9adc9a" />
    <UnitTestResult executionId="f0e35849-8475-4ada-8948-d2ec9f0f563d" testId="3818586c-27b7-4fff-f0ef-c8fbeac54bf0" testName="Ocas.Domestic.Apply.Api.Services.UnitTests.Validators.Models.AcademicUpgradingValidatorTests.AcademicUpgradingValidator_ShouldFail_WhenNotCollege_InAcademicUpgrading" computerName="VISHWA-KOOLLA" duration="00:00:00.0200000" startTime="2019-10-11T13:38:15.2797629-04:00" endTime="2019-10-11T13:38:15.2797629-04:00" testType="13cdc9d9-ddb5-4fa4-a97d-d965ccfc6d4b" outcome="Passed" testListId="8c84fa94-04c1-424b-9868-57a2d4851a1d" relativeResultsDirectory="f0e35849-8475-4ada-8948-d2ec9f0f563d" />
    <UnitTestResult executionId="838e8528-a7e5-4c3d-a206-bdafeea46e98" testId="d52bfc9d-b6d1-a95c-ac1d-22fbb43bc4d1" testName="Ocas.Domestic.Apply.Api.Services.UnitTests.Handlers.UpdateProgramChoicesHandlerTests.UpdateProgramChoicesHandler_ShouldThrow_When_ChoiceEntryLevelIdNotIntake" computerName="VISHWA-KOOLLA" duration="00:00:00.2130000" startTime="2019-10-11T13:38:45.6462817-04:00" endTime="2019-10-11T13:38:45.6462817-04:00" testType="13cdc9d9-ddb5-4fa4-a97d-d965ccfc6d4b" outcome="Passed" testListId="8c84fa94-04c1-424b-9868-57a2d4851a1d" relativeResultsDirectory="838e8528-a7e5-4c3d-a206-bdafeea46e98" />
    <UnitTestResult executionId="7a970c4c-7964-47f7-8c95-787327d179df" testId="8ff80832-0196-2ed0-521b-bb6529578148" testName="Ocas.Domestic.Apply.Api.Services.UnitTests.Handlers.UpdateProgramChoicesHandlerTests.UpdateProgramChoicesHandler_ShouldThrow_When_IntakeCycleIdNotMatchApplication" computerName="VISHWA-KOOLLA" duration="00:00:00.2110000" startTime="2019-10-11T13:38:44.3228161-04:00" endTime="2019-10-11T13:38:44.3228161-04:00" testType="13cdc9d9-ddb5-4fa4-a97d-d965ccfc6d4b" outcome="Passed" testListId="8c84fa94-04c1-424b-9868-57a2d4851a1d" relativeResultsDirectory="7a970c4c-7964-47f7-8c95-787327d179df" />
    <UnitTestResult executionId="1231beed-58e0-4ce0-80a0-131f65f7dc83" testId="c142792f-08cd-28a7-4e21-d3afe07a64bf" testName="Ocas.Domestic.Apply.Api.Services.UnitTests.Validators.Messages.GetProgramChoicesValidatorTests.GetProgramChoicesValidator_ShouldFail_When_Ids_Empty" computerName="VISHWA-KOOLLA" duration="00:00:00.0170000" startTime="2019-10-11T13:38:14.3552426-04:00" endTime="2019-10-11T13:38:14.3552426-04:00" testType="13cdc9d9-ddb5-4fa4-a97d-d965ccfc6d4b" outcome="Passed" testListId="8c84fa94-04c1-424b-9868-57a2d4851a1d" relativeResultsDirectory="1231beed-58e0-4ce0-80a0-131f65f7dc83" />
    <UnitTestResult executionId="d89e9643-93ad-4446-8fa2-eaf055f8246c" testId="9a5f4175-ecb1-7ffb-888e-2347775b50c1" testName="Ocas.Domestic.Apply.Api.Services.UnitTests.Validators.Models.IntlCredentialAssessmentValidatorTests.Validator_ShouldThrow_When_IntlEvaluatorId_Empty" computerName="VISHWA-KOOLLA" duration="00:00:00.0040000" startTime="2019-10-11T13:38:16.3399262-04:00" endTime="2019-10-11T13:38:16.3399262-04:00" testType="13cdc9d9-ddb5-4fa4-a97d-d965ccfc6d4b" outcome="Passed" testListId="8c84fa94-04c1-424b-9868-57a2d4851a1d" relativeResultsDirectory="d89e9643-93ad-4446-8fa2-eaf055f8246c" />
    <UnitTestResult executionId="103ae31a-69c9-49e5-a64c-a7b04bac7ba6" testId="1b11dac6-5477-5d88-d71f-ba08ff96ba57" testName="Ocas.Domestic.Apply.Api.Services.UnitTests.Handlers.UpdateProgramChoicesHandlerTests.UpdateProgramChoicesHandler_ShouldThrow_When_ApplicantCollegeHistoryBeforeDOB" computerName="VISHWA-KOOLLA" duration="00:00:00.1970000" startTime="2019-10-11T13:38:45.8487342-04:00" endTime="2019-10-11T13:38:45.8487342-04:00" testType="13cdc9d9-ddb5-4fa4-a97d-d965ccfc6d4b" outcome="Passed" testListId="8c84fa94-04c1-424b-9868-57a2d4851a1d" relativeResultsDirectory="103ae31a-69c9-49e5-a64c-a7b04bac7ba6" />
    <UnitTestResult executionId="0e7b555b-b3f1-43ef-9c26-be8c58fce38b" testId="3e7c5040-e5cb-7c20-0aa8-199834bd5ec2" testName="Ocas.Domestic.Apply.Api.Services.UnitTests.Handlers.ReissueTranscriptRequestHandlerTests.ReissueTranscriptRequest_ShouldThrow_WhenInvalidHighSchoolStatus" computerName="VISHWA-KOOLLA" duration="00:00:00.1980000" startTime="2019-10-11T13:38:37.7718540-04:00" endTime="2019-10-11T13:38:37.7718540-04:00" testType="13cdc9d9-ddb5-4fa4-a97d-d965ccfc6d4b" outcome="Passed" testListId="8c84fa94-04c1-424b-9868-57a2d4851a1d" relativeResultsDirectory="0e7b555b-b3f1-43ef-9c26-be8c58fce38b" />
    <UnitTestResult executionId="062febbd-76e2-4331-84ec-e5ef6457f268" testId="3ba0acee-d47b-2320-223a-ae970ede85f8" testName="Ocas.Domestic.Apply.Api.Services.UnitTests.Handlers.PayOrderHandlerTests.PayOrder_ShouldThrow_WhenZeroDollarAndInvalid" computerName="VISHWA-KOOLLA" duration="00:00:00.1750000" startTime="2019-10-11T13:38:35.6317219-04:00" endTime="2019-10-11T13:38:35.6317219-04:00" testType="13cdc9d9-ddb5-4fa4-a97d-d965ccfc6d4b" outcome="Passed" testListId="8c84fa94-04c1-424b-9868-57a2d4851a1d" relativeResultsDirectory="062febbd-76e2-4331-84ec-e5ef6457f268" />
    <UnitTestResult executionId="bb186f5d-dbf8-4f06-88bc-da3ac55164f4" testId="938b5be4-355c-6836-8308-39b13aa13b6d" testName="Ocas.Domestic.Apply.Api.Services.UnitTests.Validators.Messages.UpdateProgramChoicesValidatorTests.UpdateProgramChoicesValidator_ShouldFail_When_ProgramChoicesApplicationIdNotAllEqual" computerName="VISHWA-KOOLLA" duration="00:00:00.0090000" startTime="2019-10-11T13:38:16.6630949-04:00" endTime="2019-10-11T13:38:16.6630949-04:00" testType="13cdc9d9-ddb5-4fa4-a97d-d965ccfc6d4b" outcome="Passed" testListId="8c84fa94-04c1-424b-9868-57a2d4851a1d" relativeResultsDirectory="bb186f5d-dbf8-4f06-88bc-da3ac55164f4" />
    <UnitTestResult executionId="81c44cc1-1cd7-4796-97de-00e5a74a3d1d" testId="33f28ade-4ab2-a04e-1cee-81922fc2d5eb" testName="Ocas.Domestic.Apply.Api.Services.UnitTests.Handlers.PayOrderHandlerTests.PayOrder_ShouldLockPayment_WhenCrmFails" computerName="VISHWA-KOOLLA" duration="00:00:00.2700000" startTime="2019-10-11T13:38:35.4572148-04:00" endTime="2019-10-11T13:38:35.4572148-04:00" testType="13cdc9d9-ddb5-4fa4-a97d-d965ccfc6d4b" outcome="Passed" testListId="8c84fa94-04c1-424b-9868-57a2d4851a1d" relativeResultsDirectory="81c44cc1-1cd7-4796-97de-00e5a74a3d1d" />
    <UnitTestResult executionId="0cf4361d-76b7-4913-a0b3-493f5979819a" testId="e624c592-f4db-a712-a16e-fc67e4b57afe" testName="Ocas.Domestic.Apply.Api.Services.UnitTests.Extensions.LookupsCacheExtensionsTests.GetSourcePartnerId_ShouldPass_When_ReferralPartner_NotAllowedCba" computerName="VISHWA-KOOLLA" duration="00:00:00.0030000" startTime="2019-10-11T13:38:47.7477534-04:00" endTime="2019-10-11T13:38:47.7477534-04:00" testType="13cdc9d9-ddb5-4fa4-a97d-d965ccfc6d4b" outcome="Passed" testListId="8c84fa94-04c1-424b-9868-57a2d4851a1d" relativeResultsDirectory="0cf4361d-76b7-4913-a0b3-493f5979819a" />
    <UnitTestResult executionId="58c78a98-7b30-4cbd-8340-92d0ec44e425" testId="2097b6af-2abd-ed00-3e15-79c398ef8489" testName="Ocas.Domestic.Apply.Api.Services.UnitTests.Validators.Models.CanadianHighSchoolValidatorTests.Validator_ShouldPass_InOntario" computerName="VISHWA-KOOLLA" duration="00:00:00.0110000" startTime="2019-10-11T13:38:16.0178253-04:00" endTime="2019-10-11T13:38:16.0178253-04:00" testType="13cdc9d9-ddb5-4fa4-a97d-d965ccfc6d4b" outcome="Passed" testListId="8c84fa94-04c1-424b-9868-57a2d4851a1d" relativeResultsDirectory="58c78a98-7b30-4cbd-8340-92d0ec44e425" />
    <UnitTestResult executionId="d41f8616-e051-4e75-9a19-b5aa4177249c" testId="6100ea4c-cb59-c904-b56e-b4f9e0f3b4f7" testName="Ocas.Domestic.Apply.Api.Services.UnitTests.Handlers.CreateApplicantHandlerTests.CreateApplicantHandler_ShouldPass" computerName="VISHWA-KOOLLA" duration="00:00:00.2270000" startTime="2019-10-11T13:38:22.9828867-04:00" endTime="2019-10-11T13:38:22.9828867-04:00" testType="13cdc9d9-ddb5-4fa4-a97d-d965ccfc6d4b" outcome="Passed" testListId="8c84fa94-04c1-424b-9868-57a2d4851a1d" relativeResultsDirectory="d41f8616-e051-4e75-9a19-b5aa4177249c" />
    <UnitTestResult executionId="2b255556-4db2-4afe-93a2-f37fb54c25a2" testId="89546f3a-c274-b917-a3b8-18491082d9db" testName="Ocas.Domestic.Apply.Api.Services.UnitTests.Caches.LookupsCacheTests.GetCache_ShouldCallDbOnce_WhenCalledManyTimes" computerName="VISHWA-KOOLLA" duration="00:00:00.2170000" startTime="2019-10-11T13:38:48.7909678-04:00" endTime="2019-10-11T13:38:48.7909678-04:00" testType="13cdc9d9-ddb5-4fa4-a97d-d965ccfc6d4b" outcome="Passed" testListId="8c84fa94-04c1-424b-9868-57a2d4851a1d" relativeResultsDirectory="2b255556-4db2-4afe-93a2-f37fb54c25a2" />
    <UnitTestResult executionId="b0cc47a1-02d9-4e3d-ace8-49dad83c2bdc" testId="56bf3f21-69d0-6700-a3fc-9f15858588bd" testName="Ocas.Domestic.Apply.Api.Services.UnitTests.Validators.Models.ApplicantValidatorTests.Validator_ShouldFail_When_SponsorAgencyId_Invalid" computerName="VISHWA-KOOLLA" duration="00:00:00.0100000" startTime="2019-10-11T13:38:15.6208892-04:00" endTime="2019-10-11T13:38:15.6208892-04:00" testType="13cdc9d9-ddb5-4fa4-a97d-d965ccfc6d4b" outcome="Passed" testListId="8c84fa94-04c1-424b-9868-57a2d4851a1d" relativeResultsDirectory="b0cc47a1-02d9-4e3d-ace8-49dad83c2bdc" />
    <UnitTestResult executionId="9c3cabb7-ccc0-4dd6-8d31-fa0d6d695e33" testId="885b39a3-f5e2-3dff-3ed8-ed53f9b0dd8b" testName="Ocas.Domestic.Apply.Api.Services.UnitTests.Validators.Messages.UpdateEducationStatusValidatorTests.Validator_ShouldFail_WhenEnrolled_InvalidGraduationDate" computerName="VISHWA-KOOLLA" duration="00:00:00.0140000" startTime="2019-10-11T13:38:14.2215998-04:00" endTime="2019-10-11T13:38:14.2215998-04:00" testType="13cdc9d9-ddb5-4fa4-a97d-d965ccfc6d4b" outcome="Passed" testListId="8c84fa94-04c1-424b-9868-57a2d4851a1d" relativeResultsDirectory="9c3cabb7-ccc0-4dd6-8d31-fa0d6d695e33" />
    <UnitTestResult executionId="4021c594-d0c5-4058-ad16-92b70cae276b" testId="c0c0f081-bbdc-f3ea-6388-dbf0311830dd" testName="Ocas.Domestic.Apply.Api.Services.UnitTests.Validators.Models.ApplicantValidatorTests.Validator_ShouldFail_When_Usa_Province_Invalid" computerName="VISHWA-KOOLLA" duration="00:00:00.0150000" startTime="2019-10-11T13:38:15.7844120-04:00" endTime="2019-10-11T13:38:15.7844120-04:00" testType="13cdc9d9-ddb5-4fa4-a97d-d965ccfc6d4b" outcome="Passed" testListId="8c84fa94-04c1-424b-9868-57a2d4851a1d" relativeResultsDirectory="4021c594-d0c5-4058-ad16-92b70cae276b" />
    <UnitTestResult executionId="106af273-8d68-434f-abd3-2f12509608b6" testId="74aa60cb-1222-a5b6-23c6-b29f3f608b5c" testName="Ocas.Domestic.Apply.Api.Services.UnitTests.Mappers.ApiMapperTests.MapShoppingCart_ShouldPass_When_NonVoucher_NullReferenceId" computerName="VISHWA-KOOLLA" duration="00:00:00.0020000" startTime="2019-10-11T13:38:17.0520517-04:00" endTime="2019-10-11T13:38:17.0520517-04:00" testType="13cdc9d9-ddb5-4fa4-a97d-d965ccfc6d4b" outcome="Passed" testListId="8c84fa94-04c1-424b-9868-57a2d4851a1d" relativeResultsDirectory="106af273-8d68-434f-abd3-2f12509608b6" />
    <UnitTestResult executionId="373e8a51-fbd4-4c6c-a3d3-67e5dd53f335" testId="150037d0-db6e-6a24-7ce8-1b35189961f5" testName="Ocas.Domestic.Apply.Api.Services.UnitTests.Handlers.GetPartnerBrandingHandlerTests.GetPartnerBrandingHandler_ShouldThrow_WhenCollegeBranding_DoesNotAllowCba" computerName="VISHWA-KOOLLA" duration="00:00:00.0030000" startTime="2019-10-11T13:38:32.6551436-04:00" endTime="2019-10-11T13:38:32.6551436-04:00" testType="13cdc9d9-ddb5-4fa4-a97d-d965ccfc6d4b" outcome="Passed" testListId="8c84fa94-04c1-424b-9868-57a2d4851a1d" relativeResultsDirectory="373e8a51-fbd4-4c6c-a3d3-67e5dd53f335" />
    <UnitTestResult executionId="1f031759-ae4b-44f4-b513-b87115b8c07d" testId="517e6ef5-798c-5592-0729-3345fdecd2b0" testName="Ocas.Domestic.Apply.Api.Services.UnitTests.Mappers.ApiMapperTests.MapTranscriptRequest_ShouldPass_When_University" computerName="VISHWA-KOOLLA" duration="00:00:00.0100000" startTime="2019-10-11T13:38:17.0111518-04:00" endTime="2019-10-11T13:38:17.0111518-04:00" testType="13cdc9d9-ddb5-4fa4-a97d-d965ccfc6d4b" outcome="Passed" testListId="8c84fa94-04c1-424b-9868-57a2d4851a1d" relativeResultsDirectory="1f031759-ae4b-44f4-b513-b87115b8c07d" />
    <UnitTestResult executionId="eb3b6301-d7b7-40f4-b5c7-a0364b377b43" testId="8367661a-be24-5851-0813-8898249db209" testName="Ocas.Domestic.Apply.Api.Services.UnitTests.Validators.Messages.CreateApplicationValidatorTests.CreateApplicationValidator_ShouldFail_When_ApplicantIdEmpty" computerName="VISHWA-KOOLLA" duration="00:00:00.0190000" startTime="2019-10-11T13:38:16.5174509-04:00" endTime="2019-10-11T13:38:16.5174509-04:00" testType="13cdc9d9-ddb5-4fa4-a97d-d965ccfc6d4b" outcome="Passed" testListId="8c84fa94-04c1-424b-9868-57a2d4851a1d" relativeResultsDirectory="eb3b6301-d7b7-40f4-b5c7-a0364b377b43" />
    <UnitTestResult executionId="8615e5a0-90cf-44f1-9198-c906559cdd53" testId="13684300-89ac-415d-fdb2-1313a9dca7a4" testName="Ocas.Domestic.Apply.Api.Services.UnitTests.Handlers.CreateTranscriptRequestHandlerTests.CreateTranscriptRequest_ShouldThrow_When_InstituteTypeMissing" computerName="VISHWA-KOOLLA" duration="00:00:00.1930000" startTime="2019-10-11T13:38:25.7438174-04:00" endTime="2019-10-11T13:38:25.7438174-04:00" testType="13cdc9d9-ddb5-4fa4-a97d-d965ccfc6d4b" outcome="Passed" testListId="8c84fa94-04c1-424b-9868-57a2d4851a1d" relativeResultsDirectory="8615e5a0-90cf-44f1-9198-c906559cdd53" />
    <UnitTestResult executionId="bba677e2-3251-481a-9acd-f4b71f9039ef" testId="abb1efa3-c08d-eee4-c35f-b83033538a3f" testName="Ocas.Domestic.Apply.Api.Services.UnitTests.Mappers.ApiMapperTests.MapTranscriptTransmissions_Should_Be_Missing_Without_TermDueDate_Or_SendNow" computerName="VISHWA-KOOLLA" duration="00:00:00.0010000" startTime="2019-10-11T13:38:17.3093776-04:00" endTime="2019-10-11T13:38:17.3093776-04:00" testType="13cdc9d9-ddb5-4fa4-a97d-d965ccfc6d4b" outcome="Passed" testListId="8c84fa94-04c1-424b-9868-57a2d4851a1d" relativeResultsDirectory="bba677e2-3251-481a-9acd-f4b71f9039ef" />
    <UnitTestResult executionId="39594318-969e-4e68-a182-a6ff7fc41fdd" testId="e5dea0c2-49b2-8c13-e097-d59b56efce6c" testName="Ocas.Domestic.Apply.Api.Services.UnitTests.Mappers.ApiMapperTests.MapEducation_ShouldPass_When_HasPaidApplication_CanDelete" computerName="VISHWA-KOOLLA" duration="00:00:00.0010000" startTime="2019-10-11T13:38:17.0979231-04:00" endTime="2019-10-11T13:38:17.0979231-04:00" testType="13cdc9d9-ddb5-4fa4-a97d-d965ccfc6d4b" outcome="Passed" testListId="8c84fa94-04c1-424b-9868-57a2d4851a1d" relativeResultsDirectory="39594318-969e-4e68-a182-a6ff7fc41fdd" />
    <UnitTestResult executionId="234bf2c7-004e-490a-9b50-3e4a5c059d9a" testId="56895bb6-3bff-e2b7-eaf3-e945d91508aa" testName="Ocas.Domestic.Apply.Api.Services.UnitTests.Handlers.GetOfferHistoriesHandlerTests.GetOfferHistoriesHandler_ShouldPass_When_Empty" computerName="VISHWA-KOOLLA" duration="00:00:00.1960000" startTime="2019-10-11T13:38:31.7575164-04:00" endTime="2019-10-11T13:38:31.7575164-04:00" testType="13cdc9d9-ddb5-4fa4-a97d-d965ccfc6d4b" outcome="Passed" testListId="8c84fa94-04c1-424b-9868-57a2d4851a1d" relativeResultsDirectory="234bf2c7-004e-490a-9b50-3e4a5c059d9a" />
    <UnitTestResult executionId="7e669652-764e-4918-8af9-c60b371b7bde" testId="ec6c4022-7a46-8a73-20ee-bfd754dd6bda" testName="Ocas.Domestic.Apply.Api.Services.UnitTests.Handlers.GetApplicantHistoriesHandlerTests.GetApplicantHistoriesHandler_ShouldPass_When_Order_NotNull_And_CustomEntity_Equals_Order" computerName="VISHWA-KOOLLA" duration="00:00:00.2160000" startTime="2019-10-11T13:38:30.5646708-04:00" endTime="2019-10-11T13:38:30.5646708-04:00" testType="13cdc9d9-ddb5-4fa4-a97d-d965ccfc6d4b" outcome="Passed" testListId="8c84fa94-04c1-424b-9868-57a2d4851a1d" relativeResultsDirectory="7e669652-764e-4918-8af9-c60b371b7bde" />
    <UnitTestResult executionId="0e79f994-7744-4bd0-b20a-be0dccc25fa3" testId="c120529c-e2a4-b820-f546-6ae4dd6afabb" testName="Ocas.Domestic.Apply.Api.Services.UnitTests.Mappers.ApiMapperTests.MapOffers_ShouldPass_When_NewApplyApplication_Then_CanRespond_False" computerName="VISHWA-KOOLLA" duration="00:00:00.0040000" startTime="2019-10-11T13:38:17.1338215-04:00" endTime="2019-10-11T13:38:17.1338215-04:00" testType="13cdc9d9-ddb5-4fa4-a97d-d965ccfc6d4b" outcome="Passed" testListId="8c84fa94-04c1-424b-9868-57a2d4851a1d" relativeResultsDirectory="0e79f994-7744-4bd0-b20a-be0dccc25fa3" />
    <UnitTestResult executionId="ce75cd10-20db-4d36-807b-f52ca3a0dbef" testId="99fded48-c76b-268d-9e31-c28fbd6cca4d" testName="Ocas.Domestic.Apply.Api.Services.UnitTests.Extensions.LookupsCacheExtensionsTests.GetSourceId_ShouldPass_When_ReferralPartner_AllowedCba_And_NotAllowCbaReferralCodeAsSource" computerName="VISHWA-KOOLLA" duration="00:00:00.0030000" startTime="2019-10-11T13:38:47.7736846-04:00" endTime="2019-10-11T13:38:47.7736846-04:00" testType="13cdc9d9-ddb5-4fa4-a97d-d965ccfc6d4b" outcome="Passed" testListId="8c84fa94-04c1-424b-9868-57a2d4851a1d" relativeResultsDirectory="ce75cd10-20db-4d36-807b-f52ca3a0dbef" />
    <UnitTestResult executionId="1bea1772-11c8-4914-9f7a-0888c408b48f" testId="2eceb79f-3b63-62b3-e32b-d336f079694e" testName="Ocas.Domestic.Apply.Api.Services.UnitTests.Mappers.ApiMapperTests.MapEducation_ShouldPass_When_CollegeWithEtms" computerName="VISHWA-KOOLLA" duration="00:00:00.0030000" startTime="2019-10-11T13:38:17.0470551-04:00" endTime="2019-10-11T13:38:17.0470551-04:00" testType="13cdc9d9-ddb5-4fa4-a97d-d965ccfc6d4b" outcome="Passed" testListId="8c84fa94-04c1-424b-9868-57a2d4851a1d" relativeResultsDirectory="1bea1772-11c8-4914-9f7a-0888c408b48f" />
    <UnitTestResult executionId="bf33720a-8018-4555-a410-1aa4054174f8" testId="61baff53-fc9f-9652-d919-15a70c19bf94" testName="Ocas.Domestic.Apply.Api.Services.UnitTests.Handlers.PayOrderHandlerTests.PayOrder_ShouldCompletePayment_WhenTrUpdateFails" computerName="VISHWA-KOOLLA" duration="00:00:00.2080000" startTime="2019-10-11T13:38:36.0366386-04:00" endTime="2019-10-11T13:38:36.0366386-04:00" testType="13cdc9d9-ddb5-4fa4-a97d-d965ccfc6d4b" outcome="Passed" testListId="8c84fa94-04c1-424b-9868-57a2d4851a1d" relativeResultsDirectory="bf33720a-8018-4555-a410-1aa4054174f8" />
    <UnitTestResult executionId="84cbc175-2f95-4de4-9820-ac03d75d5a3e" testId="f107076e-e1a0-2e7e-7861-a10df1b479b2" testName="Ocas.Domestic.Apply.Api.Services.UnitTests.Handlers.ClaimVoucherHandlerTests.ClaimVoucher_ShouldThrow_WhenShoppingCartDoesNotExist" computerName="VISHWA-KOOLLA" duration="00:00:00.1850000" startTime="2019-10-11T13:38:19.9152434-04:00" endTime="2019-10-11T13:38:19.9152434-04:00" testType="13cdc9d9-ddb5-4fa4-a97d-d965ccfc6d4b" outcome="Passed" testListId="8c84fa94-04c1-424b-9868-57a2d4851a1d" relativeResultsDirectory="84cbc175-2f95-4de4-9820-ac03d75d5a3e" />
    <UnitTestResult executionId="f26bb034-5035-461c-bdbb-6a0d387d87bc" testId="ef8dca96-7eb5-0fcc-956a-7f46eca0ee84" testName="Ocas.Domestic.Apply.Api.Services.UnitTests.Mappers.ApiMapperTests.MapOffers_ShouldPass_When_DeleteOffer_Then_CanRespond_False" computerName="VISHWA-KOOLLA" duration="00:00:00.0340000" startTime="2019-10-11T13:38:16.9084397-04:00" endTime="2019-10-11T13:38:16.9084397-04:00" testType="13cdc9d9-ddb5-4fa4-a97d-d965ccfc6d4b" outcome="Passed" testListId="8c84fa94-04c1-424b-9868-57a2d4851a1d" relativeResultsDirectory="f26bb034-5035-461c-bdbb-6a0d387d87bc" />
    <UnitTestResult executionId="346ad836-3e0b-4bbd-badd-7f4c6e425e9b" testId="fc1c107d-227f-69f1-21fc-d787dd81e258" testName="Ocas.Domestic.Apply.Api.Services.UnitTests.Validators.Messages.GetPartnerBrandingValidatorTests.GetPartnerBrandingValidator_ShouldFail_When_CodeTooLong" computerName="VISHWA-KOOLLA" duration="00:00:00.0380000" startTime="2019-10-11T13:38:14.2306126-04:00" endTime="2019-10-11T13:38:14.2306126-04:00" testType="13cdc9d9-ddb5-4fa4-a97d-d965ccfc6d4b" outcome="Passed" testListId="8c84fa94-04c1-424b-9868-57a2d4851a1d" relativeResultsDirectory="346ad836-3e0b-4bbd-badd-7f4c6e425e9b" />
    <UnitTestResult executionId="89fddba3-8270-4f93-a7a1-b69d3c6e0a14" testId="671e5b7e-f0b2-b6e6-ac60-419dbffcaa79" testName="Ocas.Domestic.Apply.Api.Services.UnitTests.Validators.Models.ApplicantValidatorTests.Validator_ShouldPass_When_ArrivalDate_Empty_And_Canadian" computerName="VISHWA-KOOLLA" duration="00:00:00.0100000" startTime="2019-10-11T13:38:15.6837134-04:00" endTime="2019-10-11T13:38:15.6837134-04:00" testType="13cdc9d9-ddb5-4fa4-a97d-d965ccfc6d4b" outcome="Passed" testListId="8c84fa94-04c1-424b-9868-57a2d4851a1d" relativeResultsDirectory="89fddba3-8270-4f93-a7a1-b69d3c6e0a14" />
    <UnitTestResult executionId="acf6fc5a-8dd8-44ed-be94-ef3f1e9f5275" testId="6bee5ad4-49f4-8ad0-aa6c-973bf174657b" testName="Ocas.Domestic.Apply.Api.Services.UnitTests.Validators.Messages.GetCitiesValidatorTests.GetCitiesValidator_ShouldPass_WhenNullProvince" computerName="VISHWA-KOOLLA" duration="00:00:00.0050000" startTime="2019-10-11T13:38:16.5683149-04:00" endTime="2019-10-11T13:38:16.5683149-04:00" testType="13cdc9d9-ddb5-4fa4-a97d-d965ccfc6d4b" outcome="Passed" testListId="8c84fa94-04c1-424b-9868-57a2d4851a1d" relativeResultsDirectory="acf6fc5a-8dd8-44ed-be94-ef3f1e9f5275" />
    <UnitTestResult executionId="5a19e5b7-03c2-4621-aeb4-6cef475f101e" testId="9396797f-9f88-78a4-72dc-21de0e162b48" testName="Ocas.Domestic.Apply.Api.Services.UnitTests.Handlers.UpdateApplicantHandlerTests.UpdateApplicantHandler_ShouldThrow_When_IsDuplicateEmail" computerName="VISHWA-KOOLLA" duration="00:00:00.1820000" startTime="2019-10-11T13:38:41.2789899-04:00" endTime="2019-10-11T13:38:41.2789899-04:00" testType="13cdc9d9-ddb5-4fa4-a97d-d965ccfc6d4b" outcome="Passed" testListId="8c84fa94-04c1-424b-9868-57a2d4851a1d" relativeResultsDirectory="5a19e5b7-03c2-4621-aeb4-6cef475f101e" />
    <UnitTestResult executionId="cf8ce01a-e059-4533-9d4c-d7c643dded68" testId="854b2eac-a89c-3456-6ba1-f3f458e5ca13" testName="Ocas.Domestic.Apply.Api.Services.UnitTests.Mappers.DtoMapperTests.PatchEducation_Should_Patch_CanadianHighSchool_WhenNotCurrentlyAttending" computerName="VISHWA-KOOLLA" duration="00:00:00.0080000" startTime="2019-10-11T13:38:17.4430266-04:00" endTime="2019-10-11T13:38:17.4430266-04:00" testType="13cdc9d9-ddb5-4fa4-a97d-d965ccfc6d4b" outcome="Passed" testListId="8c84fa94-04c1-424b-9868-57a2d4851a1d" relativeResultsDirectory="cf8ce01a-e059-4533-9d4c-d7c643dded68" />
    <UnitTestResult executionId="03a27024-8595-4fdb-9fe5-d382f5584e79" testId="cfaef5d1-775a-4141-a292-b41febd7278f" testName="Ocas.Domestic.Apply.Api.Services.UnitTests.Handlers.UpdateProgramChoicesHandlerTests.UpdateProgramChoicesHandler_ShouldThrow_When_ApplicationNotActive" computerName="VISHWA-KOOLLA" duration="00:00:00.1940000" startTime="2019-10-11T13:38:45.0069855-04:00" endTime="2019-10-11T13:38:45.0069855-04:00" testType="13cdc9d9-ddb5-4fa4-a97d-d965ccfc6d4b" outcome="Passed" testListId="8c84fa94-04c1-424b-9868-57a2d4851a1d" relativeResultsDirectory="03a27024-8595-4fdb-9fe5-d382f5584e79" />
    <UnitTestResult executionId="da364470-7e1b-4db7-a78e-ec6233296926" testId="a37bfd2c-1ae0-dc94-c6cb-9f45f71b2b06" testName="Ocas.Domestic.Apply.Api.Services.UnitTests.Validators.Messages.CreateApplicationValidatorTests.CreateApplicationValidator_ShouldFail_When_ApplicationCycleIdNotActive" computerName="VISHWA-KOOLLA" duration="00:00:00.0110000" startTime="2019-10-11T13:38:16.5413871-04:00" endTime="2019-10-11T13:38:16.5413871-04:00" testType="13cdc9d9-ddb5-4fa4-a97d-d965ccfc6d4b" outcome="Passed" testListId="8c84fa94-04c1-424b-9868-57a2d4851a1d" relativeResultsDirectory="da364470-7e1b-4db7-a78e-ec6233296926" />
    <UnitTestResult executionId="f4940f13-599f-43ed-9cda-9e770739b534" testId="d309a6da-ae91-6b82-c6ea-6a1f99890bd1" testName="Ocas.Domestic.Apply.Api.Services.UnitTests.Handlers.UpdateEducationHandlerTests.UpdateEducation_ShouldThrow_When_TranscriptRequests_Then_ProvinceIdMismatch" computerName="VISHWA-KOOLLA" duration="00:00:00.1860000" startTime="2019-10-11T13:38:42.8014174-04:00" endTime="2019-10-11T13:38:42.8014174-04:00" testType="13cdc9d9-ddb5-4fa4-a97d-d965ccfc6d4b" outcome="Passed" testListId="8c84fa94-04c1-424b-9868-57a2d4851a1d" relativeResultsDirectory="f4940f13-599f-43ed-9cda-9e770739b534" />
    <UnitTestResult executionId="57f90cc1-d1fb-4db1-a8be-8b2c9f9696f2" testId="474be0cc-17ac-4a1a-a9f3-35570dcc32ae" testName="Ocas.Domestic.Apply.Api.Services.UnitTests.Validators.Messages.VerifyApplicantOenValidatorTests.VerifyApplicantOenValidator_ShouldFail_WhenEmptyApplicantId" computerName="VISHWA-KOOLLA" duration="00:00:00.0140000" startTime="2019-10-11T13:38:14.1737282-04:00" endTime="2019-10-11T13:38:14.1737282-04:00" testType="13cdc9d9-ddb5-4fa4-a97d-d965ccfc6d4b" outcome="Passed" testListId="8c84fa94-04c1-424b-9868-57a2d4851a1d" relativeResultsDirectory="57f90cc1-d1fb-4db1-a8be-8b2c9f9696f2" />
    <UnitTestResult executionId="54aad857-dd07-4950-95f3-05e0fe3d8c53" testId="3f5081e5-59e7-8770-9f23-4e8457741862" testName="Ocas.Domestic.Apply.Api.Services.UnitTests.Validators.Models.InternationalEducationValidatorTests.InternationalEducationValidator_ShouldFail_WhenMissingRequiredFields_InternationalHighschool" computerName="VISHWA-KOOLLA" duration="00:00:00.0090000" startTime="2019-10-11T13:38:16.2940822-04:00" endTime="2019-10-11T13:38:16.2940822-04:00" testType="13cdc9d9-ddb5-4fa4-a97d-d965ccfc6d4b" outcome="Passed" testListId="8c84fa94-04c1-424b-9868-57a2d4851a1d" relativeResultsDirectory="54aad857-dd07-4950-95f3-05e0fe3d8c53" />
    <UnitTestResult executionId="c6b0b4b7-1f82-445d-8be6-5195031557db" testId="a411ac2c-5d6f-6db6-3766-cc5f77c3859c" testName="Ocas.Domestic.Apply.Api.Services.UnitTests.Mappers.ApiMapperTests.MapInstituteWarnings_ShouldPass_When_NoEducationIds" computerName="VISHWA-KOOLLA" duration="00:00:00.0070000" startTime="2019-10-11T13:38:17.0560380-04:00" endTime="2019-10-11T13:38:17.0560380-04:00" testType="13cdc9d9-ddb5-4fa4-a97d-d965ccfc6d4b" outcome="Passed" testListId="8c84fa94-04c1-424b-9868-57a2d4851a1d" relativeResultsDirectory="c6b0b4b7-1f82-445d-8be6-5195031557db" />
    <UnitTestResult executionId="0c9cefbb-78dd-41df-9dfe-870a9190d406" testId="88e4fab6-8cad-0edb-0ec3-99a6027d41d1" testName="Ocas.Domestic.Apply.Api.Services.UnitTests.Validators.Models.CanadianUniversityValidatorTests.CanadianUniversityValidator_ShouldFail_WhenMissingFields_InCanadianUniversity" computerName="VISHWA-KOOLLA" duration="00:00:00.0090000" startTime="2019-10-11T13:38:16.1634002-04:00" endTime="2019-10-11T13:38:16.1634002-04:00" testType="13cdc9d9-ddb5-4fa4-a97d-d965ccfc6d4b" outcome="Passed" testListId="8c84fa94-04c1-424b-9868-57a2d4851a1d" relativeResultsDirectory="0c9cefbb-78dd-41df-9dfe-870a9190d406" />
    <UnitTestResult executionId="015e8861-7e28-49e3-94ae-98dfdabe0279" testId="d1ad4098-6ff3-9105-ac01-19eb220ebe48" testName="Ocas.Domestic.Apply.Api.Services.UnitTests.Handlers.GetApplicantHandlerTests.GetApplicant_ShouldPass" computerName="VISHWA-KOOLLA" duration="00:00:00.2110000" startTime="2019-10-11T13:38:29.5332262-04:00" endTime="2019-10-11T13:38:29.5332262-04:00" testType="13cdc9d9-ddb5-4fa4-a97d-d965ccfc6d4b" outcome="Passed" testListId="8c84fa94-04c1-424b-9868-57a2d4851a1d" relativeResultsDirectory="015e8861-7e28-49e3-94ae-98dfdabe0279" />
    <UnitTestResult executionId="56d8247b-00a1-46f5-bc77-293fc207575f" testId="46df3c00-8fa5-4145-888a-8edccce125f4" testName="Ocas.Domestic.Apply.Api.Services.UnitTests.Validators.Messages.UpdateProgramChoicesValidatorTests.UpdateProgramChoicesValidator_ShouldFail_When_ProgramChoicesOverMax" computerName="VISHWA-KOOLLA" duration="00:00:00.0090000" startTime="2019-10-11T13:38:16.6730677-04:00" endTime="2019-10-11T13:38:16.6730677-04:00" testType="13cdc9d9-ddb5-4fa4-a97d-d965ccfc6d4b" outcome="Passed" testListId="8c84fa94-04c1-424b-9868-57a2d4851a1d" relativeResultsDirectory="56d8247b-00a1-46f5-bc77-293fc207575f" />
    <UnitTestResult executionId="2dd705a1-4d6b-49a0-a928-61b6ff896b70" testId="847bb7a6-25a4-1286-cdbb-c07195e0b3af" testName="Ocas.Domestic.Apply.Api.Services.UnitTests.Validators.EmailValidatorTests.Validator_ShouldFail_Empty" computerName="VISHWA-KOOLLA" duration="00:00:00.0030000" startTime="2019-10-11T13:38:14.3502568-04:00" endTime="2019-10-11T13:38:14.3502568-04:00" testType="13cdc9d9-ddb5-4fa4-a97d-d965ccfc6d4b" outcome="Passed" testListId="8c84fa94-04c1-424b-9868-57a2d4851a1d" relativeResultsDirectory="2dd705a1-4d6b-49a0-a928-61b6ff896b70" />
    <UnitTestResult executionId="b7a88f61-d1ec-4c07-8e1f-f26a9f6c6e0a" testId="10533803-294d-b2f6-a11e-460ebbd9958d" testName="Ocas.Domestic.Apply.Api.Services.UnitTests.Caches.LookupsCacheTests.GetLookups_ShouldPass_WhenFiltered" computerName="VISHWA-KOOLLA" duration="00:00:00.7990000" startTime="2019-10-11T13:38:48.5730658-04:00" endTime="2019-10-11T13:38:48.5730658-04:00" testType="13cdc9d9-ddb5-4fa4-a97d-d965ccfc6d4b" outcome="Passed" testListId="8c84fa94-04c1-424b-9868-57a2d4851a1d" relativeResultsDirectory="b7a88f61-d1ec-4c07-8e1f-f26a9f6c6e0a" />
    <UnitTestResult executionId="f9315241-1617-4791-a7e1-a5793362ac49" testId="a252c173-d2f9-6d03-3b4f-4c6b512f69f3" testName="Ocas.Domestic.Apply.Api.Services.UnitTests.Validators.Models.ApplicantValidatorTests.Validator_ShouldFail_When_CountryId_Invalid" computerName="VISHWA-KOOLLA" duration="00:00:00.2120000" startTime="2019-10-11T13:38:15.5161621-04:00" endTime="2019-10-11T13:38:15.5161621-04:00" testType="13cdc9d9-ddb5-4fa4-a97d-d965ccfc6d4b" outcome="Passed" testListId="8c84fa94-04c1-424b-9868-57a2d4851a1d" relativeResultsDirectory="f9315241-1617-4791-a7e1-a5793362ac49" />
    <UnitTestResult executionId="473004ad-e6db-4451-8760-4e01f06bb566" testId="fce1401c-a97a-2073-01e4-f27146691e47" testName="Ocas.Domestic.Apply.Api.Services.UnitTests.Validators.Models.EducationBaseValidatorTests.Validator_ShouldFail_WhenDatesTooLong" computerName="VISHWA-KOOLLA" duration="00:00:00.0110000" startTime="2019-10-11T13:38:16.2272274-04:00" endTime="2019-10-11T13:38:16.2272274-04:00" testType="13cdc9d9-ddb5-4fa4-a97d-d965ccfc6d4b" outcome="Passed" testListId="8c84fa94-04c1-424b-9868-57a2d4851a1d" relativeResultsDirectory="473004ad-e6db-4451-8760-4e01f06bb566" />
    <UnitTestResult executionId="ed1933b7-fea0-487f-84eb-458a1a7e0412" testId="c0386a54-8d45-94c9-c45b-15e99fae7304" testName="Ocas.Domestic.Apply.Api.Services.UnitTests.Validators.Models.CanadianHighSchoolValidatorTests.Validator_ShouldFail_WhenMissingFields_InCanadian" computerName="VISHWA-KOOLLA" duration="00:00:00.0130000" startTime="2019-10-11T13:38:16.0437185-04:00" endTime="2019-10-11T13:38:16.0437185-04:00" testType="13cdc9d9-ddb5-4fa4-a97d-d965ccfc6d4b" outcome="Passed" testListId="8c84fa94-04c1-424b-9868-57a2d4851a1d" relativeResultsDirectory="ed1933b7-fea0-487f-84eb-458a1a7e0412" />
    <UnitTestResult executionId="15effe14-0013-4190-a9d8-72d4f07e1712" testId="41ca1c0d-14b5-db86-3482-8effbb7a7f69" testName="Ocas.Domestic.Apply.Api.Services.UnitTests.Validators.Messages.GetCollegeTemplateValidatorTests.GetCollegeTemplateValidator_ShouldFail_When_KeyNotInEnum" computerName="VISHWA-KOOLLA" duration="00:00:00.0090000" startTime="2019-10-11T13:38:16.6092064-04:00" endTime="2019-10-11T13:38:16.6092064-04:00" testType="13cdc9d9-ddb5-4fa4-a97d-d965ccfc6d4b" outcome="Passed" testListId="8c84fa94-04c1-424b-9868-57a2d4851a1d" relativeResultsDirectory="15effe14-0013-4190-a9d8-72d4f07e1712" />
    <UnitTestResult executionId="82136101-63cf-4047-a720-de6aa68419bc" testId="01811f7f-72e5-3442-4e32-ec6a2973bee6" testName="Ocas.Domestic.Apply.Api.Services.UnitTests.Validators.Models.AcademicUpgradingValidatorTests.AcademicUpgradingValidator_ShouldPass_WhenAcademicUpgrading" computerName="VISHWA-KOOLLA" duration="00:00:00.1950000" startTime="2019-10-11T13:38:15.2588211-04:00" endTime="2019-10-11T13:38:15.2588211-04:00" testType="13cdc9d9-ddb5-4fa4-a97d-d965ccfc6d4b" outcome="Passed" testListId="8c84fa94-04c1-424b-9868-57a2d4851a1d" relativeResultsDirectory="82136101-63cf-4047-a720-de6aa68419bc" />
    <UnitTestResult executionId="6d08b972-a874-48b0-ae69-c9adace94556" testId="07360b9d-d7c1-fae3-ac03-9e824b2adf11" testName="Ocas.Domestic.Apply.Api.Services.UnitTests.Mappers.DtoMapperTests.PatchEducation_Should_NotPatchFields_InternationalEdu" computerName="VISHWA-KOOLLA" duration="00:00:00.0110000" startTime="2019-10-11T13:38:17.6444555-04:00" endTime="2019-10-11T13:38:17.6444555-04:00" testType="13cdc9d9-ddb5-4fa4-a97d-d965ccfc6d4b" outcome="Passed" testListId="8c84fa94-04c1-424b-9868-57a2d4851a1d" relativeResultsDirectory="6d08b972-a874-48b0-ae69-c9adace94556" />
    <UnitTestResult executionId="9bdd7f1f-1650-4c5d-970f-cf6c0a621d3f" testId="085857d5-b890-6126-87a5-5851c4b13282" testName="Ocas.Domestic.Apply.Api.Services.UnitTests.Validators.Models.IntlCredentialAssessmentValidatorTests.Validator_ShouldThrow_When_Reference_TooLong" computerName="VISHWA-KOOLLA" duration="00:00:00.0160000" startTime="2019-10-11T13:38:16.3349717-04:00" endTime="2019-10-11T13:38:16.3349717-04:00" testType="13cdc9d9-ddb5-4fa4-a97d-d965ccfc6d4b" outcome="Passed" testListId="8c84fa94-04c1-424b-9868-57a2d4851a1d" relativeResultsDirectory="9bdd7f1f-1650-4c5d-970f-cf6c0a621d3f" />
    <UnitTestResult executionId="e3324435-e2f7-4a71-a000-d747d7e222f3" testId="f70e486e-5d6d-d314-986c-112f677facae" testName="Ocas.Domestic.Apply.Api.Services.UnitTests.Handlers.UpdateProgramChoicesHandlerTests.UpdateProgramChoicesHandler_ShouldPass_When_Supplementalfee_Not_Paid" computerName="VISHWA-KOOLLA" duration="00:00:00.3060000" startTime="2019-10-11T13:38:44.1113818-04:00" endTime="2019-10-11T13:38:44.1113818-04:00" testType="13cdc9d9-ddb5-4fa4-a97d-d965ccfc6d4b" outcome="Passed" testListId="8c84fa94-04c1-424b-9868-57a2d4851a1d" relativeResultsDirectory="e3324435-e2f7-4a71-a000-d747d7e222f3" />
    <UnitTestResult executionId="b56aa4a9-3094-492c-8412-d896c8b8de51" testId="18187db3-f14f-53b9-836b-d152f4cc00c3" testName="Ocas.Domestic.Apply.Api.Services.UnitTests.Validators.Models.CanadianCollegeValidatorTests.CanadianCollegeValidator_ShouldFail_WhenMissingFields_InCanadianCollege" computerName="VISHWA-KOOLLA" duration="00:00:00.0100000" startTime="2019-10-11T13:38:15.9081205-04:00" endTime="2019-10-11T13:38:15.9081205-04:00" testType="13cdc9d9-ddb5-4fa4-a97d-d965ccfc6d4b" outcome="Passed" testListId="8c84fa94-04c1-424b-9868-57a2d4851a1d" relativeResultsDirectory="b56aa4a9-3094-492c-8412-d896c8b8de51" />
    <UnitTestResult executionId="981a2957-1e92-4bf3-9adf-a29325765af6" testId="e149fcbe-268e-d810-7caa-01f1e7c0e30c" testName="Ocas.Domestic.Apply.Api.Services.UnitTests.Handlers.GetOrderHandlerTests.GetOrder_ShouldThrow_When_OrderNotFound" computerName="VISHWA-KOOLLA" duration="00:00:00.1830000" startTime="2019-10-11T13:38:32.3528868-04:00" endTime="2019-10-11T13:38:32.3528868-04:00" testType="13cdc9d9-ddb5-4fa4-a97d-d965ccfc6d4b" outcome="Passed" testListId="8c84fa94-04c1-424b-9868-57a2d4851a1d" relativeResultsDirectory="981a2957-1e92-4bf3-9adf-a29325765af6" />
    <UnitTestResult executionId="0957a010-d1c6-4b0c-ab7c-ddd4e5dffdd6" testId="45666dff-8aa4-10ed-7671-f6ebf79cb9e4" testName="Ocas.Domestic.Apply.Api.Services.UnitTests.Handlers.RemoveEducationHandlerTests.RemoveEducationHandler_ShouldThrow_When_HasTranscripts" computerName="VISHWA-KOOLLA" duration="00:00:00.1850000" startTime="2019-10-11T13:38:38.3644082-04:00" endTime="2019-10-11T13:38:38.3644082-04:00" testType="13cdc9d9-ddb5-4fa4-a97d-d965ccfc6d4b" outcome="Passed" testListId="8c84fa94-04c1-424b-9868-57a2d4851a1d" relativeResultsDirectory="0957a010-d1c6-4b0c-ab7c-ddd4e5dffdd6" />
    <UnitTestResult executionId="039a4adc-573b-4526-8f73-134903766ed1" testId="23e92475-446b-5356-43b8-87e7125a2de3" testName="Ocas.Domestic.Apply.Api.Services.UnitTests.Handlers.CreateTranscriptRequestHandlerTests.CreateTranscriptRequest_ShouldThrow_When_UniversityRequest_NotEtms" computerName="VISHWA-KOOLLA" duration="00:00:00.2220000" startTime="2019-10-11T13:38:25.3548919-04:00" endTime="2019-10-11T13:38:25.3548919-04:00" testType="13cdc9d9-ddb5-4fa4-a97d-d965ccfc6d4b" outcome="Passed" testListId="8c84fa94-04c1-424b-9868-57a2d4851a1d" relativeResultsDirectory="039a4adc-573b-4526-8f73-134903766ed1" />
    <UnitTestResult executionId="84fd9d11-44d5-445a-a487-07933c38553d" testId="336f5098-cea1-c584-1ce8-5303828d3cc1" testName="Ocas.Domestic.Apply.Api.Services.UnitTests.Mappers.ApiMapperTests.MapEducation_ShouldPass_When_CanDelete" computerName="VISHWA-KOOLLA" duration="00:00:00.0020000" startTime="2019-10-11T13:38:17.3363062-04:00" endTime="2019-10-11T13:38:17.3363062-04:00" testType="13cdc9d9-ddb5-4fa4-a97d-d965ccfc6d4b" outcome="Passed" testListId="8c84fa94-04c1-424b-9868-57a2d4851a1d" relativeResultsDirectory="84fd9d11-44d5-445a-a487-07933c38553d" />
    <UnitTestResult executionId="f87c8cb8-4cd5-4d73-af2a-1c34cd098614" testId="7e08eb5d-d9be-e663-1aaa-c2e60bfac60c" testName="Ocas.Domestic.Apply.Api.Services.UnitTests.Handlers.UpdateInternationalCreditAssessmentHandlerTests.UpdateInternationalCreditAssessmentHandler_ShouldPass_When_IntlCredentialAssessment_Removed_Already" computerName="VISHWA-KOOLLA" duration="00:00:00.1960000" startTime="2019-10-11T13:38:43.4212512-04:00" endTime="2019-10-11T13:38:43.4212512-04:00" testType="13cdc9d9-ddb5-4fa4-a97d-d965ccfc6d4b" outcome="Passed" testListId="8c84fa94-04c1-424b-9868-57a2d4851a1d" relativeResultsDirectory="f87c8cb8-4cd5-4d73-af2a-1c34cd098614" />
    <UnitTestResult executionId="8c17ee45-5d3f-4a65-bc11-4f27fe981ae6" testId="5e973cd2-83a6-3af9-f814-2e680d585034" testName="Ocas.Domestic.Apply.Api.Services.UnitTests.Handlers.ClaimVoucherHandlerTests.ClaimVoucher_ShouldThrow_WhenShoppingCartIsEmpty" computerName="VISHWA-KOOLLA" duration="00:00:00.2070000" startTime="2019-10-11T13:38:19.1263534-04:00" endTime="2019-10-11T13:38:19.1263534-04:00" testType="13cdc9d9-ddb5-4fa4-a97d-d965ccfc6d4b" outcome="Passed" testListId="8c84fa94-04c1-424b-9868-57a2d4851a1d" relativeResultsDirectory="8c17ee45-5d3f-4a65-bc11-4f27fe981ae6" />
    <UnitTestResult executionId="d64dc558-8bfe-4d81-b9e5-5ff9dfe29d26" testId="e019c6b1-78a8-5886-1858-96dedb2a3720" testName="Ocas.Domestic.Apply.Api.Services.UnitTests.Mappers.ApiMapperTests.MapEducation_ShouldPass_When_UniversityEmptyFee" computerName="VISHWA-KOOLLA" duration="00:00:00.0110000" startTime="2019-10-11T13:38:17.1627441-04:00" endTime="2019-10-11T13:38:17.1627441-04:00" testType="13cdc9d9-ddb5-4fa4-a97d-d965ccfc6d4b" outcome="Passed" testListId="8c84fa94-04c1-424b-9868-57a2d4851a1d" relativeResultsDirectory="d64dc558-8bfe-4d81-b9e5-5ff9dfe29d26" />
    <UnitTestResult executionId="c081f432-b3cf-4511-bdad-88a5835846be" testId="bd06e1a2-93e2-47fd-6197-ed4e47cb2b30" testName="Ocas.Domestic.Apply.Api.Services.UnitTests.Handlers.GetSupportingDocumentFileHandlerTests.GetSupportingDocumentFileHandler_ShouldPass_WithTranscript" computerName="VISHWA-KOOLLA" duration="00:00:00.2550000" startTime="2019-10-11T13:38:33.7706542-04:00" endTime="2019-10-11T13:38:33.7706542-04:00" testType="13cdc9d9-ddb5-4fa4-a97d-d965ccfc6d4b" outcome="Passed" testListId="8c84fa94-04c1-424b-9868-57a2d4851a1d" relativeResultsDirectory="c081f432-b3cf-4511-bdad-88a5835846be" />
    <UnitTestResult executionId="ece92ca7-3b9d-444f-bc41-8b04a1aa7b18" testId="67110173-4f97-0264-c7e0-9e621694a246" testName="Ocas.Domestic.Apply.Api.Services.UnitTests.Handlers.GetPartnerBrandingHandlerTests.GetPartnerBrandingHandler_ShouldThrow_WhenCode_DoesNot_Exist" computerName="VISHWA-KOOLLA" duration="00:00:00.0080000" startTime="2019-10-11T13:38:32.6451622-04:00" endTime="2019-10-11T13:38:32.6451622-04:00" testType="13cdc9d9-ddb5-4fa4-a97d-d965ccfc6d4b" outcome="Passed" testListId="8c84fa94-04c1-424b-9868-57a2d4851a1d" relativeResultsDirectory="ece92ca7-3b9d-444f-bc41-8b04a1aa7b18" />
    <UnitTestResult executionId="7e053c46-a00d-425e-a7d5-6f858499b80f" testId="75faa5c2-da9a-131d-aa42-b2b46dda466e" testName="Ocas.Domestic.Apply.Api.Services.UnitTests.Validators.Models.ApplicantValidatorTests.Validator_ShouldFail_When_Usa_Phone_Invalid" computerName="VISHWA-KOOLLA" duration="00:00:00.0120000" startTime="2019-10-11T13:38:15.7435550-04:00" endTime="2019-10-11T13:38:15.7435550-04:00" testType="13cdc9d9-ddb5-4fa4-a97d-d965ccfc6d4b" outcome="Passed" testListId="8c84fa94-04c1-424b-9868-57a2d4851a1d" relativeResultsDirectory="7e053c46-a00d-425e-a7d5-6f858499b80f" />
    <UnitTestResult executionId="ce0adf3d-a82c-44a6-a0a6-98f97ee9132d" testId="778a2011-9d55-399f-1dc4-6e501ddfa745" testName="Ocas.Domestic.Apply.Api.Services.UnitTests.Validators.Models.CanadianHighSchoolValidatorTests.Validator_ShouldPass_InCanadian" computerName="VISHWA-KOOLLA" duration="00:00:00.0090000" startTime="2019-10-11T13:38:16.0517314-04:00" endTime="2019-10-11T13:38:16.0517314-04:00" testType="13cdc9d9-ddb5-4fa4-a97d-d965ccfc6d4b" outcome="Passed" testListId="8c84fa94-04c1-424b-9868-57a2d4851a1d" relativeResultsDirectory="ce0adf3d-a82c-44a6-a0a6-98f97ee9132d" />
    <UnitTestResult executionId="c5af3ea8-063b-4a63-b769-01e097a79246" testId="2b29caf4-d8af-ace6-25e1-847a0cdf3f67" testName="Ocas.Domestic.Apply.Api.Services.UnitTests.Validators.Models.ApplicantValidatorTests.Validator_ShouldPass_When_Mobile_Phone_Only" computerName="VISHWA-KOOLLA" duration="00:00:00.0090000" startTime="2019-10-11T13:38:15.7694518-04:00" endTime="2019-10-11T13:38:15.7694518-04:00" testType="13cdc9d9-ddb5-4fa4-a97d-d965ccfc6d4b" outcome="Passed" testListId="8c84fa94-04c1-424b-9868-57a2d4851a1d" relativeResultsDirectory="c5af3ea8-063b-4a63-b769-01e097a79246" />
    <UnitTestResult executionId="adf31913-3b44-4e8b-9456-6dafccbab4ec" testId="e6546c47-3a5d-2393-4d88-57519a10c4d0" testName="Ocas.Domestic.Apply.Api.Services.UnitTests.Validators.Models.ApplicantValidatorTests.Validator_ShouldFail_When_Usa_Province_Missing" computerName="VISHWA-KOOLLA" duration="00:00:00.0170000" startTime="2019-10-11T13:38:15.5999432-04:00" endTime="2019-10-11T13:38:15.5999432-04:00" testType="13cdc9d9-ddb5-4fa4-a97d-d965ccfc6d4b" outcome="Passed" testListId="8c84fa94-04c1-424b-9868-57a2d4851a1d" relativeResultsDirectory="adf31913-3b44-4e8b-9456-6dafccbab4ec" />
    <UnitTestResult executionId="b0e8b02b-82ad-435b-8e4e-f716834074dc" testId="26a8ca34-b7b0-9b32-21d1-b1d4fdb83455" testName="Ocas.Domestic.Apply.Api.Services.UnitTests.Handlers.PayOrderHandlerTests.PayOrder_ShouldRollbackTrs_WhenZeroDollarPaymentFails" computerName="VISHWA-KOOLLA" duration="00:00:00.2340000" startTime="2019-10-11T13:38:36.4465594-04:00" endTime="2019-10-11T13:38:36.4465594-04:00" testType="13cdc9d9-ddb5-4fa4-a97d-d965ccfc6d4b" outcome="Passed" testListId="8c84fa94-04c1-424b-9868-57a2d4851a1d" relativeResultsDirectory="b0e8b02b-82ad-435b-8e4e-f716834074dc" />
    <UnitTestResult executionId="3dd40e31-311e-49db-9a02-6991fd3ece62" testId="7b72176f-e027-f44d-6e96-0b7dc7f62150" testName="Ocas.Domestic.Apply.Api.Services.UnitTests.Validators.Models.ApplicantValidatorTests.Validator_ShouldFail_When_Fields_Missing" computerName="VISHWA-KOOLLA" duration="00:00:00.0160000" startTime="2019-10-11T13:38:15.6368470-04:00" endTime="2019-10-11T13:38:15.6368470-04:00" testType="13cdc9d9-ddb5-4fa4-a97d-d965ccfc6d4b" outcome="Passed" testListId="8c84fa94-04c1-424b-9868-57a2d4851a1d" relativeResultsDirectory="3dd40e31-311e-49db-9a02-6991fd3ece62" />
    <UnitTestResult executionId="f059c1a1-cb9f-4a60-a66c-42815f833ed5" testId="229130ea-f634-7479-cf89-7caf8314fb32" testName="Ocas.Domestic.Apply.Api.Services.UnitTests.Handlers.CreateTranscriptRequestHandlerTests.CreateTranscriptRequest_ShouldThrow_When_EducationsMissing" computerName="VISHWA-KOOLLA" duration="00:00:00.1950000" startTime="2019-10-11T13:38:25.5503608-04:00" endTime="2019-10-11T13:38:25.5503608-04:00" testType="13cdc9d9-ddb5-4fa4-a97d-d965ccfc6d4b" outcome="Passed" testListId="8c84fa94-04c1-424b-9868-57a2d4851a1d" relativeResultsDirectory="f059c1a1-cb9f-4a60-a66c-42815f833ed5" />
    <UnitTestResult executionId="fb993384-8228-4bde-a9dd-efa7c75d6960" testId="da7de0ed-c0b8-22de-077f-8166ba612134" testName="Ocas.Domestic.Apply.Api.Services.UnitTests.Handlers.GetOrderHandlerTests.GetOrder_ShouldPass" computerName="VISHWA-KOOLLA" duration="00:00:00.2170000" startTime="2019-10-11T13:38:32.1694000-04:00" endTime="2019-10-11T13:38:32.1694000-04:00" testType="13cdc9d9-ddb5-4fa4-a97d-d965ccfc6d4b" outcome="Passed" testListId="8c84fa94-04c1-424b-9868-57a2d4851a1d" relativeResultsDirectory="fb993384-8228-4bde-a9dd-efa7c75d6960" />
    <UnitTestResult executionId="bb3a1e7c-1c42-4ec0-9e76-4777fe78edfe" testId="e792b9ba-56c2-8b43-3911-e94197095d70" testName="Ocas.Domestic.Apply.Api.Services.UnitTests.Handlers.GetOfferLockReleaseDateHandlerTests.GetOfferLockReleaseDate_ShouldPass_WhenUnlocked" computerName="VISHWA-KOOLLA" duration="00:00:00.0090000" startTime="2019-10-11T13:38:31.7664942-04:00" endTime="2019-10-11T13:38:31.7664942-04:00" testType="13cdc9d9-ddb5-4fa4-a97d-d965ccfc6d4b" outcome="Passed" testListId="8c84fa94-04c1-424b-9868-57a2d4851a1d" relativeResultsDirectory="bb3a1e7c-1c42-4ec0-9e76-4777fe78edfe" />
    <UnitTestResult executionId="224d36b7-691a-4caf-9b9b-3fa55efcfb39" testId="c5e1060d-4dde-f253-54cf-b0d6e998f76f" testName="Ocas.Domestic.Apply.Api.Services.UnitTests.Mappers.ApiMapperTests.MapTranscriptRequest_ShouldPass_When_College" computerName="VISHWA-KOOLLA" duration="00:00:00.0100000" startTime="2019-10-11T13:38:17.3193263-04:00" endTime="2019-10-11T13:38:17.3193263-04:00" testType="13cdc9d9-ddb5-4fa4-a97d-d965ccfc6d4b" outcome="Passed" testListId="8c84fa94-04c1-424b-9868-57a2d4851a1d" relativeResultsDirectory="224d36b7-691a-4caf-9b9b-3fa55efcfb39" />
    <UnitTestResult executionId="3d90d314-6f2a-4ceb-b626-d6853bb536db" testId="2c2572a2-96e3-6d94-40c3-e40aaa353038" testName="Ocas.Domestic.Apply.Api.Services.UnitTests.Validators.Models.PayOrderInfoValidatorTests.PayOrderInfoValidator_ShouldFail_WhenMissing" computerName="VISHWA-KOOLLA" duration="00:00:00.0160000" startTime="2019-10-11T13:38:16.3778246-04:00" endTime="2019-10-11T13:38:16.3778246-04:00" testType="13cdc9d9-ddb5-4fa4-a97d-d965ccfc6d4b" outcome="Passed" testListId="8c84fa94-04c1-424b-9868-57a2d4851a1d" relativeResultsDirectory="3d90d314-6f2a-4ceb-b626-d6853bb536db" />
    <UnitTestResult executionId="36c34814-f85d-4cb8-9707-6df3c4a5f522" testId="f2881796-d8d1-0293-5d1d-5a546b60dc25" testName="Ocas.Domestic.Apply.Api.Services.UnitTests.Validators.Models.InternationalEducationValidatorTests.InternationalEducationValidator_ShouldFail_WhenMissingRequiredFields_InternationalPostSecondary" computerName="VISHWA-KOOLLA" duration="00:00:00.0150000" startTime="2019-10-11T13:38:16.3100062-04:00" endTime="2019-10-11T13:38:16.3100062-04:00" testType="13cdc9d9-ddb5-4fa4-a97d-d965ccfc6d4b" outcome="Passed" testListId="8c84fa94-04c1-424b-9868-57a2d4851a1d" relativeResultsDirectory="36c34814-f85d-4cb8-9707-6df3c4a5f522" />
    <UnitTestResult executionId="01c501b4-e9bf-4381-afdc-f324f41803ed" testId="bd720540-8636-fbc3-9677-ceed40f8e125" testName="Ocas.Domestic.Apply.Api.Services.UnitTests.Handlers.UpdateProgramChoicesHandlerTests.UpdateProgramChoicesHandler_ShouldThrow_When_IntakePromotional" computerName="VISHWA-KOOLLA" duration="00:00:00.1940000" startTime="2019-10-11T13:38:47.5278329-04:00" endTime="2019-10-11T13:38:47.5278329-04:00" testType="13cdc9d9-ddb5-4fa4-a97d-d965ccfc6d4b" outcome="Passed" testListId="8c84fa94-04c1-424b-9868-57a2d4851a1d" relativeResultsDirectory="01c501b4-e9bf-4381-afdc-f324f41803ed" />
    <UnitTestResult executionId="e080d51a-42fc-4399-88de-c40b59d8e6f3" testId="22e53a5b-1bf5-f116-e7ff-861084649673" testName="Ocas.Domestic.Apply.Api.Services.UnitTests.Validators.Models.CanadianHighSchoolValidatorTests.Validator_ShouldFail_When_InvalidInstitute_InOntario" computerName="VISHWA-KOOLLA" duration="00:00:00.0310000" startTime="2019-10-11T13:38:15.9788918-04:00" endTime="2019-10-11T13:38:15.9788918-04:00" testType="13cdc9d9-ddb5-4fa4-a97d-d965ccfc6d4b" outcome="Passed" testListId="8c84fa94-04c1-424b-9868-57a2d4851a1d" relativeResultsDirectory="e080d51a-42fc-4399-88de-c40b59d8e6f3" />
    <UnitTestResult executionId="9e01f91e-40dd-4366-a6a3-cafd8973641a" testId="37114df0-b6d5-281f-78a8-09bc7091bf0b" testName="Ocas.Domestic.Apply.Api.Services.UnitTests.Validators.Models.PayOrderInfoValidatorTests.PayOrderInfoValidator_ShouldFail_WhenExpiryDateTooLong" computerName="VISHWA-KOOLLA" duration="00:00:00.0050000" startTime="2019-10-11T13:38:16.4147275-04:00" endTime="2019-10-11T13:38:16.4147275-04:00" testType="13cdc9d9-ddb5-4fa4-a97d-d965ccfc6d4b" outcome="Passed" testListId="8c84fa94-04c1-424b-9868-57a2d4851a1d" relativeResultsDirectory="9e01f91e-40dd-4366-a6a3-cafd8973641a" />
    <UnitTestResult executionId="f1265e56-a25b-444a-9eef-df006668ba4e" testId="41990058-a818-d35a-7482-000ec3fac282" testName="Ocas.Domestic.Apply.Api.Services.UnitTests.Handlers.CreateApplicantHandlerTests.CreateApplicantHandler_ShouldThrow_When_IsDuplicateDetails" computerName="VISHWA-KOOLLA" duration="00:00:00.2020000" startTime="2019-10-11T13:38:23.1853454-04:00" endTime="2019-10-11T13:38:23.1853454-04:00" testType="13cdc9d9-ddb5-4fa4-a97d-d965ccfc6d4b" outcome="Passed" testListId="8c84fa94-04c1-424b-9868-57a2d4851a1d" relativeResultsDirectory="f1265e56-a25b-444a-9eef-df006668ba4e" />
    <UnitTestResult executionId="321e4525-06cf-4195-a662-b57daf5a33e1" testId="72f8722c-7780-3b14-140b-0d0b30870274" testName="Ocas.Domestic.Apply.Api.Services.UnitTests.Mappers.ApiMapperTests.MapEducation_ShouldPass_When_HighSchoolEmptyFee" computerName="VISHWA-KOOLLA" duration="00:00:00.0100000" startTime="2019-10-11T13:38:17.3991392-04:00" endTime="2019-10-11T13:38:17.3991392-04:00" testType="13cdc9d9-ddb5-4fa4-a97d-d965ccfc6d4b" outcome="Passed" testListId="8c84fa94-04c1-424b-9868-57a2d4851a1d" relativeResultsDirectory="321e4525-06cf-4195-a662-b57daf5a33e1" />
    <UnitTestResult executionId="8094eaab-aeb6-45e3-a674-38aa15b02154" testId="4d135868-8fbc-53c5-29d5-190e63926275" testName="Ocas.Domestic.Apply.Api.Services.UnitTests.Handlers.DeclineAllOffersHandlerTests.DeclineAllOffers_ShouldThrow_WhenExpired" computerName="VISHWA-KOOLLA" duration="00:00:00.2030000" startTime="2019-10-11T13:38:27.7096718-04:00" endTime="2019-10-11T13:38:27.7096718-04:00" testType="13cdc9d9-ddb5-4fa4-a97d-d965ccfc6d4b" outcome="Passed" testListId="8c84fa94-04c1-424b-9868-57a2d4851a1d" relativeResultsDirectory="8094eaab-aeb6-45e3-a674-38aa15b02154" />
    <UnitTestResult executionId="c0483f0c-1100-4219-beee-d451821bda58" testId="343b3a52-f9ea-d357-adb6-f7095c6398b1" testName="Ocas.Domestic.Apply.Api.Services.UnitTests.Handlers.CreateTranscriptRequestHandlerTests.CreateTranscriptRequest_ShouldThrow_When_HighSchoolRequest_ToInstituteIdNotEmpty" computerName="VISHWA-KOOLLA" duration="00:00:00.2220000" startTime="2019-10-11T13:38:26.6095228-04:00" endTime="2019-10-11T13:38:26.6095228-04:00" testType="13cdc9d9-ddb5-4fa4-a97d-d965ccfc6d4b" outcome="Passed" testListId="8c84fa94-04c1-424b-9868-57a2d4851a1d" relativeResultsDirectory="c0483f0c-1100-4219-beee-d451821bda58" />
    <UnitTestResult executionId="ead9ed5d-12b2-4f3f-b9df-3780dd3d06bb" testId="3e967f0c-0c7f-1d72-0724-eb0399376d26" testName="Ocas.Domestic.Apply.Api.Services.UnitTests.Mappers.ApiMapperTests.MapInstituteWarnings_ShouldPass_When_Education" computerName="VISHWA-KOOLLA" duration="00:00:00.0010000" startTime="2019-10-11T13:38:17.1667336-04:00" endTime="2019-10-11T13:38:17.1667336-04:00" testType="13cdc9d9-ddb5-4fa4-a97d-d965ccfc6d4b" outcome="Passed" testListId="8c84fa94-04c1-424b-9868-57a2d4851a1d" relativeResultsDirectory="ead9ed5d-12b2-4f3f-b9df-3780dd3d06bb" />
    <UnitTestResult executionId="7c820af9-59f3-45dd-9dec-acaa363a6a96" testId="7ac84c3a-123d-5380-6842-68162bf9d80d" testName="Ocas.Domestic.Apply.Api.Services.UnitTests.Mappers.ApiMapperTests.MapOffers_ShouldPass_When_SoftExpiryDate_Past_Then_IsSoftExpired_True" computerName="VISHWA-KOOLLA" duration="00:00:00.0040000" startTime="2019-10-11T13:38:17.4031336-04:00" endTime="2019-10-11T13:38:17.4031336-04:00" testType="13cdc9d9-ddb5-4fa4-a97d-d965ccfc6d4b" outcome="Passed" testListId="8c84fa94-04c1-424b-9868-57a2d4851a1d" relativeResultsDirectory="7c820af9-59f3-45dd-9dec-acaa363a6a96" />
    <UnitTestResult executionId="7528b19c-ca04-4029-8e0a-a453977a851e" testId="4c696477-53b3-8c40-008b-2700e1c9cac3" testName="Ocas.Domestic.Apply.Api.Services.UnitTests.Mappers.ApiMapperTests.MapTranscriptTransmissions_ShouldPass_When_SendNow" computerName="VISHWA-KOOLLA" duration="00:00:00.0010000" startTime="2019-10-11T13:38:17.2984068-04:00" endTime="2019-10-11T13:38:17.2984068-04:00" testType="13cdc9d9-ddb5-4fa4-a97d-d965ccfc6d4b" outcome="Passed" testListId="8c84fa94-04c1-424b-9868-57a2d4851a1d" relativeResultsDirectory="7528b19c-ca04-4029-8e0a-a453977a851e" />
    <UnitTestResult executionId="f21187db-ffdf-454a-ad13-cf88a364a65a" testId="d9793e56-385f-d395-4cb5-3008602e5cc5" testName="Ocas.Domestic.Apply.Api.Services.UnitTests.Validators.Models.CanadianCollegeValidatorTests.CanadianCollegeValidator_ShouldFail_WhenOtherCredential_InCanadianCollege" computerName="VISHWA-KOOLLA" duration="00:00:00.0130000" startTime="2019-10-11T13:38:15.8981078-04:00" endTime="2019-10-11T13:38:15.8981078-04:00" testType="13cdc9d9-ddb5-4fa4-a97d-d965ccfc6d4b" outcome="Passed" testListId="8c84fa94-04c1-424b-9868-57a2d4851a1d" relativeResultsDirectory="f21187db-ffdf-454a-ad13-cf88a364a65a" />
    <UnitTestResult executionId="b46e9825-8564-4a1b-b23e-f475116af149" testId="db44d51f-c727-c33d-bf7f-d555c6963190" testName="Ocas.Domestic.Apply.Api.Services.UnitTests.Mappers.ApiMapperTests.MapApplicationCycle_ShouldPass" computerName="VISHWA-KOOLLA" duration="00:00:00.0070000" startTime="2019-10-11T13:38:17.1298323-04:00" endTime="2019-10-11T13:38:17.1298323-04:00" testType="13cdc9d9-ddb5-4fa4-a97d-d965ccfc6d4b" outcome="Passed" testListId="8c84fa94-04c1-424b-9868-57a2d4851a1d" relativeResultsDirectory="b46e9825-8564-4a1b-b23e-f475116af149" />
    <UnitTestResult executionId="266fa261-aed0-49e2-b5d9-03346c257c6f" testId="2bdd5269-1fe0-83e9-6f97-244770fc7019" testName="Ocas.Domestic.Apply.Api.Services.UnitTests.Authorization.UserAuthorizationTests.CanAccessApplicantAsync_ShouldFail_When_ApplicantNotFound" computerName="VISHWA-KOOLLA" duration="00:00:00.0230000" startTime="2019-10-11T13:38:14.2445389-04:00" endTime="2019-10-11T13:38:14.2445389-04:00" testType="13cdc9d9-ddb5-4fa4-a97d-d965ccfc6d4b" outcome="Passed" testListId="8c84fa94-04c1-424b-9868-57a2d4851a1d" relativeResultsDirectory="266fa261-aed0-49e2-b5d9-03346c257c6f" />
    <UnitTestResult executionId="c505761a-51fe-45dc-a014-273107120715" testId="e362115e-e337-6323-ff79-3887f43e858b" testName="Ocas.Domestic.Apply.Api.Services.UnitTests.Mappers.ApiMapperTests.MapShoppingCart_ShouldPass_When_Overpayment" computerName="VISHWA-KOOLLA" duration="00:00:00.0180000" startTime="2019-10-11T13:38:16.8724976-04:00" endTime="2019-10-11T13:38:16.8724976-04:00" testType="13cdc9d9-ddb5-4fa4-a97d-d965ccfc6d4b" outcome="Passed" testListId="8c84fa94-04c1-424b-9868-57a2d4851a1d" relativeResultsDirectory="c505761a-51fe-45dc-a014-273107120715" />
    <UnitTestResult executionId="44583867-b807-4d87-bd0c-db0816d281ef" testId="10605f6e-bd9b-8b39-628a-b70e9d555c65" testName="Ocas.Domestic.Apply.Api.Services.UnitTests.Validators.Models.IntlCredentialAssessmentValidatorTests.Validator_ShouldThrow_When_Reference_TooShort" computerName="VISHWA-KOOLLA" duration="00:00:00.0060000" startTime="2019-10-11T13:38:16.3498994-04:00" endTime="2019-10-11T13:38:16.3498994-04:00" testType="13cdc9d9-ddb5-4fa4-a97d-d965ccfc6d4b" outcome="Passed" testListId="8c84fa94-04c1-424b-9868-57a2d4851a1d" relativeResultsDirectory="44583867-b807-4d87-bd0c-db0816d281ef" />
    <UnitTestResult executionId="356ecba0-8c89-4c32-b47f-b00f917b9f0a" testId="88206f20-180a-a33f-6490-29f42cd71788" testName="Ocas.Domestic.Apply.Api.Services.UnitTests.Handlers.RemoveVoucherHandlerTests.RemoveVoucher_ShouldThrow_WhenVoucherDoesNotExist" computerName="VISHWA-KOOLLA" duration="00:00:00.1880000" startTime="2019-10-11T13:38:39.9086467-04:00" endTime="2019-10-11T13:38:39.9086467-04:00" testType="13cdc9d9-ddb5-4fa4-a97d-d965ccfc6d4b" outcome="Passed" testListId="8c84fa94-04c1-424b-9868-57a2d4851a1d" relativeResultsDirectory="356ecba0-8c89-4c32-b47f-b00f917b9f0a" />
    <UnitTestResult executionId="5e47d281-56b5-459b-a45f-c1e48a9778d7" testId="9774d800-b680-ae36-24dc-780fbd43c360" testName="Ocas.Domestic.Apply.Api.Services.UnitTests.Handlers.CreateTranscriptRequestHandlerTests.CreateTranscriptRequest_ShouldThrow_When_CollegeRequest_NotEtms" computerName="VISHWA-KOOLLA" duration="00:00:00.2220000" startTime="2019-10-11T13:38:25.9662960-04:00" endTime="2019-10-11T13:38:25.9662960-04:00" testType="13cdc9d9-ddb5-4fa4-a97d-d965ccfc6d4b" outcome="Passed" testListId="8c84fa94-04c1-424b-9868-57a2d4851a1d" relativeResultsDirectory="5e47d281-56b5-459b-a45f-c1e48a9778d7" />
    <UnitTestResult executionId="8693c966-3413-4a60-a408-ec9a5bcd73bf" testId="59046925-1500-625c-88eb-7e6d5e156f7c" testName="Ocas.Domestic.Apply.Api.Services.UnitTests.Validators.Messages.UpdateEducationStatusValidatorTests.Validator_ShouldFail_WhenEnrolled_PastGraduationDate" computerName="VISHWA-KOOLLA" duration="00:00:00.0150000" startTime="2019-10-11T13:38:14.2395522-04:00" endTime="2019-10-11T13:38:14.2395522-04:00" testType="13cdc9d9-ddb5-4fa4-a97d-d965ccfc6d4b" outcome="Passed" testListId="8c84fa94-04c1-424b-9868-57a2d4851a1d" relativeResultsDirectory="8693c966-3413-4a60-a408-ec9a5bcd73bf" />
    <UnitTestResult executionId="e0ccffdb-82db-4aae-b4d7-05c108890bf1" testId="ac2b1b80-d364-3f82-5158-9343ad740bfc" testName="Ocas.Domestic.Apply.Api.Services.UnitTests.Validators.Messages.UpdateEducationStatusValidatorTests.Validator_ShouldFail_WhenNotEnrolled_EmptyGraduated" computerName="VISHWA-KOOLLA" duration="00:00:00.0090000" startTime="2019-10-11T13:38:14.2156159-04:00" endTime="2019-10-11T13:38:14.2156159-04:00" testType="13cdc9d9-ddb5-4fa4-a97d-d965ccfc6d4b" outcome="Passed" testListId="8c84fa94-04c1-424b-9868-57a2d4851a1d" relativeResultsDirectory="e0ccffdb-82db-4aae-b4d7-05c108890bf1" />
    <UnitTestResult executionId="3b3bba2e-58bb-4b13-98a2-92409d726b4f" testId="90bc5d1e-f945-be39-08df-8ebfca47c33a" testName="Ocas.Domestic.Apply.Api.Services.UnitTests.Handlers.UpdateInternationalCreditAssessmentHandlerTests.UpdateInternationalCreditAssessmentHandler_ShouldPass_When_IntlCredentialAssessment_Created" computerName="VISHWA-KOOLLA" duration="00:00:00.1850000" startTime="2019-10-11T13:38:43.6067579-04:00" endTime="2019-10-11T13:38:43.6067579-04:00" testType="13cdc9d9-ddb5-4fa4-a97d-d965ccfc6d4b" outcome="Passed" testListId="8c84fa94-04c1-424b-9868-57a2d4851a1d" relativeResultsDirectory="3b3bba2e-58bb-4b13-98a2-92409d726b4f" />
    <UnitTestResult executionId="496a7b2b-bd3e-479d-8434-3ef7943a5400" testId="f9e6a8cf-a8de-e9c7-d21a-ab6c920e0b26" testName="Ocas.Domestic.Apply.Api.Services.UnitTests.Validators.Messages.CreateApplicationValidatorTests.CreateApplicationValidator_ShouldFail_When_ApplicationCycleIdDoesNotExist" computerName="VISHWA-KOOLLA" duration="00:00:00.0060000" startTime="2019-10-11T13:38:16.5224730-04:00" endTime="2019-10-11T13:38:16.5224730-04:00" testType="13cdc9d9-ddb5-4fa4-a97d-d965ccfc6d4b" outcome="Passed" testListId="8c84fa94-04c1-424b-9868-57a2d4851a1d" relativeResultsDirectory="496a7b2b-bd3e-479d-8434-3ef7943a5400" />
    <UnitTestResult executionId="4c34d40e-b5af-455f-bb4d-9b7a97db0bdb" testId="6cbde359-2b8b-c6b8-958e-22be75c29d86" testName="Ocas.Domestic.Apply.Api.Services.UnitTests.Handlers.UpdateProgramChoicesHandlerTests.UpdateProgramChoicesHandler_ShouldThrow_When_NoApplication" computerName="VISHWA-KOOLLA" duration="00:00:00.2170000" startTime="2019-10-11T13:38:47.3333790-04:00" endTime="2019-10-11T13:38:47.3333790-04:00" testType="13cdc9d9-ddb5-4fa4-a97d-d965ccfc6d4b" outcome="Passed" testListId="8c84fa94-04c1-424b-9868-57a2d4851a1d" relativeResultsDirectory="4c34d40e-b5af-455f-bb4d-9b7a97db0bdb" />
    <UnitTestResult executionId="bb2ba2a1-fe32-4786-80ec-9ded9d161ae0" testId="36e74491-dd95-5ac8-cf80-0097d30f13eb" testName="Ocas.Domestic.Apply.Api.Services.UnitTests.Handlers.UpdateProgramChoicesHandlerTests.UpdateProgramChoicesHandler_ShouldThrow_When_IntakeAvailabiltyClosed_Non_OcasUser" computerName="VISHWA-KOOLLA" duration="00:00:00.2050000" startTime="2019-10-11T13:38:47.7327874-04:00" endTime="2019-10-11T13:38:47.7327874-04:00" testType="13cdc9d9-ddb5-4fa4-a97d-d965ccfc6d4b" outcome="Passed" testListId="8c84fa94-04c1-424b-9868-57a2d4851a1d" relativeResultsDirectory="bb2ba2a1-fe32-4786-80ec-9ded9d161ae0" />
    <UnitTestResult executionId="4fcbd8c4-487e-4b39-862b-334e591e0076" testId="ed042d4b-0687-eb79-0443-fe10997ea138" testName="Ocas.Domestic.Apply.Api.Services.UnitTests.Extensions.LookupsCacheExtensionsTests.GetSourceId_ShouldPass_When_ReferralPartner_NotAllowedCba" computerName="VISHWA-KOOLLA" duration="00:00:00.0080000" startTime="2019-10-11T13:38:47.7656729-04:00" endTime="2019-10-11T13:38:47.7656729-04:00" testType="13cdc9d9-ddb5-4fa4-a97d-d965ccfc6d4b" outcome="Passed" testListId="8c84fa94-04c1-424b-9868-57a2d4851a1d" relativeResultsDirectory="4fcbd8c4-487e-4b39-862b-334e591e0076" />
    <UnitTestResult executionId="af154011-2eea-4318-a6b1-abef0669e81d" testId="eb021cab-678b-1bf0-7524-9600878284f0" testName="Ocas.Domestic.Apply.Api.Services.UnitTests.Handlers.RemoveEducationHandlerTests.RemoveEducationHandler_ShouldThrow_When_HasMoreThanOneEducation" computerName="VISHWA-KOOLLA" duration="00:00:00.1980000" startTime="2019-10-11T13:38:39.1556639-04:00" endTime="2019-10-11T13:38:39.1556639-04:00" testType="13cdc9d9-ddb5-4fa4-a97d-d965ccfc6d4b" outcome="Passed" testListId="8c84fa94-04c1-424b-9868-57a2d4851a1d" relativeResultsDirectory="af154011-2eea-4318-a6b1-abef0669e81d" />
    <UnitTestResult executionId="f6018cae-cf1a-4178-9126-8a7f7ff94aa6" testId="cb53f498-e559-1dae-766e-d73230102f51" testName="Ocas.Domestic.Apply.Api.Services.UnitTests.Validators.Models.ApplicantValidatorTests.Validator_ShouldFail_When_ArrivalDate_Canadian_Invalid_Format" computerName="VISHWA-KOOLLA" duration="00:00:00.0130000" startTime="2019-10-11T13:38:15.7974106-04:00" endTime="2019-10-11T13:38:15.7974106-04:00" testType="13cdc9d9-ddb5-4fa4-a97d-d965ccfc6d4b" outcome="Passed" testListId="8c84fa94-04c1-424b-9868-57a2d4851a1d" relativeResultsDirectory="f6018cae-cf1a-4178-9126-8a7f7ff94aa6" />
    <UnitTestResult executionId="6ec63110-bfa3-430d-874a-ecc6ac763d2f" testId="244d0612-e0db-e7d9-a34c-c51b0f113f1f" testName="Ocas.Domestic.Apply.Api.Services.UnitTests.Mappers.ApiMapperTests.MapTranscriptTransmissions_ShouldPass_When_University" computerName="VISHWA-KOOLLA" duration="00:00:00.0030000" startTime="2019-10-11T13:38:17.2096232-04:00" endTime="2019-10-11T13:38:17.2096232-04:00" testType="13cdc9d9-ddb5-4fa4-a97d-d965ccfc6d4b" outcome="Passed" testListId="8c84fa94-04c1-424b-9868-57a2d4851a1d" relativeResultsDirectory="6ec63110-bfa3-430d-874a-ecc6ac763d2f" />
    <UnitTestResult executionId="7d870126-b4a3-42b5-b55d-676081d52e7c" testId="1988933d-f2ff-4d8f-b0eb-a4164eda7166" testName="Ocas.Domestic.Apply.Api.Services.UnitTests.Validators.Models.ApplicantValidatorTests.Validator_ShouldPass_With_SponsorAgencyId" computerName="VISHWA-KOOLLA" duration="00:00:00.0100000" startTime="2019-10-11T13:38:15.8303159-04:00" endTime="2019-10-11T13:38:15.8303159-04:00" testType="13cdc9d9-ddb5-4fa4-a97d-d965ccfc6d4b" outcome="Passed" testListId="8c84fa94-04c1-424b-9868-57a2d4851a1d" relativeResultsDirectory="7d870126-b4a3-42b5-b55d-676081d52e7c" />
    <UnitTestResult executionId="3839378b-4268-48f2-a276-12c872515343" testId="348fdc5f-dcdc-7416-b309-58d1dba7a65c" testName="Ocas.Domestic.Apply.Api.Services.UnitTests.Validators.OenValidatorTests.OenValidator_Should_Pass" computerName="VISHWA-KOOLLA" duration="00:00:00.2440000" startTime="2019-10-11T13:38:14.7748748-04:00" endTime="2019-10-11T13:38:14.7748748-04:00" testType="13cdc9d9-ddb5-4fa4-a97d-d965ccfc6d4b" outcome="Passed" testListId="8c84fa94-04c1-424b-9868-57a2d4851a1d" relativeResultsDirectory="3839378b-4268-48f2-a276-12c872515343" />
    <UnitTestResult executionId="6a61ce5a-1a14-4d27-a9a3-4509a48a61a7" testId="e02e2539-42c2-0451-734b-50f8b4c83c0a" testName="Ocas.Domestic.Apply.Api.Services.UnitTests.Validators.Models.IntlCredentialAssessmentValidatorTests.Validator_ShouldThrow_When_IntlEvaluatorId_Invalid" computerName="VISHWA-KOOLLA" duration="00:00:00.0060000" startTime="2019-10-11T13:38:16.3549216-04:00" endTime="2019-10-11T13:38:16.3549216-04:00" testType="13cdc9d9-ddb5-4fa4-a97d-d965ccfc6d4b" outcome="Passed" testListId="8c84fa94-04c1-424b-9868-57a2d4851a1d" relativeResultsDirectory="6a61ce5a-1a14-4d27-a9a3-4509a48a61a7" />
    <UnitTestResult executionId="bef7a2ca-6cac-428e-8c9d-473785d948c1" testId="34f1ef81-3a6e-5e85-a83e-2d5015e6298e" testName="Ocas.Domestic.Apply.Api.Services.UnitTests.Mappers.ApiMapperTests.MapApplication_ShouldPass_When_NoCompletedSteps" computerName="VISHWA-KOOLLA" duration="00:00:00.0140000" startTime="2019-10-11T13:38:16.9273762-04:00" endTime="2019-10-11T13:38:16.9273762-04:00" testType="13cdc9d9-ddb5-4fa4-a97d-d965ccfc6d4b" outcome="Passed" testListId="8c84fa94-04c1-424b-9868-57a2d4851a1d" relativeResultsDirectory="bef7a2ca-6cac-428e-8c9d-473785d948c1" />
    <UnitTestResult executionId="53056ba6-1651-462e-8ec3-f8357597c404" testId="f0709640-511b-c699-1a09-36f9f49ebfa0" testName="Ocas.Domestic.Apply.Api.Services.UnitTests.Validators.Messages.UpdateProgramChoicesValidatorTests.UpdateProgramChoicesValidator_ShouldPass" computerName="VISHWA-KOOLLA" duration="00:00:00.0070000" startTime="2019-10-11T13:38:16.6980071-04:00" endTime="2019-10-11T13:38:16.6980071-04:00" testType="13cdc9d9-ddb5-4fa4-a97d-d965ccfc6d4b" outcome="Passed" testListId="8c84fa94-04c1-424b-9868-57a2d4851a1d" relativeResultsDirectory="53056ba6-1651-462e-8ec3-f8357597c404" />
    <UnitTestResult executionId="e4b5bece-2fc5-406d-983d-89631cd06ea4" testId="d32716ec-9d6a-360f-5509-003804a83c6c" testName="Ocas.Domestic.Apply.Api.Services.UnitTests.Handlers.ReissueTranscriptRequestHandlerTests.ReissueTranscriptRequest_ShouldThrow_WhenTrHasNoApplicant" computerName="VISHWA-KOOLLA" duration="00:00:00.1720000" startTime="2019-10-11T13:38:37.3829256-04:00" endTime="2019-10-11T13:38:37.3829256-04:00" testType="13cdc9d9-ddb5-4fa4-a97d-d965ccfc6d4b" outcome="Passed" testListId="8c84fa94-04c1-424b-9868-57a2d4851a1d" relativeResultsDirectory="e4b5bece-2fc5-406d-983d-89631cd06ea4" />
    <UnitTestResult executionId="c1c599f9-11c0-4835-8867-87712e61d903" testId="34562730-3d61-ba92-97b9-495f5841493b" testName="Ocas.Domestic.Apply.Api.Services.UnitTests.Mappers.ApiMapperTests.MapColleges_ShouldPass_When_Open" computerName="VISHWA-KOOLLA" duration="00:00:00.0010000" startTime="2019-10-11T13:38:17.2974187-04:00" endTime="2019-10-11T13:38:17.2974187-04:00" testType="13cdc9d9-ddb5-4fa4-a97d-d965ccfc6d4b" outcome="Passed" testListId="8c84fa94-04c1-424b-9868-57a2d4851a1d" relativeResultsDirectory="c1c599f9-11c0-4835-8867-87712e61d903" />
    <UnitTestResult executionId="25d323d2-3182-4e88-85db-9d250c6ffae4" testId="64bf1292-c833-717b-fa3b-011e95a62713" testName="Ocas.Domestic.Apply.Api.Services.UnitTests.Validators.Messages.GetCollegeTemplateValidatorTests.GetCollegeTemplateValidator_ShouldFail_When_CollegeIdNotFound" computerName="VISHWA-KOOLLA" duration="00:00:00.0110000" startTime="2019-10-11T13:38:16.6211778-04:00" endTime="2019-10-11T13:38:16.6211778-04:00" testType="13cdc9d9-ddb5-4fa4-a97d-d965ccfc6d4b" outcome="Passed" testListId="8c84fa94-04c1-424b-9868-57a2d4851a1d" relativeResultsDirectory="25d323d2-3182-4e88-85db-9d250c6ffae4" />
    <UnitTestResult executionId="7cd1f8d1-67c1-469a-9662-333044f29788" testId="71f882ee-387a-e53e-3a48-f3abcd329e2f" testName="Ocas.Domestic.Apply.Api.Services.UnitTests.Handlers.RemoveVoucherHandlerTests.RemoveVoucher_ShouldThrow_WhenNotClaimed" computerName="VISHWA-KOOLLA" duration="00:00:00.1780000" startTime="2019-10-11T13:38:39.7201511-04:00" endTime="2019-10-11T13:38:39.7201511-04:00" testType="13cdc9d9-ddb5-4fa4-a97d-d965ccfc6d4b" outcome="Passed" testListId="8c84fa94-04c1-424b-9868-57a2d4851a1d" relativeResultsDirectory="7cd1f8d1-67c1-469a-9662-333044f29788" />
    <UnitTestResult executionId="4a05650a-14b2-4f86-bf28-c79f5fd930cf" testId="d346467f-5714-41fd-589e-8488928fc7ec" testName="Ocas.Domestic.Apply.Api.Services.UnitTests.Handlers.GetFinancialTransactionsHandlerTests.GetFinancialTransactionsHandler_ShouldThrow_When_ApplicationNotFound" computerName="VISHWA-KOOLLA" duration="00:00:00.1950000" startTime="2019-10-11T13:38:31.1501568-04:00" endTime="2019-10-11T13:38:31.1501568-04:00" testType="13cdc9d9-ddb5-4fa4-a97d-d965ccfc6d4b" outcome="Passed" testListId="8c84fa94-04c1-424b-9868-57a2d4851a1d" relativeResultsDirectory="4a05650a-14b2-4f86-bf28-c79f5fd930cf" />
    <UnitTestResult executionId="62cc4fb0-a772-4398-9426-e4cc0ef6440f" testId="e7715f99-7503-4d72-c46d-607d07006d45" testName="Ocas.Domestic.Apply.Api.Services.UnitTests.Handlers.DeleteTranscriptRequestHandlerTests.DeleteTranscriptRequest_ShouldPass" computerName="VISHWA-KOOLLA" duration="00:00:00.1860000" startTime="2019-10-11T13:38:28.9248168-04:00" endTime="2019-10-11T13:38:28.9248168-04:00" testType="13cdc9d9-ddb5-4fa4-a97d-d965ccfc6d4b" outcome="Passed" testListId="8c84fa94-04c1-424b-9868-57a2d4851a1d" relativeResultsDirectory="62cc4fb0-a772-4398-9426-e4cc0ef6440f" />
    <UnitTestResult executionId="57c17744-c0bc-4445-966c-b518b905bce9" testId="01ed7aa2-efcc-556f-8a98-89fdf9cf4713" testName="Ocas.Domestic.Apply.Api.Services.UnitTests.Validators.ApplicantCreateValidatorTests.Validator_ShouldFail_With_FirstName_Regex" computerName="VISHWA-KOOLLA" duration="00:00:00.1110000" startTime="2019-10-11T13:38:14.3362930-04:00" endTime="2019-10-11T13:38:14.3362930-04:00" testType="13cdc9d9-ddb5-4fa4-a97d-d965ccfc6d4b" outcome="Passed" testListId="8c84fa94-04c1-424b-9868-57a2d4851a1d" relativeResultsDirectory="57c17744-c0bc-4445-966c-b518b905bce9" />
    <UnitTestResult executionId="682fa95e-7547-4ec7-b3a5-93bcd4f20d8f" testId="40a99014-b199-ecec-9e33-1aef60a547ef" testName="Ocas.Domestic.Apply.Api.Services.UnitTests.Handlers.AcceptOfferHandlerTests.AcceptOffer_ShouldThrow_WhenNotPaid" computerName="VISHWA-KOOLLA" duration="00:00:00.1890000" startTime="2019-10-11T13:38:18.1062204-04:00" endTime="2019-10-11T13:38:18.1062204-04:00" testType="13cdc9d9-ddb5-4fa4-a97d-d965ccfc6d4b" outcome="Passed" testListId="8c84fa94-04c1-424b-9868-57a2d4851a1d" relativeResultsDirectory="682fa95e-7547-4ec7-b3a5-93bcd4f20d8f" />
    <UnitTestResult executionId="5e0d0acf-1190-4a5f-bb6e-18d9fa15bea1" testId="7ef9a608-d322-fc2e-ff5a-776993aed388" testName="Ocas.Domestic.Apply.Api.Services.UnitTests.Mappers.ApiMapperTests.MapEducation_ShouldPass_When_HighSchoolWithoutEtms" computerName="VISHWA-KOOLLA" duration="00:00:00.0030000" startTime="2019-10-11T13:38:17.0420758-04:00" endTime="2019-10-11T13:38:17.0420758-04:00" testType="13cdc9d9-ddb5-4fa4-a97d-d965ccfc6d4b" outcome="Passed" testListId="8c84fa94-04c1-424b-9868-57a2d4851a1d" relativeResultsDirectory="5e0d0acf-1190-4a5f-bb6e-18d9fa15bea1" />
    <UnitTestResult executionId="f80c968e-d57c-4e95-950a-3400c2a045a9" testId="5e0f39e9-dc9f-8350-54b3-42d23b86b319" testName="Ocas.Domestic.Apply.Api.Services.UnitTests.Handlers.UpdateProgramChoicesHandlerTests.UpdateProgramChoicesHandler_ShouldThrow_When_IntakeStatusCancelled" computerName="VISHWA-KOOLLA" duration="00:00:00.1980000" startTime="2019-10-11T13:38:46.7049527-04:00" endTime="2019-10-11T13:38:46.7049527-04:00" testType="13cdc9d9-ddb5-4fa4-a97d-d965ccfc6d4b" outcome="Passed" testListId="8c84fa94-04c1-424b-9868-57a2d4851a1d" relativeResultsDirectory="f80c968e-d57c-4e95-950a-3400c2a045a9" />
    <UnitTestResult executionId="7b876c96-6fb8-4976-999d-7397af4264d0" testId="a6820c17-c19f-0f10-cbce-1e8ae62caf17" testName="Ocas.Domestic.Apply.Api.Services.UnitTests.Handlers.UpdateEducationHandlerTests.UpdateEducation_ShouldThrow_When_OntarioHighSchool_IsDuplicateOen" computerName="VISHWA-KOOLLA" duration="00:00:00.1950000" startTime="2019-10-11T13:38:42.6149159-04:00" endTime="2019-10-11T13:38:42.6149159-04:00" testType="13cdc9d9-ddb5-4fa4-a97d-d965ccfc6d4b" outcome="Passed" testListId="8c84fa94-04c1-424b-9868-57a2d4851a1d" relativeResultsDirectory="7b876c96-6fb8-4976-999d-7397af4264d0" />
    <UnitTestResult executionId="fa2bdf19-3d88-4d6a-a914-a3c614c960a8" testId="4135dbe4-2c1c-b81f-8fe2-ac3ccfbd8609" testName="Ocas.Domestic.Apply.Api.Services.UnitTests.Validators.Models.ApplicantValidatorTests.Validator_ShouldFail_When_Canada_PostalCode_Invalid" computerName="VISHWA-KOOLLA" duration="00:00:00.0120000" startTime="2019-10-11T13:38:15.6507695-04:00" endTime="2019-10-11T13:38:15.6507695-04:00" testType="13cdc9d9-ddb5-4fa4-a97d-d965ccfc6d4b" outcome="Passed" testListId="8c84fa94-04c1-424b-9868-57a2d4851a1d" relativeResultsDirectory="fa2bdf19-3d88-4d6a-a914-a3c614c960a8" />
    <UnitTestResult executionId="56623178-3a68-4ebf-a071-419119913c29" testId="a450bcd0-6ddc-4ae7-ad94-20baeee0dc71" testName="Ocas.Domestic.Apply.Api.Services.UnitTests.Validators.Models.EducationBaseValidatorTests.Validator_ShouldFail_WhenLookupsDoNotExist_InGeneral" computerName="VISHWA-KOOLLA" duration="00:00:00.0130000" startTime="2019-10-11T13:38:16.1753796-04:00" endTime="2019-10-11T13:38:16.1753796-04:00" testType="13cdc9d9-ddb5-4fa4-a97d-d965ccfc6d4b" outcome="Passed" testListId="8c84fa94-04c1-424b-9868-57a2d4851a1d" relativeResultsDirectory="56623178-3a68-4ebf-a071-419119913c29" />
    <UnitTestResult executionId="4da6ecef-2a49-4883-b271-2afa281deadc" testId="7005c4e8-8772-4b2b-5528-502b4cb9a2a4" testName="Ocas.Domestic.Apply.Api.Services.UnitTests.Validators.Messages.GetTranscriptRequestsValidatorTests.GetTranscriptRequestsValidator_ShouldFail_WhenIdsEmpty" computerName="VISHWA-KOOLLA" duration="00:00:00.0370000" startTime="2019-10-11T13:38:14.2126240-04:00" endTime="2019-10-11T13:38:14.2126240-04:00" testType="13cdc9d9-ddb5-4fa4-a97d-d965ccfc6d4b" outcome="Passed" testListId="8c84fa94-04c1-424b-9868-57a2d4851a1d" relativeResultsDirectory="4da6ecef-2a49-4883-b271-2afa281deadc" />
    <UnitTestResult executionId="a48b8676-26e6-47d7-9f51-5b275d52ed24" testId="a86966c3-5f97-7e64-777f-47f35179152a" testName="Ocas.Domestic.Apply.Api.Services.UnitTests.Handlers.CompleteProgramsHandlerTests.CompletePrograms_ShouldPass_WhenAlreadyCompleted" computerName="VISHWA-KOOLLA" duration="00:00:00.1930000" startTime="2019-10-11T13:38:20.5034719-04:00" endTime="2019-10-11T13:38:20.5034719-04:00" testType="13cdc9d9-ddb5-4fa4-a97d-d965ccfc6d4b" outcome="Passed" testListId="8c84fa94-04c1-424b-9868-57a2d4851a1d" relativeResultsDirectory="a48b8676-26e6-47d7-9f51-5b275d52ed24" />
    <UnitTestResult executionId="16f8230d-f881-4cc2-93a7-a6a679bcac85" testId="fca0b98d-8284-1a35-deb1-27be44d4f783" testName="Ocas.Domestic.Apply.Api.Services.UnitTests.Handlers.RemoveEducationHandlerTests.RemoveEducationHandler_ShouldThrow_When_RequestNotFound" computerName="VISHWA-KOOLLA" duration="00:00:00.1960000" startTime="2019-10-11T13:38:38.9568258-04:00" endTime="2019-10-11T13:38:38.9568258-04:00" testType="13cdc9d9-ddb5-4fa4-a97d-d965ccfc6d4b" outcome="Passed" testListId="8c84fa94-04c1-424b-9868-57a2d4851a1d" relativeResultsDirectory="16f8230d-f881-4cc2-93a7-a6a679bcac85" />
    <UnitTestResult executionId="66ad2ad0-1b6b-4c3e-bc03-650d9f765bd9" testId="cd015010-9379-8993-4b12-bc9d6dc114e7" testName="Ocas.Domestic.Apply.Api.Services.UnitTests.Handlers.GetApplicantHandlerTests.GetApplicant_ShouldThrow_NoApplicantFound" computerName="VISHWA-KOOLLA" duration="00:00:00.1890000" startTime="2019-10-11T13:38:30.1139129-04:00" endTime="2019-10-11T13:38:30.1139129-04:00" testType="13cdc9d9-ddb5-4fa4-a97d-d965ccfc6d4b" outcome="Passed" testListId="8c84fa94-04c1-424b-9868-57a2d4851a1d" relativeResultsDirectory="66ad2ad0-1b6b-4c3e-bc03-650d9f765bd9" />
    <UnitTestResult executionId="5aee72bb-d080-4313-b63d-d9d7fc8f99e5" testId="bad67909-57a0-a12d-75fb-3f4929a08ad4" testName="Ocas.Domestic.Apply.Api.Services.UnitTests.Validators.OenValidatorTests.OenValidator_Should_Fail_When_NotANumber" computerName="VISHWA-KOOLLA" duration="00:00:00.2190000" startTime="2019-10-11T13:38:15.4184233-04:00" endTime="2019-10-11T13:38:15.4184233-04:00" testType="13cdc9d9-ddb5-4fa4-a97d-d965ccfc6d4b" outcome="Passed" testListId="8c84fa94-04c1-424b-9868-57a2d4851a1d" relativeResultsDirectory="5aee72bb-d080-4313-b63d-d9d7fc8f99e5" />
    <UnitTestResult executionId="3f7d074a-1b31-43f2-9d3f-8e9bce6226bb" testId="8af9a76b-ea90-fe5a-0985-6dec5b804877" testName="Ocas.Domestic.Apply.Api.Services.UnitTests.Validators.Models.ApplicantValidatorTests.Validator_ShouldFail_When_ArrivalDate_Invalid_Format" computerName="VISHWA-KOOLLA" duration="00:00:00.0110000" startTime="2019-10-11T13:38:15.6747056-04:00" endTime="2019-10-11T13:38:15.6747056-04:00" testType="13cdc9d9-ddb5-4fa4-a97d-d965ccfc6d4b" outcome="Passed" testListId="8c84fa94-04c1-424b-9868-57a2d4851a1d" relativeResultsDirectory="3f7d074a-1b31-43f2-9d3f-8e9bce6226bb" />
    <UnitTestResult executionId="6aed5054-3661-4b7f-98d4-a68ce5909861" testId="7e6998a8-f641-3d20-51a6-865bbe7d4cac" testName="Ocas.Domestic.Apply.Api.Services.UnitTests.Validators.OenValidatorTests.OenValidator_Should_Fail_When_TooLong" computerName="VISHWA-KOOLLA" duration="00:00:01.3380000" startTime="2019-10-11T13:38:14.5307724-04:00" endTime="2019-10-11T13:38:14.5307724-04:00" testType="13cdc9d9-ddb5-4fa4-a97d-d965ccfc6d4b" outcome="Passed" testListId="8c84fa94-04c1-424b-9868-57a2d4851a1d" relativeResultsDirectory="6aed5054-3661-4b7f-98d4-a68ce5909861" />
    <UnitTestResult executionId="5a799ff3-9d66-4539-a00a-72ae8d44fd74" testId="39c7c6c1-b0a5-a80d-ad47-ceae55d9b17f" testName="Ocas.Domestic.Apply.Api.Services.UnitTests.Handlers.ClaimVoucherHandlerTests.ClaimVoucher_ShouldThrow_WhenDuplicateVoucher" computerName="VISHWA-KOOLLA" duration="00:00:00.1910000" startTime="2019-10-11T13:38:19.5322705-04:00" endTime="2019-10-11T13:38:19.5322705-04:00" testType="13cdc9d9-ddb5-4fa4-a97d-d965ccfc6d4b" outcome="Passed" testListId="8c84fa94-04c1-424b-9868-57a2d4851a1d" relativeResultsDirectory="5a799ff3-9d66-4539-a00a-72ae8d44fd74" />
    <UnitTestResult executionId="ce9745a0-0aec-4bf5-96a2-b1ee681c1a51" testId="cb1280c3-c63c-7114-035b-032b8fde504b" testName="Ocas.Domestic.Apply.Api.Services.UnitTests.Validators.Models.CanadianCollegeValidatorTests.CanadianCollegeValidator_ShouldPass_WhenCanadianCollege" computerName="VISHWA-KOOLLA" duration="00:00:00.0230000" startTime="2019-10-11T13:38:15.8841807-04:00" endTime="2019-10-11T13:38:15.8841807-04:00" testType="13cdc9d9-ddb5-4fa4-a97d-d965ccfc6d4b" outcome="Passed" testListId="8c84fa94-04c1-424b-9868-57a2d4851a1d" relativeResultsDirectory="ce9745a0-0aec-4bf5-96a2-b1ee681c1a51" />
    <UnitTestResult executionId="fd434162-5f3c-4973-b6db-4b6b2cf7ed2f" testId="edb28a80-395c-a6aa-7b94-6782df061f2a" testName="Ocas.Domestic.Apply.Api.Services.UnitTests.Handlers.UpdateApplicantHandlerTests.UpdateApplicantHandler_ShouldThrow_When_ContactNotFound" computerName="VISHWA-KOOLLA" duration="00:00:00.1850000" startTime="2019-10-11T13:38:40.6795614-04:00" endTime="2019-10-11T13:38:40.6795614-04:00" testType="13cdc9d9-ddb5-4fa4-a97d-d965ccfc6d4b" outcome="Passed" testListId="8c84fa94-04c1-424b-9868-57a2d4851a1d" relativeResultsDirectory="fd434162-5f3c-4973-b6db-4b6b2cf7ed2f" />
    <UnitTestResult executionId="340de834-9c9b-4f9d-84ca-78d9d7a2e143" testId="f96ea1ea-a91a-247e-384a-88d9e1e6dc27" testName="Ocas.Domestic.Apply.Api.Services.UnitTests.Validators.IApplicantUserValidatorTests.Validator_ShouldFail_WhenNoUser" computerName="VISHWA-KOOLLA" duration="00:00:00.1280000" startTime="2019-10-11T13:38:13.5260618-04:00" endTime="2019-10-11T13:38:13.5260618-04:00" testType="13cdc9d9-ddb5-4fa4-a97d-d965ccfc6d4b" outcome="Passed" testListId="8c84fa94-04c1-424b-9868-57a2d4851a1d" relativeResultsDirectory="340de834-9c9b-4f9d-84ca-78d9d7a2e143" />
    <UnitTestResult executionId="8f1f5d46-a8dc-459d-bbaa-b7eaaf39d604" testId="3f643de6-ec53-7b8e-23a5-1a241826b49a" testName="Ocas.Domestic.Apply.Api.Services.UnitTests.Handlers.DeleteTranscriptRequestHandlerTests.DeleteTranscriptRequest_ShouldThrow_When_RequestNotFound" computerName="VISHWA-KOOLLA" duration="00:00:00.1970000" startTime="2019-10-11T13:38:28.7379447-04:00" endTime="2019-10-11T13:38:28.7379447-04:00" testType="13cdc9d9-ddb5-4fa4-a97d-d965ccfc6d4b" outcome="Passed" testListId="8c84fa94-04c1-424b-9868-57a2d4851a1d" relativeResultsDirectory="8f1f5d46-a8dc-459d-bbaa-b7eaaf39d604" />
    <UnitTestResult executionId="f6e5e6e9-7198-4dcb-8a07-5d49f6e725a0" testId="4a44bc43-7aff-e730-c2be-86dc744c227a" testName="Ocas.Domestic.Apply.Api.Services.UnitTests.Handlers.CreateTranscriptRequestHandlerTests.CreateTranscriptRequest_ShouldThrow_When_UniversityRequest_ToInstituteIdEmpty" computerName="VISHWA-KOOLLA" duration="00:00:00.2140000" startTime="2019-10-11T13:38:24.9090506-04:00" endTime="2019-10-11T13:38:24.9090506-04:00" testType="13cdc9d9-ddb5-4fa4-a97d-d965ccfc6d4b" outcome="Passed" testListId="8c84fa94-04c1-424b-9868-57a2d4851a1d" relativeResultsDirectory="f6e5e6e9-7198-4dcb-8a07-5d49f6e725a0" />
    <UnitTestResult executionId="8f88570b-463f-406c-b9d5-aab9db87001d" testId="fb726d62-77e8-1472-7d91-0d24de4a64de" testName="Ocas.Domestic.Apply.Api.Services.UnitTests.Validators.Models.ApplicantValidatorTests.Validator_ShouldPass" computerName="VISHWA-KOOLLA" duration="00:00:00.0090000" startTime="2019-10-11T13:38:15.8063906-04:00" endTime="2019-10-11T13:38:15.8063906-04:00" testType="13cdc9d9-ddb5-4fa4-a97d-d965ccfc6d4b" outcome="Passed" testListId="8c84fa94-04c1-424b-9868-57a2d4851a1d" relativeResultsDirectory="8f88570b-463f-406c-b9d5-aab9db87001d" />
    <UnitTestResult executionId="2dad38ad-303c-4469-bb88-f6c1418a737a" testId="a4bb8238-40e5-afc2-1bcb-4a7cf901d41c" testName="Ocas.Domestic.Apply.Api.Services.UnitTests.Validators.ApplicantCreateValidatorTests.Validator_ShouldFail_With_FirstName_Empty" computerName="VISHWA-KOOLLA" duration="00:00:00.0130000" startTime="2019-10-11T13:38:14.3961324-04:00" endTime="2019-10-11T13:38:14.3961324-04:00" testType="13cdc9d9-ddb5-4fa4-a97d-d965ccfc6d4b" outcome="Passed" testListId="8c84fa94-04c1-424b-9868-57a2d4851a1d" relativeResultsDirectory="2dad38ad-303c-4469-bb88-f6c1418a737a" />
    <UnitTestResult executionId="bddde9f7-4847-4c1b-b396-ec8c0cc2d6c7" testId="61e414c6-65da-83d6-f2fd-f35b61f285e0" testName="Ocas.Domestic.Apply.Api.Services.UnitTests.Validators.Messages.GetOrderValidatorTests.GetOrderValidator_ShouldFail_When_OrderId_Empty" computerName="VISHWA-KOOLLA" duration="00:00:00.8740000" startTime="2019-10-11T13:38:14.1617601-04:00" endTime="2019-10-11T13:38:14.1617601-04:00" testType="13cdc9d9-ddb5-4fa4-a97d-d965ccfc6d4b" outcome="Passed" testListId="8c84fa94-04c1-424b-9868-57a2d4851a1d" relativeResultsDirectory="bddde9f7-4847-4c1b-b396-ec8c0cc2d6c7" />
    <UnitTestResult executionId="7926d760-0a05-4d22-8260-fbcd0b855edf" testId="dd2aa04b-ed56-dcc4-0059-4c865894256e" testName="Ocas.Domestic.Apply.Api.Services.UnitTests.Extensions.LookupsCacheExtensionsTests.GetSourcePartnerId_ShouldPass_When_College_AllowedCba" computerName="VISHWA-KOOLLA" duration="00:00:00.0030000" startTime="2019-10-11T13:38:47.7507450-04:00" endTime="2019-10-11T13:38:47.7507450-04:00" testType="13cdc9d9-ddb5-4fa4-a97d-d965ccfc6d4b" outcome="Passed" testListId="8c84fa94-04c1-424b-9868-57a2d4851a1d" relativeResultsDirectory="7926d760-0a05-4d22-8260-fbcd0b855edf" />
    <UnitTestResult executionId="5527e12a-eb2a-4611-b7b8-7f02100f9fd0" testId="590fcdf4-f814-03dd-dc90-9eb9a917e5a4" testName="Ocas.Domestic.Apply.Api.Services.UnitTests.Mappers.ApiMapperTests.MapShoppingCart_ShouldPass_When_ReturnedPayment" computerName="VISHWA-KOOLLA" duration="00:00:00.0010000" startTime="2019-10-11T13:38:17.1657366-04:00" endTime="2019-10-11T13:38:17.1657366-04:00" testType="13cdc9d9-ddb5-4fa4-a97d-d965ccfc6d4b" outcome="Passed" testListId="8c84fa94-04c1-424b-9868-57a2d4851a1d" relativeResultsDirectory="5527e12a-eb2a-4611-b7b8-7f02100f9fd0" />
    <UnitTestResult executionId="8d000b72-6589-435b-a80a-04eadccb25c1" testId="1f6797a5-cdcf-63f2-eedf-18dc067c9118" testName="Ocas.Domestic.Apply.Api.Services.UnitTests.Handlers.PayOrderHandlerTests.PayOrder_ShouldRollbackTrs_WhenPaymentFails" computerName="VISHWA-KOOLLA" duration="00:00:00.2890000" startTime="2019-10-11T13:38:35.1869128-04:00" endTime="2019-10-11T13:38:35.1869128-04:00" testType="13cdc9d9-ddb5-4fa4-a97d-d965ccfc6d4b" outcome="Passed" testListId="8c84fa94-04c1-424b-9868-57a2d4851a1d" relativeResultsDirectory="8d000b72-6589-435b-a80a-04eadccb25c1" />
    <UnitTestResult executionId="e94005ff-0f7c-4a3a-a473-96f134bd06d3" testId="13fb3d90-fc44-b895-9dca-150e6c64fdf2" testName="Ocas.Domestic.Apply.Api.Services.UnitTests.Handlers.GetSupportingDocumentFileHandlerTests.GetSupportingDocumentFileHandler_ShouldThrow_NoTranscript_NoSupportingDocument" computerName="VISHWA-KOOLLA" duration="00:00:00.1830000" startTime="2019-10-11T13:38:33.1213233-04:00" endTime="2019-10-11T13:38:33.1213233-04:00" testType="13cdc9d9-ddb5-4fa4-a97d-d965ccfc6d4b" outcome="Passed" testListId="8c84fa94-04c1-424b-9868-57a2d4851a1d" relativeResultsDirectory="e94005ff-0f7c-4a3a-a473-96f134bd06d3" />
    <UnitTestResult executionId="b702861f-cec4-4104-a933-8edc6a404ff6" testId="b5a034b7-40a5-bf41-75ef-0f07af46082b" testName="Ocas.Domestic.Apply.Api.Services.UnitTests.Handlers.CreateApplicantBaseHandlerTests.CreateApplicantBaseHandler_ShouldPass" computerName="VISHWA-KOOLLA" duration="00:00:00.2120000" startTime="2019-10-11T13:38:22.5460568-04:00" endTime="2019-10-11T13:38:22.5460568-04:00" testType="13cdc9d9-ddb5-4fa4-a97d-d965ccfc6d4b" outcome="Passed" testListId="8c84fa94-04c1-424b-9868-57a2d4851a1d" relativeResultsDirectory="b702861f-cec4-4104-a933-8edc6a404ff6" />
    <UnitTestResult executionId="6b4d0eb5-9933-46f5-8d74-77fe8822a9c2" testId="708f4493-a706-5c50-f6c6-50262512759e" testName="Ocas.Domestic.Apply.Api.Services.UnitTests.Extensions.LookupsCacheExtensionsTests.GetSourceId_ShouldPass_When_College_AllowedCba_And_AllowCbaReferralCodeAsSource" computerName="VISHWA-KOOLLA" duration="00:00:00.0030000" startTime="2019-10-11T13:38:47.7547044-04:00" endTime="2019-10-11T13:38:47.7547044-04:00" testType="13cdc9d9-ddb5-4fa4-a97d-d965ccfc6d4b" outcome="Passed" testListId="8c84fa94-04c1-424b-9868-57a2d4851a1d" relativeResultsDirectory="6b4d0eb5-9933-46f5-8d74-77fe8822a9c2" />
    <UnitTestResult executionId="9771d35c-b4ad-485a-bfb2-a89878dfd307" testId="b877afea-0f05-2476-cca4-0a4ce8c14ced" testName="Ocas.Domestic.Apply.Api.Services.UnitTests.Validators.Models.ApplicantValidatorTests.Validator_ShouldFail_When_StatusInCanada_Invalid" computerName="VISHWA-KOOLLA" duration="00:00:00.0130000" startTime="2019-10-11T13:38:15.6966788-04:00" endTime="2019-10-11T13:38:15.6966788-04:00" testType="13cdc9d9-ddb5-4fa4-a97d-d965ccfc6d4b" outcome="Passed" testListId="8c84fa94-04c1-424b-9868-57a2d4851a1d" relativeResultsDirectory="9771d35c-b4ad-485a-bfb2-a89878dfd307" />
    <UnitTestResult executionId="cb39f0a3-44d0-4d62-a6a4-1a97f09d3e1e" testId="082b5d59-8aab-4443-fa33-010759b6e357" testName="Ocas.Domestic.Apply.Api.Services.UnitTests.Handlers.DeclineAllOffersHandlerTests.DeclineAllOffers_ShouldThrow_WhenLockedOut" computerName="VISHWA-KOOLLA" duration="00:00:00.2140000" startTime="2019-10-11T13:38:27.5161569-04:00" endTime="2019-10-11T13:38:27.5161569-04:00" testType="13cdc9d9-ddb5-4fa4-a97d-d965ccfc6d4b" outcome="Passed" testListId="8c84fa94-04c1-424b-9868-57a2d4851a1d" relativeResultsDirectory="cb39f0a3-44d0-4d62-a6a4-1a97f09d3e1e" />
    <UnitTestResult executionId="c465abca-b6a2-40c8-a7e5-ee14ec7a0b67" testId="ce585d3e-2e30-992c-c19b-596e6a254610" testName="Ocas.Domestic.Apply.Api.Services.UnitTests.Validators.Models.InternationalEducationValidatorTests.InternationalEducationValidator_ShouldFail_WhenInvalidRequiredFields_InternationalPostSecondary" computerName="VISHWA-KOOLLA" duration="00:00:00.0150000" startTime="2019-10-11T13:38:16.2851054-04:00" endTime="2019-10-11T13:38:16.2851054-04:00" testType="13cdc9d9-ddb5-4fa4-a97d-d965ccfc6d4b" outcome="Passed" testListId="8c84fa94-04c1-424b-9868-57a2d4851a1d" relativeResultsDirectory="c465abca-b6a2-40c8-a7e5-ee14ec7a0b67" />
    <UnitTestResult executionId="ed13d0b3-4c43-41e6-b8e7-84e0ae672cd0" testId="be9f8c28-fed7-1aa3-f187-505d31bacecb" testName="Ocas.Domestic.Apply.Api.Services.UnitTests.Validators.Messages.UpdateProgramChoicesValidatorTests.UpdateProgramChoicesValidator_ShouldFail_When_ProgramChoicesSame" computerName="VISHWA-KOOLLA" duration="00:00:00.0260000" startTime="2019-10-11T13:38:16.6541212-04:00" endTime="2019-10-11T13:38:16.6541212-04:00" testType="13cdc9d9-ddb5-4fa4-a97d-d965ccfc6d4b" outcome="Passed" testListId="8c84fa94-04c1-424b-9868-57a2d4851a1d" relativeResultsDirectory="ed13d0b3-4c43-41e6-b8e7-84e0ae672cd0" />
    <UnitTestResult executionId="4da651c7-c35d-401b-810f-ffa766461801" testId="3f95f42a-d9ac-1743-c0f4-ed2b9db89135" testName="Ocas.Domestic.Apply.Api.Services.UnitTests.Handlers.UpdateEducationHandlerTests.UpdateEducation_ShouldThrow_WhenApplicantIdMismatch" computerName="VISHWA-KOOLLA" duration="00:00:00.2140000" startTime="2019-10-11T13:38:41.6844369-04:00" endTime="2019-10-11T13:38:41.6844369-04:00" testType="13cdc9d9-ddb5-4fa4-a97d-d965ccfc6d4b" outcome="Passed" testListId="8c84fa94-04c1-424b-9868-57a2d4851a1d" relativeResultsDirectory="4da651c7-c35d-401b-810f-ffa766461801" />
    <UnitTestResult executionId="175f7f2c-b58e-4c7f-b3a5-dbc06955fbaa" testId="75996488-e26c-f380-948b-9b30e7e80b41" testName="Ocas.Domestic.Apply.Api.Services.UnitTests.Handlers.GetFinancialTransactionsHandlerTests.GetFinancialTransactionsHandler_ShouldPass" computerName="VISHWA-KOOLLA" duration="00:00:00.2080000" startTime="2019-10-11T13:38:31.3585733-04:00" endTime="2019-10-11T13:38:31.3585733-04:00" testType="13cdc9d9-ddb5-4fa4-a97d-d965ccfc6d4b" outcome="Passed" testListId="8c84fa94-04c1-424b-9868-57a2d4851a1d" relativeResultsDirectory="175f7f2c-b58e-4c7f-b3a5-dbc06955fbaa" />
    <UnitTestResult executionId="da53348b-762e-4d1e-a432-0f21b5dc3c10" testId="4ccf2425-5c07-55ee-d683-18bee2b32723" testName="Ocas.Domestic.Apply.Api.Services.UnitTests.Validators.Messages.GetPartnerBrandingValidatorTests.GetPartnerBrandingValidator_ShouldFail_When_CodeEmpty" computerName="VISHWA-KOOLLA" duration="00:00:00.0150000" startTime="2019-10-11T13:38:14.2425441-04:00" endTime="2019-10-11T13:38:14.2425441-04:00" testType="13cdc9d9-ddb5-4fa4-a97d-d965ccfc6d4b" outcome="Passed" testListId="8c84fa94-04c1-424b-9868-57a2d4851a1d" relativeResultsDirectory="da53348b-762e-4d1e-a432-0f21b5dc3c10" />
    <UnitTestResult executionId="4f059f1b-07b0-419a-ab3e-ea4bebf9f39f" testId="7612e712-2f38-7d65-f624-7e745e24f740" testName="Ocas.Domestic.Apply.Api.Services.UnitTests.Mappers.ApiMapperTests.MapEducation_ShouldPass_When_HasTranscripts_CanDelete" computerName="VISHWA-KOOLLA" duration="00:00:00.0010000" startTime="2019-10-11T13:38:17.0440634-04:00" endTime="2019-10-11T13:38:17.0440634-04:00" testType="13cdc9d9-ddb5-4fa4-a97d-d965ccfc6d4b" outcome="Passed" testListId="8c84fa94-04c1-424b-9868-57a2d4851a1d" relativeResultsDirectory="4f059f1b-07b0-419a-ab3e-ea4bebf9f39f" />
    <UnitTestResult executionId="5d04267d-74e3-4405-a5b6-ba02c6fb080c" testId="bf1fb6f1-f23c-f8ab-2491-a5ae4ccaac50" testName="Ocas.Domestic.Apply.Api.Services.UnitTests.Handlers.UpdateEducationHandlerTests.UpdateEducation_ShouldPass" computerName="VISHWA-KOOLLA" duration="00:00:00.1930000" startTime="2019-10-11T13:38:41.8769262-04:00" endTime="2019-10-11T13:38:41.8769262-04:00" testType="13cdc9d9-ddb5-4fa4-a97d-d965ccfc6d4b" outcome="Passed" testListId="8c84fa94-04c1-424b-9868-57a2d4851a1d" relativeResultsDirectory="5d04267d-74e3-4405-a5b6-ba02c6fb080c" />
    <UnitTestResult executionId="a78538eb-0e0b-424e-a69c-79e2db1f6192" testId="2126e79d-8ceb-957b-93e3-9abc7fdb90bf" testName="Ocas.Domestic.Apply.Api.Services.UnitTests.Validators.Messages.GetPartnerBrandingValidatorTests.GetPartnerBrandingValidator_ShouldPass" computerName="VISHWA-KOOLLA" duration="00:00:00.0090000" startTime="2019-10-11T13:38:14.2016535-04:00" endTime="2019-10-11T13:38:14.2016535-04:00" testType="13cdc9d9-ddb5-4fa4-a97d-d965ccfc6d4b" outcome="Passed" testListId="8c84fa94-04c1-424b-9868-57a2d4851a1d" relativeResultsDirectory="a78538eb-0e0b-424e-a69c-79e2db1f6192" />
    <UnitTestResult executionId="ec2c27c5-e6df-4946-b10b-704e3dc0935a" testId="ad4b1845-71d8-e3d8-89ca-a9c56cbce025" testName="Ocas.Domestic.Apply.Api.Services.UnitTests.Mappers.DtoMapperTests.PatchEducation_Should_Patch_CanadianHighSchool_WhenCurrentlyAttending" computerName="VISHWA-KOOLLA" duration="00:00:00.0070000" startTime="2019-10-11T13:38:17.6255085-04:00" endTime="2019-10-11T13:38:17.6255085-04:00" testType="13cdc9d9-ddb5-4fa4-a97d-d965ccfc6d4b" outcome="Passed" testListId="8c84fa94-04c1-424b-9868-57a2d4851a1d" relativeResultsDirectory="ec2c27c5-e6df-4946-b10b-704e3dc0935a" />
    <UnitTestResult executionId="baaff51d-46aa-4a87-9abe-981a2bfbadb3" testId="ab88a66c-9b5a-6ab8-fd36-01d4a587c23f" testName="Ocas.Domestic.Apply.Api.Services.UnitTests.Mappers.ApiMapperTests.MapSupportingDocument_ShouldPass_When_StandardizedTest" computerName="VISHWA-KOOLLA" duration="00:00:00.0380000" startTime="2019-10-11T13:38:17.2036351-04:00" endTime="2019-10-11T13:38:17.2036351-04:00" testType="13cdc9d9-ddb5-4fa4-a97d-d965ccfc6d4b" outcome="Passed" testListId="8c84fa94-04c1-424b-9868-57a2d4851a1d" relativeResultsDirectory="baaff51d-46aa-4a87-9abe-981a2bfbadb3" />
    <UnitTestResult executionId="9a752363-5bef-41d1-a976-78a541179210" testId="655aead0-8c69-f40e-afe5-448295151299" testName="Ocas.Domestic.Apply.Api.Services.UnitTests.Validators.Models.CanadianHighSchoolValidatorTests.Validator_ShouldFail_When_MissingInstitute_InOntario" computerName="VISHWA-KOOLLA" duration="00:00:00.0090000" startTime="2019-10-11T13:38:16.0068448-04:00" endTime="2019-10-11T13:38:16.0068448-04:00" testType="13cdc9d9-ddb5-4fa4-a97d-d965ccfc6d4b" outcome="Passed" testListId="8c84fa94-04c1-424b-9868-57a2d4851a1d" relativeResultsDirectory="9a752363-5bef-41d1-a976-78a541179210" />
    <UnitTestResult executionId="65df0b15-47b4-4755-9080-14795bc0e60e" testId="097a0b0d-3bdf-8527-b415-8268cc7d2596" testName="Ocas.Domestic.Apply.Api.Services.UnitTests.Handlers.DeclineOfferHandlerTests.DeclineOffer_ShouldThrow_WhenNotAccepted" computerName="VISHWA-KOOLLA" duration="00:00:00.2080000" startTime="2019-10-11T13:38:28.5404988-04:00" endTime="2019-10-11T13:38:28.5404988-04:00" testType="13cdc9d9-ddb5-4fa4-a97d-d965ccfc6d4b" outcome="Passed" testListId="8c84fa94-04c1-424b-9868-57a2d4851a1d" relativeResultsDirectory="65df0b15-47b4-4755-9080-14795bc0e60e" />
    <UnitTestResult executionId="601c3661-5968-4698-ae87-d3f82987af05" testId="6a472a90-5f30-5d58-578c-6323a2138046" testName="Ocas.Domestic.Apply.Api.Services.UnitTests.Mappers.TemplateMapperTests.MapHighSchoolGrades_Should_Pass" computerName="VISHWA-KOOLLA" duration="00:00:00.0240000" startTime="2019-10-11T13:38:17.6973139-04:00" endTime="2019-10-11T13:38:17.6973139-04:00" testType="13cdc9d9-ddb5-4fa4-a97d-d965ccfc6d4b" outcome="Passed" testListId="8c84fa94-04c1-424b-9868-57a2d4851a1d" relativeResultsDirectory="601c3661-5968-4698-ae87-d3f82987af05" />
    <UnitTestResult executionId="b8d5ff2e-0ce0-415b-be29-42eb2ac51f6f" testId="6cd48428-dfd2-fcd8-a557-e9bf2dd04329" testName="Ocas.Domestic.Apply.Api.Services.UnitTests.Mappers.ApiMapperTests.MapShoppingCart_ShouldPass_When_NonVoucher_WithReferenceId" computerName="VISHWA-KOOLLA" duration="00:00:00.0010000" startTime="2019-10-11T13:38:17.3402959-04:00" endTime="2019-10-11T13:38:17.3402959-04:00" testType="13cdc9d9-ddb5-4fa4-a97d-d965ccfc6d4b" outcome="Passed" testListId="8c84fa94-04c1-424b-9868-57a2d4851a1d" relativeResultsDirectory="b8d5ff2e-0ce0-415b-be29-42eb2ac51f6f" />
    <UnitTestResult executionId="5f337dae-eec0-4904-b29d-2e096f8df26a" testId="3c365cb7-4d08-2e26-1aba-a811b5572d85" testName="Ocas.Domestic.Apply.Api.Services.UnitTests.Mappers.DtoMapperTests.PatchEducation_Should_NotPatchFields_InternationalHighschoolEdu" computerName="VISHWA-KOOLLA" duration="00:00:00.0200000" startTime="2019-10-11T13:38:17.6743776-04:00" endTime="2019-10-11T13:38:17.6743776-04:00" testType="13cdc9d9-ddb5-4fa4-a97d-d965ccfc6d4b" outcome="Passed" testListId="8c84fa94-04c1-424b-9868-57a2d4851a1d" relativeResultsDirectory="5f337dae-eec0-4904-b29d-2e096f8df26a" />
    <UnitTestResult executionId="d0fd40bd-9eca-4cc9-a7ad-15ce4b33d678" testId="58313dc0-3fe9-d933-fd80-72ea26f2e54c" testName="Ocas.Domestic.Apply.Api.Services.UnitTests.Handlers.GetOrderHandlerTests.GetOrder_ShouldThrow_When_ApplicantMissing" computerName="VISHWA-KOOLLA" duration="00:00:00.1850000" startTime="2019-10-11T13:38:31.9519592-04:00" endTime="2019-10-11T13:38:31.9519592-04:00" testType="13cdc9d9-ddb5-4fa4-a97d-d965ccfc6d4b" outcome="Passed" testListId="8c84fa94-04c1-424b-9868-57a2d4851a1d" relativeResultsDirectory="d0fd40bd-9eca-4cc9-a7ad-15ce4b33d678" />
    <UnitTestResult executionId="2c780186-b60f-4897-82eb-7ad74f839d81" testId="9414b5fb-2849-eba4-d186-2b7e7cf2724c" testName="Ocas.Domestic.Apply.Api.Services.UnitTests.Handlers.DeclineOfferHandlerTests.DeclineOffer_ShouldThrow_WhenNotActive" computerName="VISHWA-KOOLLA" duration="00:00:00.1960000" startTime="2019-10-11T13:38:28.3360208-04:00" endTime="2019-10-11T13:38:28.3360208-04:00" testType="13cdc9d9-ddb5-4fa4-a97d-d965ccfc6d4b" outcome="Passed" testListId="8c84fa94-04c1-424b-9868-57a2d4851a1d" relativeResultsDirectory="2c780186-b60f-4897-82eb-7ad74f839d81" />
    <UnitTestResult executionId="93283508-a8ae-4cb9-a710-26d1c4416a5a" testId="4510ad3d-5732-98c4-ded9-7447d1db68ec" testName="Ocas.Domestic.Apply.Api.Services.UnitTests.Handlers.UpdateProgramChoicesHandlerTests.UpdateProgramChoicesHandler_ShouldUpdateBoA" computerName="VISHWA-KOOLLA" duration="00:00:00.2420000" startTime="2019-10-11T13:38:46.5074809-04:00" endTime="2019-10-11T13:38:46.5074809-04:00" testType="13cdc9d9-ddb5-4fa4-a97d-d965ccfc6d4b" outcome="Passed" testListId="8c84fa94-04c1-424b-9868-57a2d4851a1d" relativeResultsDirectory="93283508-a8ae-4cb9-a710-26d1c4416a5a" />
    <UnitTestResult executionId="7829fef8-1475-455b-8415-ccbb0db56606" testId="9ba5462d-48a9-8100-2eda-c6d8d1bb909d" testName="Ocas.Domestic.Apply.Api.Services.UnitTests.Mappers.ApiMapperTests.MappingSupportingDocument_ShouldPass_When_Other" computerName="VISHWA-KOOLLA" duration="00:00:00.0210000" startTime="2019-10-11T13:38:17.0350881-04:00" endTime="2019-10-11T13:38:17.0350881-04:00" testType="13cdc9d9-ddb5-4fa4-a97d-d965ccfc6d4b" outcome="Passed" testListId="8c84fa94-04c1-424b-9868-57a2d4851a1d" relativeResultsDirectory="7829fef8-1475-455b-8415-ccbb0db56606" />
    <UnitTestResult executionId="1581dadf-8d37-43b9-8b2f-a7b8704f470e" testId="60eedfce-4dac-df6c-7118-f54e533db263" testName="Ocas.Domestic.Apply.Api.Services.UnitTests.Validators.Models.CanadianUniversityValidatorTests.CanadianUniversityValidator_ShouldFail_WhenState_InCanadianUniversity" computerName="VISHWA-KOOLLA" duration="00:00:00.0110000" startTime="2019-10-11T13:38:16.1235307-04:00" endTime="2019-10-11T13:38:16.1235307-04:00" testType="13cdc9d9-ddb5-4fa4-a97d-d965ccfc6d4b" outcome="Passed" testListId="8c84fa94-04c1-424b-9868-57a2d4851a1d" relativeResultsDirectory="1581dadf-8d37-43b9-8b2f-a7b8704f470e" />
  </Results>
  <TestDefinitions>
    <UnitTest name="Ocas.Domestic.Apply.Api.Services.UnitTests.Validators.Models.CanadianUniversityValidatorTests.CanadianUniversityValidator_ShouldPass_WhenCanadianUniversity" storage="c:\ocasprojects\apply-api\src\apply-api\src\ocas.domestic.apply.api.services.unittests\bin\release\net461\ocas.domestic.apply.api.services.unittests.dll" id="bf0dd09d-1edb-7ed2-6a73-ee2539d47a7b">
      <Execution id="c9cc310c-91b4-4984-935d-e1d77d8e2f06" />
      <TestMethod codeBase="C:\OcasProjects\apply-api\src\apply-api\src\Ocas.Domestic.Apply.Api.Services.UnitTests\bin\Release\net461\Ocas.Domestic.Apply.Api.Services.UnitTests.dll" adapterTypeName="executor://xunit/VsTestRunner2/net" className="Ocas.Domestic.Apply.Api.Services.UnitTests" name="Ocas.Domestic.Apply.Api.Services.UnitTests.Validators.Models.CanadianUniversityValidatorTests.CanadianUniversityValidator_ShouldPass_WhenCanadianUniversity" />
    </UnitTest>
    <UnitTest name="Ocas.Domestic.Apply.Api.Services.UnitTests.Authorization.UserAuthorizationTests.CanAccessApplicantAsync_ShouldPass_When_SubjectIdMatchUpn" storage="c:\ocasprojects\apply-api\src\apply-api\src\ocas.domestic.apply.api.services.unittests\bin\release\net461\ocas.domestic.apply.api.services.unittests.dll" id="0f504120-6971-2225-937a-525678f12149">
      <Execution id="4b95e319-c822-4647-b482-9021184fb748" />
      <TestMethod codeBase="C:\OcasProjects\apply-api\src\apply-api\src\Ocas.Domestic.Apply.Api.Services.UnitTests\bin\Release\net461\Ocas.Domestic.Apply.Api.Services.UnitTests.dll" adapterTypeName="executor://xunit/VsTestRunner2/net" className="Ocas.Domestic.Apply.Api.Services.UnitTests" name="Ocas.Domestic.Apply.Api.Services.UnitTests.Authorization.UserAuthorizationTests.CanAccessApplicantAsync_ShouldPass_When_SubjectIdMatchUpn" />
    </UnitTest>
    <UnitTest name="Ocas.Domestic.Apply.Api.Services.UnitTests.Validators.Messages.GetFinancialTransactionsValidatorTests.GetFinancialTransactionsValidator_ShouldPass" storage="c:\ocasprojects\apply-api\src\apply-api\src\ocas.domestic.apply.api.services.unittests\bin\release\net461\ocas.domestic.apply.api.services.unittests.dll" id="14615820-61e2-1d28-6b38-1197a84df05f">
      <Execution id="568371ae-85ed-4f08-ba92-d1a3763f58cb" />
      <TestMethod codeBase="C:\OcasProjects\apply-api\src\apply-api\src\Ocas.Domestic.Apply.Api.Services.UnitTests\bin\Release\net461\Ocas.Domestic.Apply.Api.Services.UnitTests.dll" adapterTypeName="executor://xunit/VsTestRunner2/net" className="Ocas.Domestic.Apply.Api.Services.UnitTests" name="Ocas.Domestic.Apply.Api.Services.UnitTests.Validators.Messages.GetFinancialTransactionsValidatorTests.GetFinancialTransactionsValidator_ShouldPass" />
    </UnitTest>
    <UnitTest name="Ocas.Domestic.Apply.Api.Services.UnitTests.Mappers.ApiMapperTests.MapApplicant_ShouldPass_When_DoNotSendFlase_Then_AgreedToCaslNull" storage="c:\ocasprojects\apply-api\src\apply-api\src\ocas.domestic.apply.api.services.unittests\bin\release\net461\ocas.domestic.apply.api.services.unittests.dll" id="4e6cfe37-ec13-66ca-f2aa-a0de2e247f81">
      <Execution id="9a61bd9a-30f3-4f3d-9575-256dbfad32ee" />
      <TestMethod codeBase="C:\OcasProjects\apply-api\src\apply-api\src\Ocas.Domestic.Apply.Api.Services.UnitTests\bin\Release\net461\Ocas.Domestic.Apply.Api.Services.UnitTests.dll" adapterTypeName="executor://xunit/VsTestRunner2/net" className="Ocas.Domestic.Apply.Api.Services.UnitTests" name="Ocas.Domestic.Apply.Api.Services.UnitTests.Mappers.ApiMapperTests.MapApplicant_ShouldPass_When_DoNotSendFlase_Then_AgreedToCaslNull" />
    </UnitTest>
    <UnitTest name="Ocas.Domestic.Apply.Api.Services.UnitTests.Validators.Models.ApplicantValidatorTests.Validator_ShouldFail_When_MailingAddress_Null" storage="c:\ocasprojects\apply-api\src\apply-api\src\ocas.domestic.apply.api.services.unittests\bin\release\net461\ocas.domestic.apply.api.services.unittests.dll" id="0e4d3f08-b555-1b86-11a7-50e4fb3aaaac">
      <Execution id="94fd805d-5033-4593-9d64-2d3b408d4d75" />
      <TestMethod codeBase="C:\OcasProjects\apply-api\src\apply-api\src\Ocas.Domestic.Apply.Api.Services.UnitTests\bin\Release\net461\Ocas.Domestic.Apply.Api.Services.UnitTests.dll" adapterTypeName="executor://xunit/VsTestRunner2/net" className="Ocas.Domestic.Apply.Api.Services.UnitTests" name="Ocas.Domestic.Apply.Api.Services.UnitTests.Validators.Models.ApplicantValidatorTests.Validator_ShouldFail_When_MailingAddress_Null" />
    </UnitTest>
    <UnitTest name="Ocas.Domestic.Apply.Api.Services.UnitTests.Handlers.GetEducationsHandlerTests.GetEducationsHandler_ShouldPass" storage="c:\ocasprojects\apply-api\src\apply-api\src\ocas.domestic.apply.api.services.unittests\bin\release\net461\ocas.domestic.apply.api.services.unittests.dll" id="d3d56c63-57c5-dedf-b53b-19a285839156">
      <Execution id="7b23e9fa-b898-436e-8c7b-a5bf9063d16e" />
      <TestMethod codeBase="C:\OcasProjects\apply-api\src\apply-api\src\Ocas.Domestic.Apply.Api.Services.UnitTests\bin\Release\net461\Ocas.Domestic.Apply.Api.Services.UnitTests.dll" adapterTypeName="executor://xunit/VsTestRunner2/net" className="Ocas.Domestic.Apply.Api.Services.UnitTests" name="Ocas.Domestic.Apply.Api.Services.UnitTests.Handlers.GetEducationsHandlerTests.GetEducationsHandler_ShouldPass" />
    </UnitTest>
    <UnitTest name="Ocas.Domestic.Apply.Api.Services.UnitTests.Handlers.ReissueTranscriptRequestHandlerTests.ReissueTranscriptRequest_ShouldThrow_WhenInvalidPostSecondaryStatus" storage="c:\ocasprojects\apply-api\src\apply-api\src\ocas.domestic.apply.api.services.unittests\bin\release\net461\ocas.domestic.apply.api.services.unittests.dll" id="f8dc361c-37e3-fba5-7372-c12e646443fc">
      <Execution id="6ff1eeaa-3e68-4939-8cd5-b89f72f838d4" />
      <TestMethod codeBase="C:\OcasProjects\apply-api\src\apply-api\src\Ocas.Domestic.Apply.Api.Services.UnitTests\bin\Release\net461\Ocas.Domestic.Apply.Api.Services.UnitTests.dll" adapterTypeName="executor://xunit/VsTestRunner2/net" className="Ocas.Domestic.Apply.Api.Services.UnitTests" name="Ocas.Domestic.Apply.Api.Services.UnitTests.Handlers.ReissueTranscriptRequestHandlerTests.ReissueTranscriptRequest_ShouldThrow_WhenInvalidPostSecondaryStatus" />
    </UnitTest>
    <UnitTest name="Ocas.Domestic.Apply.Api.Services.UnitTests.Handlers.CreateTranscriptRequestHandlerTests.CreateTranscriptRequest_ShouldThrow_When_TransmissionMissing" storage="c:\ocasprojects\apply-api\src\apply-api\src\ocas.domestic.apply.api.services.unittests\bin\release\net461\ocas.domestic.apply.api.services.unittests.dll" id="c42afb23-9023-0b25-961a-281c1b38b0d8">
      <Execution id="57570beb-91e8-4feb-8d0d-a27e60e5a8e2" />
      <TestMethod codeBase="C:\OcasProjects\apply-api\src\apply-api\src\Ocas.Domestic.Apply.Api.Services.UnitTests\bin\Release\net461\Ocas.Domestic.Apply.Api.Services.UnitTests.dll" adapterTypeName="executor://xunit/VsTestRunner2/net" className="Ocas.Domestic.Apply.Api.Services.UnitTests" name="Ocas.Domestic.Apply.Api.Services.UnitTests.Handlers.CreateTranscriptRequestHandlerTests.CreateTranscriptRequest_ShouldThrow_When_TransmissionMissing" />
    </UnitTest>
    <UnitTest name="Ocas.Domestic.Apply.Api.Services.UnitTests.Behaviors.UserAuthorizationBehaviorTests.Behavior_ShouldFail_With_Unauthorized" storage="c:\ocasprojects\apply-api\src\apply-api\src\ocas.domestic.apply.api.services.unittests\bin\release\net461\ocas.domestic.apply.api.services.unittests.dll" id="0d0e9945-6d27-fc96-b21a-ecf38c751b88">
      <Execution id="a7ce4763-4b19-45ca-82a3-b5548ad44dd0" />
      <TestMethod codeBase="C:\OcasProjects\apply-api\src\apply-api\src\Ocas.Domestic.Apply.Api.Services.UnitTests\bin\Release\net461\Ocas.Domestic.Apply.Api.Services.UnitTests.dll" adapterTypeName="executor://xunit/VsTestRunner2/net" className="Ocas.Domestic.Apply.Api.Services.UnitTests" name="Ocas.Domestic.Apply.Api.Services.UnitTests.Behaviors.UserAuthorizationBehaviorTests.Behavior_ShouldFail_With_Unauthorized" />
    </UnitTest>
    <UnitTest name="Ocas.Domestic.Apply.Api.Services.UnitTests.Handlers.UpdateProgramChoicesHandlerTests.UpdateProgramChoicesHandler_ShouldUpdateBoA" storage="c:\ocasprojects\apply-api\src\apply-api\src\ocas.domestic.apply.api.services.unittests\bin\release\net461\ocas.domestic.apply.api.services.unittests.dll" id="4510ad3d-5732-98c4-ded9-7447d1db68ec">
      <Execution id="93283508-a8ae-4cb9-a710-26d1c4416a5a" />
      <TestMethod codeBase="C:\OcasProjects\apply-api\src\apply-api\src\Ocas.Domestic.Apply.Api.Services.UnitTests\bin\Release\net461\Ocas.Domestic.Apply.Api.Services.UnitTests.dll" adapterTypeName="executor://xunit/VsTestRunner2/net" className="Ocas.Domestic.Apply.Api.Services.UnitTests" name="Ocas.Domestic.Apply.Api.Services.UnitTests.Handlers.UpdateProgramChoicesHandlerTests.UpdateProgramChoicesHandler_ShouldUpdateBoA" />
    </UnitTest>
    <UnitTest name="Ocas.Domestic.Apply.Api.Services.UnitTests.Mappers.ApiMapperTests.MapOffers_ShouldPass_When_Empty" storage="c:\ocasprojects\apply-api\src\apply-api\src\ocas.domestic.apply.api.services.unittests\bin\release\net461\ocas.domestic.apply.api.services.unittests.dll" id="e41b312d-6fd8-06a7-d4d2-0e1dba457021">
      <Execution id="6fbeceb9-b950-4185-9429-fd8657878129" />
      <TestMethod codeBase="C:\OcasProjects\apply-api\src\apply-api\src\Ocas.Domestic.Apply.Api.Services.UnitTests\bin\Release\net461\Ocas.Domestic.Apply.Api.Services.UnitTests.dll" adapterTypeName="executor://xunit/VsTestRunner2/net" className="Ocas.Domestic.Apply.Api.Services.UnitTests" name="Ocas.Domestic.Apply.Api.Services.UnitTests.Mappers.ApiMapperTests.MapOffers_ShouldPass_When_Empty" />
    </UnitTest>
    <UnitTest name="Ocas.Domestic.Apply.Api.Services.UnitTests.Handlers.ReissueTranscriptRequestHandlerTests.ReissueTranscriptRequest_ShouldThrow_WhenNoEtmsTr" storage="c:\ocasprojects\apply-api\src\apply-api\src\ocas.domestic.apply.api.services.unittests\bin\release\net461\ocas.domestic.apply.api.services.unittests.dll" id="866c65ab-f909-9b42-9486-28c1f56924ec">
      <Execution id="92da1c7d-f243-4342-8c23-5dc1543abab4" />
      <TestMethod codeBase="C:\OcasProjects\apply-api\src\apply-api\src\Ocas.Domestic.Apply.Api.Services.UnitTests\bin\Release\net461\Ocas.Domestic.Apply.Api.Services.UnitTests.dll" adapterTypeName="executor://xunit/VsTestRunner2/net" className="Ocas.Domestic.Apply.Api.Services.UnitTests" name="Ocas.Domestic.Apply.Api.Services.UnitTests.Handlers.ReissueTranscriptRequestHandlerTests.ReissueTranscriptRequest_ShouldThrow_WhenNoEtmsTr" />
    </UnitTest>
    <UnitTest name="Ocas.Domestic.Apply.Api.Services.UnitTests.Validators.Models.AcademicUpgradingValidatorTests.AcademicUpgradingValidator_ShouldFail_WhenNotCollege_InAcademicUpgrading" storage="c:\ocasprojects\apply-api\src\apply-api\src\ocas.domestic.apply.api.services.unittests\bin\release\net461\ocas.domestic.apply.api.services.unittests.dll" id="3818586c-27b7-4fff-f0ef-c8fbeac54bf0">
      <Execution id="f0e35849-8475-4ada-8948-d2ec9f0f563d" />
      <TestMethod codeBase="C:\OcasProjects\apply-api\src\apply-api\src\Ocas.Domestic.Apply.Api.Services.UnitTests\bin\Release\net461\Ocas.Domestic.Apply.Api.Services.UnitTests.dll" adapterTypeName="executor://xunit/VsTestRunner2/net" className="Ocas.Domestic.Apply.Api.Services.UnitTests" name="Ocas.Domestic.Apply.Api.Services.UnitTests.Validators.Models.AcademicUpgradingValidatorTests.AcademicUpgradingValidator_ShouldFail_WhenNotCollege_InAcademicUpgrading" />
    </UnitTest>
    <UnitTest name="Ocas.Domestic.Apply.Api.Services.UnitTests.Validators.Models.ApplicantValidatorTests.Validator_ShouldFail_When_ArrivalDate_Canadian_Invalid_Format" storage="c:\ocasprojects\apply-api\src\apply-api\src\ocas.domestic.apply.api.services.unittests\bin\release\net461\ocas.domestic.apply.api.services.unittests.dll" id="cb53f498-e559-1dae-766e-d73230102f51">
      <Execution id="f6018cae-cf1a-4178-9126-8a7f7ff94aa6" />
      <TestMethod codeBase="C:\OcasProjects\apply-api\src\apply-api\src\Ocas.Domestic.Apply.Api.Services.UnitTests\bin\Release\net461\Ocas.Domestic.Apply.Api.Services.UnitTests.dll" adapterTypeName="executor://xunit/VsTestRunner2/net" className="Ocas.Domestic.Apply.Api.Services.UnitTests" name="Ocas.Domestic.Apply.Api.Services.UnitTests.Validators.Models.ApplicantValidatorTests.Validator_ShouldFail_When_ArrivalDate_Canadian_Invalid_Format" />
    </UnitTest>
    <UnitTest name="Ocas.Domestic.Apply.Api.Services.UnitTests.Handlers.DeleteTranscriptRequestHandlerTests.DeleteTranscriptRequest_ShouldThrow_When_RequestNotFound" storage="c:\ocasprojects\apply-api\src\apply-api\src\ocas.domestic.apply.api.services.unittests\bin\release\net461\ocas.domestic.apply.api.services.unittests.dll" id="3f643de6-ec53-7b8e-23a5-1a241826b49a">
      <Execution id="8f1f5d46-a8dc-459d-bbaa-b7eaaf39d604" />
      <TestMethod codeBase="C:\OcasProjects\apply-api\src\apply-api\src\Ocas.Domestic.Apply.Api.Services.UnitTests\bin\Release\net461\Ocas.Domestic.Apply.Api.Services.UnitTests.dll" adapterTypeName="executor://xunit/VsTestRunner2/net" className="Ocas.Domestic.Apply.Api.Services.UnitTests" name="Ocas.Domestic.Apply.Api.Services.UnitTests.Handlers.DeleteTranscriptRequestHandlerTests.DeleteTranscriptRequest_ShouldThrow_When_RequestNotFound" />
    </UnitTest>
    <UnitTest name="Ocas.Domestic.Apply.Api.Services.UnitTests.Validators.ApplicantCreateValidatorTests.Validator_ShouldFail_With_Email_Invalid" storage="c:\ocasprojects\apply-api\src\apply-api\src\ocas.domestic.apply.api.services.unittests\bin\release\net461\ocas.domestic.apply.api.services.unittests.dll" id="961b1589-0e32-37cf-b0de-98595f24b9eb">
      <Execution id="59ac269b-e464-4853-afb6-8256809487a4" />
      <TestMethod codeBase="C:\OcasProjects\apply-api\src\apply-api\src\Ocas.Domestic.Apply.Api.Services.UnitTests\bin\Release\net461\Ocas.Domestic.Apply.Api.Services.UnitTests.dll" adapterTypeName="executor://xunit/VsTestRunner2/net" className="Ocas.Domestic.Apply.Api.Services.UnitTests" name="Ocas.Domestic.Apply.Api.Services.UnitTests.Validators.ApplicantCreateValidatorTests.Validator_ShouldFail_With_Email_Invalid" />
    </UnitTest>
    <UnitTest name="Ocas.Domestic.Apply.Api.Services.UnitTests.Handlers.CreateApplicantBaseHandlerTests.CreateApplicantBaseHandler_ShouldThrow_When_ContactExists" storage="c:\ocasprojects\apply-api\src\apply-api\src\ocas.domestic.apply.api.services.unittests\bin\release\net461\ocas.domestic.apply.api.services.unittests.dll" id="29ae10b8-fff9-d1f2-15bf-62c8745aaa4b">
      <Execution id="c9181bd5-aed8-4b55-a257-8b8c5a8d6084" />
      <TestMethod codeBase="C:\OcasProjects\apply-api\src\apply-api\src\Ocas.Domestic.Apply.Api.Services.UnitTests\bin\Release\net461\Ocas.Domestic.Apply.Api.Services.UnitTests.dll" adapterTypeName="executor://xunit/VsTestRunner2/net" className="Ocas.Domestic.Apply.Api.Services.UnitTests" name="Ocas.Domestic.Apply.Api.Services.UnitTests.Handlers.CreateApplicantBaseHandlerTests.CreateApplicantBaseHandler_ShouldThrow_When_ContactExists" />
    </UnitTest>
    <UnitTest name="Ocas.Domestic.Apply.Api.Services.UnitTests.Handlers.CreateApplicantBaseHandlerTests.CreateApplicantBaseHandler_ShouldPass" storage="c:\ocasprojects\apply-api\src\apply-api\src\ocas.domestic.apply.api.services.unittests\bin\release\net461\ocas.domestic.apply.api.services.unittests.dll" id="b5a034b7-40a5-bf41-75ef-0f07af46082b">
      <Execution id="b702861f-cec4-4104-a933-8edc6a404ff6" />
      <TestMethod codeBase="C:\OcasProjects\apply-api\src\apply-api\src\Ocas.Domestic.Apply.Api.Services.UnitTests\bin\Release\net461\Ocas.Domestic.Apply.Api.Services.UnitTests.dll" adapterTypeName="executor://xunit/VsTestRunner2/net" className="Ocas.Domestic.Apply.Api.Services.UnitTests" name="Ocas.Domestic.Apply.Api.Services.UnitTests.Handlers.CreateApplicantBaseHandlerTests.CreateApplicantBaseHandler_ShouldPass" />
    </UnitTest>
    <UnitTest name="Ocas.Domestic.Apply.Api.Services.UnitTests.Validators.Messages.UpdateEducationStatusValidatorTests.Validator_ShouldPass_WhenEnrolled" storage="c:\ocasprojects\apply-api\src\apply-api\src\ocas.domestic.apply.api.services.unittests\bin\release\net461\ocas.domestic.apply.api.services.unittests.dll" id="681a8b18-4350-04de-9c97-de05466ebfa9">
      <Execution id="3e388ea7-3eb6-4ae3-bc55-0427e094e383" />
      <TestMethod codeBase="C:\OcasProjects\apply-api\src\apply-api\src\Ocas.Domestic.Apply.Api.Services.UnitTests\bin\Release\net461\Ocas.Domestic.Apply.Api.Services.UnitTests.dll" adapterTypeName="executor://xunit/VsTestRunner2/net" className="Ocas.Domestic.Apply.Api.Services.UnitTests" name="Ocas.Domestic.Apply.Api.Services.UnitTests.Validators.Messages.UpdateEducationStatusValidatorTests.Validator_ShouldPass_WhenEnrolled" />
    </UnitTest>
    <UnitTest name="Ocas.Domestic.Apply.Api.Services.UnitTests.Extensions.LookupsCacheExtensionsTests.GetSourcePartnerId_ShouldPass_When_ReferralPartner_NotAllowedCba" storage="c:\ocasprojects\apply-api\src\apply-api\src\ocas.domestic.apply.api.services.unittests\bin\release\net461\ocas.domestic.apply.api.services.unittests.dll" id="e624c592-f4db-a712-a16e-fc67e4b57afe">
      <Execution id="0cf4361d-76b7-4913-a0b3-493f5979819a" />
      <TestMethod codeBase="C:\OcasProjects\apply-api\src\apply-api\src\Ocas.Domestic.Apply.Api.Services.UnitTests\bin\Release\net461\Ocas.Domestic.Apply.Api.Services.UnitTests.dll" adapterTypeName="executor://xunit/VsTestRunner2/net" className="Ocas.Domestic.Apply.Api.Services.UnitTests" name="Ocas.Domestic.Apply.Api.Services.UnitTests.Extensions.LookupsCacheExtensionsTests.GetSourcePartnerId_ShouldPass_When_ReferralPartner_NotAllowedCba" />
    </UnitTest>
    <UnitTest name="Ocas.Domestic.Apply.Api.Services.UnitTests.Mappers.DtoMapperTests.PatchEducation_Should_Patch_CanadianHighSchool" storage="c:\ocasprojects\apply-api\src\apply-api\src\ocas.domestic.apply.api.services.unittests\bin\release\net461\ocas.domestic.apply.api.services.unittests.dll" id="18fd0d8a-c998-a579-f0e4-bca24dc32b97">
      <Execution id="2bf2d04a-3915-48c0-9df8-b35d091f180a" />
      <TestMethod codeBase="C:\OcasProjects\apply-api\src\apply-api\src\Ocas.Domestic.Apply.Api.Services.UnitTests\bin\Release\net461\Ocas.Domestic.Apply.Api.Services.UnitTests.dll" adapterTypeName="executor://xunit/VsTestRunner2/net" className="Ocas.Domestic.Apply.Api.Services.UnitTests" name="Ocas.Domestic.Apply.Api.Services.UnitTests.Mappers.DtoMapperTests.PatchEducation_Should_Patch_CanadianHighSchool" />
    </UnitTest>
    <UnitTest name="Ocas.Domestic.Apply.Api.Services.UnitTests.Behaviors.UserAuthorizationBehaviorTests.Behavior_ShouldPass_With_Authorized" storage="c:\ocasprojects\apply-api\src\apply-api\src\ocas.domestic.apply.api.services.unittests\bin\release\net461\ocas.domestic.apply.api.services.unittests.dll" id="9ba14096-4049-fb4c-9e6a-42a86aaff897">
      <Execution id="f3ff63a2-5416-4be2-9d04-af5233c05c0c" />
      <TestMethod codeBase="C:\OcasProjects\apply-api\src\apply-api\src\Ocas.Domestic.Apply.Api.Services.UnitTests\bin\Release\net461\Ocas.Domestic.Apply.Api.Services.UnitTests.dll" adapterTypeName="executor://xunit/VsTestRunner2/net" className="Ocas.Domestic.Apply.Api.Services.UnitTests" name="Ocas.Domestic.Apply.Api.Services.UnitTests.Behaviors.UserAuthorizationBehaviorTests.Behavior_ShouldPass_With_Authorized" />
    </UnitTest>
    <UnitTest name="Ocas.Domestic.Apply.Api.Services.UnitTests.Handlers.UpdateEducationHandlerTests.UpdateEducation_ShouldThrow_When_TranscriptRequests_Then_InstituteNameMismatch" storage="c:\ocasprojects\apply-api\src\apply-api\src\ocas.domestic.apply.api.services.unittests\bin\release\net461\ocas.domestic.apply.api.services.unittests.dll" id="d12b49a7-ceb2-6aab-f900-a16edd174151">
      <Execution id="4da83271-1cb1-4352-90ac-399d6db0aa08" />
      <TestMethod codeBase="C:\OcasProjects\apply-api\src\apply-api\src\Ocas.Domestic.Apply.Api.Services.UnitTests\bin\Release\net461\Ocas.Domestic.Apply.Api.Services.UnitTests.dll" adapterTypeName="executor://xunit/VsTestRunner2/net" className="Ocas.Domestic.Apply.Api.Services.UnitTests" name="Ocas.Domestic.Apply.Api.Services.UnitTests.Handlers.UpdateEducationHandlerTests.UpdateEducation_ShouldThrow_When_TranscriptRequests_Then_InstituteNameMismatch" />
    </UnitTest>
    <UnitTest name="Ocas.Domestic.Apply.Api.Services.UnitTests.Validators.Messages.UpdateEducationStatusValidatorTests.Validator_ShouldPass_WhenNotEnrolled" storage="c:\ocasprojects\apply-api\src\apply-api\src\ocas.domestic.apply.api.services.unittests\bin\release\net461\ocas.domestic.apply.api.services.unittests.dll" id="453349cb-7974-0c33-5aa0-7415a14e021c">
      <Execution id="6bdf185d-e762-40ed-83ba-a27bb8161ae0" />
      <TestMethod codeBase="C:\OcasProjects\apply-api\src\apply-api\src\Ocas.Domestic.Apply.Api.Services.UnitTests\bin\Release\net461\Ocas.Domestic.Apply.Api.Services.UnitTests.dll" adapterTypeName="executor://xunit/VsTestRunner2/net" className="Ocas.Domestic.Apply.Api.Services.UnitTests" name="Ocas.Domestic.Apply.Api.Services.UnitTests.Validators.Messages.UpdateEducationStatusValidatorTests.Validator_ShouldPass_WhenNotEnrolled" />
    </UnitTest>
    <UnitTest name="Ocas.Domestic.Apply.Api.Services.UnitTests.Validators.Models.IntlCredentialAssessmentValidatorTests.Validator_ShouldThrow_When_Reference_TooShort" storage="c:\ocasprojects\apply-api\src\apply-api\src\ocas.domestic.apply.api.services.unittests\bin\release\net461\ocas.domestic.apply.api.services.unittests.dll" id="10605f6e-bd9b-8b39-628a-b70e9d555c65">
      <Execution id="44583867-b807-4d87-bd0c-db0816d281ef" />
      <TestMethod codeBase="C:\OcasProjects\apply-api\src\apply-api\src\Ocas.Domestic.Apply.Api.Services.UnitTests\bin\Release\net461\Ocas.Domestic.Apply.Api.Services.UnitTests.dll" adapterTypeName="executor://xunit/VsTestRunner2/net" className="Ocas.Domestic.Apply.Api.Services.UnitTests" name="Ocas.Domestic.Apply.Api.Services.UnitTests.Validators.Models.IntlCredentialAssessmentValidatorTests.Validator_ShouldThrow_When_Reference_TooShort" />
    </UnitTest>
    <UnitTest name="Ocas.Domestic.Apply.Api.Services.UnitTests.Handlers.RemoveEducationHandlerTests.RemoveEducationHandler_ShouldThrow_When_RequestHasNoApplicant" storage="c:\ocasprojects\apply-api\src\apply-api\src\ocas.domestic.apply.api.services.unittests\bin\release\net461\ocas.domestic.apply.api.services.unittests.dll" id="c7c5f14b-a754-b266-d4f4-751978c72a20">
      <Execution id="17102e70-61dd-4d88-adb6-f5cb559ea530" />
      <TestMethod codeBase="C:\OcasProjects\apply-api\src\apply-api\src\Ocas.Domestic.Apply.Api.Services.UnitTests\bin\Release\net461\Ocas.Domestic.Apply.Api.Services.UnitTests.dll" adapterTypeName="executor://xunit/VsTestRunner2/net" className="Ocas.Domestic.Apply.Api.Services.UnitTests" name="Ocas.Domestic.Apply.Api.Services.UnitTests.Handlers.RemoveEducationHandlerTests.RemoveEducationHandler_ShouldThrow_When_RequestHasNoApplicant" />
    </UnitTest>
    <UnitTest name="Ocas.Domestic.Apply.Api.Services.UnitTests.Validators.Models.CanadianCollegeValidatorTests.CanadianCollegeValidator_ShouldFail_WhenOtherCredential_InCanadianCollege" storage="c:\ocasprojects\apply-api\src\apply-api\src\ocas.domestic.apply.api.services.unittests\bin\release\net461\ocas.domestic.apply.api.services.unittests.dll" id="d9793e56-385f-d395-4cb5-3008602e5cc5">
      <Execution id="f21187db-ffdf-454a-ad13-cf88a364a65a" />
      <TestMethod codeBase="C:\OcasProjects\apply-api\src\apply-api\src\Ocas.Domestic.Apply.Api.Services.UnitTests\bin\Release\net461\Ocas.Domestic.Apply.Api.Services.UnitTests.dll" adapterTypeName="executor://xunit/VsTestRunner2/net" className="Ocas.Domestic.Apply.Api.Services.UnitTests" name="Ocas.Domestic.Apply.Api.Services.UnitTests.Validators.Models.CanadianCollegeValidatorTests.CanadianCollegeValidator_ShouldFail_WhenOtherCredential_InCanadianCollege" />
    </UnitTest>
    <UnitTest name="Ocas.Domestic.Apply.Api.Services.UnitTests.Validators.ApplicantCreateValidatorTests.Validator_ShouldFail_With_FirstName_Regex" storage="c:\ocasprojects\apply-api\src\apply-api\src\ocas.domestic.apply.api.services.unittests\bin\release\net461\ocas.domestic.apply.api.services.unittests.dll" id="01ed7aa2-efcc-556f-8a98-89fdf9cf4713">
      <Execution id="57c17744-c0bc-4445-966c-b518b905bce9" />
      <TestMethod codeBase="C:\OcasProjects\apply-api\src\apply-api\src\Ocas.Domestic.Apply.Api.Services.UnitTests\bin\Release\net461\Ocas.Domestic.Apply.Api.Services.UnitTests.dll" adapterTypeName="executor://xunit/VsTestRunner2/net" className="Ocas.Domestic.Apply.Api.Services.UnitTests" name="Ocas.Domestic.Apply.Api.Services.UnitTests.Validators.ApplicantCreateValidatorTests.Validator_ShouldFail_With_FirstName_Regex" />
    </UnitTest>
    <UnitTest name="Ocas.Domestic.Apply.Api.Services.UnitTests.Handlers.UpdateProgramChoicesHandlerTests.UpdateProgramChoicesHandler_ShouldThrow_When_IntakeStatusCancelled" storage="c:\ocasprojects\apply-api\src\apply-api\src\ocas.domestic.apply.api.services.unittests\bin\release\net461\ocas.domestic.apply.api.services.unittests.dll" id="5e0f39e9-dc9f-8350-54b3-42d23b86b319">
      <Execution id="f80c968e-d57c-4e95-950a-3400c2a045a9" />
      <TestMethod codeBase="C:\OcasProjects\apply-api\src\apply-api\src\Ocas.Domestic.Apply.Api.Services.UnitTests\bin\Release\net461\Ocas.Domestic.Apply.Api.Services.UnitTests.dll" adapterTypeName="executor://xunit/VsTestRunner2/net" className="Ocas.Domestic.Apply.Api.Services.UnitTests" name="Ocas.Domestic.Apply.Api.Services.UnitTests.Handlers.UpdateProgramChoicesHandlerTests.UpdateProgramChoicesHandler_ShouldThrow_When_IntakeStatusCancelled" />
    </UnitTest>
    <UnitTest name="Ocas.Domestic.Apply.Api.Services.UnitTests.Validators.Models.CanadianHighSchoolValidatorTests.Validator_ShouldFail_WhenInvalidProvince_InCanadian" storage="c:\ocasprojects\apply-api\src\apply-api\src\ocas.domestic.apply.api.services.unittests\bin\release\net461\ocas.domestic.apply.api.services.unittests.dll" id="44d9271e-bf63-61c2-5a06-f96b3e99bfbb">
      <Execution id="ea3846d0-051d-4e43-9814-e15fc1c602f7" />
      <TestMethod codeBase="C:\OcasProjects\apply-api\src\apply-api\src\Ocas.Domestic.Apply.Api.Services.UnitTests\bin\Release\net461\Ocas.Domestic.Apply.Api.Services.UnitTests.dll" adapterTypeName="executor://xunit/VsTestRunner2/net" className="Ocas.Domestic.Apply.Api.Services.UnitTests" name="Ocas.Domestic.Apply.Api.Services.UnitTests.Validators.Models.CanadianHighSchoolValidatorTests.Validator_ShouldFail_WhenInvalidProvince_InCanadian" />
    </UnitTest>
    <UnitTest name="Ocas.Domestic.Apply.Api.Services.UnitTests.Mappers.ApiMapperTests.MapOrderDetail_ShouldPass_When_Voucher" storage="c:\ocasprojects\apply-api\src\apply-api\src\ocas.domestic.apply.api.services.unittests\bin\release\net461\ocas.domestic.apply.api.services.unittests.dll" id="57270b82-1f75-e568-e0ee-16607e2ff79c">
      <Execution id="7db8c586-03bd-463e-9a86-9cfdbf50c7f8" />
      <TestMethod codeBase="C:\OcasProjects\apply-api\src\apply-api\src\Ocas.Domestic.Apply.Api.Services.UnitTests\bin\Release\net461\Ocas.Domestic.Apply.Api.Services.UnitTests.dll" adapterTypeName="executor://xunit/VsTestRunner2/net" className="Ocas.Domestic.Apply.Api.Services.UnitTests" name="Ocas.Domestic.Apply.Api.Services.UnitTests.Mappers.ApiMapperTests.MapOrderDetail_ShouldPass_When_Voucher" />
    </UnitTest>
    <UnitTest name="Ocas.Domestic.Apply.Api.Services.UnitTests.Handlers.ReissueTranscriptRequestHandlerTests.ReissueTranscriptRequest_ShouldThrow_WhenNoEtmsProcess" storage="c:\ocasprojects\apply-api\src\apply-api\src\ocas.domestic.apply.api.services.unittests\bin\release\net461\ocas.domestic.apply.api.services.unittests.dll" id="c7e53443-a17e-78d4-8ad1-c1f448f5407e">
      <Execution id="13554669-f8d1-4aef-a7d5-e315516fa567" />
      <TestMethod codeBase="C:\OcasProjects\apply-api\src\apply-api\src\Ocas.Domestic.Apply.Api.Services.UnitTests\bin\Release\net461\Ocas.Domestic.Apply.Api.Services.UnitTests.dll" adapterTypeName="executor://xunit/VsTestRunner2/net" className="Ocas.Domestic.Apply.Api.Services.UnitTests" name="Ocas.Domestic.Apply.Api.Services.UnitTests.Handlers.ReissueTranscriptRequestHandlerTests.ReissueTranscriptRequest_ShouldThrow_WhenNoEtmsProcess" />
    </UnitTest>
    <UnitTest name="Ocas.Domestic.Apply.Api.Services.UnitTests.Handlers.CreateTranscriptRequestHandlerTests.CreateTranscriptRequest_ShouldThrow_When_UniversityRequest_NotEtms" storage="c:\ocasprojects\apply-api\src\apply-api\src\ocas.domestic.apply.api.services.unittests\bin\release\net461\ocas.domestic.apply.api.services.unittests.dll" id="23e92475-446b-5356-43b8-87e7125a2de3">
      <Execution id="039a4adc-573b-4526-8f73-134903766ed1" />
      <TestMethod codeBase="C:\OcasProjects\apply-api\src\apply-api\src\Ocas.Domestic.Apply.Api.Services.UnitTests\bin\Release\net461\Ocas.Domestic.Apply.Api.Services.UnitTests.dll" adapterTypeName="executor://xunit/VsTestRunner2/net" className="Ocas.Domestic.Apply.Api.Services.UnitTests" name="Ocas.Domestic.Apply.Api.Services.UnitTests.Handlers.CreateTranscriptRequestHandlerTests.CreateTranscriptRequest_ShouldThrow_When_UniversityRequest_NotEtms" />
    </UnitTest>
    <UnitTest name="Ocas.Domestic.Apply.Api.Services.UnitTests.Mappers.DtoMapperTests.PatchEducation_Should_Patch_CanadianHighSchool_WhenNotCurrentlyAttending" storage="c:\ocasprojects\apply-api\src\apply-api\src\ocas.domestic.apply.api.services.unittests\bin\release\net461\ocas.domestic.apply.api.services.unittests.dll" id="854b2eac-a89c-3456-6ba1-f3f458e5ca13">
      <Execution id="cf8ce01a-e059-4533-9d4c-d7c643dded68" />
      <TestMethod codeBase="C:\OcasProjects\apply-api\src\apply-api\src\Ocas.Domestic.Apply.Api.Services.UnitTests\bin\Release\net461\Ocas.Domestic.Apply.Api.Services.UnitTests.dll" adapterTypeName="executor://xunit/VsTestRunner2/net" className="Ocas.Domestic.Apply.Api.Services.UnitTests" name="Ocas.Domestic.Apply.Api.Services.UnitTests.Mappers.DtoMapperTests.PatchEducation_Should_Patch_CanadianHighSchool_WhenNotCurrentlyAttending" />
    </UnitTest>
    <UnitTest name="Ocas.Domestic.Apply.Api.Services.UnitTests.Handlers.DeclineAllOffersHandlerTests.DeclineAllOffers_ShouldThrow_WhenExpired" storage="c:\ocasprojects\apply-api\src\apply-api\src\ocas.domestic.apply.api.services.unittests\bin\release\net461\ocas.domestic.apply.api.services.unittests.dll" id="4d135868-8fbc-53c5-29d5-190e63926275">
      <Execution id="8094eaab-aeb6-45e3-a674-38aa15b02154" />
      <TestMethod codeBase="C:\OcasProjects\apply-api\src\apply-api\src\Ocas.Domestic.Apply.Api.Services.UnitTests\bin\Release\net461\Ocas.Domestic.Apply.Api.Services.UnitTests.dll" adapterTypeName="executor://xunit/VsTestRunner2/net" className="Ocas.Domestic.Apply.Api.Services.UnitTests" name="Ocas.Domestic.Apply.Api.Services.UnitTests.Handlers.DeclineAllOffersHandlerTests.DeclineAllOffers_ShouldThrow_WhenExpired" />
    </UnitTest>
    <UnitTest name="Ocas.Domestic.Apply.Api.Services.UnitTests.Validators.Models.ApplicantValidatorTests.Validator_ShouldPass_When_Title_Empty" storage="c:\ocasprojects\apply-api\src\apply-api\src\ocas.domestic.apply.api.services.unittests\bin\release\net461\ocas.domestic.apply.api.services.unittests.dll" id="d95d823b-88bf-773c-01b8-265c84d5ee9e">
      <Execution id="efc5a90c-8923-4767-b750-95bad16d26e0" />
      <TestMethod codeBase="C:\OcasProjects\apply-api\src\apply-api\src\Ocas.Domestic.Apply.Api.Services.UnitTests\bin\Release\net461\Ocas.Domestic.Apply.Api.Services.UnitTests.dll" adapterTypeName="executor://xunit/VsTestRunner2/net" className="Ocas.Domestic.Apply.Api.Services.UnitTests" name="Ocas.Domestic.Apply.Api.Services.UnitTests.Validators.Models.ApplicantValidatorTests.Validator_ShouldPass_When_Title_Empty" />
    </UnitTest>
    <UnitTest name="Ocas.Domestic.Apply.Api.Services.UnitTests.Mappers.ApiMapperTests.MapTranscriptTransmissions_ShouldPass_When_College" storage="c:\ocasprojects\apply-api\src\apply-api\src\ocas.domestic.apply.api.services.unittests\bin\release\net461\ocas.domestic.apply.api.services.unittests.dll" id="b23f2f29-618e-bd9c-59bd-5e39b42e98e8">
      <Execution id="67688477-592f-4d07-8bbe-74730dce0aa4" />
      <TestMethod codeBase="C:\OcasProjects\apply-api\src\apply-api\src\Ocas.Domestic.Apply.Api.Services.UnitTests\bin\Release\net461\Ocas.Domestic.Apply.Api.Services.UnitTests.dll" adapterTypeName="executor://xunit/VsTestRunner2/net" className="Ocas.Domestic.Apply.Api.Services.UnitTests" name="Ocas.Domestic.Apply.Api.Services.UnitTests.Mappers.ApiMapperTests.MapTranscriptTransmissions_ShouldPass_When_College" />
    </UnitTest>
    <UnitTest name="Ocas.Domestic.Apply.Api.Services.UnitTests.Handlers.RemoveEducationHandlerTests.RemoveEducationHandler_ShouldThrow_When_HasTranscripts" storage="c:\ocasprojects\apply-api\src\apply-api\src\ocas.domestic.apply.api.services.unittests\bin\release\net461\ocas.domestic.apply.api.services.unittests.dll" id="45666dff-8aa4-10ed-7671-f6ebf79cb9e4">
      <Execution id="0957a010-d1c6-4b0c-ab7c-ddd4e5dffdd6" />
      <TestMethod codeBase="C:\OcasProjects\apply-api\src\apply-api\src\Ocas.Domestic.Apply.Api.Services.UnitTests\bin\Release\net461\Ocas.Domestic.Apply.Api.Services.UnitTests.dll" adapterTypeName="executor://xunit/VsTestRunner2/net" className="Ocas.Domestic.Apply.Api.Services.UnitTests" name="Ocas.Domestic.Apply.Api.Services.UnitTests.Handlers.RemoveEducationHandlerTests.RemoveEducationHandler_ShouldThrow_When_HasTranscripts" />
    </UnitTest>
    <UnitTest name="Ocas.Domestic.Apply.Api.Services.UnitTests.Validators.Models.ApplicantValidatorTests.Validator_ShouldFail_When_Canada_Phone_Invalid" storage="c:\ocasprojects\apply-api\src\apply-api\src\ocas.domestic.apply.api.services.unittests\bin\release\net461\ocas.domestic.apply.api.services.unittests.dll" id="6d27b183-3342-2873-2ba3-35a3dc758f05">
      <Execution id="d9ee7d2d-ea19-4fc0-927b-f5a0bbd83728" />
      <TestMethod codeBase="C:\OcasProjects\apply-api\src\apply-api\src\Ocas.Domestic.Apply.Api.Services.UnitTests\bin\Release\net461\Ocas.Domestic.Apply.Api.Services.UnitTests.dll" adapterTypeName="executor://xunit/VsTestRunner2/net" className="Ocas.Domestic.Apply.Api.Services.UnitTests" name="Ocas.Domestic.Apply.Api.Services.UnitTests.Validators.Models.ApplicantValidatorTests.Validator_ShouldFail_When_Canada_Phone_Invalid" />
    </UnitTest>
    <UnitTest name="Ocas.Domestic.Apply.Api.Services.UnitTests.Validators.ApplicantCreateValidatorTests.Validator_ShouldFail_With_FirstName_Empty" storage="c:\ocasprojects\apply-api\src\apply-api\src\ocas.domestic.apply.api.services.unittests\bin\release\net461\ocas.domestic.apply.api.services.unittests.dll" id="a4bb8238-40e5-afc2-1bcb-4a7cf901d41c">
      <Execution id="2dad38ad-303c-4469-bb88-f6c1418a737a" />
      <TestMethod codeBase="C:\OcasProjects\apply-api\src\apply-api\src\Ocas.Domestic.Apply.Api.Services.UnitTests\bin\Release\net461\Ocas.Domestic.Apply.Api.Services.UnitTests.dll" adapterTypeName="executor://xunit/VsTestRunner2/net" className="Ocas.Domestic.Apply.Api.Services.UnitTests" name="Ocas.Domestic.Apply.Api.Services.UnitTests.Validators.ApplicantCreateValidatorTests.Validator_ShouldFail_With_FirstName_Empty" />
    </UnitTest>
    <UnitTest name="Ocas.Domestic.Apply.Api.Services.UnitTests.Mappers.ApiMapperTests.MapTranscriptTransmissions_ShouldPass_When_SendNow" storage="c:\ocasprojects\apply-api\src\apply-api\src\ocas.domestic.apply.api.services.unittests\bin\release\net461\ocas.domestic.apply.api.services.unittests.dll" id="4c696477-53b3-8c40-008b-2700e1c9cac3">
      <Execution id="7528b19c-ca04-4029-8e0a-a453977a851e" />
      <TestMethod codeBase="C:\OcasProjects\apply-api\src\apply-api\src\Ocas.Domestic.Apply.Api.Services.UnitTests\bin\Release\net461\Ocas.Domestic.Apply.Api.Services.UnitTests.dll" adapterTypeName="executor://xunit/VsTestRunner2/net" className="Ocas.Domestic.Apply.Api.Services.UnitTests" name="Ocas.Domestic.Apply.Api.Services.UnitTests.Mappers.ApiMapperTests.MapTranscriptTransmissions_ShouldPass_When_SendNow" />
    </UnitTest>
    <UnitTest name="Ocas.Domestic.Apply.Api.Services.UnitTests.Validators.Models.ApplicantValidatorTests.Validator_ShouldFail_When_Title_Invalid" storage="c:\ocasprojects\apply-api\src\apply-api\src\ocas.domestic.apply.api.services.unittests\bin\release\net461\ocas.domestic.apply.api.services.unittests.dll" id="9be8cd01-31b4-b857-eaaa-2f2734211524">
      <Execution id="eb059536-5299-47fe-b65d-ea64336f035b" />
      <TestMethod codeBase="C:\OcasProjects\apply-api\src\apply-api\src\Ocas.Domestic.Apply.Api.Services.UnitTests\bin\Release\net461\Ocas.Domestic.Apply.Api.Services.UnitTests.dll" adapterTypeName="executor://xunit/VsTestRunner2/net" className="Ocas.Domestic.Apply.Api.Services.UnitTests" name="Ocas.Domestic.Apply.Api.Services.UnitTests.Validators.Models.ApplicantValidatorTests.Validator_ShouldFail_When_Title_Invalid" />
    </UnitTest>
    <UnitTest name="Ocas.Domestic.Apply.Api.Services.UnitTests.Handlers.GetEducationsHandlerTests.GetEducationsHandler_ShouldPass_When_Empty" storage="c:\ocasprojects\apply-api\src\apply-api\src\ocas.domestic.apply.api.services.unittests\bin\release\net461\ocas.domestic.apply.api.services.unittests.dll" id="58e4b85c-31c4-85b2-ecd4-2936696c291f">
      <Execution id="aaca90d4-dc0e-41c8-b6b0-63549613e65b" />
      <TestMethod codeBase="C:\OcasProjects\apply-api\src\apply-api\src\Ocas.Domestic.Apply.Api.Services.UnitTests\bin\Release\net461\Ocas.Domestic.Apply.Api.Services.UnitTests.dll" adapterTypeName="executor://xunit/VsTestRunner2/net" className="Ocas.Domestic.Apply.Api.Services.UnitTests" name="Ocas.Domestic.Apply.Api.Services.UnitTests.Handlers.GetEducationsHandlerTests.GetEducationsHandler_ShouldPass_When_Empty" />
    </UnitTest>
    <UnitTest name="Ocas.Domestic.Apply.Api.Services.UnitTests.Handlers.UpdateProgramChoicesHandlerTests.UpdateProgramChoicesHandler_ShouldThrow_When_ApplicationCycleNotFound" storage="c:\ocasprojects\apply-api\src\apply-api\src\ocas.domestic.apply.api.services.unittests\bin\release\net461\ocas.domestic.apply.api.services.unittests.dll" id="5c5a453c-8917-fdce-80d6-ce41b9c8a082">
      <Execution id="aca3944e-fd46-4d0f-b7a7-16791957423e" />
      <TestMethod codeBase="C:\OcasProjects\apply-api\src\apply-api\src\Ocas.Domestic.Apply.Api.Services.UnitTests\bin\Release\net461\Ocas.Domestic.Apply.Api.Services.UnitTests.dll" adapterTypeName="executor://xunit/VsTestRunner2/net" className="Ocas.Domestic.Apply.Api.Services.UnitTests" name="Ocas.Domestic.Apply.Api.Services.UnitTests.Handlers.UpdateProgramChoicesHandlerTests.UpdateProgramChoicesHandler_ShouldThrow_When_ApplicationCycleNotFound" />
    </UnitTest>
    <UnitTest name="Ocas.Domestic.Apply.Api.Services.UnitTests.Authorization.UserAuthorizationTests.CanAccessApplicantAsync_ShouldPass_When_SubjectIdMatchSub" storage="c:\ocasprojects\apply-api\src\apply-api\src\ocas.domestic.apply.api.services.unittests\bin\release\net461\ocas.domestic.apply.api.services.unittests.dll" id="408be925-b9ee-caaa-e838-d322225d752e">
      <Execution id="f60ac00a-b3d4-4c04-95d9-e56cb6b47d99" />
      <TestMethod codeBase="C:\OcasProjects\apply-api\src\apply-api\src\Ocas.Domestic.Apply.Api.Services.UnitTests\bin\Release\net461\Ocas.Domestic.Apply.Api.Services.UnitTests.dll" adapterTypeName="executor://xunit/VsTestRunner2/net" className="Ocas.Domestic.Apply.Api.Services.UnitTests" name="Ocas.Domestic.Apply.Api.Services.UnitTests.Authorization.UserAuthorizationTests.CanAccessApplicantAsync_ShouldPass_When_SubjectIdMatchSub" />
    </UnitTest>
    <UnitTest name="Ocas.Domestic.Apply.Api.Services.UnitTests.Handlers.CompleteTranscriptsHandlerTests.CompleteTranscripts_ShouldPass" storage="c:\ocasprojects\apply-api\src\apply-api\src\ocas.domestic.apply.api.services.unittests\bin\release\net461\ocas.domestic.apply.api.services.unittests.dll" id="19be7201-15e8-e86e-6dca-193067be6ce7">
      <Execution id="bfeb0d52-1834-4afd-bb39-ab0998d67bde" />
      <TestMethod codeBase="C:\OcasProjects\apply-api\src\apply-api\src\Ocas.Domestic.Apply.Api.Services.UnitTests\bin\Release\net461\Ocas.Domestic.Apply.Api.Services.UnitTests.dll" adapterTypeName="executor://xunit/VsTestRunner2/net" className="Ocas.Domestic.Apply.Api.Services.UnitTests" name="Ocas.Domestic.Apply.Api.Services.UnitTests.Handlers.CompleteTranscriptsHandlerTests.CompleteTranscripts_ShouldPass" />
    </UnitTest>
    <UnitTest name="Ocas.Domestic.Apply.Api.Services.UnitTests.Validators.Messages.GetCitiesValidatorTests.GetCitiesValidator_ShouldFail_WhenInvalidProvince" storage="c:\ocasprojects\apply-api\src\apply-api\src\ocas.domestic.apply.api.services.unittests\bin\release\net461\ocas.domestic.apply.api.services.unittests.dll" id="bf97c879-345c-02f5-2e95-1d4edd4a35ce">
      <Execution id="d004a66b-e3bf-43da-97b9-1a49331f16ff" />
      <TestMethod codeBase="C:\OcasProjects\apply-api\src\apply-api\src\Ocas.Domestic.Apply.Api.Services.UnitTests\bin\Release\net461\Ocas.Domestic.Apply.Api.Services.UnitTests.dll" adapterTypeName="executor://xunit/VsTestRunner2/net" className="Ocas.Domestic.Apply.Api.Services.UnitTests" name="Ocas.Domestic.Apply.Api.Services.UnitTests.Validators.Messages.GetCitiesValidatorTests.GetCitiesValidator_ShouldFail_WhenInvalidProvince" />
    </UnitTest>
    <UnitTest name="Ocas.Domestic.Apply.Api.Services.UnitTests.Handlers.RemoveVoucherHandlerTests.RemoveVoucher_ShouldThrow_WhenNotClaimed" storage="c:\ocasprojects\apply-api\src\apply-api\src\ocas.domestic.apply.api.services.unittests\bin\release\net461\ocas.domestic.apply.api.services.unittests.dll" id="71f882ee-387a-e53e-3a48-f3abcd329e2f">
      <Execution id="7cd1f8d1-67c1-469a-9662-333044f29788" />
      <TestMethod codeBase="C:\OcasProjects\apply-api\src\apply-api\src\Ocas.Domestic.Apply.Api.Services.UnitTests\bin\Release\net461\Ocas.Domestic.Apply.Api.Services.UnitTests.dll" adapterTypeName="executor://xunit/VsTestRunner2/net" className="Ocas.Domestic.Apply.Api.Services.UnitTests" name="Ocas.Domestic.Apply.Api.Services.UnitTests.Handlers.RemoveVoucherHandlerTests.RemoveVoucher_ShouldThrow_WhenNotClaimed" />
    </UnitTest>
    <UnitTest name="Ocas.Domestic.Apply.Api.Services.UnitTests.Mappers.ApiMapperTests.MapApplicant_ShouldPass_When_DoNotSendTrue_Then_AgreedToCaslFalse" storage="c:\ocasprojects\apply-api\src\apply-api\src\ocas.domestic.apply.api.services.unittests\bin\release\net461\ocas.domestic.apply.api.services.unittests.dll" id="ca5cccde-320a-8c3f-5aa6-73179f158159">
      <Execution id="3687f400-302a-4495-8f8d-8310dc2cf0c7" />
      <TestMethod codeBase="C:\OcasProjects\apply-api\src\apply-api\src\Ocas.Domestic.Apply.Api.Services.UnitTests\bin\Release\net461\Ocas.Domestic.Apply.Api.Services.UnitTests.dll" adapterTypeName="executor://xunit/VsTestRunner2/net" className="Ocas.Domestic.Apply.Api.Services.UnitTests" name="Ocas.Domestic.Apply.Api.Services.UnitTests.Mappers.ApiMapperTests.MapApplicant_ShouldPass_When_DoNotSendTrue_Then_AgreedToCaslFalse" />
    </UnitTest>
    <UnitTest name="Ocas.Domestic.Apply.Api.Services.UnitTests.Validators.Models.ApplicantValidatorTests.Validator_ShouldFail_When_Fields_Missing" storage="c:\ocasprojects\apply-api\src\apply-api\src\ocas.domestic.apply.api.services.unittests\bin\release\net461\ocas.domestic.apply.api.services.unittests.dll" id="7b72176f-e027-f44d-6e96-0b7dc7f62150">
      <Execution id="3dd40e31-311e-49db-9a02-6991fd3ece62" />
      <TestMethod codeBase="C:\OcasProjects\apply-api\src\apply-api\src\Ocas.Domestic.Apply.Api.Services.UnitTests\bin\Release\net461\Ocas.Domestic.Apply.Api.Services.UnitTests.dll" adapterTypeName="executor://xunit/VsTestRunner2/net" className="Ocas.Domestic.Apply.Api.Services.UnitTests" name="Ocas.Domestic.Apply.Api.Services.UnitTests.Validators.Models.ApplicantValidatorTests.Validator_ShouldFail_When_Fields_Missing" />
    </UnitTest>
    <UnitTest name="Ocas.Domestic.Apply.Api.Services.UnitTests.Handlers.CreateTranscriptRequestHandlerTests.CreateTranscriptRequest_ShouldThrow_When_HighSchoolRequest_NotEtms" storage="c:\ocasprojects\apply-api\src\apply-api\src\ocas.domestic.apply.api.services.unittests\bin\release\net461\ocas.domestic.apply.api.services.unittests.dll" id="dcf4a579-26d8-d44c-5c47-8b870e406faa">
      <Execution id="aff2baf4-899e-48e3-9775-d783ec6c7dc8" />
      <TestMethod codeBase="C:\OcasProjects\apply-api\src\apply-api\src\Ocas.Domestic.Apply.Api.Services.UnitTests\bin\Release\net461\Ocas.Domestic.Apply.Api.Services.UnitTests.dll" adapterTypeName="executor://xunit/VsTestRunner2/net" className="Ocas.Domestic.Apply.Api.Services.UnitTests" name="Ocas.Domestic.Apply.Api.Services.UnitTests.Handlers.CreateTranscriptRequestHandlerTests.CreateTranscriptRequest_ShouldThrow_When_HighSchoolRequest_NotEtms" />
    </UnitTest>
    <UnitTest name="Ocas.Domestic.Apply.Api.Services.UnitTests.Handlers.CreateApplicantBaseHandlerTests.CreateApplicantHandler_ShouldThrow_When_IsOcasUser" storage="c:\ocasprojects\apply-api\src\apply-api\src\ocas.domestic.apply.api.services.unittests\bin\release\net461\ocas.domestic.apply.api.services.unittests.dll" id="93a472ad-bf8e-743a-fb81-b6d8d3589fb3">
      <Execution id="cf315247-6bbf-43b6-985e-f77872d8758f" />
      <TestMethod codeBase="C:\OcasProjects\apply-api\src\apply-api\src\Ocas.Domestic.Apply.Api.Services.UnitTests\bin\Release\net461\Ocas.Domestic.Apply.Api.Services.UnitTests.dll" adapterTypeName="executor://xunit/VsTestRunner2/net" className="Ocas.Domestic.Apply.Api.Services.UnitTests" name="Ocas.Domestic.Apply.Api.Services.UnitTests.Handlers.CreateApplicantBaseHandlerTests.CreateApplicantHandler_ShouldThrow_When_IsOcasUser" />
    </UnitTest>
    <UnitTest name="Ocas.Domestic.Apply.Api.Services.UnitTests.Validators.Models.EducationBaseValidatorTests.Validator_ShouldFail_WhenLookupsDoNotExist_InGeneral" storage="c:\ocasprojects\apply-api\src\apply-api\src\ocas.domestic.apply.api.services.unittests\bin\release\net461\ocas.domestic.apply.api.services.unittests.dll" id="a450bcd0-6ddc-4ae7-ad94-20baeee0dc71">
      <Execution id="56623178-3a68-4ebf-a071-419119913c29" />
      <TestMethod codeBase="C:\OcasProjects\apply-api\src\apply-api\src\Ocas.Domestic.Apply.Api.Services.UnitTests\bin\Release\net461\Ocas.Domestic.Apply.Api.Services.UnitTests.dll" adapterTypeName="executor://xunit/VsTestRunner2/net" className="Ocas.Domestic.Apply.Api.Services.UnitTests" name="Ocas.Domestic.Apply.Api.Services.UnitTests.Validators.Models.EducationBaseValidatorTests.Validator_ShouldFail_WhenLookupsDoNotExist_InGeneral" />
    </UnitTest>
    <UnitTest name="Ocas.Domestic.Apply.Api.Services.UnitTests.Handlers.UpdateApplicantHandlerTests.UpdateApplicantHandler_ShouldThrow_When_ContactNotFound" storage="c:\ocasprojects\apply-api\src\apply-api\src\ocas.domestic.apply.api.services.unittests\bin\release\net461\ocas.domestic.apply.api.services.unittests.dll" id="edb28a80-395c-a6aa-7b94-6782df061f2a">
      <Execution id="fd434162-5f3c-4973-b6db-4b6b2cf7ed2f" />
      <TestMethod codeBase="C:\OcasProjects\apply-api\src\apply-api\src\Ocas.Domestic.Apply.Api.Services.UnitTests\bin\Release\net461\Ocas.Domestic.Apply.Api.Services.UnitTests.dll" adapterTypeName="executor://xunit/VsTestRunner2/net" className="Ocas.Domestic.Apply.Api.Services.UnitTests" name="Ocas.Domestic.Apply.Api.Services.UnitTests.Handlers.UpdateApplicantHandlerTests.UpdateApplicantHandler_ShouldThrow_When_ContactNotFound" />
    </UnitTest>
    <UnitTest name="Ocas.Domestic.Apply.Api.Services.UnitTests.Handlers.GetPartnerBrandingHandlerTests.GetPartnerBrandingHandler_ShouldThrow_WhenCode_DoesNot_Exist" storage="c:\ocasprojects\apply-api\src\apply-api\src\ocas.domestic.apply.api.services.unittests\bin\release\net461\ocas.domestic.apply.api.services.unittests.dll" id="67110173-4f97-0264-c7e0-9e621694a246">
      <Execution id="ece92ca7-3b9d-444f-bc41-8b04a1aa7b18" />
      <TestMethod codeBase="C:\OcasProjects\apply-api\src\apply-api\src\Ocas.Domestic.Apply.Api.Services.UnitTests\bin\Release\net461\Ocas.Domestic.Apply.Api.Services.UnitTests.dll" adapterTypeName="executor://xunit/VsTestRunner2/net" className="Ocas.Domestic.Apply.Api.Services.UnitTests" name="Ocas.Domestic.Apply.Api.Services.UnitTests.Handlers.GetPartnerBrandingHandlerTests.GetPartnerBrandingHandler_ShouldThrow_WhenCode_DoesNot_Exist" />
    </UnitTest>
    <UnitTest name="Ocas.Domestic.Apply.Api.Services.UnitTests.Mappers.ApiMapperTests.MapApplicantMessage_ShouldPass" storage="c:\ocasprojects\apply-api\src\apply-api\src\ocas.domestic.apply.api.services.unittests\bin\release\net461\ocas.domestic.apply.api.services.unittests.dll" id="c5f2bdf7-897a-c3ac-3a55-6a2364153174">
      <Execution id="b6c0795b-4886-4afb-a652-83aab58c55bc" />
      <TestMethod codeBase="C:\OcasProjects\apply-api\src\apply-api\src\Ocas.Domestic.Apply.Api.Services.UnitTests\bin\Release\net461\Ocas.Domestic.Apply.Api.Services.UnitTests.dll" adapterTypeName="executor://xunit/VsTestRunner2/net" className="Ocas.Domestic.Apply.Api.Services.UnitTests" name="Ocas.Domestic.Apply.Api.Services.UnitTests.Mappers.ApiMapperTests.MapApplicantMessage_ShouldPass" />
    </UnitTest>
    <UnitTest name="Ocas.Domestic.Apply.Api.Services.UnitTests.Mappers.ApiMapperTests.MapApplication_ShouldPass_When_TranscriptRequests" storage="c:\ocasprojects\apply-api\src\apply-api\src\ocas.domestic.apply.api.services.unittests\bin\release\net461\ocas.domestic.apply.api.services.unittests.dll" id="3fb3dcf1-2d4f-a20d-4029-2867bec71032">
      <Execution id="2961eb31-8da3-4489-91c7-54d786d32c93" />
      <TestMethod codeBase="C:\OcasProjects\apply-api\src\apply-api\src\Ocas.Domestic.Apply.Api.Services.UnitTests\bin\Release\net461\Ocas.Domestic.Apply.Api.Services.UnitTests.dll" adapterTypeName="executor://xunit/VsTestRunner2/net" className="Ocas.Domestic.Apply.Api.Services.UnitTests" name="Ocas.Domestic.Apply.Api.Services.UnitTests.Mappers.ApiMapperTests.MapApplication_ShouldPass_When_TranscriptRequests" />
    </UnitTest>
    <UnitTest name="Ocas.Domestic.Apply.Api.Services.UnitTests.Handlers.GetSupportingDocumentFileHandlerTests.GetSupportingDocumentFileHandler_ShouldPass_WithTranscript" storage="c:\ocasprojects\apply-api\src\apply-api\src\ocas.domestic.apply.api.services.unittests\bin\release\net461\ocas.domestic.apply.api.services.unittests.dll" id="bd06e1a2-93e2-47fd-6197-ed4e47cb2b30">
      <Execution id="c081f432-b3cf-4511-bdad-88a5835846be" />
      <TestMethod codeBase="C:\OcasProjects\apply-api\src\apply-api\src\Ocas.Domestic.Apply.Api.Services.UnitTests\bin\Release\net461\Ocas.Domestic.Apply.Api.Services.UnitTests.dll" adapterTypeName="executor://xunit/VsTestRunner2/net" className="Ocas.Domestic.Apply.Api.Services.UnitTests" name="Ocas.Domestic.Apply.Api.Services.UnitTests.Handlers.GetSupportingDocumentFileHandlerTests.GetSupportingDocumentFileHandler_ShouldPass_WithTranscript" />
    </UnitTest>
    <UnitTest name="Ocas.Domestic.Apply.Api.Services.UnitTests.Mappers.DtoMapperTests.PatchEducation_Should_NotPatchFields_InternationalHighschoolEdu" storage="c:\ocasprojects\apply-api\src\apply-api\src\ocas.domestic.apply.api.services.unittests\bin\release\net461\ocas.domestic.apply.api.services.unittests.dll" id="3c365cb7-4d08-2e26-1aba-a811b5572d85">
      <Execution id="5f337dae-eec0-4904-b29d-2e096f8df26a" />
      <TestMethod codeBase="C:\OcasProjects\apply-api\src\apply-api\src\Ocas.Domestic.Apply.Api.Services.UnitTests\bin\Release\net461\Ocas.Domestic.Apply.Api.Services.UnitTests.dll" adapterTypeName="executor://xunit/VsTestRunner2/net" className="Ocas.Domestic.Apply.Api.Services.UnitTests" name="Ocas.Domestic.Apply.Api.Services.UnitTests.Mappers.DtoMapperTests.PatchEducation_Should_NotPatchFields_InternationalHighschoolEdu" />
    </UnitTest>
    <UnitTest name="Ocas.Domestic.Apply.Api.Services.UnitTests.Validators.Messages.GetPartnerBrandingValidatorTests.GetPartnerBrandingValidator_ShouldFail_When_CodeTooLong" storage="c:\ocasprojects\apply-api\src\apply-api\src\ocas.domestic.apply.api.services.unittests\bin\release\net461\ocas.domestic.apply.api.services.unittests.dll" id="fc1c107d-227f-69f1-21fc-d787dd81e258">
      <Execution id="346ad836-3e0b-4bbd-badd-7f4c6e425e9b" />
      <TestMethod codeBase="C:\OcasProjects\apply-api\src\apply-api\src\Ocas.Domestic.Apply.Api.Services.UnitTests\bin\Release\net461\Ocas.Domestic.Apply.Api.Services.UnitTests.dll" adapterTypeName="executor://xunit/VsTestRunner2/net" className="Ocas.Domestic.Apply.Api.Services.UnitTests" name="Ocas.Domestic.Apply.Api.Services.UnitTests.Validators.Messages.GetPartnerBrandingValidatorTests.GetPartnerBrandingValidator_ShouldFail_When_CodeTooLong" />
    </UnitTest>
    <UnitTest name="Ocas.Domestic.Apply.Api.Services.UnitTests.Mappers.ApiMapperTests.MapOffers_ShouldPass_When_Active_Then_CanRespond_True" storage="c:\ocasprojects\apply-api\src\apply-api\src\ocas.domestic.apply.api.services.unittests\bin\release\net461\ocas.domestic.apply.api.services.unittests.dll" id="da099cee-6637-cc1f-6a4b-307bbf19298a">
      <Execution id="626b7d56-dd74-4c20-8cfd-0705a9c68f9a" />
      <TestMethod codeBase="C:\OcasProjects\apply-api\src\apply-api\src\Ocas.Domestic.Apply.Api.Services.UnitTests\bin\Release\net461\Ocas.Domestic.Apply.Api.Services.UnitTests.dll" adapterTypeName="executor://xunit/VsTestRunner2/net" className="Ocas.Domestic.Apply.Api.Services.UnitTests" name="Ocas.Domestic.Apply.Api.Services.UnitTests.Mappers.ApiMapperTests.MapOffers_ShouldPass_When_Active_Then_CanRespond_True" />
    </UnitTest>
    <UnitTest name="Ocas.Domestic.Apply.Api.Services.UnitTests.Validators.Messages.UpdateEducationStatusValidatorTests.Validator_ShouldFail_When_NoEnrolled" storage="c:\ocasprojects\apply-api\src\apply-api\src\ocas.domestic.apply.api.services.unittests\bin\release\net461\ocas.domestic.apply.api.services.unittests.dll" id="082ac76e-ec4d-2c42-d5db-638befe213ae">
      <Execution id="9137442e-37e7-4add-b8cf-f8508d6e4fed" />
      <TestMethod codeBase="C:\OcasProjects\apply-api\src\apply-api\src\Ocas.Domestic.Apply.Api.Services.UnitTests\bin\Release\net461\Ocas.Domestic.Apply.Api.Services.UnitTests.dll" adapterTypeName="executor://xunit/VsTestRunner2/net" className="Ocas.Domestic.Apply.Api.Services.UnitTests" name="Ocas.Domestic.Apply.Api.Services.UnitTests.Validators.Messages.UpdateEducationStatusValidatorTests.Validator_ShouldFail_When_NoEnrolled" />
    </UnitTest>
    <UnitTest name="Ocas.Domestic.Apply.Api.Services.UnitTests.Handlers.UpdateProgramChoicesHandlerTests.UpdateProgramChoiceHandler_ShouldPass_When_AlternateChoice" storage="c:\ocasprojects\apply-api\src\apply-api\src\ocas.domestic.apply.api.services.unittests\bin\release\net461\ocas.domestic.apply.api.services.unittests.dll" id="2684d4a4-d1db-0ef4-f2cf-87ed4cecd799">
      <Execution id="3a71f270-1e5b-4e00-8f31-2c3b6bf00c33" />
      <TestMethod codeBase="C:\OcasProjects\apply-api\src\apply-api\src\Ocas.Domestic.Apply.Api.Services.UnitTests\bin\Release\net461\Ocas.Domestic.Apply.Api.Services.UnitTests.dll" adapterTypeName="executor://xunit/VsTestRunner2/net" className="Ocas.Domestic.Apply.Api.Services.UnitTests" name="Ocas.Domestic.Apply.Api.Services.UnitTests.Handlers.UpdateProgramChoicesHandlerTests.UpdateProgramChoiceHandler_ShouldPass_When_AlternateChoice" />
    </UnitTest>
    <UnitTest name="Ocas.Domestic.Apply.Api.Services.UnitTests.Handlers.GetApplicantHistoriesHandlerTests.GetApplicantHistoriesHandler_ShouldPass" storage="c:\ocasprojects\apply-api\src\apply-api\src\ocas.domestic.apply.api.services.unittests\bin\release\net461\ocas.domestic.apply.api.services.unittests.dll" id="7a7768bd-9ba3-3f59-b2e9-f35e786af8f3">
      <Execution id="7992e67e-9fc6-4034-abe9-0e04a535c82f" />
      <TestMethod codeBase="C:\OcasProjects\apply-api\src\apply-api\src\Ocas.Domestic.Apply.Api.Services.UnitTests\bin\Release\net461\Ocas.Domestic.Apply.Api.Services.UnitTests.dll" adapterTypeName="executor://xunit/VsTestRunner2/net" className="Ocas.Domestic.Apply.Api.Services.UnitTests" name="Ocas.Domestic.Apply.Api.Services.UnitTests.Handlers.GetApplicantHistoriesHandlerTests.GetApplicantHistoriesHandler_ShouldPass" />
    </UnitTest>
    <UnitTest name="Ocas.Domestic.Apply.Api.Services.UnitTests.Validators.Models.EducationBaseValidatorTests.Validator_ShouldFail_WhenDatesNotFormatted" storage="c:\ocasprojects\apply-api\src\apply-api\src\ocas.domestic.apply.api.services.unittests\bin\release\net461\ocas.domestic.apply.api.services.unittests.dll" id="9c946757-53f1-a137-194d-8beafa8df5a0">
      <Execution id="72063c0f-9ae3-43bc-8c67-b0210ecdd741" />
      <TestMethod codeBase="C:\OcasProjects\apply-api\src\apply-api\src\Ocas.Domestic.Apply.Api.Services.UnitTests\bin\Release\net461\Ocas.Domestic.Apply.Api.Services.UnitTests.dll" adapterTypeName="executor://xunit/VsTestRunner2/net" className="Ocas.Domestic.Apply.Api.Services.UnitTests" name="Ocas.Domestic.Apply.Api.Services.UnitTests.Validators.Models.EducationBaseValidatorTests.Validator_ShouldFail_WhenDatesNotFormatted" />
    </UnitTest>
    <UnitTest name="Ocas.Domestic.Apply.Api.Services.UnitTests.Validators.Models.IntlCredentialAssessmentValidatorTests.Validator_ShouldThrow_When_Reference_NotNumeric" storage="c:\ocasprojects\apply-api\src\apply-api\src\ocas.domestic.apply.api.services.unittests\bin\release\net461\ocas.domestic.apply.api.services.unittests.dll" id="a1107469-95c3-43fb-73d0-8f263c15f619">
      <Execution id="71308dee-6566-42d2-8795-1f8a4c729b26" />
      <TestMethod codeBase="C:\OcasProjects\apply-api\src\apply-api\src\Ocas.Domestic.Apply.Api.Services.UnitTests\bin\Release\net461\Ocas.Domestic.Apply.Api.Services.UnitTests.dll" adapterTypeName="executor://xunit/VsTestRunner2/net" className="Ocas.Domestic.Apply.Api.Services.UnitTests" name="Ocas.Domestic.Apply.Api.Services.UnitTests.Validators.Models.IntlCredentialAssessmentValidatorTests.Validator_ShouldThrow_When_Reference_NotNumeric" />
    </UnitTest>
    <UnitTest name="Ocas.Domestic.Apply.Api.Services.UnitTests.Mappers.ApiMapperTests.MapTranscriptTransmissions_Should_Be_Missing_Without_TermDueDate_Or_SendNow" storage="c:\ocasprojects\apply-api\src\apply-api\src\ocas.domestic.apply.api.services.unittests\bin\release\net461\ocas.domestic.apply.api.services.unittests.dll" id="abb1efa3-c08d-eee4-c35f-b83033538a3f">
      <Execution id="bba677e2-3251-481a-9acd-f4b71f9039ef" />
      <TestMethod codeBase="C:\OcasProjects\apply-api\src\apply-api\src\Ocas.Domestic.Apply.Api.Services.UnitTests\bin\Release\net461\Ocas.Domestic.Apply.Api.Services.UnitTests.dll" adapterTypeName="executor://xunit/VsTestRunner2/net" className="Ocas.Domestic.Apply.Api.Services.UnitTests" name="Ocas.Domestic.Apply.Api.Services.UnitTests.Mappers.ApiMapperTests.MapTranscriptTransmissions_Should_Be_Missing_Without_TermDueDate_Or_SendNow" />
    </UnitTest>
    <UnitTest name="Ocas.Domestic.Apply.Api.Services.UnitTests.Mappers.ApiMapperTests.MappingSupportingDocument_ShouldPass_When_Other" storage="c:\ocasprojects\apply-api\src\apply-api\src\ocas.domestic.apply.api.services.unittests\bin\release\net461\ocas.domestic.apply.api.services.unittests.dll" id="9ba5462d-48a9-8100-2eda-c6d8d1bb909d">
      <Execution id="7829fef8-1475-455b-8415-ccbb0db56606" />
      <TestMethod codeBase="C:\OcasProjects\apply-api\src\apply-api\src\Ocas.Domestic.Apply.Api.Services.UnitTests\bin\Release\net461\Ocas.Domestic.Apply.Api.Services.UnitTests.dll" adapterTypeName="executor://xunit/VsTestRunner2/net" className="Ocas.Domestic.Apply.Api.Services.UnitTests" name="Ocas.Domestic.Apply.Api.Services.UnitTests.Mappers.ApiMapperTests.MappingSupportingDocument_ShouldPass_When_Other" />
    </UnitTest>
    <UnitTest name="Ocas.Domestic.Apply.Api.Services.UnitTests.Handlers.GetApplicantHandlerTests.GetApplicant_ShouldThrow_NotApplicant" storage="c:\ocasprojects\apply-api\src\apply-api\src\ocas.domestic.apply.api.services.unittests\bin\release\net461\ocas.domestic.apply.api.services.unittests.dll" id="c55c481a-75e0-dc28-ba3d-412a71c5cc72">
      <Execution id="c7ae51cd-f895-4244-bd4c-9b49558ce843" />
      <TestMethod codeBase="C:\OcasProjects\apply-api\src\apply-api\src\Ocas.Domestic.Apply.Api.Services.UnitTests\bin\Release\net461\Ocas.Domestic.Apply.Api.Services.UnitTests.dll" adapterTypeName="executor://xunit/VsTestRunner2/net" className="Ocas.Domestic.Apply.Api.Services.UnitTests" name="Ocas.Domestic.Apply.Api.Services.UnitTests.Handlers.GetApplicantHandlerTests.GetApplicant_ShouldThrow_NotApplicant" />
    </UnitTest>
    <UnitTest name="Ocas.Domestic.Apply.Api.Services.UnitTests.Handlers.UpdateProgramChoicesHandlerTests.UpdateProgramChoiceHandler_ShouldThrow_When_RemoveOfferAcceptedChoice" storage="c:\ocasprojects\apply-api\src\apply-api\src\ocas.domestic.apply.api.services.unittests\bin\release\net461\ocas.domestic.apply.api.services.unittests.dll" id="43a91129-7e7b-4a8b-7ab6-35a583afdd10">
      <Execution id="b88c6941-d659-4ffb-8103-df4cda5e25dc" />
      <TestMethod codeBase="C:\OcasProjects\apply-api\src\apply-api\src\Ocas.Domestic.Apply.Api.Services.UnitTests\bin\Release\net461\Ocas.Domestic.Apply.Api.Services.UnitTests.dll" adapterTypeName="executor://xunit/VsTestRunner2/net" className="Ocas.Domestic.Apply.Api.Services.UnitTests" name="Ocas.Domestic.Apply.Api.Services.UnitTests.Handlers.UpdateProgramChoicesHandlerTests.UpdateProgramChoiceHandler_ShouldThrow_When_RemoveOfferAcceptedChoice" />
    </UnitTest>
    <UnitTest name="Ocas.Domestic.Apply.Api.Services.UnitTests.Handlers.ClaimVoucherHandlerTests.ClaimVoucher_ShouldThrow_WhenPaymentLocked" storage="c:\ocasprojects\apply-api\src\apply-api\src\ocas.domestic.apply.api.services.unittests\bin\release\net461\ocas.domestic.apply.api.services.unittests.dll" id="ccb1137e-6132-6ce3-4dfc-83bfe0c357e4">
      <Execution id="80ba3029-ec9c-41f8-a3b9-9d911038efbd" />
      <TestMethod codeBase="C:\OcasProjects\apply-api\src\apply-api\src\Ocas.Domestic.Apply.Api.Services.UnitTests\bin\Release\net461\Ocas.Domestic.Apply.Api.Services.UnitTests.dll" adapterTypeName="executor://xunit/VsTestRunner2/net" className="Ocas.Domestic.Apply.Api.Services.UnitTests" name="Ocas.Domestic.Apply.Api.Services.UnitTests.Handlers.ClaimVoucherHandlerTests.ClaimVoucher_ShouldThrow_WhenPaymentLocked" />
    </UnitTest>
    <UnitTest name="Ocas.Domestic.Apply.Api.Services.UnitTests.Validators.Models.PayOrderInfoValidatorTests.PayOrderInfoValidator_ShouldFail_WhenCscNaN" storage="c:\ocasprojects\apply-api\src\apply-api\src\ocas.domestic.apply.api.services.unittests\bin\release\net461\ocas.domestic.apply.api.services.unittests.dll" id="2770cf90-de12-5681-5fa0-a12e0bb007fe">
      <Execution id="fdd376cc-92cb-4fe9-abe4-9519c2f4d5cc" />
      <TestMethod codeBase="C:\OcasProjects\apply-api\src\apply-api\src\Ocas.Domestic.Apply.Api.Services.UnitTests\bin\Release\net461\Ocas.Domestic.Apply.Api.Services.UnitTests.dll" adapterTypeName="executor://xunit/VsTestRunner2/net" className="Ocas.Domestic.Apply.Api.Services.UnitTests" name="Ocas.Domestic.Apply.Api.Services.UnitTests.Validators.Models.PayOrderInfoValidatorTests.PayOrderInfoValidator_ShouldFail_WhenCscNaN" />
    </UnitTest>
    <UnitTest name="Ocas.Domestic.Apply.Api.Services.UnitTests.Validators.Models.CanadianUniversityValidatorTests.CanadianUniversityValidator_ShouldFail_WhenLookupsDoNotExist_InCanadianUniversity" storage="c:\ocasprojects\apply-api\src\apply-api\src\ocas.domestic.apply.api.services.unittests\bin\release\net461\ocas.domestic.apply.api.services.unittests.dll" id="54b12900-41cf-de7b-4041-88c5c6c9306d">
      <Execution id="42cccf25-3ef0-4838-81ea-97916c046798" />
      <TestMethod codeBase="C:\OcasProjects\apply-api\src\apply-api\src\Ocas.Domestic.Apply.Api.Services.UnitTests\bin\Release\net461\Ocas.Domestic.Apply.Api.Services.UnitTests.dll" adapterTypeName="executor://xunit/VsTestRunner2/net" className="Ocas.Domestic.Apply.Api.Services.UnitTests" name="Ocas.Domestic.Apply.Api.Services.UnitTests.Validators.Models.CanadianUniversityValidatorTests.CanadianUniversityValidator_ShouldFail_WhenLookupsDoNotExist_InCanadianUniversity" />
    </UnitTest>
    <UnitTest name="Ocas.Domestic.Apply.Api.Services.UnitTests.Handlers.PayOrderHandlerTests.PayOrder_ShouldThrow_WhenApplicationIncomplete" storage="c:\ocasprojects\apply-api\src\apply-api\src\ocas.domestic.apply.api.services.unittests\bin\release\net461\ocas.domestic.apply.api.services.unittests.dll" id="12a53f86-0ef8-5bd1-22dc-1aed5538bd70">
      <Execution id="57b83570-5660-4cfe-9027-d8e1f066a566" />
      <TestMethod codeBase="C:\OcasProjects\apply-api\src\apply-api\src\Ocas.Domestic.Apply.Api.Services.UnitTests\bin\Release\net461\Ocas.Domestic.Apply.Api.Services.UnitTests.dll" adapterTypeName="executor://xunit/VsTestRunner2/net" className="Ocas.Domestic.Apply.Api.Services.UnitTests" name="Ocas.Domestic.Apply.Api.Services.UnitTests.Handlers.PayOrderHandlerTests.PayOrder_ShouldThrow_WhenApplicationIncomplete" />
    </UnitTest>
    <UnitTest name="Ocas.Domestic.Apply.Api.Services.UnitTests.Validators.Messages.GetProgramChoicesValidatorTests.GetProgramChoicesValidator_ShouldPass_When_ApplicationId" storage="c:\ocasprojects\apply-api\src\apply-api\src\ocas.domestic.apply.api.services.unittests\bin\release\net461\ocas.domestic.apply.api.services.unittests.dll" id="c7401b6f-4769-315f-ca0f-646b905473b1">
      <Execution id="bb97ec3a-44e4-42df-a3e6-b812f248fb2c" />
      <TestMethod codeBase="C:\OcasProjects\apply-api\src\apply-api\src\Ocas.Domestic.Apply.Api.Services.UnitTests\bin\Release\net461\Ocas.Domestic.Apply.Api.Services.UnitTests.dll" adapterTypeName="executor://xunit/VsTestRunner2/net" className="Ocas.Domestic.Apply.Api.Services.UnitTests" name="Ocas.Domestic.Apply.Api.Services.UnitTests.Validators.Messages.GetProgramChoicesValidatorTests.GetProgramChoicesValidator_ShouldPass_When_ApplicationId" />
    </UnitTest>
    <UnitTest name="Ocas.Domestic.Apply.Api.Services.UnitTests.Mappers.ApiMapperTests.MapEducation_ShouldPass_When_UniversityWithEtms" storage="c:\ocasprojects\apply-api\src\apply-api\src\ocas.domestic.apply.api.services.unittests\bin\release\net461\ocas.domestic.apply.api.services.unittests.dll" id="cfaf0e2d-90c5-2ca4-5b0b-1a3c5987bf3c">
      <Execution id="8b4206e9-7b97-4b54-b062-5f591dcc5e32" />
      <TestMethod codeBase="C:\OcasProjects\apply-api\src\apply-api\src\Ocas.Domestic.Apply.Api.Services.UnitTests\bin\Release\net461\Ocas.Domestic.Apply.Api.Services.UnitTests.dll" adapterTypeName="executor://xunit/VsTestRunner2/net" className="Ocas.Domestic.Apply.Api.Services.UnitTests" name="Ocas.Domestic.Apply.Api.Services.UnitTests.Mappers.ApiMapperTests.MapEducation_ShouldPass_When_UniversityWithEtms" />
    </UnitTest>
    <UnitTest name="Ocas.Domestic.Apply.Api.Services.UnitTests.Handlers.PayOrderHandlerTests.PayOrder_ShouldLockPayment_WhenCrmFails" storage="c:\ocasprojects\apply-api\src\apply-api\src\ocas.domestic.apply.api.services.unittests\bin\release\net461\ocas.domestic.apply.api.services.unittests.dll" id="33f28ade-4ab2-a04e-1cee-81922fc2d5eb">
      <Execution id="81c44cc1-1cd7-4796-97de-00e5a74a3d1d" />
      <TestMethod codeBase="C:\OcasProjects\apply-api\src\apply-api\src\Ocas.Domestic.Apply.Api.Services.UnitTests\bin\Release\net461\Ocas.Domestic.Apply.Api.Services.UnitTests.dll" adapterTypeName="executor://xunit/VsTestRunner2/net" className="Ocas.Domestic.Apply.Api.Services.UnitTests" name="Ocas.Domestic.Apply.Api.Services.UnitTests.Handlers.PayOrderHandlerTests.PayOrder_ShouldLockPayment_WhenCrmFails" />
    </UnitTest>
    <UnitTest name="Ocas.Domestic.Apply.Api.Services.UnitTests.Validators.Models.ApplicantValidatorTests.Validator_ShouldFail_When_Usa_Phone_Invalid" storage="c:\ocasprojects\apply-api\src\apply-api\src\ocas.domestic.apply.api.services.unittests\bin\release\net461\ocas.domestic.apply.api.services.unittests.dll" id="75faa5c2-da9a-131d-aa42-b2b46dda466e">
      <Execution id="7e053c46-a00d-425e-a7d5-6f858499b80f" />
      <TestMethod codeBase="C:\OcasProjects\apply-api\src\apply-api\src\Ocas.Domestic.Apply.Api.Services.UnitTests\bin\Release\net461\Ocas.Domestic.Apply.Api.Services.UnitTests.dll" adapterTypeName="executor://xunit/VsTestRunner2/net" className="Ocas.Domestic.Apply.Api.Services.UnitTests" name="Ocas.Domestic.Apply.Api.Services.UnitTests.Validators.Models.ApplicantValidatorTests.Validator_ShouldFail_When_Usa_Phone_Invalid" />
    </UnitTest>
    <UnitTest name="Ocas.Domestic.Apply.Api.Services.UnitTests.Handlers.UpdateProgramChoicesHandlerTests.UpdateProgramChoicesHandler_ShouldThrow_When_NoApplication" storage="c:\ocasprojects\apply-api\src\apply-api\src\ocas.domestic.apply.api.services.unittests\bin\release\net461\ocas.domestic.apply.api.services.unittests.dll" id="6cbde359-2b8b-c6b8-958e-22be75c29d86">
      <Execution id="4c34d40e-b5af-455f-bb4d-9b7a97db0bdb" />
      <TestMethod codeBase="C:\OcasProjects\apply-api\src\apply-api\src\Ocas.Domestic.Apply.Api.Services.UnitTests\bin\Release\net461\Ocas.Domestic.Apply.Api.Services.UnitTests.dll" adapterTypeName="executor://xunit/VsTestRunner2/net" className="Ocas.Domestic.Apply.Api.Services.UnitTests" name="Ocas.Domestic.Apply.Api.Services.UnitTests.Handlers.UpdateProgramChoicesHandlerTests.UpdateProgramChoicesHandler_ShouldThrow_When_NoApplication" />
    </UnitTest>
    <UnitTest name="Ocas.Domestic.Apply.Api.Services.UnitTests.Validators.Models.ApplicantValidatorTests.Validator_ShouldPass_When_Mobile_Phone_Only" storage="c:\ocasprojects\apply-api\src\apply-api\src\ocas.domestic.apply.api.services.unittests\bin\release\net461\ocas.domestic.apply.api.services.unittests.dll" id="2b29caf4-d8af-ace6-25e1-847a0cdf3f67">
      <Execution id="c5af3ea8-063b-4a63-b769-01e097a79246" />
      <TestMethod codeBase="C:\OcasProjects\apply-api\src\apply-api\src\Ocas.Domestic.Apply.Api.Services.UnitTests\bin\Release\net461\Ocas.Domestic.Apply.Api.Services.UnitTests.dll" adapterTypeName="executor://xunit/VsTestRunner2/net" className="Ocas.Domestic.Apply.Api.Services.UnitTests" name="Ocas.Domestic.Apply.Api.Services.UnitTests.Validators.Models.ApplicantValidatorTests.Validator_ShouldPass_When_Mobile_Phone_Only" />
    </UnitTest>
    <UnitTest name="Ocas.Domestic.Apply.Api.Services.UnitTests.Validators.Models.CanadianCollegeValidatorTests.CanadianCollegeValidator_ShouldFail_WhenMissingFields_InCanadianCollege" storage="c:\ocasprojects\apply-api\src\apply-api\src\ocas.domestic.apply.api.services.unittests\bin\release\net461\ocas.domestic.apply.api.services.unittests.dll" id="18187db3-f14f-53b9-836b-d152f4cc00c3">
      <Execution id="b56aa4a9-3094-492c-8412-d896c8b8de51" />
      <TestMethod codeBase="C:\OcasProjects\apply-api\src\apply-api\src\Ocas.Domestic.Apply.Api.Services.UnitTests\bin\Release\net461\Ocas.Domestic.Apply.Api.Services.UnitTests.dll" adapterTypeName="executor://xunit/VsTestRunner2/net" className="Ocas.Domestic.Apply.Api.Services.UnitTests" name="Ocas.Domestic.Apply.Api.Services.UnitTests.Validators.Models.CanadianCollegeValidatorTests.CanadianCollegeValidator_ShouldFail_WhenMissingFields_InCanadianCollege" />
    </UnitTest>
    <UnitTest name="Ocas.Domestic.Apply.Api.Services.UnitTests.Handlers.PayOrderHandlerTests.PayOrder_ShouldCompleteZeroDollarPayment_WhenTrUpdateFails" storage="c:\ocasprojects\apply-api\src\apply-api\src\ocas.domestic.apply.api.services.unittests\bin\release\net461\ocas.domestic.apply.api.services.unittests.dll" id="8d07df3f-53b4-812e-2207-7abf3d7b1cd0">
      <Execution id="fb0bf98d-0f67-4dde-8201-252afcfd72fb" />
      <TestMethod codeBase="C:\OcasProjects\apply-api\src\apply-api\src\Ocas.Domestic.Apply.Api.Services.UnitTests\bin\Release\net461\Ocas.Domestic.Apply.Api.Services.UnitTests.dll" adapterTypeName="executor://xunit/VsTestRunner2/net" className="Ocas.Domestic.Apply.Api.Services.UnitTests" name="Ocas.Domestic.Apply.Api.Services.UnitTests.Handlers.PayOrderHandlerTests.PayOrder_ShouldCompleteZeroDollarPayment_WhenTrUpdateFails" />
    </UnitTest>
    <UnitTest name="Ocas.Domestic.Apply.Api.Services.UnitTests.Handlers.CreateTranscriptRequestHandlerTests.CreateTranscriptRequest_ShouldThrow_When_EducationsMissing" storage="c:\ocasprojects\apply-api\src\apply-api\src\ocas.domestic.apply.api.services.unittests\bin\release\net461\ocas.domestic.apply.api.services.unittests.dll" id="229130ea-f634-7479-cf89-7caf8314fb32">
      <Execution id="f059c1a1-cb9f-4a60-a66c-42815f833ed5" />
      <TestMethod codeBase="C:\OcasProjects\apply-api\src\apply-api\src\Ocas.Domestic.Apply.Api.Services.UnitTests\bin\Release\net461\Ocas.Domestic.Apply.Api.Services.UnitTests.dll" adapterTypeName="executor://xunit/VsTestRunner2/net" className="Ocas.Domestic.Apply.Api.Services.UnitTests" name="Ocas.Domestic.Apply.Api.Services.UnitTests.Handlers.CreateTranscriptRequestHandlerTests.CreateTranscriptRequest_ShouldThrow_When_EducationsMissing" />
    </UnitTest>
    <UnitTest name="Ocas.Domestic.Apply.Api.Services.UnitTests.Validators.Messages.GetTranscriptRequestsValidatorTests.GetTranscriptRequestsValidator_ShouldFail_WhenIdsEmpty" storage="c:\ocasprojects\apply-api\src\apply-api\src\ocas.domestic.apply.api.services.unittests\bin\release\net461\ocas.domestic.apply.api.services.unittests.dll" id="7005c4e8-8772-4b2b-5528-502b4cb9a2a4">
      <Execution id="4da6ecef-2a49-4883-b271-2afa281deadc" />
      <TestMethod codeBase="C:\OcasProjects\apply-api\src\apply-api\src\Ocas.Domestic.Apply.Api.Services.UnitTests\bin\Release\net461\Ocas.Domestic.Apply.Api.Services.UnitTests.dll" adapterTypeName="executor://xunit/VsTestRunner2/net" className="Ocas.Domestic.Apply.Api.Services.UnitTests" name="Ocas.Domestic.Apply.Api.Services.UnitTests.Validators.Messages.GetTranscriptRequestsValidatorTests.GetTranscriptRequestsValidator_ShouldFail_WhenIdsEmpty" />
    </UnitTest>
    <UnitTest name="Ocas.Domestic.Apply.Api.Services.UnitTests.Validators.IIdentityUserValidatorTests.Validator_ShouldPass" storage="c:\ocasprojects\apply-api\src\apply-api\src\ocas.domestic.apply.api.services.unittests\bin\release\net461\ocas.domestic.apply.api.services.unittests.dll" id="73ab6047-1ae6-85d7-3fe4-142930325294">
      <Execution id="467b300a-6600-4313-b498-7f7842c0450d" />
      <TestMethod codeBase="C:\OcasProjects\apply-api\src\apply-api\src\Ocas.Domestic.Apply.Api.Services.UnitTests\bin\Release\net461\Ocas.Domestic.Apply.Api.Services.UnitTests.dll" adapterTypeName="executor://xunit/VsTestRunner2/net" className="Ocas.Domestic.Apply.Api.Services.UnitTests" name="Ocas.Domestic.Apply.Api.Services.UnitTests.Validators.IIdentityUserValidatorTests.Validator_ShouldPass" />
    </UnitTest>
    <UnitTest name="Ocas.Domestic.Apply.Api.Services.UnitTests.Handlers.ClaimVoucherHandlerTests.ClaimVoucher_ShouldThrow_WhenShoppingCartDoesNotExist" storage="c:\ocasprojects\apply-api\src\apply-api\src\ocas.domestic.apply.api.services.unittests\bin\release\net461\ocas.domestic.apply.api.services.unittests.dll" id="f107076e-e1a0-2e7e-7861-a10df1b479b2">
      <Execution id="84cbc175-2f95-4de4-9820-ac03d75d5a3e" />
      <TestMethod codeBase="C:\OcasProjects\apply-api\src\apply-api\src\Ocas.Domestic.Apply.Api.Services.UnitTests\bin\Release\net461\Ocas.Domestic.Apply.Api.Services.UnitTests.dll" adapterTypeName="executor://xunit/VsTestRunner2/net" className="Ocas.Domestic.Apply.Api.Services.UnitTests" name="Ocas.Domestic.Apply.Api.Services.UnitTests.Handlers.ClaimVoucherHandlerTests.ClaimVoucher_ShouldThrow_WhenShoppingCartDoesNotExist" />
    </UnitTest>
    <UnitTest name="Ocas.Domestic.Apply.Api.Services.UnitTests.Handlers.DeclineOfferHandlerTests.DeclineOffer_ShouldThrow_WhenNotPaid" storage="c:\ocasprojects\apply-api\src\apply-api\src\ocas.domestic.apply.api.services.unittests\bin\release\net461\ocas.domestic.apply.api.services.unittests.dll" id="56fb37ea-1812-1704-d2f9-64025eb8d891">
      <Execution id="c45f21bf-53b6-44a4-bc5e-663e969a6dcf" />
      <TestMethod codeBase="C:\OcasProjects\apply-api\src\apply-api\src\Ocas.Domestic.Apply.Api.Services.UnitTests\bin\Release\net461\Ocas.Domestic.Apply.Api.Services.UnitTests.dll" adapterTypeName="executor://xunit/VsTestRunner2/net" className="Ocas.Domestic.Apply.Api.Services.UnitTests" name="Ocas.Domestic.Apply.Api.Services.UnitTests.Handlers.DeclineOfferHandlerTests.DeclineOffer_ShouldThrow_WhenNotPaid" />
    </UnitTest>
    <UnitTest name="Ocas.Domestic.Apply.Api.Services.UnitTests.Validators.Models.InternationalEducationValidatorTests.InternationalEducationValidator_ShouldFail_WhenMissingRequiredFields_InternationalPostSecondary" storage="c:\ocasprojects\apply-api\src\apply-api\src\ocas.domestic.apply.api.services.unittests\bin\release\net461\ocas.domestic.apply.api.services.unittests.dll" id="f2881796-d8d1-0293-5d1d-5a546b60dc25">
      <Execution id="36c34814-f85d-4cb8-9707-6df3c4a5f522" />
      <TestMethod codeBase="C:\OcasProjects\apply-api\src\apply-api\src\Ocas.Domestic.Apply.Api.Services.UnitTests\bin\Release\net461\Ocas.Domestic.Apply.Api.Services.UnitTests.dll" adapterTypeName="executor://xunit/VsTestRunner2/net" className="Ocas.Domestic.Apply.Api.Services.UnitTests" name="Ocas.Domestic.Apply.Api.Services.UnitTests.Validators.Models.InternationalEducationValidatorTests.InternationalEducationValidator_ShouldFail_WhenMissingRequiredFields_InternationalPostSecondary" />
    </UnitTest>
    <UnitTest name="Ocas.Domestic.Apply.Api.Services.UnitTests.Authorization.UserAuthorizationTests.CanAccessApplicantAsync_ShouldFail_When_ApplicantNotFound" storage="c:\ocasprojects\apply-api\src\apply-api\src\ocas.domestic.apply.api.services.unittests\bin\release\net461\ocas.domestic.apply.api.services.unittests.dll" id="2bdd5269-1fe0-83e9-6f97-244770fc7019">
      <Execution id="266fa261-aed0-49e2-b5d9-03346c257c6f" />
      <TestMethod codeBase="C:\OcasProjects\apply-api\src\apply-api\src\Ocas.Domestic.Apply.Api.Services.UnitTests\bin\Release\net461\Ocas.Domestic.Apply.Api.Services.UnitTests.dll" adapterTypeName="executor://xunit/VsTestRunner2/net" className="Ocas.Domestic.Apply.Api.Services.UnitTests" name="Ocas.Domestic.Apply.Api.Services.UnitTests.Authorization.UserAuthorizationTests.CanAccessApplicantAsync_ShouldFail_When_ApplicantNotFound" />
    </UnitTest>
    <UnitTest name="Ocas.Domestic.Apply.Api.Services.UnitTests.Handlers.CreateTranscriptRequestHandlerTests.CreateTranscriptRequest_ShouldThrow_When_InstituteTypeMissing" storage="c:\ocasprojects\apply-api\src\apply-api\src\ocas.domestic.apply.api.services.unittests\bin\release\net461\ocas.domestic.apply.api.services.unittests.dll" id="13684300-89ac-415d-fdb2-1313a9dca7a4">
      <Execution id="8615e5a0-90cf-44f1-9198-c906559cdd53" />
      <TestMethod codeBase="C:\OcasProjects\apply-api\src\apply-api\src\Ocas.Domestic.Apply.Api.Services.UnitTests\bin\Release\net461\Ocas.Domestic.Apply.Api.Services.UnitTests.dll" adapterTypeName="executor://xunit/VsTestRunner2/net" className="Ocas.Domestic.Apply.Api.Services.UnitTests" name="Ocas.Domestic.Apply.Api.Services.UnitTests.Handlers.CreateTranscriptRequestHandlerTests.CreateTranscriptRequest_ShouldThrow_When_InstituteTypeMissing" />
    </UnitTest>
    <UnitTest name="Ocas.Domestic.Apply.Api.Services.UnitTests.Validators.Messages.CreateApplicationValidatorTests.CreateApplicationValidator_ShouldPass" storage="c:\ocasprojects\apply-api\src\apply-api\src\ocas.domestic.apply.api.services.unittests\bin\release\net461\ocas.domestic.apply.api.services.unittests.dll" id="4b241c52-6deb-d923-ee2c-65f4271b308a">
      <Execution id="f6d52a31-55ec-48b9-9c22-19b509db23d8" />
      <TestMethod codeBase="C:\OcasProjects\apply-api\src\apply-api\src\Ocas.Domestic.Apply.Api.Services.UnitTests\bin\Release\net461\Ocas.Domestic.Apply.Api.Services.UnitTests.dll" adapterTypeName="executor://xunit/VsTestRunner2/net" className="Ocas.Domestic.Apply.Api.Services.UnitTests" name="Ocas.Domestic.Apply.Api.Services.UnitTests.Validators.Messages.CreateApplicationValidatorTests.CreateApplicationValidator_ShouldPass" />
    </UnitTest>
    <UnitTest name="Ocas.Domestic.Apply.Api.Services.UnitTests.Validators.Models.PayOrderInfoValidatorTests.PayOrderInfoValidator_ShouldFail_WhenCardHolderTooLong" storage="c:\ocasprojects\apply-api\src\apply-api\src\ocas.domestic.apply.api.services.unittests\bin\release\net461\ocas.domestic.apply.api.services.unittests.dll" id="4cff65f1-4efc-c777-f263-ca52f3ef770e">
      <Execution id="405b03a3-4b94-4682-aa9e-ed05d4140583" />
      <TestMethod codeBase="C:\OcasProjects\apply-api\src\apply-api\src\Ocas.Domestic.Apply.Api.Services.UnitTests\bin\Release\net461\Ocas.Domestic.Apply.Api.Services.UnitTests.dll" adapterTypeName="executor://xunit/VsTestRunner2/net" className="Ocas.Domestic.Apply.Api.Services.UnitTests" name="Ocas.Domestic.Apply.Api.Services.UnitTests.Validators.Models.PayOrderInfoValidatorTests.PayOrderInfoValidator_ShouldFail_WhenCardHolderTooLong" />
    </UnitTest>
    <UnitTest name="Ocas.Domestic.Apply.Api.Services.UnitTests.Handlers.GetSupportingDocumentFileHandlerTests.GetSupportingDocumentFileHandler4HighSchoolGrades_ShouldPass_WithTranscript" storage="c:\ocasprojects\apply-api\src\apply-api\src\ocas.domestic.apply.api.services.unittests\bin\release\net461\ocas.domestic.apply.api.services.unittests.dll" id="d5df2a84-8cef-8ac0-d1fa-92b9d126c2ca">
      <Execution id="541b7049-308e-469e-9789-e1771c00ae45" />
      <TestMethod codeBase="C:\OcasProjects\apply-api\src\apply-api\src\Ocas.Domestic.Apply.Api.Services.UnitTests\bin\Release\net461\Ocas.Domestic.Apply.Api.Services.UnitTests.dll" adapterTypeName="executor://xunit/VsTestRunner2/net" className="Ocas.Domestic.Apply.Api.Services.UnitTests" name="Ocas.Domestic.Apply.Api.Services.UnitTests.Handlers.GetSupportingDocumentFileHandlerTests.GetSupportingDocumentFileHandler4HighSchoolGrades_ShouldPass_WithTranscript" />
    </UnitTest>
    <UnitTest name="Ocas.Domestic.Apply.Api.Services.UnitTests.Validators.Messages.GetPartnerBrandingValidatorTests.GetPartnerBrandingValidator_ShouldFail_When_CodeEmpty" storage="c:\ocasprojects\apply-api\src\apply-api\src\ocas.domestic.apply.api.services.unittests\bin\release\net461\ocas.domestic.apply.api.services.unittests.dll" id="4ccf2425-5c07-55ee-d683-18bee2b32723">
      <Execution id="da53348b-762e-4d1e-a432-0f21b5dc3c10" />
      <TestMethod codeBase="C:\OcasProjects\apply-api\src\apply-api\src\Ocas.Domestic.Apply.Api.Services.UnitTests\bin\Release\net461\Ocas.Domestic.Apply.Api.Services.UnitTests.dll" adapterTypeName="executor://xunit/VsTestRunner2/net" className="Ocas.Domestic.Apply.Api.Services.UnitTests" name="Ocas.Domestic.Apply.Api.Services.UnitTests.Validators.Messages.GetPartnerBrandingValidatorTests.GetPartnerBrandingValidator_ShouldFail_When_CodeEmpty" />
    </UnitTest>
    <UnitTest name="Ocas.Domestic.Apply.Api.Services.UnitTests.Validators.Messages.GetTranscriptRequestsValidatorTests.GetTranscriptRequestsValidator_ShouldPass_WhenApplicantId" storage="c:\ocasprojects\apply-api\src\apply-api\src\ocas.domestic.apply.api.services.unittests\bin\release\net461\ocas.domestic.apply.api.services.unittests.dll" id="d8efd106-1267-b68b-0b2c-d2960c60b3f8">
      <Execution id="4b3c17dd-48d3-4614-92cb-8eb031572150" />
      <TestMethod codeBase="C:\OcasProjects\apply-api\src\apply-api\src\Ocas.Domestic.Apply.Api.Services.UnitTests\bin\Release\net461\Ocas.Domestic.Apply.Api.Services.UnitTests.dll" adapterTypeName="executor://xunit/VsTestRunner2/net" className="Ocas.Domestic.Apply.Api.Services.UnitTests" name="Ocas.Domestic.Apply.Api.Services.UnitTests.Validators.Messages.GetTranscriptRequestsValidatorTests.GetTranscriptRequestsValidator_ShouldPass_WhenApplicantId" />
    </UnitTest>
    <UnitTest name="Ocas.Domestic.Apply.Api.Services.UnitTests.Mappers.ApiMapperTests.MapShoppingCart_ShouldPass_When_NsfBalance" storage="c:\ocasprojects\apply-api\src\apply-api\src\ocas.domestic.apply.api.services.unittests\bin\release\net461\ocas.domestic.apply.api.services.unittests.dll" id="5fb18bf7-2efa-1816-0ba3-8e06ca7636cc">
      <Execution id="cd3513e5-1b59-42d5-a3bd-fb64eb77d15f" />
      <TestMethod codeBase="C:\OcasProjects\apply-api\src\apply-api\src\Ocas.Domestic.Apply.Api.Services.UnitTests\bin\Release\net461\Ocas.Domestic.Apply.Api.Services.UnitTests.dll" adapterTypeName="executor://xunit/VsTestRunner2/net" className="Ocas.Domestic.Apply.Api.Services.UnitTests" name="Ocas.Domestic.Apply.Api.Services.UnitTests.Mappers.ApiMapperTests.MapShoppingCart_ShouldPass_When_NsfBalance" />
    </UnitTest>
    <UnitTest name="Ocas.Domestic.Apply.Api.Services.UnitTests.Authorization.UserAuthorizationTests.CanAccessApplicantAsync_ShouldPass_When_OcasUser" storage="c:\ocasprojects\apply-api\src\apply-api\src\ocas.domestic.apply.api.services.unittests\bin\release\net461\ocas.domestic.apply.api.services.unittests.dll" id="e54fe2d6-e6d3-a6bd-95fd-fc9b32521888">
      <Execution id="a9f656c4-6965-41bd-b0d3-5cc8b5ac7245" />
      <TestMethod codeBase="C:\OcasProjects\apply-api\src\apply-api\src\Ocas.Domestic.Apply.Api.Services.UnitTests\bin\Release\net461\Ocas.Domestic.Apply.Api.Services.UnitTests.dll" adapterTypeName="executor://xunit/VsTestRunner2/net" className="Ocas.Domestic.Apply.Api.Services.UnitTests" name="Ocas.Domestic.Apply.Api.Services.UnitTests.Authorization.UserAuthorizationTests.CanAccessApplicantAsync_ShouldPass_When_OcasUser" />
    </UnitTest>
    <UnitTest name="Ocas.Domestic.Apply.Api.Services.UnitTests.Handlers.CreateApplicantBaseHandlerTests.CreateApplicantBaseHandler_ShouldThrow_When_IsDuplicateDetails" storage="c:\ocasprojects\apply-api\src\apply-api\src\ocas.domestic.apply.api.services.unittests\bin\release\net461\ocas.domestic.apply.api.services.unittests.dll" id="f8439cbf-75a6-772f-932e-ff4189d2c5c2">
      <Execution id="8751566b-14cd-4870-8660-8b28d880f425" />
      <TestMethod codeBase="C:\OcasProjects\apply-api\src\apply-api\src\Ocas.Domestic.Apply.Api.Services.UnitTests\bin\Release\net461\Ocas.Domestic.Apply.Api.Services.UnitTests.dll" adapterTypeName="executor://xunit/VsTestRunner2/net" className="Ocas.Domestic.Apply.Api.Services.UnitTests" name="Ocas.Domestic.Apply.Api.Services.UnitTests.Handlers.CreateApplicantBaseHandlerTests.CreateApplicantBaseHandler_ShouldThrow_When_IsDuplicateDetails" />
    </UnitTest>
    <UnitTest name="Ocas.Domestic.Apply.Api.Services.UnitTests.Validators.Models.ApplicantValidatorTests.Validator_ShouldFail_When_Canada_PostalCode_Invalid" storage="c:\ocasprojects\apply-api\src\apply-api\src\ocas.domestic.apply.api.services.unittests\bin\release\net461\ocas.domestic.apply.api.services.unittests.dll" id="4135dbe4-2c1c-b81f-8fe2-ac3ccfbd8609">
      <Execution id="fa2bdf19-3d88-4d6a-a914-a3c614c960a8" />
      <TestMethod codeBase="C:\OcasProjects\apply-api\src\apply-api\src\Ocas.Domestic.Apply.Api.Services.UnitTests\bin\Release\net461\Ocas.Domestic.Apply.Api.Services.UnitTests.dll" adapterTypeName="executor://xunit/VsTestRunner2/net" className="Ocas.Domestic.Apply.Api.Services.UnitTests" name="Ocas.Domestic.Apply.Api.Services.UnitTests.Validators.Models.ApplicantValidatorTests.Validator_ShouldFail_When_Canada_PostalCode_Invalid" />
    </UnitTest>
    <UnitTest name="Ocas.Domestic.Apply.Api.Services.UnitTests.Validators.Models.ApplicantValidatorTests.Validator_ShouldFail_When_StatusInCanada_Invalid" storage="c:\ocasprojects\apply-api\src\apply-api\src\ocas.domestic.apply.api.services.unittests\bin\release\net461\ocas.domestic.apply.api.services.unittests.dll" id="b877afea-0f05-2476-cca4-0a4ce8c14ced">
      <Execution id="9771d35c-b4ad-485a-bfb2-a89878dfd307" />
      <TestMethod codeBase="C:\OcasProjects\apply-api\src\apply-api\src\Ocas.Domestic.Apply.Api.Services.UnitTests\bin\Release\net461\Ocas.Domestic.Apply.Api.Services.UnitTests.dll" adapterTypeName="executor://xunit/VsTestRunner2/net" className="Ocas.Domestic.Apply.Api.Services.UnitTests" name="Ocas.Domestic.Apply.Api.Services.UnitTests.Validators.Models.ApplicantValidatorTests.Validator_ShouldFail_When_StatusInCanada_Invalid" />
    </UnitTest>
    <UnitTest name="Ocas.Domestic.Apply.Api.Services.UnitTests.Handlers.CreateApplicantHandlerTests.CreateApplicantHandler_ShouldThrow_When_IsDuplicateDetails" storage="c:\ocasprojects\apply-api\src\apply-api\src\ocas.domestic.apply.api.services.unittests\bin\release\net461\ocas.domestic.apply.api.services.unittests.dll" id="41990058-a818-d35a-7482-000ec3fac282">
      <Execution id="f1265e56-a25b-444a-9eef-df006668ba4e" />
      <TestMethod codeBase="C:\OcasProjects\apply-api\src\apply-api\src\Ocas.Domestic.Apply.Api.Services.UnitTests\bin\Release\net461\Ocas.Domestic.Apply.Api.Services.UnitTests.dll" adapterTypeName="executor://xunit/VsTestRunner2/net" className="Ocas.Domestic.Apply.Api.Services.UnitTests" name="Ocas.Domestic.Apply.Api.Services.UnitTests.Handlers.CreateApplicantHandlerTests.CreateApplicantHandler_ShouldThrow_When_IsDuplicateDetails" />
    </UnitTest>
    <UnitTest name="Ocas.Domestic.Apply.Api.Services.UnitTests.Handlers.GetSupportingDocumentFileHandlerTests.GetSupportingDocumentFileHandler_ShouldPass_WithSupportingDocument" storage="c:\ocasprojects\apply-api\src\apply-api\src\ocas.domestic.apply.api.services.unittests\bin\release\net461\ocas.domestic.apply.api.services.unittests.dll" id="5dfa3dfd-88ea-9cdb-419a-e3775c1fc294">
      <Execution id="33129992-0a3a-4d30-92cb-d884af75b849" />
      <TestMethod codeBase="C:\OcasProjects\apply-api\src\apply-api\src\Ocas.Domestic.Apply.Api.Services.UnitTests\bin\Release\net461\Ocas.Domestic.Apply.Api.Services.UnitTests.dll" adapterTypeName="executor://xunit/VsTestRunner2/net" className="Ocas.Domestic.Apply.Api.Services.UnitTests" name="Ocas.Domestic.Apply.Api.Services.UnitTests.Handlers.GetSupportingDocumentFileHandlerTests.GetSupportingDocumentFileHandler_ShouldPass_WithSupportingDocument" />
    </UnitTest>
    <UnitTest name="Ocas.Domestic.Apply.Api.Services.UnitTests.Mappers.ApiMapperTests.MapOffers_ShouldPass_When_NewApplyApplication_Then_CanRespond_False" storage="c:\ocasprojects\apply-api\src\apply-api\src\ocas.domestic.apply.api.services.unittests\bin\release\net461\ocas.domestic.apply.api.services.unittests.dll" id="c120529c-e2a4-b820-f546-6ae4dd6afabb">
      <Execution id="0e79f994-7744-4bd0-b20a-be0dccc25fa3" />
      <TestMethod codeBase="C:\OcasProjects\apply-api\src\apply-api\src\Ocas.Domestic.Apply.Api.Services.UnitTests\bin\Release\net461\Ocas.Domestic.Apply.Api.Services.UnitTests.dll" adapterTypeName="executor://xunit/VsTestRunner2/net" className="Ocas.Domestic.Apply.Api.Services.UnitTests" name="Ocas.Domestic.Apply.Api.Services.UnitTests.Mappers.ApiMapperTests.MapOffers_ShouldPass_When_NewApplyApplication_Then_CanRespond_False" />
    </UnitTest>
    <UnitTest name="Ocas.Domestic.Apply.Api.Services.UnitTests.Handlers.UpdateApplicantHandlerTests.UpdateApplicantHandler_ShouldThrow_When_ChangingLockedField" storage="c:\ocasprojects\apply-api\src\apply-api\src\ocas.domestic.apply.api.services.unittests\bin\release\net461\ocas.domestic.apply.api.services.unittests.dll" id="a499ca4e-259c-3d81-bd9c-484d34fcfba4">
      <Execution id="3eed9089-6b58-4c67-9a4f-ba4957aa1526" />
      <TestMethod codeBase="C:\OcasProjects\apply-api\src\apply-api\src\Ocas.Domestic.Apply.Api.Services.UnitTests\bin\Release\net461\Ocas.Domestic.Apply.Api.Services.UnitTests.dll" adapterTypeName="executor://xunit/VsTestRunner2/net" className="Ocas.Domestic.Apply.Api.Services.UnitTests" name="Ocas.Domestic.Apply.Api.Services.UnitTests.Handlers.UpdateApplicantHandlerTests.UpdateApplicantHandler_ShouldThrow_When_ChangingLockedField" />
    </UnitTest>
    <UnitTest name="Ocas.Domestic.Apply.Api.Services.UnitTests.Handlers.RemoveEducationHandlerTests.RemoveEducationHandler_ShouldThrow_When_HasMoreThanOneEducation" storage="c:\ocasprojects\apply-api\src\apply-api\src\ocas.domestic.apply.api.services.unittests\bin\release\net461\ocas.domestic.apply.api.services.unittests.dll" id="eb021cab-678b-1bf0-7524-9600878284f0">
      <Execution id="af154011-2eea-4318-a6b1-abef0669e81d" />
      <TestMethod codeBase="C:\OcasProjects\apply-api\src\apply-api\src\Ocas.Domestic.Apply.Api.Services.UnitTests\bin\Release\net461\Ocas.Domestic.Apply.Api.Services.UnitTests.dll" adapterTypeName="executor://xunit/VsTestRunner2/net" className="Ocas.Domestic.Apply.Api.Services.UnitTests" name="Ocas.Domestic.Apply.Api.Services.UnitTests.Handlers.RemoveEducationHandlerTests.RemoveEducationHandler_ShouldThrow_When_HasMoreThanOneEducation" />
    </UnitTest>
    <UnitTest name="Ocas.Domestic.Apply.Api.Services.UnitTests.Handlers.CompleteTranscriptsHandlerTests.CompleteTranscripts_ShouldThrow_WhenNoApplications" storage="c:\ocasprojects\apply-api\src\apply-api\src\ocas.domestic.apply.api.services.unittests\bin\release\net461\ocas.domestic.apply.api.services.unittests.dll" id="f3b72a1e-1202-7d67-41b8-92ae46caac51">
      <Execution id="cffaeaf9-7428-4734-9c39-15d816dae41e" />
      <TestMethod codeBase="C:\OcasProjects\apply-api\src\apply-api\src\Ocas.Domestic.Apply.Api.Services.UnitTests\bin\Release\net461\Ocas.Domestic.Apply.Api.Services.UnitTests.dll" adapterTypeName="executor://xunit/VsTestRunner2/net" className="Ocas.Domestic.Apply.Api.Services.UnitTests" name="Ocas.Domestic.Apply.Api.Services.UnitTests.Handlers.CompleteTranscriptsHandlerTests.CompleteTranscripts_ShouldThrow_WhenNoApplications" />
    </UnitTest>
    <UnitTest name="Ocas.Domestic.Apply.Api.Services.UnitTests.Validators.Models.ApplicantValidatorTests.Validator_ShouldFail_When_Usa_Province_Missing" storage="c:\ocasprojects\apply-api\src\apply-api\src\ocas.domestic.apply.api.services.unittests\bin\release\net461\ocas.domestic.apply.api.services.unittests.dll" id="e6546c47-3a5d-2393-4d88-57519a10c4d0">
      <Execution id="adf31913-3b44-4e8b-9456-6dafccbab4ec" />
      <TestMethod codeBase="C:\OcasProjects\apply-api\src\apply-api\src\Ocas.Domestic.Apply.Api.Services.UnitTests\bin\Release\net461\Ocas.Domestic.Apply.Api.Services.UnitTests.dll" adapterTypeName="executor://xunit/VsTestRunner2/net" className="Ocas.Domestic.Apply.Api.Services.UnitTests" name="Ocas.Domestic.Apply.Api.Services.UnitTests.Validators.Models.ApplicantValidatorTests.Validator_ShouldFail_When_Usa_Province_Missing" />
    </UnitTest>
    <UnitTest name="Ocas.Domestic.Apply.Api.Services.UnitTests.Extensions.LookupsCacheExtensionsTests.GetSourcePartnerId_ShouldPass_When_ReferralPartner_AllowedCba" storage="c:\ocasprojects\apply-api\src\apply-api\src\ocas.domestic.apply.api.services.unittests\bin\release\net461\ocas.domestic.apply.api.services.unittests.dll" id="ed7ad9d9-e75a-95a5-5bc8-3885c5b71a22">
      <Execution id="268d2800-d561-4ec6-a785-56a5ec03d368" />
      <TestMethod codeBase="C:\OcasProjects\apply-api\src\apply-api\src\Ocas.Domestic.Apply.Api.Services.UnitTests\bin\Release\net461\Ocas.Domestic.Apply.Api.Services.UnitTests.dll" adapterTypeName="executor://xunit/VsTestRunner2/net" className="Ocas.Domestic.Apply.Api.Services.UnitTests" name="Ocas.Domestic.Apply.Api.Services.UnitTests.Extensions.LookupsCacheExtensionsTests.GetSourcePartnerId_ShouldPass_When_ReferralPartner_AllowedCba" />
    </UnitTest>
    <UnitTest name="Ocas.Domestic.Apply.Api.Services.UnitTests.Mappers.ApiMapperTests.MapInstituteWarnings_ShouldPass_When_Transcript" storage="c:\ocasprojects\apply-api\src\apply-api\src\ocas.domestic.apply.api.services.unittests\bin\release\net461\ocas.domestic.apply.api.services.unittests.dll" id="51ff8f86-cc3f-c585-09cb-e0cf00e2fa8c">
      <Execution id="dd7dde95-ff05-49e9-b5d7-555b395bcc5b" />
      <TestMethod codeBase="C:\OcasProjects\apply-api\src\apply-api\src\Ocas.Domestic.Apply.Api.Services.UnitTests\bin\Release\net461\Ocas.Domestic.Apply.Api.Services.UnitTests.dll" adapterTypeName="executor://xunit/VsTestRunner2/net" className="Ocas.Domestic.Apply.Api.Services.UnitTests" name="Ocas.Domestic.Apply.Api.Services.UnitTests.Mappers.ApiMapperTests.MapInstituteWarnings_ShouldPass_When_Transcript" />
    </UnitTest>
    <UnitTest name="Ocas.Domestic.Apply.Api.Services.UnitTests.Validators.Models.CanadianHighSchoolValidatorTests.Validator_ShouldFail_WhenMissingFields_InCanadian" storage="c:\ocasprojects\apply-api\src\apply-api\src\ocas.domestic.apply.api.services.unittests\bin\release\net461\ocas.domestic.apply.api.services.unittests.dll" id="c0386a54-8d45-94c9-c45b-15e99fae7304">
      <Execution id="ed1933b7-fea0-487f-84eb-458a1a7e0412" />
      <TestMethod codeBase="C:\OcasProjects\apply-api\src\apply-api\src\Ocas.Domestic.Apply.Api.Services.UnitTests\bin\Release\net461\Ocas.Domestic.Apply.Api.Services.UnitTests.dll" adapterTypeName="executor://xunit/VsTestRunner2/net" className="Ocas.Domestic.Apply.Api.Services.UnitTests" name="Ocas.Domestic.Apply.Api.Services.UnitTests.Validators.Models.CanadianHighSchoolValidatorTests.Validator_ShouldFail_WhenMissingFields_InCanadian" />
    </UnitTest>
    <UnitTest name="Ocas.Domestic.Apply.Api.Services.UnitTests.Validators.Models.ApplicantValidatorTests.Validator_ShouldPass_When_StatusInCanada_CanadianCitizen" storage="c:\ocasprojects\apply-api\src\apply-api\src\ocas.domestic.apply.api.services.unittests\bin\release\net461\ocas.domestic.apply.api.services.unittests.dll" id="4ec19c98-d1d4-762a-d53f-2bac1489bf92">
      <Execution id="af49afcc-0330-4899-a828-f1f992065619" />
      <TestMethod codeBase="C:\OcasProjects\apply-api\src\apply-api\src\Ocas.Domestic.Apply.Api.Services.UnitTests\bin\Release\net461\Ocas.Domestic.Apply.Api.Services.UnitTests.dll" adapterTypeName="executor://xunit/VsTestRunner2/net" className="Ocas.Domestic.Apply.Api.Services.UnitTests" name="Ocas.Domestic.Apply.Api.Services.UnitTests.Validators.Models.ApplicantValidatorTests.Validator_ShouldPass_When_StatusInCanada_CanadianCitizen" />
    </UnitTest>
    <UnitTest name="Ocas.Domestic.Apply.Api.Services.UnitTests.Handlers.CompleteTranscriptsHandlerTests.CompleteTranscripts_ShouldPass_WhenAlreadyCompleted" storage="c:\ocasprojects\apply-api\src\apply-api\src\ocas.domestic.apply.api.services.unittests\bin\release\net461\ocas.domestic.apply.api.services.unittests.dll" id="52abfd50-f3f0-a680-8918-16664b33ada4">
      <Execution id="aff5aac7-ac4e-4f25-8e70-b2e8b4bd5527" />
      <TestMethod codeBase="C:\OcasProjects\apply-api\src\apply-api\src\Ocas.Domestic.Apply.Api.Services.UnitTests\bin\Release\net461\Ocas.Domestic.Apply.Api.Services.UnitTests.dll" adapterTypeName="executor://xunit/VsTestRunner2/net" className="Ocas.Domestic.Apply.Api.Services.UnitTests" name="Ocas.Domestic.Apply.Api.Services.UnitTests.Handlers.CompleteTranscriptsHandlerTests.CompleteTranscripts_ShouldPass_WhenAlreadyCompleted" />
    </UnitTest>
    <UnitTest name="Ocas.Domestic.Apply.Api.Services.UnitTests.Handlers.UpdateInternationalCreditAssessmentHandlerTests.UpdateInternationalCreditAssessmentHandler_ShouldPass_When_IntlCredentialAssessment_Updated" storage="c:\ocasprojects\apply-api\src\apply-api\src\ocas.domestic.apply.api.services.unittests\bin\release\net461\ocas.domestic.apply.api.services.unittests.dll" id="51e96206-ca7d-74d6-2ab9-a15e015157b8">
      <Execution id="bdf5fbb8-7111-4eae-955a-1f836aabe346" />
      <TestMethod codeBase="C:\OcasProjects\apply-api\src\apply-api\src\Ocas.Domestic.Apply.Api.Services.UnitTests\bin\Release\net461\Ocas.Domestic.Apply.Api.Services.UnitTests.dll" adapterTypeName="executor://xunit/VsTestRunner2/net" className="Ocas.Domestic.Apply.Api.Services.UnitTests" name="Ocas.Domestic.Apply.Api.Services.UnitTests.Handlers.UpdateInternationalCreditAssessmentHandlerTests.UpdateInternationalCreditAssessmentHandler_ShouldPass_When_IntlCredentialAssessment_Updated" />
    </UnitTest>
    <UnitTest name="Ocas.Domestic.Apply.Api.Services.UnitTests.Handlers.GetSupportingDocumentsHandlerTests.GetSupportingDocumentsHandler_ShouldPass" storage="c:\ocasprojects\apply-api\src\apply-api\src\ocas.domestic.apply.api.services.unittests\bin\release\net461\ocas.domestic.apply.api.services.unittests.dll" id="054e836f-6fc2-343c-f44c-07d4aa95a161">
      <Execution id="e26ba4f5-bc81-4577-863c-577482d4ff56" />
      <TestMethod codeBase="C:\OcasProjects\apply-api\src\apply-api\src\Ocas.Domestic.Apply.Api.Services.UnitTests\bin\Release\net461\Ocas.Domestic.Apply.Api.Services.UnitTests.dll" adapterTypeName="executor://xunit/VsTestRunner2/net" className="Ocas.Domestic.Apply.Api.Services.UnitTests" name="Ocas.Domestic.Apply.Api.Services.UnitTests.Handlers.GetSupportingDocumentsHandlerTests.GetSupportingDocumentsHandler_ShouldPass" />
    </UnitTest>
    <UnitTest name="Ocas.Domestic.Apply.Api.Services.UnitTests.Handlers.ReissueTranscriptRequestHandlerTests.ReissueTranscriptRequest_ShouldThrow_WhenTrHasNoApplication" storage="c:\ocasprojects\apply-api\src\apply-api\src\ocas.domestic.apply.api.services.unittests\bin\release\net461\ocas.domestic.apply.api.services.unittests.dll" id="8eb25de5-7bbd-63a0-d44a-fc9dd4171026">
      <Execution id="d303b61e-5f56-4adf-a387-6193ec13a381" />
      <TestMethod codeBase="C:\OcasProjects\apply-api\src\apply-api\src\Ocas.Domestic.Apply.Api.Services.UnitTests\bin\Release\net461\Ocas.Domestic.Apply.Api.Services.UnitTests.dll" adapterTypeName="executor://xunit/VsTestRunner2/net" className="Ocas.Domestic.Apply.Api.Services.UnitTests" name="Ocas.Domestic.Apply.Api.Services.UnitTests.Handlers.ReissueTranscriptRequestHandlerTests.ReissueTranscriptRequest_ShouldThrow_WhenTrHasNoApplication" />
    </UnitTest>
    <UnitTest name="Ocas.Domestic.Apply.Api.Services.UnitTests.Handlers.DeleteTranscriptRequestHandlerTests.DeleteTranscriptRequest_ShouldThrow_When_RequestNoApplicant" storage="c:\ocasprojects\apply-api\src\apply-api\src\ocas.domestic.apply.api.services.unittests\bin\release\net461\ocas.domestic.apply.api.services.unittests.dll" id="ef0a7342-5986-b52f-faf0-461c503b1e20">
      <Execution id="ac706c06-fb70-4c04-82ac-943bb2caa9c7" />
      <TestMethod codeBase="C:\OcasProjects\apply-api\src\apply-api\src\Ocas.Domestic.Apply.Api.Services.UnitTests\bin\Release\net461\Ocas.Domestic.Apply.Api.Services.UnitTests.dll" adapterTypeName="executor://xunit/VsTestRunner2/net" className="Ocas.Domestic.Apply.Api.Services.UnitTests" name="Ocas.Domestic.Apply.Api.Services.UnitTests.Handlers.DeleteTranscriptRequestHandlerTests.DeleteTranscriptRequest_ShouldThrow_When_RequestNoApplicant" />
    </UnitTest>
    <UnitTest name="Ocas.Domestic.Apply.Api.Services.UnitTests.Validators.Messages.CreateApplicationValidatorTests.CreateApplicationValidator_ShouldFail_When_ApplicationCycleIdNotActive" storage="c:\ocasprojects\apply-api\src\apply-api\src\ocas.domestic.apply.api.services.unittests\bin\release\net461\ocas.domestic.apply.api.services.unittests.dll" id="a37bfd2c-1ae0-dc94-c6cb-9f45f71b2b06">
      <Execution id="da364470-7e1b-4db7-a78e-ec6233296926" />
      <TestMethod codeBase="C:\OcasProjects\apply-api\src\apply-api\src\Ocas.Domestic.Apply.Api.Services.UnitTests\bin\Release\net461\Ocas.Domestic.Apply.Api.Services.UnitTests.dll" adapterTypeName="executor://xunit/VsTestRunner2/net" className="Ocas.Domestic.Apply.Api.Services.UnitTests" name="Ocas.Domestic.Apply.Api.Services.UnitTests.Validators.Messages.CreateApplicationValidatorTests.CreateApplicationValidator_ShouldFail_When_ApplicationCycleIdNotActive" />
    </UnitTest>
    <UnitTest name="Ocas.Domestic.Apply.Api.Services.UnitTests.Extensions.LookupsCacheExtensionsTests.GetSourceId_ShouldPass_When_EmptyPartnerCode" storage="c:\ocasprojects\apply-api\src\apply-api\src\ocas.domestic.apply.api.services.unittests\bin\release\net461\ocas.domestic.apply.api.services.unittests.dll" id="b4db4e5e-fe06-d381-57ee-0c3501d27586">
      <Execution id="c8b32bf1-1ae0-49f1-b8ad-632fa6dda12b" />
      <TestMethod codeBase="C:\OcasProjects\apply-api\src\apply-api\src\Ocas.Domestic.Apply.Api.Services.UnitTests\bin\Release\net461\Ocas.Domestic.Apply.Api.Services.UnitTests.dll" adapterTypeName="executor://xunit/VsTestRunner2/net" className="Ocas.Domestic.Apply.Api.Services.UnitTests" name="Ocas.Domestic.Apply.Api.Services.UnitTests.Extensions.LookupsCacheExtensionsTests.GetSourceId_ShouldPass_When_EmptyPartnerCode" />
    </UnitTest>
    <UnitTest name="Ocas.Domestic.Apply.Api.Services.UnitTests.Handlers.AcceptOfferHandlerTests.AcceptOffer_ShouldThrow_WhenNotPaid" storage="c:\ocasprojects\apply-api\src\apply-api\src\ocas.domestic.apply.api.services.unittests\bin\release\net461\ocas.domestic.apply.api.services.unittests.dll" id="40a99014-b199-ecec-9e33-1aef60a547ef">
      <Execution id="682fa95e-7547-4ec7-b3a5-93bcd4f20d8f" />
      <TestMethod codeBase="C:\OcasProjects\apply-api\src\apply-api\src\Ocas.Domestic.Apply.Api.Services.UnitTests\bin\Release\net461\Ocas.Domestic.Apply.Api.Services.UnitTests.dll" adapterTypeName="executor://xunit/VsTestRunner2/net" className="Ocas.Domestic.Apply.Api.Services.UnitTests" name="Ocas.Domestic.Apply.Api.Services.UnitTests.Handlers.AcceptOfferHandlerTests.AcceptOffer_ShouldThrow_WhenNotPaid" />
    </UnitTest>
    <UnitTest name="Ocas.Domestic.Apply.Api.Services.UnitTests.Validators.Models.CanadianUniversityValidatorTests.CanadianUniversityValidator_ShouldFail_WhenState_InCanadianUniversity" storage="c:\ocasprojects\apply-api\src\apply-api\src\ocas.domestic.apply.api.services.unittests\bin\release\net461\ocas.domestic.apply.api.services.unittests.dll" id="60eedfce-4dac-df6c-7118-f54e533db263">
      <Execution id="1581dadf-8d37-43b9-8b2f-a7b8704f470e" />
      <TestMethod codeBase="C:\OcasProjects\apply-api\src\apply-api\src\Ocas.Domestic.Apply.Api.Services.UnitTests\bin\Release\net461\Ocas.Domestic.Apply.Api.Services.UnitTests.dll" adapterTypeName="executor://xunit/VsTestRunner2/net" className="Ocas.Domestic.Apply.Api.Services.UnitTests" name="Ocas.Domestic.Apply.Api.Services.UnitTests.Validators.Models.CanadianUniversityValidatorTests.CanadianUniversityValidator_ShouldFail_WhenState_InCanadianUniversity" />
    </UnitTest>
    <UnitTest name="Ocas.Domestic.Apply.Api.Services.UnitTests.Mappers.ApiMapperTests.MapColleges_ShouldPass_When_NotOpen" storage="c:\ocasprojects\apply-api\src\apply-api\src\ocas.domestic.apply.api.services.unittests\bin\release\net461\ocas.domestic.apply.api.services.unittests.dll" id="6228aa15-4cf3-83f3-aa59-b6ddaece3f90">
      <Execution id="4e7b8afa-f956-434a-a860-ea5f9f7d81cb" />
      <TestMethod codeBase="C:\OcasProjects\apply-api\src\apply-api\src\Ocas.Domestic.Apply.Api.Services.UnitTests\bin\Release\net461\Ocas.Domestic.Apply.Api.Services.UnitTests.dll" adapterTypeName="executor://xunit/VsTestRunner2/net" className="Ocas.Domestic.Apply.Api.Services.UnitTests" name="Ocas.Domestic.Apply.Api.Services.UnitTests.Mappers.ApiMapperTests.MapColleges_ShouldPass_When_NotOpen" />
    </UnitTest>
    <UnitTest name="Ocas.Domestic.Apply.Api.Services.UnitTests.Mappers.ApiMapperTests.MapApplicant_ShouldPass_When_Home_Matches_Mobile_Phone" storage="c:\ocasprojects\apply-api\src\apply-api\src\ocas.domestic.apply.api.services.unittests\bin\release\net461\ocas.domestic.apply.api.services.unittests.dll" id="48a95b46-a6c6-f225-831d-5f1fd19ec703">
      <Execution id="675a6f71-de86-4316-a6b0-b74903b6e838" />
      <TestMethod codeBase="C:\OcasProjects\apply-api\src\apply-api\src\Ocas.Domestic.Apply.Api.Services.UnitTests\bin\Release\net461\Ocas.Domestic.Apply.Api.Services.UnitTests.dll" adapterTypeName="executor://xunit/VsTestRunner2/net" className="Ocas.Domestic.Apply.Api.Services.UnitTests" name="Ocas.Domestic.Apply.Api.Services.UnitTests.Mappers.ApiMapperTests.MapApplicant_ShouldPass_When_Home_Matches_Mobile_Phone" />
    </UnitTest>
    <UnitTest name="Ocas.Domestic.Apply.Api.Services.UnitTests.Validators.Messages.CreateApplicationValidatorTests.CreateApplicationValidator_ShouldFail_When_ApplicationCycleIdDoesNotExist" storage="c:\ocasprojects\apply-api\src\apply-api\src\ocas.domestic.apply.api.services.unittests\bin\release\net461\ocas.domestic.apply.api.services.unittests.dll" id="f9e6a8cf-a8de-e9c7-d21a-ab6c920e0b26">
      <Execution id="496a7b2b-bd3e-479d-8434-3ef7943a5400" />
      <TestMethod codeBase="C:\OcasProjects\apply-api\src\apply-api\src\Ocas.Domestic.Apply.Api.Services.UnitTests\bin\Release\net461\Ocas.Domestic.Apply.Api.Services.UnitTests.dll" adapterTypeName="executor://xunit/VsTestRunner2/net" className="Ocas.Domestic.Apply.Api.Services.UnitTests" name="Ocas.Domestic.Apply.Api.Services.UnitTests.Validators.Messages.CreateApplicationValidatorTests.CreateApplicationValidator_ShouldFail_When_ApplicationCycleIdDoesNotExist" />
    </UnitTest>
    <UnitTest name="Ocas.Domestic.Apply.Api.Services.UnitTests.Handlers.GetSupportingDocumentsHandlerTests.GetSupportingDocumentsHandler_ShouldPass_When_ReturnEmpty" storage="c:\ocasprojects\apply-api\src\apply-api\src\ocas.domestic.apply.api.services.unittests\bin\release\net461\ocas.domestic.apply.api.services.unittests.dll" id="e53e282a-c400-0a4c-f248-7852257f23a5">
      <Execution id="f996af6f-520b-4683-82ee-318e753dad91" />
      <TestMethod codeBase="C:\OcasProjects\apply-api\src\apply-api\src\Ocas.Domestic.Apply.Api.Services.UnitTests\bin\Release\net461\Ocas.Domestic.Apply.Api.Services.UnitTests.dll" adapterTypeName="executor://xunit/VsTestRunner2/net" className="Ocas.Domestic.Apply.Api.Services.UnitTests" name="Ocas.Domestic.Apply.Api.Services.UnitTests.Handlers.GetSupportingDocumentsHandlerTests.GetSupportingDocumentsHandler_ShouldPass_When_ReturnEmpty" />
    </UnitTest>
    <UnitTest name="Ocas.Domestic.Apply.Api.Services.UnitTests.Validators.Messages.GetCollegeTemplateValidatorTests.GetCollegeTemplateValidator_ShouldFail_When_CollegeIdEmpty" storage="c:\ocasprojects\apply-api\src\apply-api\src\ocas.domestic.apply.api.services.unittests\bin\release\net461\ocas.domestic.apply.api.services.unittests.dll" id="a58307bd-cf89-25ed-7343-cd0053bd8edd">
      <Execution id="5d5dcfdf-5640-42c1-a690-198649136143" />
      <TestMethod codeBase="C:\OcasProjects\apply-api\src\apply-api\src\Ocas.Domestic.Apply.Api.Services.UnitTests\bin\Release\net461\Ocas.Domestic.Apply.Api.Services.UnitTests.dll" adapterTypeName="executor://xunit/VsTestRunner2/net" className="Ocas.Domestic.Apply.Api.Services.UnitTests" name="Ocas.Domestic.Apply.Api.Services.UnitTests.Validators.Messages.GetCollegeTemplateValidatorTests.GetCollegeTemplateValidator_ShouldFail_When_CollegeIdEmpty" />
    </UnitTest>
    <UnitTest name="Ocas.Domestic.Apply.Api.Services.UnitTests.Mappers.ApiMapperTests.MapApplicant_ShouldPass_When_DoNotSendNull_Then_AgreedToCaslNull" storage="c:\ocasprojects\apply-api\src\apply-api\src\ocas.domestic.apply.api.services.unittests\bin\release\net461\ocas.domestic.apply.api.services.unittests.dll" id="13110422-f8e8-48da-cea2-a363e0c5e393">
      <Execution id="f1e923d2-497a-43a4-91f1-cc8a3f0cd880" />
      <TestMethod codeBase="C:\OcasProjects\apply-api\src\apply-api\src\Ocas.Domestic.Apply.Api.Services.UnitTests\bin\Release\net461\Ocas.Domestic.Apply.Api.Services.UnitTests.dll" adapterTypeName="executor://xunit/VsTestRunner2/net" className="Ocas.Domestic.Apply.Api.Services.UnitTests" name="Ocas.Domestic.Apply.Api.Services.UnitTests.Mappers.ApiMapperTests.MapApplicant_ShouldPass_When_DoNotSendNull_Then_AgreedToCaslNull" />
    </UnitTest>
    <UnitTest name="Ocas.Domestic.Apply.Api.Services.UnitTests.Handlers.GetOfferLockReleaseDateHandlerTests.GetOfferLockReleaseDate_ShouldPass_WhenUnlocked" storage="c:\ocasprojects\apply-api\src\apply-api\src\ocas.domestic.apply.api.services.unittests\bin\release\net461\ocas.domestic.apply.api.services.unittests.dll" id="e792b9ba-56c2-8b43-3911-e94197095d70">
      <Execution id="bb3a1e7c-1c42-4ec0-9e76-4777fe78edfe" />
      <TestMethod codeBase="C:\OcasProjects\apply-api\src\apply-api\src\Ocas.Domestic.Apply.Api.Services.UnitTests\bin\Release\net461\Ocas.Domestic.Apply.Api.Services.UnitTests.dll" adapterTypeName="executor://xunit/VsTestRunner2/net" className="Ocas.Domestic.Apply.Api.Services.UnitTests" name="Ocas.Domestic.Apply.Api.Services.UnitTests.Handlers.GetOfferLockReleaseDateHandlerTests.GetOfferLockReleaseDate_ShouldPass_WhenUnlocked" />
    </UnitTest>
    <UnitTest name="Ocas.Domestic.Apply.Api.Services.UnitTests.Validators.Messages.UpdateEducationStatusValidatorTests.Validator_ShouldFail_WhenNotEnrolled_EmptyGraduated" storage="c:\ocasprojects\apply-api\src\apply-api\src\ocas.domestic.apply.api.services.unittests\bin\release\net461\ocas.domestic.apply.api.services.unittests.dll" id="ac2b1b80-d364-3f82-5158-9343ad740bfc">
      <Execution id="e0ccffdb-82db-4aae-b4d7-05c108890bf1" />
      <TestMethod codeBase="C:\OcasProjects\apply-api\src\apply-api\src\Ocas.Domestic.Apply.Api.Services.UnitTests\bin\Release\net461\Ocas.Domestic.Apply.Api.Services.UnitTests.dll" adapterTypeName="executor://xunit/VsTestRunner2/net" className="Ocas.Domestic.Apply.Api.Services.UnitTests" name="Ocas.Domestic.Apply.Api.Services.UnitTests.Validators.Messages.UpdateEducationStatusValidatorTests.Validator_ShouldFail_WhenNotEnrolled_EmptyGraduated" />
    </UnitTest>
    <UnitTest name="Ocas.Domestic.Apply.Api.Services.UnitTests.Validators.Messages.VerifyApplicantOenValidatorTests.VerifyApplicantOenValidator_ShouldPass" storage="c:\ocasprojects\apply-api\src\apply-api\src\ocas.domestic.apply.api.services.unittests\bin\release\net461\ocas.domestic.apply.api.services.unittests.dll" id="0f77a602-5da5-56ce-0b73-378dd790c7ca">
      <Execution id="c9c17135-2977-4f69-a5ab-204bf0f260e0" />
      <TestMethod codeBase="C:\OcasProjects\apply-api\src\apply-api\src\Ocas.Domestic.Apply.Api.Services.UnitTests\bin\Release\net461\Ocas.Domestic.Apply.Api.Services.UnitTests.dll" adapterTypeName="executor://xunit/VsTestRunner2/net" className="Ocas.Domestic.Apply.Api.Services.UnitTests" name="Ocas.Domestic.Apply.Api.Services.UnitTests.Validators.Messages.VerifyApplicantOenValidatorTests.VerifyApplicantOenValidator_ShouldPass" />
    </UnitTest>
    <UnitTest name="Ocas.Domestic.Apply.Api.Services.UnitTests.Handlers.ReissueTranscriptRequestHandlerTests.ReissueTranscriptRequest_ShouldThrow_WhenInvalidHighSchoolStatus" storage="c:\ocasprojects\apply-api\src\apply-api\src\ocas.domestic.apply.api.services.unittests\bin\release\net461\ocas.domestic.apply.api.services.unittests.dll" id="3e7c5040-e5cb-7c20-0aa8-199834bd5ec2">
      <Execution id="0e7b555b-b3f1-43ef-9c26-be8c58fce38b" />
      <TestMethod codeBase="C:\OcasProjects\apply-api\src\apply-api\src\Ocas.Domestic.Apply.Api.Services.UnitTests\bin\Release\net461\Ocas.Domestic.Apply.Api.Services.UnitTests.dll" adapterTypeName="executor://xunit/VsTestRunner2/net" className="Ocas.Domestic.Apply.Api.Services.UnitTests" name="Ocas.Domestic.Apply.Api.Services.UnitTests.Handlers.ReissueTranscriptRequestHandlerTests.ReissueTranscriptRequest_ShouldThrow_WhenInvalidHighSchoolStatus" />
    </UnitTest>
    <UnitTest name="Ocas.Domestic.Apply.Api.Services.UnitTests.Handlers.GetPartnerBrandingHandlerTests.GetPartnerBrandingHandler_ShouldThrow_WhenCollegeBranding_DoesNotAllowCba" storage="c:\ocasprojects\apply-api\src\apply-api\src\ocas.domestic.apply.api.services.unittests\bin\release\net461\ocas.domestic.apply.api.services.unittests.dll" id="150037d0-db6e-6a24-7ce8-1b35189961f5">
      <Execution id="373e8a51-fbd4-4c6c-a3d3-67e5dd53f335" />
      <TestMethod codeBase="C:\OcasProjects\apply-api\src\apply-api\src\Ocas.Domestic.Apply.Api.Services.UnitTests\bin\Release\net461\Ocas.Domestic.Apply.Api.Services.UnitTests.dll" adapterTypeName="executor://xunit/VsTestRunner2/net" className="Ocas.Domestic.Apply.Api.Services.UnitTests" name="Ocas.Domestic.Apply.Api.Services.UnitTests.Handlers.GetPartnerBrandingHandlerTests.GetPartnerBrandingHandler_ShouldThrow_WhenCollegeBranding_DoesNotAllowCba" />
    </UnitTest>
    <UnitTest name="Ocas.Domestic.Apply.Api.Services.UnitTests.Validators.Models.AcademicUpgradingValidatorTests.AcademicUpgradingValidator_ShouldFail_WhenDataMissing_InAcademicUpgrading" storage="c:\ocasprojects\apply-api\src\apply-api\src\ocas.domestic.apply.api.services.unittests\bin\release\net461\ocas.domestic.apply.api.services.unittests.dll" id="4b0d2c2f-f3a3-bf10-cc0c-96e494a072c5">
      <Execution id="7b4169af-b1a8-4ebf-a68a-15a26c3a2ad7" />
      <TestMethod codeBase="C:\OcasProjects\apply-api\src\apply-api\src\Ocas.Domestic.Apply.Api.Services.UnitTests\bin\Release\net461\Ocas.Domestic.Apply.Api.Services.UnitTests.dll" adapterTypeName="executor://xunit/VsTestRunner2/net" className="Ocas.Domestic.Apply.Api.Services.UnitTests" name="Ocas.Domestic.Apply.Api.Services.UnitTests.Validators.Models.AcademicUpgradingValidatorTests.AcademicUpgradingValidator_ShouldFail_WhenDataMissing_InAcademicUpgrading" />
    </UnitTest>
    <UnitTest name="Ocas.Domestic.Apply.Api.Services.UnitTests.Handlers.ClaimVoucherHandlerTests.ClaimVoucher_ShouldThrow_WhenShoppingCartProductIsMissing" storage="c:\ocasprojects\apply-api\src\apply-api\src\ocas.domestic.apply.api.services.unittests\bin\release\net461\ocas.domestic.apply.api.services.unittests.dll" id="bd7e7782-00b7-8ffb-6962-9803b6c3ec7e">
      <Execution id="76207b43-a074-4f7c-89ab-558e446ca081" />
      <TestMethod codeBase="C:\OcasProjects\apply-api\src\apply-api\src\Ocas.Domestic.Apply.Api.Services.UnitTests\bin\Release\net461\Ocas.Domestic.Apply.Api.Services.UnitTests.dll" adapterTypeName="executor://xunit/VsTestRunner2/net" className="Ocas.Domestic.Apply.Api.Services.UnitTests" name="Ocas.Domestic.Apply.Api.Services.UnitTests.Handlers.ClaimVoucherHandlerTests.ClaimVoucher_ShouldThrow_WhenShoppingCartProductIsMissing" />
    </UnitTest>
    <UnitTest name="Ocas.Domestic.Apply.Api.Services.UnitTests.Validators.Models.ApplicantValidatorTests.Validator_ShouldFail_When_ArrivalDate_Invalid_Format" storage="c:\ocasprojects\apply-api\src\apply-api\src\ocas.domestic.apply.api.services.unittests\bin\release\net461\ocas.domestic.apply.api.services.unittests.dll" id="8af9a76b-ea90-fe5a-0985-6dec5b804877">
      <Execution id="3f7d074a-1b31-43f2-9d3f-8e9bce6226bb" />
      <TestMethod codeBase="C:\OcasProjects\apply-api\src\apply-api\src\Ocas.Domestic.Apply.Api.Services.UnitTests\bin\Release\net461\Ocas.Domestic.Apply.Api.Services.UnitTests.dll" adapterTypeName="executor://xunit/VsTestRunner2/net" className="Ocas.Domestic.Apply.Api.Services.UnitTests" name="Ocas.Domestic.Apply.Api.Services.UnitTests.Validators.Models.ApplicantValidatorTests.Validator_ShouldFail_When_ArrivalDate_Invalid_Format" />
    </UnitTest>
    <UnitTest name="Ocas.Domestic.Apply.Api.Services.UnitTests.Mappers.ApiMapperTests.MapEducation_ShouldPass_When_HighSchoolWithEtms" storage="c:\ocasprojects\apply-api\src\apply-api\src\ocas.domestic.apply.api.services.unittests\bin\release\net461\ocas.domestic.apply.api.services.unittests.dll" id="2946b4b0-480f-74c5-808b-62cd414e991d">
      <Execution id="02477f0a-fd07-4482-97b6-7414cdb58047" />
      <TestMethod codeBase="C:\OcasProjects\apply-api\src\apply-api\src\Ocas.Domestic.Apply.Api.Services.UnitTests\bin\Release\net461\Ocas.Domestic.Apply.Api.Services.UnitTests.dll" adapterTypeName="executor://xunit/VsTestRunner2/net" className="Ocas.Domestic.Apply.Api.Services.UnitTests" name="Ocas.Domestic.Apply.Api.Services.UnitTests.Mappers.ApiMapperTests.MapEducation_ShouldPass_When_HighSchoolWithEtms" />
    </UnitTest>
    <UnitTest name="Ocas.Domestic.Apply.Api.Services.UnitTests.Extensions.LookupsCacheExtensionsTests.GetSourceId_ShouldPass_When_College_AllowedCba_And_AllowCbaReferralCodeAsSource" storage="c:\ocasprojects\apply-api\src\apply-api\src\ocas.domestic.apply.api.services.unittests\bin\release\net461\ocas.domestic.apply.api.services.unittests.dll" id="708f4493-a706-5c50-f6c6-50262512759e">
      <Execution id="6b4d0eb5-9933-46f5-8d74-77fe8822a9c2" />
      <TestMethod codeBase="C:\OcasProjects\apply-api\src\apply-api\src\Ocas.Domestic.Apply.Api.Services.UnitTests\bin\Release\net461\Ocas.Domestic.Apply.Api.Services.UnitTests.dll" adapterTypeName="executor://xunit/VsTestRunner2/net" className="Ocas.Domestic.Apply.Api.Services.UnitTests" name="Ocas.Domestic.Apply.Api.Services.UnitTests.Extensions.LookupsCacheExtensionsTests.GetSourceId_ShouldPass_When_College_AllowedCba_And_AllowCbaReferralCodeAsSource" />
    </UnitTest>
    <UnitTest name="Ocas.Domestic.Apply.Api.Services.UnitTests.Mappers.ApiMapperTests.MapApplicant_ShouldPass_When_TitleId_Unknown" storage="c:\ocasprojects\apply-api\src\apply-api\src\ocas.domestic.apply.api.services.unittests\bin\release\net461\ocas.domestic.apply.api.services.unittests.dll" id="f22423ff-a79d-8216-10aa-e6bf5cc3861d">
      <Execution id="989dbc01-cba8-4ee9-a198-041bda323e71" />
      <TestMethod codeBase="C:\OcasProjects\apply-api\src\apply-api\src\Ocas.Domestic.Apply.Api.Services.UnitTests\bin\Release\net461\Ocas.Domestic.Apply.Api.Services.UnitTests.dll" adapterTypeName="executor://xunit/VsTestRunner2/net" className="Ocas.Domestic.Apply.Api.Services.UnitTests" name="Ocas.Domestic.Apply.Api.Services.UnitTests.Mappers.ApiMapperTests.MapApplicant_ShouldPass_When_TitleId_Unknown" />
    </UnitTest>
    <UnitTest name="Ocas.Domestic.Apply.Api.Services.UnitTests.Extensions.LookupsCacheExtensionsTests.GetSourceId_ShouldPass_When_College_AllowedCba_And_NotAllowCbaReferralCodeAsSource" storage="c:\ocasprojects\apply-api\src\apply-api\src\ocas.domestic.apply.api.services.unittests\bin\release\net461\ocas.domestic.apply.api.services.unittests.dll" id="e9f5d522-1931-c414-434a-0a06f6f48f9c">
      <Execution id="0c3295b2-5416-4c54-8b2a-bf767c39a943" />
      <TestMethod codeBase="C:\OcasProjects\apply-api\src\apply-api\src\Ocas.Domestic.Apply.Api.Services.UnitTests\bin\Release\net461\Ocas.Domestic.Apply.Api.Services.UnitTests.dll" adapterTypeName="executor://xunit/VsTestRunner2/net" className="Ocas.Domestic.Apply.Api.Services.UnitTests" name="Ocas.Domestic.Apply.Api.Services.UnitTests.Extensions.LookupsCacheExtensionsTests.GetSourceId_ShouldPass_When_College_AllowedCba_And_NotAllowCbaReferralCodeAsSource" />
    </UnitTest>
    <UnitTest name="Ocas.Domestic.Apply.Api.Services.UnitTests.Mappers.ApiMapperTests.MapShoppingCart_ShouldPass_When_NonVoucher_WithReferenceId" storage="c:\ocasprojects\apply-api\src\apply-api\src\ocas.domestic.apply.api.services.unittests\bin\release\net461\ocas.domestic.apply.api.services.unittests.dll" id="6cd48428-dfd2-fcd8-a557-e9bf2dd04329">
      <Execution id="b8d5ff2e-0ce0-415b-be29-42eb2ac51f6f" />
      <TestMethod codeBase="C:\OcasProjects\apply-api\src\apply-api\src\Ocas.Domestic.Apply.Api.Services.UnitTests\bin\Release\net461\Ocas.Domestic.Apply.Api.Services.UnitTests.dll" adapterTypeName="executor://xunit/VsTestRunner2/net" className="Ocas.Domestic.Apply.Api.Services.UnitTests" name="Ocas.Domestic.Apply.Api.Services.UnitTests.Mappers.ApiMapperTests.MapShoppingCart_ShouldPass_When_NonVoucher_WithReferenceId" />
    </UnitTest>
    <UnitTest name="Ocas.Domestic.Apply.Api.Services.UnitTests.Validators.Models.IntlCredentialAssessmentValidatorTests.Validator_ShouldPass_Without_Reference" storage="c:\ocasprojects\apply-api\src\apply-api\src\ocas.domestic.apply.api.services.unittests\bin\release\net461\ocas.domestic.apply.api.services.unittests.dll" id="3a6d3e34-0327-45d8-b70f-e233bb208bc2">
      <Execution id="14737068-29d4-4a87-9b66-3ab2707b20fe" />
      <TestMethod codeBase="C:\OcasProjects\apply-api\src\apply-api\src\Ocas.Domestic.Apply.Api.Services.UnitTests\bin\Release\net461\Ocas.Domestic.Apply.Api.Services.UnitTests.dll" adapterTypeName="executor://xunit/VsTestRunner2/net" className="Ocas.Domestic.Apply.Api.Services.UnitTests" name="Ocas.Domestic.Apply.Api.Services.UnitTests.Validators.Models.IntlCredentialAssessmentValidatorTests.Validator_ShouldPass_Without_Reference" />
    </UnitTest>
    <UnitTest name="Ocas.Domestic.Apply.Api.Services.UnitTests.Validators.Messages.GetProgramChoicesValidatorTests.GetProgramChoicesValidator_ShouldFail_When_Ids_Empty" storage="c:\ocasprojects\apply-api\src\apply-api\src\ocas.domestic.apply.api.services.unittests\bin\release\net461\ocas.domestic.apply.api.services.unittests.dll" id="c142792f-08cd-28a7-4e21-d3afe07a64bf">
      <Execution id="1231beed-58e0-4ce0-80a0-131f65f7dc83" />
      <TestMethod codeBase="C:\OcasProjects\apply-api\src\apply-api\src\Ocas.Domestic.Apply.Api.Services.UnitTests\bin\Release\net461\Ocas.Domestic.Apply.Api.Services.UnitTests.dll" adapterTypeName="executor://xunit/VsTestRunner2/net" className="Ocas.Domestic.Apply.Api.Services.UnitTests" name="Ocas.Domestic.Apply.Api.Services.UnitTests.Validators.Messages.GetProgramChoicesValidatorTests.GetProgramChoicesValidator_ShouldFail_When_Ids_Empty" />
    </UnitTest>
    <UnitTest name="Ocas.Domestic.Apply.Api.Services.UnitTests.Authorization.UserAuthorizationTests.CanAccessApplicantAsync_ShouldFail_When_ApplicantNotActive" storage="c:\ocasprojects\apply-api\src\apply-api\src\ocas.domestic.apply.api.services.unittests\bin\release\net461\ocas.domestic.apply.api.services.unittests.dll" id="8d0dfbe4-b792-9542-5e6b-3b4db3df76c7">
      <Execution id="466401e2-5532-40a4-a9a7-b4264815e24e" />
      <TestMethod codeBase="C:\OcasProjects\apply-api\src\apply-api\src\Ocas.Domestic.Apply.Api.Services.UnitTests\bin\Release\net461\Ocas.Domestic.Apply.Api.Services.UnitTests.dll" adapterTypeName="executor://xunit/VsTestRunner2/net" className="Ocas.Domestic.Apply.Api.Services.UnitTests" name="Ocas.Domestic.Apply.Api.Services.UnitTests.Authorization.UserAuthorizationTests.CanAccessApplicantAsync_ShouldFail_When_ApplicantNotActive" />
    </UnitTest>
    <UnitTest name="Ocas.Domestic.Apply.Api.Services.UnitTests.Handlers.DeclineOfferHandlerTests.DeclineOffer_ShouldThrow_WhenNotActive" storage="c:\ocasprojects\apply-api\src\apply-api\src\ocas.domestic.apply.api.services.unittests\bin\release\net461\ocas.domestic.apply.api.services.unittests.dll" id="9414b5fb-2849-eba4-d186-2b7e7cf2724c">
      <Execution id="2c780186-b60f-4897-82eb-7ad74f839d81" />
      <TestMethod codeBase="C:\OcasProjects\apply-api\src\apply-api\src\Ocas.Domestic.Apply.Api.Services.UnitTests\bin\Release\net461\Ocas.Domestic.Apply.Api.Services.UnitTests.dll" adapterTypeName="executor://xunit/VsTestRunner2/net" className="Ocas.Domestic.Apply.Api.Services.UnitTests" name="Ocas.Domestic.Apply.Api.Services.UnitTests.Handlers.DeclineOfferHandlerTests.DeclineOffer_ShouldThrow_WhenNotActive" />
    </UnitTest>
    <UnitTest name="Ocas.Domestic.Apply.Api.Services.UnitTests.Validators.Models.PayOrderInfoValidatorTests.PayOrderInfoValidator_ShouldFail_WhenMissing" storage="c:\ocasprojects\apply-api\src\apply-api\src\ocas.domestic.apply.api.services.unittests\bin\release\net461\ocas.domestic.apply.api.services.unittests.dll" id="2c2572a2-96e3-6d94-40c3-e40aaa353038">
      <Execution id="3d90d314-6f2a-4ceb-b626-d6853bb536db" />
      <TestMethod codeBase="C:\OcasProjects\apply-api\src\apply-api\src\Ocas.Domestic.Apply.Api.Services.UnitTests\bin\Release\net461\Ocas.Domestic.Apply.Api.Services.UnitTests.dll" adapterTypeName="executor://xunit/VsTestRunner2/net" className="Ocas.Domestic.Apply.Api.Services.UnitTests" name="Ocas.Domestic.Apply.Api.Services.UnitTests.Validators.Models.PayOrderInfoValidatorTests.PayOrderInfoValidator_ShouldFail_WhenMissing" />
    </UnitTest>
    <UnitTest name="Ocas.Domestic.Apply.Api.Services.UnitTests.Handlers.GetPartnerBrandingHandlerTests.GetPartnerBrandingHandler_ShouldPass_WhenCollegeBranding" storage="c:\ocasprojects\apply-api\src\apply-api\src\ocas.domestic.apply.api.services.unittests\bin\release\net461\ocas.domestic.apply.api.services.unittests.dll" id="bbbb1832-aed3-634a-04fd-a795fb80df3a">
      <Execution id="a3cb9181-fe3d-4094-8333-9419260b8ba4" />
      <TestMethod codeBase="C:\OcasProjects\apply-api\src\apply-api\src\Ocas.Domestic.Apply.Api.Services.UnitTests\bin\Release\net461\Ocas.Domestic.Apply.Api.Services.UnitTests.dll" adapterTypeName="executor://xunit/VsTestRunner2/net" className="Ocas.Domestic.Apply.Api.Services.UnitTests" name="Ocas.Domestic.Apply.Api.Services.UnitTests.Handlers.GetPartnerBrandingHandlerTests.GetPartnerBrandingHandler_ShouldPass_WhenCollegeBranding" />
    </UnitTest>
    <UnitTest name="Ocas.Domestic.Apply.Api.Services.UnitTests.Handlers.RemoveVoucherHandlerTests.RemoveVoucher_ShouldThrow_WhenVoucherMissing" storage="c:\ocasprojects\apply-api\src\apply-api\src\ocas.domestic.apply.api.services.unittests\bin\release\net461\ocas.domestic.apply.api.services.unittests.dll" id="e2bf2c29-811a-c45c-908d-c0755feb27e4">
      <Execution id="4bd8f23c-ff44-4b1b-96bd-f90fee58d5ce" />
      <TestMethod codeBase="C:\OcasProjects\apply-api\src\apply-api\src\Ocas.Domestic.Apply.Api.Services.UnitTests\bin\Release\net461\Ocas.Domestic.Apply.Api.Services.UnitTests.dll" adapterTypeName="executor://xunit/VsTestRunner2/net" className="Ocas.Domestic.Apply.Api.Services.UnitTests" name="Ocas.Domestic.Apply.Api.Services.UnitTests.Handlers.RemoveVoucherHandlerTests.RemoveVoucher_ShouldThrow_WhenVoucherMissing" />
    </UnitTest>
    <UnitTest name="Ocas.Domestic.Apply.Api.Services.UnitTests.Validators.Messages.GetCitiesValidatorTests.GetCitiesValidator_ShouldPass_WhenValidProvince" storage="c:\ocasprojects\apply-api\src\apply-api\src\ocas.domestic.apply.api.services.unittests\bin\release\net461\ocas.domestic.apply.api.services.unittests.dll" id="4eebf93a-5557-6354-aad0-e4eee8b98e28">
      <Execution id="436596ea-ccca-4e5b-8630-572af32cd207" />
      <TestMethod codeBase="C:\OcasProjects\apply-api\src\apply-api\src\Ocas.Domestic.Apply.Api.Services.UnitTests\bin\Release\net461\Ocas.Domestic.Apply.Api.Services.UnitTests.dll" adapterTypeName="executor://xunit/VsTestRunner2/net" className="Ocas.Domestic.Apply.Api.Services.UnitTests" name="Ocas.Domestic.Apply.Api.Services.UnitTests.Validators.Messages.GetCitiesValidatorTests.GetCitiesValidator_ShouldPass_WhenValidProvince" />
    </UnitTest>
    <UnitTest name="Ocas.Domestic.Apply.Api.Services.UnitTests.Extensions.LookupsCacheExtensionsTests.GetSourcePartnerId_ShouldPass_When_EmptyPartnerCode" storage="c:\ocasprojects\apply-api\src\apply-api\src\ocas.domestic.apply.api.services.unittests\bin\release\net461\ocas.domestic.apply.api.services.unittests.dll" id="01564961-beb6-395b-3d84-eda52e81fb48">
      <Execution id="3d882bc3-8075-4f4a-8a94-0ddcd27ce286" />
      <TestMethod codeBase="C:\OcasProjects\apply-api\src\apply-api\src\Ocas.Domestic.Apply.Api.Services.UnitTests\bin\Release\net461\Ocas.Domestic.Apply.Api.Services.UnitTests.dll" adapterTypeName="executor://xunit/VsTestRunner2/net" className="Ocas.Domestic.Apply.Api.Services.UnitTests" name="Ocas.Domestic.Apply.Api.Services.UnitTests.Extensions.LookupsCacheExtensionsTests.GetSourcePartnerId_ShouldPass_When_EmptyPartnerCode" />
    </UnitTest>
    <UnitTest name="Ocas.Domestic.Apply.Api.Services.UnitTests.Mappers.ApiMapperTests.MapEducation_ShouldPass_When_UniversityWithoutEtms" storage="c:\ocasprojects\apply-api\src\apply-api\src\ocas.domestic.apply.api.services.unittests\bin\release\net461\ocas.domestic.apply.api.services.unittests.dll" id="05a32734-4b56-8f48-9962-3f5104e77d9d">
      <Execution id="88591330-c662-481e-91b9-31d377e97baa" />
      <TestMethod codeBase="C:\OcasProjects\apply-api\src\apply-api\src\Ocas.Domestic.Apply.Api.Services.UnitTests\bin\Release\net461\Ocas.Domestic.Apply.Api.Services.UnitTests.dll" adapterTypeName="executor://xunit/VsTestRunner2/net" className="Ocas.Domestic.Apply.Api.Services.UnitTests" name="Ocas.Domestic.Apply.Api.Services.UnitTests.Mappers.ApiMapperTests.MapEducation_ShouldPass_When_UniversityWithoutEtms" />
    </UnitTest>
    <UnitTest name="Ocas.Domestic.Apply.Api.Services.UnitTests.Validators.Models.CanadianCollegeValidatorTests.CanadianCollegeValidator_ShouldFail_WhenInstituteTypeDoesNotMatch_InCanadianCollege" storage="c:\ocasprojects\apply-api\src\apply-api\src\ocas.domestic.apply.api.services.unittests\bin\release\net461\ocas.domestic.apply.api.services.unittests.dll" id="31eb33e3-2473-9968-2286-2e331444d4e6">
      <Execution id="a2d3e02b-4ba2-4d39-8584-22cb1825c639" />
      <TestMethod codeBase="C:\OcasProjects\apply-api\src\apply-api\src\Ocas.Domestic.Apply.Api.Services.UnitTests\bin\Release\net461\Ocas.Domestic.Apply.Api.Services.UnitTests.dll" adapterTypeName="executor://xunit/VsTestRunner2/net" className="Ocas.Domestic.Apply.Api.Services.UnitTests" name="Ocas.Domestic.Apply.Api.Services.UnitTests.Validators.Models.CanadianCollegeValidatorTests.CanadianCollegeValidator_ShouldFail_WhenInstituteTypeDoesNotMatch_InCanadianCollege" />
    </UnitTest>
    <UnitTest name="Ocas.Domestic.Apply.Api.Services.UnitTests.Handlers.ClaimVoucherHandlerTests.ClaimVoucher_ShouldThrow_WhenShoppingCartIsEmpty" storage="c:\ocasprojects\apply-api\src\apply-api\src\ocas.domestic.apply.api.services.unittests\bin\release\net461\ocas.domestic.apply.api.services.unittests.dll" id="5e973cd2-83a6-3af9-f814-2e680d585034">
      <Execution id="8c17ee45-5d3f-4a65-bc11-4f27fe981ae6" />
      <TestMethod codeBase="C:\OcasProjects\apply-api\src\apply-api\src\Ocas.Domestic.Apply.Api.Services.UnitTests\bin\Release\net461\Ocas.Domestic.Apply.Api.Services.UnitTests.dll" adapterTypeName="executor://xunit/VsTestRunner2/net" className="Ocas.Domestic.Apply.Api.Services.UnitTests" name="Ocas.Domestic.Apply.Api.Services.UnitTests.Handlers.ClaimVoucherHandlerTests.ClaimVoucher_ShouldThrow_WhenShoppingCartIsEmpty" />
    </UnitTest>
    <UnitTest name="Ocas.Domestic.Apply.Api.Services.UnitTests.Mappers.ApiMapperTests.MapApplicant_ShouldPass_When_TitleId_Known" storage="c:\ocasprojects\apply-api\src\apply-api\src\ocas.domestic.apply.api.services.unittests\bin\release\net461\ocas.domestic.apply.api.services.unittests.dll" id="5e5fbac6-a7b1-f3f6-f5fc-8ae1ec4676e9">
      <Execution id="d24eb60e-ebab-417b-98e1-7dede4806b2a" />
      <TestMethod codeBase="C:\OcasProjects\apply-api\src\apply-api\src\Ocas.Domestic.Apply.Api.Services.UnitTests\bin\Release\net461\Ocas.Domestic.Apply.Api.Services.UnitTests.dll" adapterTypeName="executor://xunit/VsTestRunner2/net" className="Ocas.Domestic.Apply.Api.Services.UnitTests" name="Ocas.Domestic.Apply.Api.Services.UnitTests.Mappers.ApiMapperTests.MapApplicant_ShouldPass_When_TitleId_Known" />
    </UnitTest>
    <UnitTest name="Ocas.Domestic.Apply.Api.Services.UnitTests.Mappers.DtoMapperTests.PatchEducation_Should_Patch_CanadianHighSchool_WhenNoInstituteId" storage="c:\ocasprojects\apply-api\src\apply-api\src\ocas.domestic.apply.api.services.unittests\bin\release\net461\ocas.domestic.apply.api.services.unittests.dll" id="04f68393-97b8-947f-c447-b618f71feef1">
      <Execution id="a20d0db5-772a-462e-9299-25218098d5ac" />
      <TestMethod codeBase="C:\OcasProjects\apply-api\src\apply-api\src\Ocas.Domestic.Apply.Api.Services.UnitTests\bin\Release\net461\Ocas.Domestic.Apply.Api.Services.UnitTests.dll" adapterTypeName="executor://xunit/VsTestRunner2/net" className="Ocas.Domestic.Apply.Api.Services.UnitTests" name="Ocas.Domestic.Apply.Api.Services.UnitTests.Mappers.DtoMapperTests.PatchEducation_Should_Patch_CanadianHighSchool_WhenNoInstituteId" />
    </UnitTest>
    <UnitTest name="Ocas.Domestic.Apply.Api.Services.UnitTests.Mappers.ApiMapperTests.MapTranscriptTransmissions_ShouldPass_Without_Institution" storage="c:\ocasprojects\apply-api\src\apply-api\src\ocas.domestic.apply.api.services.unittests\bin\release\net461\ocas.domestic.apply.api.services.unittests.dll" id="4097aae1-879f-ad00-0262-148a101316f6">
      <Execution id="1f112308-64aa-424d-b894-922bae43bb61" />
      <TestMethod codeBase="C:\OcasProjects\apply-api\src\apply-api\src\Ocas.Domestic.Apply.Api.Services.UnitTests\bin\Release\net461\Ocas.Domestic.Apply.Api.Services.UnitTests.dll" adapterTypeName="executor://xunit/VsTestRunner2/net" className="Ocas.Domestic.Apply.Api.Services.UnitTests" name="Ocas.Domestic.Apply.Api.Services.UnitTests.Mappers.ApiMapperTests.MapTranscriptTransmissions_ShouldPass_Without_Institution" />
    </UnitTest>
    <UnitTest name="Ocas.Domestic.Apply.Api.Services.UnitTests.Validators.Models.AcademicUpgradingValidatorTests.AcademicUpgradingValidator_ShouldPass_WhenAcademicUpgrading" storage="c:\ocasprojects\apply-api\src\apply-api\src\ocas.domestic.apply.api.services.unittests\bin\release\net461\ocas.domestic.apply.api.services.unittests.dll" id="01811f7f-72e5-3442-4e32-ec6a2973bee6">
      <Execution id="82136101-63cf-4047-a720-de6aa68419bc" />
      <TestMethod codeBase="C:\OcasProjects\apply-api\src\apply-api\src\Ocas.Domestic.Apply.Api.Services.UnitTests\bin\Release\net461\Ocas.Domestic.Apply.Api.Services.UnitTests.dll" adapterTypeName="executor://xunit/VsTestRunner2/net" className="Ocas.Domestic.Apply.Api.Services.UnitTests" name="Ocas.Domestic.Apply.Api.Services.UnitTests.Validators.Models.AcademicUpgradingValidatorTests.AcademicUpgradingValidator_ShouldPass_WhenAcademicUpgrading" />
    </UnitTest>
    <UnitTest name="Ocas.Domestic.Apply.Api.Services.UnitTests.Mappers.ApiMapperTests.MapEducation_ShouldPass_When_CollegeWithoutEtms" storage="c:\ocasprojects\apply-api\src\apply-api\src\ocas.domestic.apply.api.services.unittests\bin\release\net461\ocas.domestic.apply.api.services.unittests.dll" id="d727dde0-fbd8-0606-6e2e-98d3b39fab22">
      <Execution id="45057896-85ca-41a6-979a-4e20d17d2563" />
      <TestMethod codeBase="C:\OcasProjects\apply-api\src\apply-api\src\Ocas.Domestic.Apply.Api.Services.UnitTests\bin\Release\net461\Ocas.Domestic.Apply.Api.Services.UnitTests.dll" adapterTypeName="executor://xunit/VsTestRunner2/net" className="Ocas.Domestic.Apply.Api.Services.UnitTests" name="Ocas.Domestic.Apply.Api.Services.UnitTests.Mappers.ApiMapperTests.MapEducation_ShouldPass_When_CollegeWithoutEtms" />
    </UnitTest>
    <UnitTest name="Ocas.Domestic.Apply.Api.Services.UnitTests.Caches.LookupsCacheTests.GetCache_ShouldCallDbOnce_WhenCalledManyTimes" storage="c:\ocasprojects\apply-api\src\apply-api\src\ocas.domestic.apply.api.services.unittests\bin\release\net461\ocas.domestic.apply.api.services.unittests.dll" id="89546f3a-c274-b917-a3b8-18491082d9db">
      <Execution id="2b255556-4db2-4afe-93a2-f37fb54c25a2" />
      <TestMethod codeBase="C:\OcasProjects\apply-api\src\apply-api\src\Ocas.Domestic.Apply.Api.Services.UnitTests\bin\Release\net461\Ocas.Domestic.Apply.Api.Services.UnitTests.dll" adapterTypeName="executor://xunit/VsTestRunner2/net" className="Ocas.Domestic.Apply.Api.Services.UnitTests" name="Ocas.Domestic.Apply.Api.Services.UnitTests.Caches.LookupsCacheTests.GetCache_ShouldCallDbOnce_WhenCalledManyTimes" />
    </UnitTest>
    <UnitTest name="Ocas.Domestic.Apply.Api.Services.UnitTests.Mappers.ApiMapperTests.MapInstituteWarnings_ShouldPass_When_Education" storage="c:\ocasprojects\apply-api\src\apply-api\src\ocas.domestic.apply.api.services.unittests\bin\release\net461\ocas.domestic.apply.api.services.unittests.dll" id="3e967f0c-0c7f-1d72-0724-eb0399376d26">
      <Execution id="ead9ed5d-12b2-4f3f-b9df-3780dd3d06bb" />
      <TestMethod codeBase="C:\OcasProjects\apply-api\src\apply-api\src\Ocas.Domestic.Apply.Api.Services.UnitTests\bin\Release\net461\Ocas.Domestic.Apply.Api.Services.UnitTests.dll" adapterTypeName="executor://xunit/VsTestRunner2/net" className="Ocas.Domestic.Apply.Api.Services.UnitTests" name="Ocas.Domestic.Apply.Api.Services.UnitTests.Mappers.ApiMapperTests.MapInstituteWarnings_ShouldPass_When_Education" />
    </UnitTest>
    <UnitTest name="Ocas.Domestic.Apply.Api.Services.UnitTests.Handlers.UpdateApplicantHandlerTests.UpdateApplicantHandler_ShouldThrow_When_InvalidBirthDate" storage="c:\ocasprojects\apply-api\src\apply-api\src\ocas.domestic.apply.api.services.unittests\bin\release\net461\ocas.domestic.apply.api.services.unittests.dll" id="e44b3482-2d9f-b225-e5e4-1063a8b7c6be">
      <Execution id="140ff3db-fa15-4c3d-aa48-60645944dbfc" />
      <TestMethod codeBase="C:\OcasProjects\apply-api\src\apply-api\src\Ocas.Domestic.Apply.Api.Services.UnitTests\bin\Release\net461\Ocas.Domestic.Apply.Api.Services.UnitTests.dll" adapterTypeName="executor://xunit/VsTestRunner2/net" className="Ocas.Domestic.Apply.Api.Services.UnitTests" name="Ocas.Domestic.Apply.Api.Services.UnitTests.Handlers.UpdateApplicantHandlerTests.UpdateApplicantHandler_ShouldThrow_When_InvalidBirthDate" />
    </UnitTest>
    <UnitTest name="Ocas.Domestic.Apply.Api.Services.UnitTests.Handlers.RemoveVoucherHandlerTests.RemoveVoucher_ShouldThrow_WhenShoppingCartDoesNotExist" storage="c:\ocasprojects\apply-api\src\apply-api\src\ocas.domestic.apply.api.services.unittests\bin\release\net461\ocas.domestic.apply.api.services.unittests.dll" id="eb426742-d742-5f49-a8df-4878ae6685ac">
      <Execution id="40417a52-bacf-44fd-be21-8f16a7e4b8c4" />
      <TestMethod codeBase="C:\OcasProjects\apply-api\src\apply-api\src\Ocas.Domestic.Apply.Api.Services.UnitTests\bin\Release\net461\Ocas.Domestic.Apply.Api.Services.UnitTests.dll" adapterTypeName="executor://xunit/VsTestRunner2/net" className="Ocas.Domestic.Apply.Api.Services.UnitTests" name="Ocas.Domestic.Apply.Api.Services.UnitTests.Handlers.RemoveVoucherHandlerTests.RemoveVoucher_ShouldThrow_WhenShoppingCartDoesNotExist" />
    </UnitTest>
    <UnitTest name="Ocas.Domestic.Apply.Api.Services.UnitTests.Mappers.ApiMapperTests.MapOrderDetail_ShouldPass_When_NotVoucher" storage="c:\ocasprojects\apply-api\src\apply-api\src\ocas.domestic.apply.api.services.unittests\bin\release\net461\ocas.domestic.apply.api.services.unittests.dll" id="b0f06964-cb08-16c2-dcb1-77edb2f9ea5b">
      <Execution id="c9255018-5277-4093-9be4-71b1b208d3b1" />
      <TestMethod codeBase="C:\OcasProjects\apply-api\src\apply-api\src\Ocas.Domestic.Apply.Api.Services.UnitTests\bin\Release\net461\Ocas.Domestic.Apply.Api.Services.UnitTests.dll" adapterTypeName="executor://xunit/VsTestRunner2/net" className="Ocas.Domestic.Apply.Api.Services.UnitTests" name="Ocas.Domestic.Apply.Api.Services.UnitTests.Mappers.ApiMapperTests.MapOrderDetail_ShouldPass_When_NotVoucher" />
    </UnitTest>
    <UnitTest name="Ocas.Domestic.Apply.Api.Services.UnitTests.Validators.Messages.UpdateEducationStatusValidatorTests.Validator_ShouldFail_WhenEnrolled_PastGraduationDate" storage="c:\ocasprojects\apply-api\src\apply-api\src\ocas.domestic.apply.api.services.unittests\bin\release\net461\ocas.domestic.apply.api.services.unittests.dll" id="59046925-1500-625c-88eb-7e6d5e156f7c">
      <Execution id="8693c966-3413-4a60-a408-ec9a5bcd73bf" />
      <TestMethod codeBase="C:\OcasProjects\apply-api\src\apply-api\src\Ocas.Domestic.Apply.Api.Services.UnitTests\bin\Release\net461\Ocas.Domestic.Apply.Api.Services.UnitTests.dll" adapterTypeName="executor://xunit/VsTestRunner2/net" className="Ocas.Domestic.Apply.Api.Services.UnitTests" name="Ocas.Domestic.Apply.Api.Services.UnitTests.Validators.Messages.UpdateEducationStatusValidatorTests.Validator_ShouldFail_WhenEnrolled_PastGraduationDate" />
    </UnitTest>
    <UnitTest name="Ocas.Domestic.Apply.Api.Services.UnitTests.Handlers.CreateTranscriptRequestHandlerTests.CreateTranscriptRequest_ShouldThrow_When_UniversityRequest_ToInstituteIdEmpty" storage="c:\ocasprojects\apply-api\src\apply-api\src\ocas.domestic.apply.api.services.unittests\bin\release\net461\ocas.domestic.apply.api.services.unittests.dll" id="4a44bc43-7aff-e730-c2be-86dc744c227a">
      <Execution id="f6e5e6e9-7198-4dcb-8a07-5d49f6e725a0" />
      <TestMethod codeBase="C:\OcasProjects\apply-api\src\apply-api\src\Ocas.Domestic.Apply.Api.Services.UnitTests\bin\Release\net461\Ocas.Domestic.Apply.Api.Services.UnitTests.dll" adapterTypeName="executor://xunit/VsTestRunner2/net" className="Ocas.Domestic.Apply.Api.Services.UnitTests" name="Ocas.Domestic.Apply.Api.Services.UnitTests.Handlers.CreateTranscriptRequestHandlerTests.CreateTranscriptRequest_ShouldThrow_When_UniversityRequest_ToInstituteIdEmpty" />
    </UnitTest>
    <UnitTest name="Ocas.Domestic.Apply.Api.Services.UnitTests.Handlers.UpdateProgramChoicesHandlerTests.UpdateProgramChoicesHandler_ShouldPass_When_IntakeAvailabilityClosed_With_OcasUser" storage="c:\ocasprojects\apply-api\src\apply-api\src\ocas.domestic.apply.api.services.unittests\bin\release\net461\ocas.domestic.apply.api.services.unittests.dll" id="d3e53466-0b9b-0056-a8ab-1c9fa0d1f250">
      <Execution id="05ef475e-9662-4562-9d0f-82e7d6613af2" />
      <TestMethod codeBase="C:\OcasProjects\apply-api\src\apply-api\src\Ocas.Domestic.Apply.Api.Services.UnitTests\bin\Release\net461\Ocas.Domestic.Apply.Api.Services.UnitTests.dll" adapterTypeName="executor://xunit/VsTestRunner2/net" className="Ocas.Domestic.Apply.Api.Services.UnitTests" name="Ocas.Domestic.Apply.Api.Services.UnitTests.Handlers.UpdateProgramChoicesHandlerTests.UpdateProgramChoicesHandler_ShouldPass_When_IntakeAvailabilityClosed_With_OcasUser" />
    </UnitTest>
    <UnitTest name="Ocas.Domestic.Apply.Api.Services.UnitTests.Handlers.RemoveVoucherHandlerTests.RemoveVoucher_ShouldPass" storage="c:\ocasprojects\apply-api\src\apply-api\src\ocas.domestic.apply.api.services.unittests\bin\release\net461\ocas.domestic.apply.api.services.unittests.dll" id="81ff59e4-fa80-8714-bb08-ee178a161461">
      <Execution id="137b8715-4c2b-4f19-91b4-5fc23b219970" />
      <TestMethod codeBase="C:\OcasProjects\apply-api\src\apply-api\src\Ocas.Domestic.Apply.Api.Services.UnitTests\bin\Release\net461\Ocas.Domestic.Apply.Api.Services.UnitTests.dll" adapterTypeName="executor://xunit/VsTestRunner2/net" className="Ocas.Domestic.Apply.Api.Services.UnitTests" name="Ocas.Domestic.Apply.Api.Services.UnitTests.Handlers.RemoveVoucherHandlerTests.RemoveVoucher_ShouldPass" />
    </UnitTest>
    <UnitTest name="Ocas.Domestic.Apply.Api.Services.UnitTests.Handlers.RemoveEducationHandlerTests.RemoveEducationHandler_ShouldThrow_When_HasPaidApplication" storage="c:\ocasprojects\apply-api\src\apply-api\src\ocas.domestic.apply.api.services.unittests\bin\release\net461\ocas.domestic.apply.api.services.unittests.dll" id="c67bdc03-bb2d-4221-f95c-de1c22cddf5a">
      <Execution id="a3e90e35-7a37-4d9f-90b8-17217717ebcf" />
      <TestMethod codeBase="C:\OcasProjects\apply-api\src\apply-api\src\Ocas.Domestic.Apply.Api.Services.UnitTests\bin\Release\net461\Ocas.Domestic.Apply.Api.Services.UnitTests.dll" adapterTypeName="executor://xunit/VsTestRunner2/net" className="Ocas.Domestic.Apply.Api.Services.UnitTests" name="Ocas.Domestic.Apply.Api.Services.UnitTests.Handlers.RemoveEducationHandlerTests.RemoveEducationHandler_ShouldThrow_When_HasPaidApplication" />
    </UnitTest>
    <UnitTest name="Ocas.Domestic.Apply.Api.Services.UnitTests.Validators.Messages.UpdateProgramChoicesValidatorTests.UpdateProgramChoicesValidator_ShouldFail_When_ProgramChoicesSame" storage="c:\ocasprojects\apply-api\src\apply-api\src\ocas.domestic.apply.api.services.unittests\bin\release\net461\ocas.domestic.apply.api.services.unittests.dll" id="be9f8c28-fed7-1aa3-f187-505d31bacecb">
      <Execution id="ed13d0b3-4c43-41e6-b8e7-84e0ae672cd0" />
      <TestMethod codeBase="C:\OcasProjects\apply-api\src\apply-api\src\Ocas.Domestic.Apply.Api.Services.UnitTests\bin\Release\net461\Ocas.Domestic.Apply.Api.Services.UnitTests.dll" adapterTypeName="executor://xunit/VsTestRunner2/net" className="Ocas.Domestic.Apply.Api.Services.UnitTests" name="Ocas.Domestic.Apply.Api.Services.UnitTests.Validators.Messages.UpdateProgramChoicesValidatorTests.UpdateProgramChoicesValidator_ShouldFail_When_ProgramChoicesSame" />
    </UnitTest>
    <UnitTest name="Ocas.Domestic.Apply.Api.Services.UnitTests.Extensions.LookupsCacheExtensionsTests.GetSourcePartnerId_ShouldPass_When_College_AllowedCba" storage="c:\ocasprojects\apply-api\src\apply-api\src\ocas.domestic.apply.api.services.unittests\bin\release\net461\ocas.domestic.apply.api.services.unittests.dll" id="dd2aa04b-ed56-dcc4-0059-4c865894256e">
      <Execution id="7926d760-0a05-4d22-8260-fbcd0b855edf" />
      <TestMethod codeBase="C:\OcasProjects\apply-api\src\apply-api\src\Ocas.Domestic.Apply.Api.Services.UnitTests\bin\Release\net461\Ocas.Domestic.Apply.Api.Services.UnitTests.dll" adapterTypeName="executor://xunit/VsTestRunner2/net" className="Ocas.Domestic.Apply.Api.Services.UnitTests" name="Ocas.Domestic.Apply.Api.Services.UnitTests.Extensions.LookupsCacheExtensionsTests.GetSourcePartnerId_ShouldPass_When_College_AllowedCba" />
    </UnitTest>
    <UnitTest name="Ocas.Domestic.Apply.Api.Services.UnitTests.Validators.Messages.UpdateProgramChoicesValidatorTests.UpdateProgramChoicesValidator_ShouldFail_When_ProgramChoicesOverMax" storage="c:\ocasprojects\apply-api\src\apply-api\src\ocas.domestic.apply.api.services.unittests\bin\release\net461\ocas.domestic.apply.api.services.unittests.dll" id="46df3c00-8fa5-4145-888a-8edccce125f4">
      <Execution id="56d8247b-00a1-46f5-bc77-293fc207575f" />
      <TestMethod codeBase="C:\OcasProjects\apply-api\src\apply-api\src\Ocas.Domestic.Apply.Api.Services.UnitTests\bin\Release\net461\Ocas.Domestic.Apply.Api.Services.UnitTests.dll" adapterTypeName="executor://xunit/VsTestRunner2/net" className="Ocas.Domestic.Apply.Api.Services.UnitTests" name="Ocas.Domestic.Apply.Api.Services.UnitTests.Validators.Messages.UpdateProgramChoicesValidatorTests.UpdateProgramChoicesValidator_ShouldFail_When_ProgramChoicesOverMax" />
    </UnitTest>
    <UnitTest name="Ocas.Domestic.Apply.Api.Services.UnitTests.Validators.EmailValidatorTests.Validator_ShouldPass" storage="c:\ocasprojects\apply-api\src\apply-api\src\ocas.domestic.apply.api.services.unittests\bin\release\net461\ocas.domestic.apply.api.services.unittests.dll" id="31a2eb24-7f90-2904-f67e-e851e057e5d3">
      <Execution id="733da393-6589-437b-a85b-d679d4635322" />
      <TestMethod codeBase="C:\OcasProjects\apply-api\src\apply-api\src\Ocas.Domestic.Apply.Api.Services.UnitTests\bin\Release\net461\Ocas.Domestic.Apply.Api.Services.UnitTests.dll" adapterTypeName="executor://xunit/VsTestRunner2/net" className="Ocas.Domestic.Apply.Api.Services.UnitTests" name="Ocas.Domestic.Apply.Api.Services.UnitTests.Validators.EmailValidatorTests.Validator_ShouldPass" />
    </UnitTest>
    <UnitTest name="Ocas.Domestic.Apply.Api.Services.UnitTests.Validators.Models.ApplicantValidatorTests.Validator_ShouldPass_With_SponsorAgencyId" storage="c:\ocasprojects\apply-api\src\apply-api\src\ocas.domestic.apply.api.services.unittests\bin\release\net461\ocas.domestic.apply.api.services.unittests.dll" id="1988933d-f2ff-4d8f-b0eb-a4164eda7166">
      <Execution id="7d870126-b4a3-42b5-b55d-676081d52e7c" />
      <TestMethod codeBase="C:\OcasProjects\apply-api\src\apply-api\src\Ocas.Domestic.Apply.Api.Services.UnitTests\bin\Release\net461\Ocas.Domestic.Apply.Api.Services.UnitTests.dll" adapterTypeName="executor://xunit/VsTestRunner2/net" className="Ocas.Domestic.Apply.Api.Services.UnitTests" name="Ocas.Domestic.Apply.Api.Services.UnitTests.Validators.Models.ApplicantValidatorTests.Validator_ShouldPass_With_SponsorAgencyId" />
    </UnitTest>
    <UnitTest name="Ocas.Domestic.Apply.Api.Services.UnitTests.Handlers.GetFinancialTransactionsHandlerTests.GetFinancialTransactionsHandler_ShouldPass" storage="c:\ocasprojects\apply-api\src\apply-api\src\ocas.domestic.apply.api.services.unittests\bin\release\net461\ocas.domestic.apply.api.services.unittests.dll" id="75996488-e26c-f380-948b-9b30e7e80b41">
      <Execution id="175f7f2c-b58e-4c7f-b3a5-dbc06955fbaa" />
      <TestMethod codeBase="C:\OcasProjects\apply-api\src\apply-api\src\Ocas.Domestic.Apply.Api.Services.UnitTests\bin\Release\net461\Ocas.Domestic.Apply.Api.Services.UnitTests.dll" adapterTypeName="executor://xunit/VsTestRunner2/net" className="Ocas.Domestic.Apply.Api.Services.UnitTests" name="Ocas.Domestic.Apply.Api.Services.UnitTests.Handlers.GetFinancialTransactionsHandlerTests.GetFinancialTransactionsHandler_ShouldPass" />
    </UnitTest>
    <UnitTest name="Ocas.Domestic.Apply.Api.Services.UnitTests.Validators.IApplicantUserValidatorTests.Validator_ShouldFail_WhenNoUser" storage="c:\ocasprojects\apply-api\src\apply-api\src\ocas.domestic.apply.api.services.unittests\bin\release\net461\ocas.domestic.apply.api.services.unittests.dll" id="f96ea1ea-a91a-247e-384a-88d9e1e6dc27">
      <Execution id="340de834-9c9b-4f9d-84ca-78d9d7a2e143" />
      <TestMethod codeBase="C:\OcasProjects\apply-api\src\apply-api\src\Ocas.Domestic.Apply.Api.Services.UnitTests\bin\Release\net461\Ocas.Domestic.Apply.Api.Services.UnitTests.dll" adapterTypeName="executor://xunit/VsTestRunner2/net" className="Ocas.Domestic.Apply.Api.Services.UnitTests" name="Ocas.Domestic.Apply.Api.Services.UnitTests.Validators.IApplicantUserValidatorTests.Validator_ShouldFail_WhenNoUser" />
    </UnitTest>
    <UnitTest name="Ocas.Domestic.Apply.Api.Services.UnitTests.Validators.Messages.UpdateEducationStatusValidatorTests.Validator_ShouldFail_WhenEnrolled_NoGraduationDate" storage="c:\ocasprojects\apply-api\src\apply-api\src\ocas.domestic.apply.api.services.unittests\bin\release\net461\ocas.domestic.apply.api.services.unittests.dll" id="e0724787-b8a4-767f-e0c4-7978f8d56e2b">
      <Execution id="4b045cf8-8730-4143-beee-e9c9ddcd6557" />
      <TestMethod codeBase="C:\OcasProjects\apply-api\src\apply-api\src\Ocas.Domestic.Apply.Api.Services.UnitTests\bin\Release\net461\Ocas.Domestic.Apply.Api.Services.UnitTests.dll" adapterTypeName="executor://xunit/VsTestRunner2/net" className="Ocas.Domestic.Apply.Api.Services.UnitTests" name="Ocas.Domestic.Apply.Api.Services.UnitTests.Validators.Messages.UpdateEducationStatusValidatorTests.Validator_ShouldFail_WhenEnrolled_NoGraduationDate" />
    </UnitTest>
    <UnitTest name="Ocas.Domestic.Apply.Api.Services.UnitTests.Handlers.UpdateInternationalCreditAssessmentHandlerTests.UpdateInternationalCreditAssessmentHandler_ShouldPass_When_IntlCredentialAssessment_Created" storage="c:\ocasprojects\apply-api\src\apply-api\src\ocas.domestic.apply.api.services.unittests\bin\release\net461\ocas.domestic.apply.api.services.unittests.dll" id="90bc5d1e-f945-be39-08df-8ebfca47c33a">
      <Execution id="3b3bba2e-58bb-4b13-98a2-92409d726b4f" />
      <TestMethod codeBase="C:\OcasProjects\apply-api\src\apply-api\src\Ocas.Domestic.Apply.Api.Services.UnitTests\bin\Release\net461\Ocas.Domestic.Apply.Api.Services.UnitTests.dll" adapterTypeName="executor://xunit/VsTestRunner2/net" className="Ocas.Domestic.Apply.Api.Services.UnitTests" name="Ocas.Domestic.Apply.Api.Services.UnitTests.Handlers.UpdateInternationalCreditAssessmentHandlerTests.UpdateInternationalCreditAssessmentHandler_ShouldPass_When_IntlCredentialAssessment_Created" />
    </UnitTest>
    <UnitTest name="Ocas.Domestic.Apply.Api.Services.UnitTests.Handlers.GetSupportingDocumentFileHandlerTests.GetSupportingDocumentFileHandler_Should_Throw_When_Base64_Empty" storage="c:\ocasprojects\apply-api\src\apply-api\src\ocas.domestic.apply.api.services.unittests\bin\release\net461\ocas.domestic.apply.api.services.unittests.dll" id="7e3612ed-a062-be4f-5d2b-4590a254a22c">
      <Execution id="afa969c4-6d9c-4eda-8e2d-aae7da8756c8" />
      <TestMethod codeBase="C:\OcasProjects\apply-api\src\apply-api\src\Ocas.Domestic.Apply.Api.Services.UnitTests\bin\Release\net461\Ocas.Domestic.Apply.Api.Services.UnitTests.dll" adapterTypeName="executor://xunit/VsTestRunner2/net" className="Ocas.Domestic.Apply.Api.Services.UnitTests" name="Ocas.Domestic.Apply.Api.Services.UnitTests.Handlers.GetSupportingDocumentFileHandlerTests.GetSupportingDocumentFileHandler_Should_Throw_When_Base64_Empty" />
    </UnitTest>
    <UnitTest name="Ocas.Domestic.Apply.Api.Services.UnitTests.Validators.Models.CanadianCollegeValidatorTests.CanadianCollegeValidator_ShouldFail_WhenState_InCanadianCollege" storage="c:\ocasprojects\apply-api\src\apply-api\src\ocas.domestic.apply.api.services.unittests\bin\release\net461\ocas.domestic.apply.api.services.unittests.dll" id="e3a69c14-e4b3-d98e-0dca-4fc73c9df075">
      <Execution id="2258bc3a-588b-4cac-b00f-7f0c4766703d" />
      <TestMethod codeBase="C:\OcasProjects\apply-api\src\apply-api\src\Ocas.Domestic.Apply.Api.Services.UnitTests\bin\Release\net461\Ocas.Domestic.Apply.Api.Services.UnitTests.dll" adapterTypeName="executor://xunit/VsTestRunner2/net" className="Ocas.Domestic.Apply.Api.Services.UnitTests" name="Ocas.Domestic.Apply.Api.Services.UnitTests.Validators.Models.CanadianCollegeValidatorTests.CanadianCollegeValidator_ShouldFail_WhenState_InCanadianCollege" />
    </UnitTest>
    <UnitTest name="Ocas.Domestic.Apply.Api.Services.UnitTests.Mappers.ApiMapperTests.MapApplicant_ShouldPass_When_AboriginalStatusId_NotShownInPortal" storage="c:\ocasprojects\apply-api\src\apply-api\src\ocas.domestic.apply.api.services.unittests\bin\release\net461\ocas.domestic.apply.api.services.unittests.dll" id="b634ad24-ca64-d924-9e4d-2d097063324f">
      <Execution id="b5e3d133-1f15-4521-b477-8e61f3c08e88" />
      <TestMethod codeBase="C:\OcasProjects\apply-api\src\apply-api\src\Ocas.Domestic.Apply.Api.Services.UnitTests\bin\Release\net461\Ocas.Domestic.Apply.Api.Services.UnitTests.dll" adapterTypeName="executor://xunit/VsTestRunner2/net" className="Ocas.Domestic.Apply.Api.Services.UnitTests" name="Ocas.Domestic.Apply.Api.Services.UnitTests.Mappers.ApiMapperTests.MapApplicant_ShouldPass_When_AboriginalStatusId_NotShownInPortal" />
    </UnitTest>
    <UnitTest name="Ocas.Domestic.Apply.Api.Services.UnitTests.Handlers.GetPartnerBrandingHandlerTests.GetPartnerBrandingHandler_ShouldPass_WhenPartnerBranding" storage="c:\ocasprojects\apply-api\src\apply-api\src\ocas.domestic.apply.api.services.unittests\bin\release\net461\ocas.domestic.apply.api.services.unittests.dll" id="0645b3e6-f972-8996-50d9-ea7e73a9e50d">
      <Execution id="0125241f-3719-421c-978a-a1aad4eb7c08" />
      <TestMethod codeBase="C:\OcasProjects\apply-api\src\apply-api\src\Ocas.Domestic.Apply.Api.Services.UnitTests\bin\Release\net461\Ocas.Domestic.Apply.Api.Services.UnitTests.dll" adapterTypeName="executor://xunit/VsTestRunner2/net" className="Ocas.Domestic.Apply.Api.Services.UnitTests" name="Ocas.Domestic.Apply.Api.Services.UnitTests.Handlers.GetPartnerBrandingHandlerTests.GetPartnerBrandingHandler_ShouldPass_WhenPartnerBranding" />
    </UnitTest>
    <UnitTest name="Ocas.Domestic.Apply.Api.Services.UnitTests.Validators.Models.PayOrderInfoValidatorTests.PayOrderInfoValidator_ShouldFail_WhenCscTooShort" storage="c:\ocasprojects\apply-api\src\apply-api\src\ocas.domestic.apply.api.services.unittests\bin\release\net461\ocas.domestic.apply.api.services.unittests.dll" id="abc25e64-7fed-bcec-988f-a323a13ace46">
      <Execution id="de95bd4a-ea55-458f-8bf7-5883f25205a5" />
      <TestMethod codeBase="C:\OcasProjects\apply-api\src\apply-api\src\Ocas.Domestic.Apply.Api.Services.UnitTests\bin\Release\net461\Ocas.Domestic.Apply.Api.Services.UnitTests.dll" adapterTypeName="executor://xunit/VsTestRunner2/net" className="Ocas.Domestic.Apply.Api.Services.UnitTests" name="Ocas.Domestic.Apply.Api.Services.UnitTests.Validators.Models.PayOrderInfoValidatorTests.PayOrderInfoValidator_ShouldFail_WhenCscTooShort" />
    </UnitTest>
    <UnitTest name="Ocas.Domestic.Apply.Api.Services.UnitTests.Handlers.UpdateProgramChoicesHandlerTests.UpdateProgramChoicesHandler_ShouldThrow_When_GreaterThanMaxCollegeChoices" storage="c:\ocasprojects\apply-api\src\apply-api\src\ocas.domestic.apply.api.services.unittests\bin\release\net461\ocas.domestic.apply.api.services.unittests.dll" id="c8a4513e-3e03-2bcf-ee19-af79dfac1407">
      <Execution id="755e894d-a745-462f-a709-bcf8bcd1a718" />
      <TestMethod codeBase="C:\OcasProjects\apply-api\src\apply-api\src\Ocas.Domestic.Apply.Api.Services.UnitTests\bin\Release\net461\Ocas.Domestic.Apply.Api.Services.UnitTests.dll" adapterTypeName="executor://xunit/VsTestRunner2/net" className="Ocas.Domestic.Apply.Api.Services.UnitTests" name="Ocas.Domestic.Apply.Api.Services.UnitTests.Handlers.UpdateProgramChoicesHandlerTests.UpdateProgramChoicesHandler_ShouldThrow_When_GreaterThanMaxCollegeChoices" />
    </UnitTest>
    <UnitTest name="Ocas.Domestic.Apply.Api.Services.UnitTests.Mappers.DtoMapperTests.PatchEducation_Should_Patch_OntarioCanadianHighSchool" storage="c:\ocasprojects\apply-api\src\apply-api\src\ocas.domestic.apply.api.services.unittests\bin\release\net461\ocas.domestic.apply.api.services.unittests.dll" id="c041ed90-e01c-f6fd-01d3-44ed101d5ea6">
      <Execution id="a1f173e4-20f3-41cc-bb6c-95db57b8c24c" />
      <TestMethod codeBase="C:\OcasProjects\apply-api\src\apply-api\src\Ocas.Domestic.Apply.Api.Services.UnitTests\bin\Release\net461\Ocas.Domestic.Apply.Api.Services.UnitTests.dll" adapterTypeName="executor://xunit/VsTestRunner2/net" className="Ocas.Domestic.Apply.Api.Services.UnitTests" name="Ocas.Domestic.Apply.Api.Services.UnitTests.Mappers.DtoMapperTests.PatchEducation_Should_Patch_OntarioCanadianHighSchool" />
    </UnitTest>
    <UnitTest name="Ocas.Domestic.Apply.Api.Services.UnitTests.Handlers.DeclineAllOffersHandlerTests.DeclineAllOffers_ShouldThrow_WhenLockedOut" storage="c:\ocasprojects\apply-api\src\apply-api\src\ocas.domestic.apply.api.services.unittests\bin\release\net461\ocas.domestic.apply.api.services.unittests.dll" id="082b5d59-8aab-4443-fa33-010759b6e357">
      <Execution id="cb39f0a3-44d0-4d62-a6a4-1a97f09d3e1e" />
      <TestMethod codeBase="C:\OcasProjects\apply-api\src\apply-api\src\Ocas.Domestic.Apply.Api.Services.UnitTests\bin\Release\net461\Ocas.Domestic.Apply.Api.Services.UnitTests.dll" adapterTypeName="executor://xunit/VsTestRunner2/net" className="Ocas.Domestic.Apply.Api.Services.UnitTests" name="Ocas.Domestic.Apply.Api.Services.UnitTests.Handlers.DeclineAllOffersHandlerTests.DeclineAllOffers_ShouldThrow_WhenLockedOut" />
    </UnitTest>
    <UnitTest name="Ocas.Domestic.Apply.Api.Services.UnitTests.Validators.Models.CanadianUniversityValidatorTests.CanadianUniversityValidator_ShouldFail_WhenMissingFields_InCanadianUniversity" storage="c:\ocasprojects\apply-api\src\apply-api\src\ocas.domestic.apply.api.services.unittests\bin\release\net461\ocas.domestic.apply.api.services.unittests.dll" id="88e4fab6-8cad-0edb-0ec3-99a6027d41d1">
      <Execution id="0c9cefbb-78dd-41df-9dfe-870a9190d406" />
      <TestMethod codeBase="C:\OcasProjects\apply-api\src\apply-api\src\Ocas.Domestic.Apply.Api.Services.UnitTests\bin\Release\net461\Ocas.Domestic.Apply.Api.Services.UnitTests.dll" adapterTypeName="executor://xunit/VsTestRunner2/net" className="Ocas.Domestic.Apply.Api.Services.UnitTests" name="Ocas.Domestic.Apply.Api.Services.UnitTests.Validators.Models.CanadianUniversityValidatorTests.CanadianUniversityValidator_ShouldFail_WhenMissingFields_InCanadianUniversity" />
    </UnitTest>
    <UnitTest name="Ocas.Domestic.Apply.Api.Services.UnitTests.Validators.Models.PayOrderInfoValidatorTests.PayOrderInfoValidator_ShouldFail_WhenCscTooLong" storage="c:\ocasprojects\apply-api\src\apply-api\src\ocas.domestic.apply.api.services.unittests\bin\release\net461\ocas.domestic.apply.api.services.unittests.dll" id="a68e05d0-5d0a-e035-2dea-fe328ac85fe7">
      <Execution id="0fc7529f-edd8-497a-8d78-b6e8a0f4a339" />
      <TestMethod codeBase="C:\OcasProjects\apply-api\src\apply-api\src\Ocas.Domestic.Apply.Api.Services.UnitTests\bin\Release\net461\Ocas.Domestic.Apply.Api.Services.UnitTests.dll" adapterTypeName="executor://xunit/VsTestRunner2/net" className="Ocas.Domestic.Apply.Api.Services.UnitTests" name="Ocas.Domestic.Apply.Api.Services.UnitTests.Validators.Models.PayOrderInfoValidatorTests.PayOrderInfoValidator_ShouldFail_WhenCscTooLong" />
    </UnitTest>
    <UnitTest name="Ocas.Domestic.Apply.Api.Services.UnitTests.Validators.Models.InternationalEducationValidatorTests.InternationalEducationValidator_ShouldFail_WhenInvalidRequiredFields_InternationalPostSecondary" storage="c:\ocasprojects\apply-api\src\apply-api\src\ocas.domestic.apply.api.services.unittests\bin\release\net461\ocas.domestic.apply.api.services.unittests.dll" id="ce585d3e-2e30-992c-c19b-596e6a254610">
      <Execution id="c465abca-b6a2-40c8-a7e5-ee14ec7a0b67" />
      <TestMethod codeBase="C:\OcasProjects\apply-api\src\apply-api\src\Ocas.Domestic.Apply.Api.Services.UnitTests\bin\Release\net461\Ocas.Domestic.Apply.Api.Services.UnitTests.dll" adapterTypeName="executor://xunit/VsTestRunner2/net" className="Ocas.Domestic.Apply.Api.Services.UnitTests" name="Ocas.Domestic.Apply.Api.Services.UnitTests.Validators.Models.InternationalEducationValidatorTests.InternationalEducationValidator_ShouldFail_WhenInvalidRequiredFields_InternationalPostSecondary" />
    </UnitTest>
    <UnitTest name="Ocas.Domestic.Apply.Api.Services.UnitTests.Handlers.UpdateProgramChoicesHandlerTests.UpdateProgramChoicesHandler_ShouldThrow_When_IntakePromotional" storage="c:\ocasprojects\apply-api\src\apply-api\src\ocas.domestic.apply.api.services.unittests\bin\release\net461\ocas.domestic.apply.api.services.unittests.dll" id="bd720540-8636-fbc3-9677-ceed40f8e125">
      <Execution id="01c501b4-e9bf-4381-afdc-f324f41803ed" />
      <TestMethod codeBase="C:\OcasProjects\apply-api\src\apply-api\src\Ocas.Domestic.Apply.Api.Services.UnitTests\bin\Release\net461\Ocas.Domestic.Apply.Api.Services.UnitTests.dll" adapterTypeName="executor://xunit/VsTestRunner2/net" className="Ocas.Domestic.Apply.Api.Services.UnitTests" name="Ocas.Domestic.Apply.Api.Services.UnitTests.Handlers.UpdateProgramChoicesHandlerTests.UpdateProgramChoicesHandler_ShouldThrow_When_IntakePromotional" />
    </UnitTest>
    <UnitTest name="Ocas.Domestic.Apply.Api.Services.UnitTests.Mappers.ApiMapperTests.MapOffers_ShouldPass_When_SoftExpiryDate_Future_Then_IsSoftExpired_False" storage="c:\ocasprojects\apply-api\src\apply-api\src\ocas.domestic.apply.api.services.unittests\bin\release\net461\ocas.domestic.apply.api.services.unittests.dll" id="1bb63996-4c85-cbaf-32a1-88ea3b5e3235">
      <Execution id="4edcf056-2077-46d2-af7e-736ec411feea" />
      <TestMethod codeBase="C:\OcasProjects\apply-api\src\apply-api\src\Ocas.Domestic.Apply.Api.Services.UnitTests\bin\Release\net461\Ocas.Domestic.Apply.Api.Services.UnitTests.dll" adapterTypeName="executor://xunit/VsTestRunner2/net" className="Ocas.Domestic.Apply.Api.Services.UnitTests" name="Ocas.Domestic.Apply.Api.Services.UnitTests.Mappers.ApiMapperTests.MapOffers_ShouldPass_When_SoftExpiryDate_Future_Then_IsSoftExpired_False" />
    </UnitTest>
    <UnitTest name="Ocas.Domestic.Apply.Api.Services.UnitTests.Mappers.ApiMapperTests.MapTranscriptRequest_ShouldPass_When_University" storage="c:\ocasprojects\apply-api\src\apply-api\src\ocas.domestic.apply.api.services.unittests\bin\release\net461\ocas.domestic.apply.api.services.unittests.dll" id="517e6ef5-798c-5592-0729-3345fdecd2b0">
      <Execution id="1f031759-ae4b-44f4-b513-b87115b8c07d" />
      <TestMethod codeBase="C:\OcasProjects\apply-api\src\apply-api\src\Ocas.Domestic.Apply.Api.Services.UnitTests\bin\Release\net461\Ocas.Domestic.Apply.Api.Services.UnitTests.dll" adapterTypeName="executor://xunit/VsTestRunner2/net" className="Ocas.Domestic.Apply.Api.Services.UnitTests" name="Ocas.Domestic.Apply.Api.Services.UnitTests.Mappers.ApiMapperTests.MapTranscriptRequest_ShouldPass_When_University" />
    </UnitTest>
    <UnitTest name="Ocas.Domestic.Apply.Api.Services.UnitTests.Handlers.ClaimVoucherHandlerTests.ClaimVoucher_ShouldThrow_WhenVoucherDoesNotExist" storage="c:\ocasprojects\apply-api\src\apply-api\src\ocas.domestic.apply.api.services.unittests\bin\release\net461\ocas.domestic.apply.api.services.unittests.dll" id="bb0c6d81-416b-9e54-b3fb-c462ba778467">
      <Execution id="6b10ebd5-2d19-404b-b733-08db7ffdc971" />
      <TestMethod codeBase="C:\OcasProjects\apply-api\src\apply-api\src\Ocas.Domestic.Apply.Api.Services.UnitTests\bin\Release\net461\Ocas.Domestic.Apply.Api.Services.UnitTests.dll" adapterTypeName="executor://xunit/VsTestRunner2/net" className="Ocas.Domestic.Apply.Api.Services.UnitTests" name="Ocas.Domestic.Apply.Api.Services.UnitTests.Handlers.ClaimVoucherHandlerTests.ClaimVoucher_ShouldThrow_WhenVoucherDoesNotExist" />
    </UnitTest>
    <UnitTest name="Ocas.Domestic.Apply.Api.Services.UnitTests.Validators.Models.ApplicantValidatorTests.Validator_ShouldPass" storage="c:\ocasprojects\apply-api\src\apply-api\src\ocas.domestic.apply.api.services.unittests\bin\release\net461\ocas.domestic.apply.api.services.unittests.dll" id="fb726d62-77e8-1472-7d91-0d24de4a64de">
      <Execution id="8f88570b-463f-406c-b9d5-aab9db87001d" />
      <TestMethod codeBase="C:\OcasProjects\apply-api\src\apply-api\src\Ocas.Domestic.Apply.Api.Services.UnitTests\bin\Release\net461\Ocas.Domestic.Apply.Api.Services.UnitTests.dll" adapterTypeName="executor://xunit/VsTestRunner2/net" className="Ocas.Domestic.Apply.Api.Services.UnitTests" name="Ocas.Domestic.Apply.Api.Services.UnitTests.Validators.Models.ApplicantValidatorTests.Validator_ShouldPass" />
    </UnitTest>
    <UnitTest name="Ocas.Domestic.Apply.Api.Services.UnitTests.Mappers.ApiMapperTests.MapShoppingCart_ShouldPass_When_Overpayment" storage="c:\ocasprojects\apply-api\src\apply-api\src\ocas.domestic.apply.api.services.unittests\bin\release\net461\ocas.domestic.apply.api.services.unittests.dll" id="e362115e-e337-6323-ff79-3887f43e858b">
      <Execution id="c505761a-51fe-45dc-a014-273107120715" />
      <TestMethod codeBase="C:\OcasProjects\apply-api\src\apply-api\src\Ocas.Domestic.Apply.Api.Services.UnitTests\bin\Release\net461\Ocas.Domestic.Apply.Api.Services.UnitTests.dll" adapterTypeName="executor://xunit/VsTestRunner2/net" className="Ocas.Domestic.Apply.Api.Services.UnitTests" name="Ocas.Domestic.Apply.Api.Services.UnitTests.Mappers.ApiMapperTests.MapShoppingCart_ShouldPass_When_Overpayment" />
    </UnitTest>
    <UnitTest name="Ocas.Domestic.Apply.Api.Services.UnitTests.Handlers.ReissueTranscriptRequestHandlerTests.ReissueTranscriptRequest_ShouldThrow_WhenRequestNotFound" storage="c:\ocasprojects\apply-api\src\apply-api\src\ocas.domestic.apply.api.services.unittests\bin\release\net461\ocas.domestic.apply.api.services.unittests.dll" id="0c09fcb3-b886-02f3-b994-7727bf662b1d">
      <Execution id="90e1ceb2-42c2-44a2-ba20-b294c97dc6d5" />
      <TestMethod codeBase="C:\OcasProjects\apply-api\src\apply-api\src\Ocas.Domestic.Apply.Api.Services.UnitTests\bin\Release\net461\Ocas.Domestic.Apply.Api.Services.UnitTests.dll" adapterTypeName="executor://xunit/VsTestRunner2/net" className="Ocas.Domestic.Apply.Api.Services.UnitTests" name="Ocas.Domestic.Apply.Api.Services.UnitTests.Handlers.ReissueTranscriptRequestHandlerTests.ReissueTranscriptRequest_ShouldThrow_WhenRequestNotFound" />
    </UnitTest>
    <UnitTest name="Ocas.Domestic.Apply.Api.Services.UnitTests.Validators.Models.ApplicantValidatorTests.Validator_ShouldFail_When_Canada_Province_Invalid" storage="c:\ocasprojects\apply-api\src\apply-api\src\ocas.domestic.apply.api.services.unittests\bin\release\net461\ocas.domestic.apply.api.services.unittests.dll" id="97cfaad4-2b0a-93fe-00ee-f7e43f2402a4">
      <Execution id="58802e7a-fff0-4c46-99f0-0bc513807375" />
      <TestMethod codeBase="C:\OcasProjects\apply-api\src\apply-api\src\Ocas.Domestic.Apply.Api.Services.UnitTests\bin\Release\net461\Ocas.Domestic.Apply.Api.Services.UnitTests.dll" adapterTypeName="executor://xunit/VsTestRunner2/net" className="Ocas.Domestic.Apply.Api.Services.UnitTests" name="Ocas.Domestic.Apply.Api.Services.UnitTests.Validators.Models.ApplicantValidatorTests.Validator_ShouldFail_When_Canada_Province_Invalid" />
    </UnitTest>
    <UnitTest name="Ocas.Domestic.Apply.Api.Services.UnitTests.Handlers.GetOfferHistoriesHandlerTests.GetOfferHistoriesHandler_ShouldPass_When_Empty" storage="c:\ocasprojects\apply-api\src\apply-api\src\ocas.domestic.apply.api.services.unittests\bin\release\net461\ocas.domestic.apply.api.services.unittests.dll" id="56895bb6-3bff-e2b7-eaf3-e945d91508aa">
      <Execution id="234bf2c7-004e-490a-9b50-3e4a5c059d9a" />
      <TestMethod codeBase="C:\OcasProjects\apply-api\src\apply-api\src\Ocas.Domestic.Apply.Api.Services.UnitTests\bin\Release\net461\Ocas.Domestic.Apply.Api.Services.UnitTests.dll" adapterTypeName="executor://xunit/VsTestRunner2/net" className="Ocas.Domestic.Apply.Api.Services.UnitTests" name="Ocas.Domestic.Apply.Api.Services.UnitTests.Handlers.GetOfferHistoriesHandlerTests.GetOfferHistoriesHandler_ShouldPass_When_Empty" />
    </UnitTest>
    <UnitTest name="Ocas.Domestic.Apply.Api.Services.UnitTests.Extensions.LookupsCacheExtensionsTests.GetSourcePartnerId_ShouldPass_When_College_NotAllowedCba" storage="c:\ocasprojects\apply-api\src\apply-api\src\ocas.domestic.apply.api.services.unittests\bin\release\net461\ocas.domestic.apply.api.services.unittests.dll" id="98e22baa-bba0-9d2f-e946-51cf65d34395">
      <Execution id="cb7f2285-3e39-4135-a6c9-ae4ec617cf15" />
      <TestMethod codeBase="C:\OcasProjects\apply-api\src\apply-api\src\Ocas.Domestic.Apply.Api.Services.UnitTests\bin\Release\net461\Ocas.Domestic.Apply.Api.Services.UnitTests.dll" adapterTypeName="executor://xunit/VsTestRunner2/net" className="Ocas.Domestic.Apply.Api.Services.UnitTests" name="Ocas.Domestic.Apply.Api.Services.UnitTests.Extensions.LookupsCacheExtensionsTests.GetSourcePartnerId_ShouldPass_When_College_NotAllowedCba" />
    </UnitTest>
    <UnitTest name="Ocas.Domestic.Apply.Api.Services.UnitTests.Handlers.ClaimVoucherHandlerTests.ClaimVoucher_ShouldThrow_WhenNotIssued" storage="c:\ocasprojects\apply-api\src\apply-api\src\ocas.domestic.apply.api.services.unittests\bin\release\net461\ocas.domestic.apply.api.services.unittests.dll" id="ecb53429-349d-9c63-7a99-2605158d5291">
      <Execution id="0075ebd4-f620-4785-bc99-9886c4f459d6" />
      <TestMethod codeBase="C:\OcasProjects\apply-api\src\apply-api\src\Ocas.Domestic.Apply.Api.Services.UnitTests\bin\Release\net461\Ocas.Domestic.Apply.Api.Services.UnitTests.dll" adapterTypeName="executor://xunit/VsTestRunner2/net" className="Ocas.Domestic.Apply.Api.Services.UnitTests" name="Ocas.Domestic.Apply.Api.Services.UnitTests.Handlers.ClaimVoucherHandlerTests.ClaimVoucher_ShouldThrow_WhenNotIssued" />
    </UnitTest>
    <UnitTest name="Ocas.Domestic.Apply.Api.Services.UnitTests.Validators.Models.InternationalEducationValidatorTests.InternationalEducationValidator_ShouldPass_WhenInternational" storage="c:\ocasprojects\apply-api\src\apply-api\src\ocas.domestic.apply.api.services.unittests\bin\release\net461\ocas.domestic.apply.api.services.unittests.dll" id="09a855f7-27b7-36cb-9204-e3c7ea05e519">
      <Execution id="5c069528-ff58-4e3b-8fd4-3e76dcbdbc86" />
      <TestMethod codeBase="C:\OcasProjects\apply-api\src\apply-api\src\Ocas.Domestic.Apply.Api.Services.UnitTests\bin\Release\net461\Ocas.Domestic.Apply.Api.Services.UnitTests.dll" adapterTypeName="executor://xunit/VsTestRunner2/net" className="Ocas.Domestic.Apply.Api.Services.UnitTests" name="Ocas.Domestic.Apply.Api.Services.UnitTests.Validators.Models.InternationalEducationValidatorTests.InternationalEducationValidator_ShouldPass_WhenInternational" />
    </UnitTest>
    <UnitTest name="Ocas.Domestic.Apply.Api.Services.UnitTests.Handlers.CreateEducationHandlerTests.CreateEducation_ShouldThrow_WhenInvalidDate" storage="c:\ocasprojects\apply-api\src\apply-api\src\ocas.domestic.apply.api.services.unittests\bin\release\net461\ocas.domestic.apply.api.services.unittests.dll" id="0fff72a9-7ba5-2b77-a580-74d9b3ea0ba6">
      <Execution id="eca6cf83-cc3c-4fb0-b0b3-f5b99f272894" />
      <TestMethod codeBase="C:\OcasProjects\apply-api\src\apply-api\src\Ocas.Domestic.Apply.Api.Services.UnitTests\bin\Release\net461\Ocas.Domestic.Apply.Api.Services.UnitTests.dll" adapterTypeName="executor://xunit/VsTestRunner2/net" className="Ocas.Domestic.Apply.Api.Services.UnitTests" name="Ocas.Domestic.Apply.Api.Services.UnitTests.Handlers.CreateEducationHandlerTests.CreateEducation_ShouldThrow_WhenInvalidDate" />
    </UnitTest>
    <UnitTest name="Ocas.Domestic.Apply.Api.Services.UnitTests.Validators.Messages.GetFinancialTransactionsValidatorTests.GetFinancialTransactionsValidator_ShouldFail_When_ApplicationId_Empty" storage="c:\ocasprojects\apply-api\src\apply-api\src\ocas.domestic.apply.api.services.unittests\bin\release\net461\ocas.domestic.apply.api.services.unittests.dll" id="9126a09c-75b8-da26-d6df-f63fe9f17934">
      <Execution id="6f0eff28-3c1a-4aba-ab27-7184149dfeea" />
      <TestMethod codeBase="C:\OcasProjects\apply-api\src\apply-api\src\Ocas.Domestic.Apply.Api.Services.UnitTests\bin\Release\net461\Ocas.Domestic.Apply.Api.Services.UnitTests.dll" adapterTypeName="executor://xunit/VsTestRunner2/net" className="Ocas.Domestic.Apply.Api.Services.UnitTests" name="Ocas.Domestic.Apply.Api.Services.UnitTests.Validators.Messages.GetFinancialTransactionsValidatorTests.GetFinancialTransactionsValidator_ShouldFail_When_ApplicationId_Empty" />
    </UnitTest>
    <UnitTest name="Ocas.Domestic.Apply.Api.Services.UnitTests.Handlers.UpdateProgramChoicesHandlerTests.UpdateProgramChoiceHandler_ShouldThrow_When_MatchingAlternateChoice" storage="c:\ocasprojects\apply-api\src\apply-api\src\ocas.domestic.apply.api.services.unittests\bin\release\net461\ocas.domestic.apply.api.services.unittests.dll" id="d96d3067-1af6-9d07-883d-a4ea3250abb6">
      <Execution id="7aed2dcb-3835-4592-8a8b-f86298e58b54" />
      <TestMethod codeBase="C:\OcasProjects\apply-api\src\apply-api\src\Ocas.Domestic.Apply.Api.Services.UnitTests\bin\Release\net461\Ocas.Domestic.Apply.Api.Services.UnitTests.dll" adapterTypeName="executor://xunit/VsTestRunner2/net" className="Ocas.Domestic.Apply.Api.Services.UnitTests" name="Ocas.Domestic.Apply.Api.Services.UnitTests.Handlers.UpdateProgramChoicesHandlerTests.UpdateProgramChoiceHandler_ShouldThrow_When_MatchingAlternateChoice" />
    </UnitTest>
    <UnitTest name="Ocas.Domestic.Apply.Api.Services.UnitTests.Mappers.ApiMapperTests.MapEducation_ShouldPass_When_CollegeEmptyFee" storage="c:\ocasprojects\apply-api\src\apply-api\src\ocas.domestic.apply.api.services.unittests\bin\release\net461\ocas.domestic.apply.api.services.unittests.dll" id="42230366-68b1-f6a7-2718-3e380f01c84f">
      <Execution id="28698e5e-52ab-4f1c-b2c1-5f1282f64204" />
      <TestMethod codeBase="C:\OcasProjects\apply-api\src\apply-api\src\Ocas.Domestic.Apply.Api.Services.UnitTests\bin\Release\net461\Ocas.Domestic.Apply.Api.Services.UnitTests.dll" adapterTypeName="executor://xunit/VsTestRunner2/net" className="Ocas.Domestic.Apply.Api.Services.UnitTests" name="Ocas.Domestic.Apply.Api.Services.UnitTests.Mappers.ApiMapperTests.MapEducation_ShouldPass_When_CollegeEmptyFee" />
    </UnitTest>
    <UnitTest name="Ocas.Domestic.Apply.Api.Services.UnitTests.Validators.Models.ApplicantValidatorTests.Validator_ShouldFail_When_Usa_Province_Invalid" storage="c:\ocasprojects\apply-api\src\apply-api\src\ocas.domestic.apply.api.services.unittests\bin\release\net461\ocas.domestic.apply.api.services.unittests.dll" id="c0c0f081-bbdc-f3ea-6388-dbf0311830dd">
      <Execution id="4021c594-d0c5-4058-ad16-92b70cae276b" />
      <TestMethod codeBase="C:\OcasProjects\apply-api\src\apply-api\src\Ocas.Domestic.Apply.Api.Services.UnitTests\bin\Release\net461\Ocas.Domestic.Apply.Api.Services.UnitTests.dll" adapterTypeName="executor://xunit/VsTestRunner2/net" className="Ocas.Domestic.Apply.Api.Services.UnitTests" name="Ocas.Domestic.Apply.Api.Services.UnitTests.Validators.Models.ApplicantValidatorTests.Validator_ShouldFail_When_Usa_Province_Invalid" />
    </UnitTest>
    <UnitTest name="Ocas.Domestic.Apply.Api.Services.UnitTests.Mappers.ApiMapperTests.MapTranscriptRequest_ShouldPass_When_College" storage="c:\ocasprojects\apply-api\src\apply-api\src\ocas.domestic.apply.api.services.unittests\bin\release\net461\ocas.domestic.apply.api.services.unittests.dll" id="c5e1060d-4dde-f253-54cf-b0d6e998f76f">
      <Execution id="224d36b7-691a-4caf-9b9b-3fa55efcfb39" />
      <TestMethod codeBase="C:\OcasProjects\apply-api\src\apply-api\src\Ocas.Domestic.Apply.Api.Services.UnitTests\bin\Release\net461\Ocas.Domestic.Apply.Api.Services.UnitTests.dll" adapterTypeName="executor://xunit/VsTestRunner2/net" className="Ocas.Domestic.Apply.Api.Services.UnitTests" name="Ocas.Domestic.Apply.Api.Services.UnitTests.Mappers.ApiMapperTests.MapTranscriptRequest_ShouldPass_When_College" />
    </UnitTest>
    <UnitTest name="Ocas.Domestic.Apply.Api.Services.UnitTests.Handlers.RemoveEducationHandlerTests.RemoveEducationHandler_ShouldPass" storage="c:\ocasprojects\apply-api\src\apply-api\src\ocas.domestic.apply.api.services.unittests\bin\release\net461\ocas.domestic.apply.api.services.unittests.dll" id="bf6668de-76a7-1fc0-8d11-fec739837f12">
      <Execution id="15b47450-92d1-44d1-8ec1-1c5205fae225" />
      <TestMethod codeBase="C:\OcasProjects\apply-api\src\apply-api\src\Ocas.Domestic.Apply.Api.Services.UnitTests\bin\Release\net461\Ocas.Domestic.Apply.Api.Services.UnitTests.dll" adapterTypeName="executor://xunit/VsTestRunner2/net" className="Ocas.Domestic.Apply.Api.Services.UnitTests" name="Ocas.Domestic.Apply.Api.Services.UnitTests.Handlers.RemoveEducationHandlerTests.RemoveEducationHandler_ShouldPass" />
    </UnitTest>
    <UnitTest name="Ocas.Domestic.Apply.Api.Services.UnitTests.Handlers.AcceptOfferHandlerTests.AcceptOffer_ShouldThrow_WhenAccepted" storage="c:\ocasprojects\apply-api\src\apply-api\src\ocas.domestic.apply.api.services.unittests\bin\release\net461\ocas.domestic.apply.api.services.unittests.dll" id="1ad21ec3-5948-641d-4032-601c877cb985">
      <Execution id="635f110f-836e-491a-8113-61d79c90c216" />
      <TestMethod codeBase="C:\OcasProjects\apply-api\src\apply-api\src\Ocas.Domestic.Apply.Api.Services.UnitTests\bin\Release\net461\Ocas.Domestic.Apply.Api.Services.UnitTests.dll" adapterTypeName="executor://xunit/VsTestRunner2/net" className="Ocas.Domestic.Apply.Api.Services.UnitTests" name="Ocas.Domestic.Apply.Api.Services.UnitTests.Handlers.AcceptOfferHandlerTests.AcceptOffer_ShouldThrow_WhenAccepted" />
    </UnitTest>
    <UnitTest name="Ocas.Domestic.Apply.Api.Services.UnitTests.Validators.Messages.GetPartnerBrandingValidatorTests.GetPartnerBrandingValidator_ShouldPass" storage="c:\ocasprojects\apply-api\src\apply-api\src\ocas.domestic.apply.api.services.unittests\bin\release\net461\ocas.domestic.apply.api.services.unittests.dll" id="2126e79d-8ceb-957b-93e3-9abc7fdb90bf">
      <Execution id="a78538eb-0e0b-424e-a69c-79e2db1f6192" />
      <TestMethod codeBase="C:\OcasProjects\apply-api\src\apply-api\src\Ocas.Domestic.Apply.Api.Services.UnitTests\bin\Release\net461\Ocas.Domestic.Apply.Api.Services.UnitTests.dll" adapterTypeName="executor://xunit/VsTestRunner2/net" className="Ocas.Domestic.Apply.Api.Services.UnitTests" name="Ocas.Domestic.Apply.Api.Services.UnitTests.Validators.Messages.GetPartnerBrandingValidatorTests.GetPartnerBrandingValidator_ShouldPass" />
    </UnitTest>
    <UnitTest name="Ocas.Domestic.Apply.Api.Services.UnitTests.Extensions.LookupsCacheExtensionsTests.GetSourceId_ShouldPass_When_College_NotAllowedCba" storage="c:\ocasprojects\apply-api\src\apply-api\src\ocas.domestic.apply.api.services.unittests\bin\release\net461\ocas.domestic.apply.api.services.unittests.dll" id="7ed27f01-c56a-c6ba-1d3a-3137b17eba83">
      <Execution id="b65ecb39-8611-4d60-8a84-d16f1311b000" />
      <TestMethod codeBase="C:\OcasProjects\apply-api\src\apply-api\src\Ocas.Domestic.Apply.Api.Services.UnitTests\bin\Release\net461\Ocas.Domestic.Apply.Api.Services.UnitTests.dll" adapterTypeName="executor://xunit/VsTestRunner2/net" className="Ocas.Domestic.Apply.Api.Services.UnitTests" name="Ocas.Domestic.Apply.Api.Services.UnitTests.Extensions.LookupsCacheExtensionsTests.GetSourceId_ShouldPass_When_College_NotAllowedCba" />
    </UnitTest>
    <UnitTest name="Ocas.Domestic.Apply.Api.Services.UnitTests.Handlers.PayOrderHandlerTests.PayOrder_ShouldCompletePayment_WhenTrUpdateFails" storage="c:\ocasprojects\apply-api\src\apply-api\src\ocas.domestic.apply.api.services.unittests\bin\release\net461\ocas.domestic.apply.api.services.unittests.dll" id="61baff53-fc9f-9652-d919-15a70c19bf94">
      <Execution id="bf33720a-8018-4555-a410-1aa4054174f8" />
      <TestMethod codeBase="C:\OcasProjects\apply-api\src\apply-api\src\Ocas.Domestic.Apply.Api.Services.UnitTests\bin\Release\net461\Ocas.Domestic.Apply.Api.Services.UnitTests.dll" adapterTypeName="executor://xunit/VsTestRunner2/net" className="Ocas.Domestic.Apply.Api.Services.UnitTests" name="Ocas.Domestic.Apply.Api.Services.UnitTests.Handlers.PayOrderHandlerTests.PayOrder_ShouldCompletePayment_WhenTrUpdateFails" />
    </UnitTest>
    <UnitTest name="Ocas.Domestic.Apply.Api.Services.UnitTests.Mappers.DtoMapperTests.PatchEducation_Should_NotPatchFields_InternationalEdu" storage="c:\ocasprojects\apply-api\src\apply-api\src\ocas.domestic.apply.api.services.unittests\bin\release\net461\ocas.domestic.apply.api.services.unittests.dll" id="07360b9d-d7c1-fae3-ac03-9e824b2adf11">
      <Execution id="6d08b972-a874-48b0-ae69-c9adace94556" />
      <TestMethod codeBase="C:\OcasProjects\apply-api\src\apply-api\src\Ocas.Domestic.Apply.Api.Services.UnitTests\bin\Release\net461\Ocas.Domestic.Apply.Api.Services.UnitTests.dll" adapterTypeName="executor://xunit/VsTestRunner2/net" className="Ocas.Domestic.Apply.Api.Services.UnitTests" name="Ocas.Domestic.Apply.Api.Services.UnitTests.Mappers.DtoMapperTests.PatchEducation_Should_NotPatchFields_InternationalEdu" />
    </UnitTest>
    <UnitTest name="Ocas.Domestic.Apply.Api.Services.UnitTests.Mappers.DtoMapperTests.PatchEducation_Should_Patch_CanadianHighSchool_WhenCurrentlyAttending" storage="c:\ocasprojects\apply-api\src\apply-api\src\ocas.domestic.apply.api.services.unittests\bin\release\net461\ocas.domestic.apply.api.services.unittests.dll" id="ad4b1845-71d8-e3d8-89ca-a9c56cbce025">
      <Execution id="ec2c27c5-e6df-4946-b10b-704e3dc0935a" />
      <TestMethod codeBase="C:\OcasProjects\apply-api\src\apply-api\src\Ocas.Domestic.Apply.Api.Services.UnitTests\bin\Release\net461\Ocas.Domestic.Apply.Api.Services.UnitTests.dll" adapterTypeName="executor://xunit/VsTestRunner2/net" className="Ocas.Domestic.Apply.Api.Services.UnitTests" name="Ocas.Domestic.Apply.Api.Services.UnitTests.Mappers.DtoMapperTests.PatchEducation_Should_Patch_CanadianHighSchool_WhenCurrentlyAttending" />
    </UnitTest>
    <UnitTest name="Ocas.Domestic.Apply.Api.Services.UnitTests.Handlers.UpdateEducationHandlerTests.UpdateEducation_ShouldThrow_When_EducationTypeMismatch" storage="c:\ocasprojects\apply-api\src\apply-api\src\ocas.domestic.apply.api.services.unittests\bin\release\net461\ocas.domestic.apply.api.services.unittests.dll" id="32f00cb9-a10f-12d3-6314-d176a45a277c">
      <Execution id="759a5039-73d7-42b5-ae5a-a2dc92e6faef" />
      <TestMethod codeBase="C:\OcasProjects\apply-api\src\apply-api\src\Ocas.Domestic.Apply.Api.Services.UnitTests\bin\Release\net461\Ocas.Domestic.Apply.Api.Services.UnitTests.dll" adapterTypeName="executor://xunit/VsTestRunner2/net" className="Ocas.Domestic.Apply.Api.Services.UnitTests" name="Ocas.Domestic.Apply.Api.Services.UnitTests.Handlers.UpdateEducationHandlerTests.UpdateEducation_ShouldThrow_When_EducationTypeMismatch" />
    </UnitTest>
    <UnitTest name="Ocas.Domestic.Apply.Api.Services.UnitTests.Mappers.ApiMapperTests.MapApplication_ShouldPass_When_NoCompletedSteps" storage="c:\ocasprojects\apply-api\src\apply-api\src\ocas.domestic.apply.api.services.unittests\bin\release\net461\ocas.domestic.apply.api.services.unittests.dll" id="34f1ef81-3a6e-5e85-a83e-2d5015e6298e">
      <Execution id="bef7a2ca-6cac-428e-8c9d-473785d948c1" />
      <TestMethod codeBase="C:\OcasProjects\apply-api\src\apply-api\src\Ocas.Domestic.Apply.Api.Services.UnitTests\bin\Release\net461\Ocas.Domestic.Apply.Api.Services.UnitTests.dll" adapterTypeName="executor://xunit/VsTestRunner2/net" className="Ocas.Domestic.Apply.Api.Services.UnitTests" name="Ocas.Domestic.Apply.Api.Services.UnitTests.Mappers.ApiMapperTests.MapApplication_ShouldPass_When_NoCompletedSteps" />
    </UnitTest>
    <UnitTest name="Ocas.Domestic.Apply.Api.Services.UnitTests.Validators.Models.TranscriptRequestBaseValidatorTests.TranscriptRequestBaseValidator_ShouldFail_When_IdsEmpty" storage="c:\ocasprojects\apply-api\src\apply-api\src\ocas.domestic.apply.api.services.unittests\bin\release\net461\ocas.domestic.apply.api.services.unittests.dll" id="74b217a0-9a6a-962b-e3d9-bf5aa3b20d3a">
      <Execution id="05f0c678-59e2-4656-b4fa-a0e2cdc974c5" />
      <TestMethod codeBase="C:\OcasProjects\apply-api\src\apply-api\src\Ocas.Domestic.Apply.Api.Services.UnitTests\bin\Release\net461\Ocas.Domestic.Apply.Api.Services.UnitTests.dll" adapterTypeName="executor://xunit/VsTestRunner2/net" className="Ocas.Domestic.Apply.Api.Services.UnitTests" name="Ocas.Domestic.Apply.Api.Services.UnitTests.Validators.Models.TranscriptRequestBaseValidatorTests.TranscriptRequestBaseValidator_ShouldFail_When_IdsEmpty" />
    </UnitTest>
    <UnitTest name="Ocas.Domestic.Apply.Api.Services.UnitTests.Validators.Models.EducationValidatorTests.Validator_ShouldFail_WhenMissingId" storage="c:\ocasprojects\apply-api\src\apply-api\src\ocas.domestic.apply.api.services.unittests\bin\release\net461\ocas.domestic.apply.api.services.unittests.dll" id="c1ab5aed-bddf-d205-5c10-4654f3b6f0c1">
      <Execution id="907da75b-aa17-4cec-82b2-cb4dc9cc6969" />
      <TestMethod codeBase="C:\OcasProjects\apply-api\src\apply-api\src\Ocas.Domestic.Apply.Api.Services.UnitTests\bin\Release\net461\Ocas.Domestic.Apply.Api.Services.UnitTests.dll" adapterTypeName="executor://xunit/VsTestRunner2/net" className="Ocas.Domestic.Apply.Api.Services.UnitTests" name="Ocas.Domestic.Apply.Api.Services.UnitTests.Validators.Models.EducationValidatorTests.Validator_ShouldFail_WhenMissingId" />
    </UnitTest>
    <UnitTest name="Ocas.Domestic.Apply.Api.Services.UnitTests.Mappers.ApiMapperTests.MapApplicant_ShouldPass_When_DoNotSendFalse_Then_AgreedToCaslTrue" storage="c:\ocasprojects\apply-api\src\apply-api\src\ocas.domestic.apply.api.services.unittests\bin\release\net461\ocas.domestic.apply.api.services.unittests.dll" id="4e3f3ac0-66da-fddd-af53-1de66b2ef397">
      <Execution id="46271fea-dae9-4205-b38d-9a9082276090" />
      <TestMethod codeBase="C:\OcasProjects\apply-api\src\apply-api\src\Ocas.Domestic.Apply.Api.Services.UnitTests\bin\Release\net461\Ocas.Domestic.Apply.Api.Services.UnitTests.dll" adapterTypeName="executor://xunit/VsTestRunner2/net" className="Ocas.Domestic.Apply.Api.Services.UnitTests" name="Ocas.Domestic.Apply.Api.Services.UnitTests.Mappers.ApiMapperTests.MapApplicant_ShouldPass_When_DoNotSendFalse_Then_AgreedToCaslTrue" />
    </UnitTest>
    <UnitTest name="Ocas.Domestic.Apply.Api.Services.UnitTests.Validators.Models.EducationValidatorTests.Validator_ShouldPass_WhenInternational" storage="c:\ocasprojects\apply-api\src\apply-api\src\ocas.domestic.apply.api.services.unittests\bin\release\net461\ocas.domestic.apply.api.services.unittests.dll" id="92680ef5-aece-24fc-353f-e651e8feae8e">
      <Execution id="ed6431ed-99c0-456a-be64-ddb288c0e917" />
      <TestMethod codeBase="C:\OcasProjects\apply-api\src\apply-api\src\Ocas.Domestic.Apply.Api.Services.UnitTests\bin\Release\net461\Ocas.Domestic.Apply.Api.Services.UnitTests.dll" adapterTypeName="executor://xunit/VsTestRunner2/net" className="Ocas.Domestic.Apply.Api.Services.UnitTests" name="Ocas.Domestic.Apply.Api.Services.UnitTests.Validators.Models.EducationValidatorTests.Validator_ShouldPass_WhenInternational" />
    </UnitTest>
    <UnitTest name="Ocas.Domestic.Apply.Api.Services.UnitTests.Validators.EmailValidatorTests.Validator_ShouldFail_Empty" storage="c:\ocasprojects\apply-api\src\apply-api\src\ocas.domestic.apply.api.services.unittests\bin\release\net461\ocas.domestic.apply.api.services.unittests.dll" id="847bb7a6-25a4-1286-cdbb-c07195e0b3af">
      <Execution id="2dd705a1-4d6b-49a0-a928-61b6ff896b70" />
      <TestMethod codeBase="C:\OcasProjects\apply-api\src\apply-api\src\Ocas.Domestic.Apply.Api.Services.UnitTests\bin\Release\net461\Ocas.Domestic.Apply.Api.Services.UnitTests.dll" adapterTypeName="executor://xunit/VsTestRunner2/net" className="Ocas.Domestic.Apply.Api.Services.UnitTests" name="Ocas.Domestic.Apply.Api.Services.UnitTests.Validators.EmailValidatorTests.Validator_ShouldFail_Empty" />
    </UnitTest>
    <UnitTest name="Ocas.Domestic.Apply.Api.Services.UnitTests.Handlers.GetOrderHandlerTests.GetOrder_ShouldThrow_When_OrderNotFound" storage="c:\ocasprojects\apply-api\src\apply-api\src\ocas.domestic.apply.api.services.unittests\bin\release\net461\ocas.domestic.apply.api.services.unittests.dll" id="e149fcbe-268e-d810-7caa-01f1e7c0e30c">
      <Execution id="981a2957-1e92-4bf3-9adf-a29325765af6" />
      <TestMethod codeBase="C:\OcasProjects\apply-api\src\apply-api\src\Ocas.Domestic.Apply.Api.Services.UnitTests\bin\Release\net461\Ocas.Domestic.Apply.Api.Services.UnitTests.dll" adapterTypeName="executor://xunit/VsTestRunner2/net" className="Ocas.Domestic.Apply.Api.Services.UnitTests" name="Ocas.Domestic.Apply.Api.Services.UnitTests.Handlers.GetOrderHandlerTests.GetOrder_ShouldThrow_When_OrderNotFound" />
    </UnitTest>
    <UnitTest name="Ocas.Domestic.Apply.Api.Services.UnitTests.Handlers.GetApplicantHistoriesHandlerTests.GetApplicantHistoriesHandler_ShouldPass_When_Order_NotNull_And_CustomEntity_Equals_Order" storage="c:\ocasprojects\apply-api\src\apply-api\src\ocas.domestic.apply.api.services.unittests\bin\release\net461\ocas.domestic.apply.api.services.unittests.dll" id="ec6c4022-7a46-8a73-20ee-bfd754dd6bda">
      <Execution id="7e669652-764e-4918-8af9-c60b371b7bde" />
      <TestMethod codeBase="C:\OcasProjects\apply-api\src\apply-api\src\Ocas.Domestic.Apply.Api.Services.UnitTests\bin\Release\net461\Ocas.Domestic.Apply.Api.Services.UnitTests.dll" adapterTypeName="executor://xunit/VsTestRunner2/net" className="Ocas.Domestic.Apply.Api.Services.UnitTests" name="Ocas.Domestic.Apply.Api.Services.UnitTests.Handlers.GetApplicantHistoriesHandlerTests.GetApplicantHistoriesHandler_ShouldPass_When_Order_NotNull_And_CustomEntity_Equals_Order" />
    </UnitTest>
    <UnitTest name="Ocas.Domestic.Apply.Api.Services.UnitTests.Handlers.GetPartnerBrandingHandlerTests.GetPartnerBrandingHandler_ShouldThrow_WhenPartnerBranding_DoesNotAllowCba" storage="c:\ocasprojects\apply-api\src\apply-api\src\ocas.domestic.apply.api.services.unittests\bin\release\net461\ocas.domestic.apply.api.services.unittests.dll" id="caf75f59-0cde-fa2c-abdb-c6749c5d700a">
      <Execution id="b0fb209a-58b9-4819-95c5-5403f871846f" />
      <TestMethod codeBase="C:\OcasProjects\apply-api\src\apply-api\src\Ocas.Domestic.Apply.Api.Services.UnitTests\bin\Release\net461\Ocas.Domestic.Apply.Api.Services.UnitTests.dll" adapterTypeName="executor://xunit/VsTestRunner2/net" className="Ocas.Domestic.Apply.Api.Services.UnitTests" name="Ocas.Domestic.Apply.Api.Services.UnitTests.Handlers.GetPartnerBrandingHandlerTests.GetPartnerBrandingHandler_ShouldThrow_WhenPartnerBranding_DoesNotAllowCba" />
    </UnitTest>
    <UnitTest name="Ocas.Domestic.Apply.Api.Services.UnitTests.Validators.Messages.DeleteTranscriptRequestValidatorTests.DeleteTranscriptRequestValidator_ShouldPass" storage="c:\ocasprojects\apply-api\src\apply-api\src\ocas.domestic.apply.api.services.unittests\bin\release\net461\ocas.domestic.apply.api.services.unittests.dll" id="557b130d-3ffe-5936-ae89-3b1497bbfd5f">
      <Execution id="b4886fa5-ac4a-4326-994e-129ff0fadf77" />
      <TestMethod codeBase="C:\OcasProjects\apply-api\src\apply-api\src\Ocas.Domestic.Apply.Api.Services.UnitTests\bin\Release\net461\Ocas.Domestic.Apply.Api.Services.UnitTests.dll" adapterTypeName="executor://xunit/VsTestRunner2/net" className="Ocas.Domestic.Apply.Api.Services.UnitTests" name="Ocas.Domestic.Apply.Api.Services.UnitTests.Validators.Messages.DeleteTranscriptRequestValidatorTests.DeleteTranscriptRequestValidator_ShouldPass" />
    </UnitTest>
    <UnitTest name="Ocas.Domestic.Apply.Api.Services.UnitTests.Mappers.ApiMapperTests.MapColleges_ShouldPass_When_NoSchoolStatus" storage="c:\ocasprojects\apply-api\src\apply-api\src\ocas.domestic.apply.api.services.unittests\bin\release\net461\ocas.domestic.apply.api.services.unittests.dll" id="f63f40fb-7d40-eeba-6da6-e1ddbd9bd6eb">
      <Execution id="0701ee22-0839-43c2-a688-fec6cc2cd0bd" />
      <TestMethod codeBase="C:\OcasProjects\apply-api\src\apply-api\src\Ocas.Domestic.Apply.Api.Services.UnitTests\bin\Release\net461\Ocas.Domestic.Apply.Api.Services.UnitTests.dll" adapterTypeName="executor://xunit/VsTestRunner2/net" className="Ocas.Domestic.Apply.Api.Services.UnitTests" name="Ocas.Domestic.Apply.Api.Services.UnitTests.Mappers.ApiMapperTests.MapColleges_ShouldPass_When_NoSchoolStatus" />
    </UnitTest>
    <UnitTest name="Ocas.Domestic.Apply.Api.Services.UnitTests.Mappers.ApiMapperTests.MapEducation_ShouldPass_When_HasTranscripts_CanDelete" storage="c:\ocasprojects\apply-api\src\apply-api\src\ocas.domestic.apply.api.services.unittests\bin\release\net461\ocas.domestic.apply.api.services.unittests.dll" id="7612e712-2f38-7d65-f624-7e745e24f740">
      <Execution id="4f059f1b-07b0-419a-ab3e-ea4bebf9f39f" />
      <TestMethod codeBase="C:\OcasProjects\apply-api\src\apply-api\src\Ocas.Domestic.Apply.Api.Services.UnitTests\bin\Release\net461\Ocas.Domestic.Apply.Api.Services.UnitTests.dll" adapterTypeName="executor://xunit/VsTestRunner2/net" className="Ocas.Domestic.Apply.Api.Services.UnitTests" name="Ocas.Domestic.Apply.Api.Services.UnitTests.Mappers.ApiMapperTests.MapEducation_ShouldPass_When_HasTranscripts_CanDelete" />
    </UnitTest>
    <UnitTest name="Ocas.Domestic.Apply.Api.Services.UnitTests.Validators.Models.EducationBaseValidatorTests.Validator_ShouldFail_WhenMissingRequiredFields_InGeneral" storage="c:\ocasprojects\apply-api\src\apply-api\src\ocas.domestic.apply.api.services.unittests\bin\release\net461\ocas.domestic.apply.api.services.unittests.dll" id="901c656f-0d4a-1693-0da2-2e78b5766441">
      <Execution id="685f1d63-677a-4a7c-86ec-3b4078fdc421" />
      <TestMethod codeBase="C:\OcasProjects\apply-api\src\apply-api\src\Ocas.Domestic.Apply.Api.Services.UnitTests\bin\Release\net461\Ocas.Domestic.Apply.Api.Services.UnitTests.dll" adapterTypeName="executor://xunit/VsTestRunner2/net" className="Ocas.Domestic.Apply.Api.Services.UnitTests" name="Ocas.Domestic.Apply.Api.Services.UnitTests.Validators.Models.EducationBaseValidatorTests.Validator_ShouldFail_WhenMissingRequiredFields_InGeneral" />
    </UnitTest>
    <UnitTest name="Ocas.Domestic.Apply.Api.Services.UnitTests.Mappers.ApiMapperTests.MapOffers_ShouldPass_When_SoftExpiryDate_Past_Then_IsSoftExpired_True" storage="c:\ocasprojects\apply-api\src\apply-api\src\ocas.domestic.apply.api.services.unittests\bin\release\net461\ocas.domestic.apply.api.services.unittests.dll" id="7ac84c3a-123d-5380-6842-68162bf9d80d">
      <Execution id="7c820af9-59f3-45dd-9dec-acaa363a6a96" />
      <TestMethod codeBase="C:\OcasProjects\apply-api\src\apply-api\src\Ocas.Domestic.Apply.Api.Services.UnitTests\bin\Release\net461\Ocas.Domestic.Apply.Api.Services.UnitTests.dll" adapterTypeName="executor://xunit/VsTestRunner2/net" className="Ocas.Domestic.Apply.Api.Services.UnitTests" name="Ocas.Domestic.Apply.Api.Services.UnitTests.Mappers.ApiMapperTests.MapOffers_ShouldPass_When_SoftExpiryDate_Past_Then_IsSoftExpired_True" />
    </UnitTest>
    <UnitTest name="Ocas.Domestic.Apply.Api.Services.UnitTests.Mappers.ApiMapperTests.MapShoppingCart_ShouldPass_When_ReturnedPayment" storage="c:\ocasprojects\apply-api\src\apply-api\src\ocas.domestic.apply.api.services.unittests\bin\release\net461\ocas.domestic.apply.api.services.unittests.dll" id="590fcdf4-f814-03dd-dc90-9eb9a917e5a4">
      <Execution id="5527e12a-eb2a-4611-b7b8-7f02100f9fd0" />
      <TestMethod codeBase="C:\OcasProjects\apply-api\src\apply-api\src\Ocas.Domestic.Apply.Api.Services.UnitTests\bin\Release\net461\Ocas.Domestic.Apply.Api.Services.UnitTests.dll" adapterTypeName="executor://xunit/VsTestRunner2/net" className="Ocas.Domestic.Apply.Api.Services.UnitTests" name="Ocas.Domestic.Apply.Api.Services.UnitTests.Mappers.ApiMapperTests.MapShoppingCart_ShouldPass_When_ReturnedPayment" />
    </UnitTest>
    <UnitTest name="Ocas.Domestic.Apply.Api.Services.UnitTests.Validators.Models.IntlCredentialAssessmentValidatorTests.Validator_ShouldThrow_When_Reference_TooLong" storage="c:\ocasprojects\apply-api\src\apply-api\src\ocas.domestic.apply.api.services.unittests\bin\release\net461\ocas.domestic.apply.api.services.unittests.dll" id="085857d5-b890-6126-87a5-5851c4b13282">
      <Execution id="9bdd7f1f-1650-4c5d-970f-cf6c0a621d3f" />
      <TestMethod codeBase="C:\OcasProjects\apply-api\src\apply-api\src\Ocas.Domestic.Apply.Api.Services.UnitTests\bin\Release\net461\Ocas.Domestic.Apply.Api.Services.UnitTests.dll" adapterTypeName="executor://xunit/VsTestRunner2/net" className="Ocas.Domestic.Apply.Api.Services.UnitTests" name="Ocas.Domestic.Apply.Api.Services.UnitTests.Validators.Models.IntlCredentialAssessmentValidatorTests.Validator_ShouldThrow_When_Reference_TooLong" />
    </UnitTest>
    <UnitTest name="Ocas.Domestic.Apply.Api.Services.UnitTests.Handlers.UpdateEducationHandlerTests.UpdateEducation_ShouldThrow_When_TranscriptRequests_Then_InstituteIdMismatch" storage="c:\ocasprojects\apply-api\src\apply-api\src\ocas.domestic.apply.api.services.unittests\bin\release\net461\ocas.domestic.apply.api.services.unittests.dll" id="299a35ef-094a-53e6-94e2-49d2a21c498f">
      <Execution id="a5bd46bd-2ec1-4b0e-be08-66a10d47e490" />
      <TestMethod codeBase="C:\OcasProjects\apply-api\src\apply-api\src\Ocas.Domestic.Apply.Api.Services.UnitTests\bin\Release\net461\Ocas.Domestic.Apply.Api.Services.UnitTests.dll" adapterTypeName="executor://xunit/VsTestRunner2/net" className="Ocas.Domestic.Apply.Api.Services.UnitTests" name="Ocas.Domestic.Apply.Api.Services.UnitTests.Handlers.UpdateEducationHandlerTests.UpdateEducation_ShouldThrow_When_TranscriptRequests_Then_InstituteIdMismatch" />
    </UnitTest>
    <UnitTest name="Ocas.Domestic.Apply.Api.Services.UnitTests.Handlers.CompleteProgramsHandlerTests.CompletePrograms_ShouldPass" storage="c:\ocasprojects\apply-api\src\apply-api\src\ocas.domestic.apply.api.services.unittests\bin\release\net461\ocas.domestic.apply.api.services.unittests.dll" id="3ce7aacd-a683-81da-26b0-f7e644cfbc09">
      <Execution id="63bda683-1b55-47c5-80a0-6ddc845280df" />
      <TestMethod codeBase="C:\OcasProjects\apply-api\src\apply-api\src\Ocas.Domestic.Apply.Api.Services.UnitTests\bin\Release\net461\Ocas.Domestic.Apply.Api.Services.UnitTests.dll" adapterTypeName="executor://xunit/VsTestRunner2/net" className="Ocas.Domestic.Apply.Api.Services.UnitTests" name="Ocas.Domestic.Apply.Api.Services.UnitTests.Handlers.CompleteProgramsHandlerTests.CompletePrograms_ShouldPass" />
    </UnitTest>
    <UnitTest name="Ocas.Domestic.Apply.Api.Services.UnitTests.Validators.Models.CanadianHighSchoolValidatorTests.Validator_ShouldFail_WhenNotCurrentlyAttending_FieldsMissing_InCanadian" storage="c:\ocasprojects\apply-api\src\apply-api\src\ocas.domestic.apply.api.services.unittests\bin\release\net461\ocas.domestic.apply.api.services.unittests.dll" id="28d12ca9-82f0-2e66-3b07-6abedd15b9da">
      <Execution id="f7168fdd-1a7e-47c5-8f4d-4b5bbe13b76a" />
      <TestMethod codeBase="C:\OcasProjects\apply-api\src\apply-api\src\Ocas.Domestic.Apply.Api.Services.UnitTests\bin\Release\net461\Ocas.Domestic.Apply.Api.Services.UnitTests.dll" adapterTypeName="executor://xunit/VsTestRunner2/net" className="Ocas.Domestic.Apply.Api.Services.UnitTests" name="Ocas.Domestic.Apply.Api.Services.UnitTests.Validators.Models.CanadianHighSchoolValidatorTests.Validator_ShouldFail_WhenNotCurrentlyAttending_FieldsMissing_InCanadian" />
    </UnitTest>
    <UnitTest name="Ocas.Domestic.Apply.Api.Services.UnitTests.Validators.EmailValidatorTests.Validator_ShouldFail_Regex" storage="c:\ocasprojects\apply-api\src\apply-api\src\ocas.domestic.apply.api.services.unittests\bin\release\net461\ocas.domestic.apply.api.services.unittests.dll" id="4cf722e0-758b-8048-473f-65e7c85969d4">
      <Execution id="9ef61f25-0b3f-4a18-b4a7-9738fb6f4068" />
      <TestMethod codeBase="C:\OcasProjects\apply-api\src\apply-api\src\Ocas.Domestic.Apply.Api.Services.UnitTests\bin\Release\net461\Ocas.Domestic.Apply.Api.Services.UnitTests.dll" adapterTypeName="executor://xunit/VsTestRunner2/net" className="Ocas.Domestic.Apply.Api.Services.UnitTests" name="Ocas.Domestic.Apply.Api.Services.UnitTests.Validators.EmailValidatorTests.Validator_ShouldFail_Regex" />
    </UnitTest>
    <UnitTest name="Ocas.Domestic.Apply.Api.Services.UnitTests.Handlers.PayOrderHandlerTests.PayOrder_ShouldThrow_WhenZeroDollarAndInvalid" storage="c:\ocasprojects\apply-api\src\apply-api\src\ocas.domestic.apply.api.services.unittests\bin\release\net461\ocas.domestic.apply.api.services.unittests.dll" id="3ba0acee-d47b-2320-223a-ae970ede85f8">
      <Execution id="062febbd-76e2-4331-84ec-e5ef6457f268" />
      <TestMethod codeBase="C:\OcasProjects\apply-api\src\apply-api\src\Ocas.Domestic.Apply.Api.Services.UnitTests\bin\Release\net461\Ocas.Domestic.Apply.Api.Services.UnitTests.dll" adapterTypeName="executor://xunit/VsTestRunner2/net" className="Ocas.Domestic.Apply.Api.Services.UnitTests" name="Ocas.Domestic.Apply.Api.Services.UnitTests.Handlers.PayOrderHandlerTests.PayOrder_ShouldThrow_WhenZeroDollarAndInvalid" />
    </UnitTest>
    <UnitTest name="Ocas.Domestic.Apply.Api.Services.UnitTests.Validators.Messages.UpdateProgramChoicesValidatorTests.UpdateProgramChoicesValidator_ShouldFail_When_ProgramChoicesApplicationIdNotAllEqual" storage="c:\ocasprojects\apply-api\src\apply-api\src\ocas.domestic.apply.api.services.unittests\bin\release\net461\ocas.domestic.apply.api.services.unittests.dll" id="938b5be4-355c-6836-8308-39b13aa13b6d">
      <Execution id="bb186f5d-dbf8-4f06-88bc-da3ac55164f4" />
      <TestMethod codeBase="C:\OcasProjects\apply-api\src\apply-api\src\Ocas.Domestic.Apply.Api.Services.UnitTests\bin\Release\net461\Ocas.Domestic.Apply.Api.Services.UnitTests.dll" adapterTypeName="executor://xunit/VsTestRunner2/net" className="Ocas.Domestic.Apply.Api.Services.UnitTests" name="Ocas.Domestic.Apply.Api.Services.UnitTests.Validators.Messages.UpdateProgramChoicesValidatorTests.UpdateProgramChoicesValidator_ShouldFail_When_ProgramChoicesApplicationIdNotAllEqual" />
    </UnitTest>
    <UnitTest name="Ocas.Domestic.Apply.Api.Services.UnitTests.Handlers.DeclineOfferHandlerTests.DeclineOffer_ShouldThrow_WhenNotAccepted" storage="c:\ocasprojects\apply-api\src\apply-api\src\ocas.domestic.apply.api.services.unittests\bin\release\net461\ocas.domestic.apply.api.services.unittests.dll" id="097a0b0d-3bdf-8527-b415-8268cc7d2596">
      <Execution id="65df0b15-47b4-4755-9080-14795bc0e60e" />
      <TestMethod codeBase="C:\OcasProjects\apply-api\src\apply-api\src\Ocas.Domestic.Apply.Api.Services.UnitTests\bin\Release\net461\Ocas.Domestic.Apply.Api.Services.UnitTests.dll" adapterTypeName="executor://xunit/VsTestRunner2/net" className="Ocas.Domestic.Apply.Api.Services.UnitTests" name="Ocas.Domestic.Apply.Api.Services.UnitTests.Handlers.DeclineOfferHandlerTests.DeclineOffer_ShouldThrow_WhenNotAccepted" />
    </UnitTest>
    <UnitTest name="Ocas.Domestic.Apply.Api.Services.UnitTests.Validators.Messages.DeleteTranscriptRequestValidatorTests.DeleteTranscriptRequestValidator_ShouldFail_When_TranscriptRequestId_Empty" storage="c:\ocasprojects\apply-api\src\apply-api\src\ocas.domestic.apply.api.services.unittests\bin\release\net461\ocas.domestic.apply.api.services.unittests.dll" id="8a5f4207-4780-179a-4cba-249a56fcab67">
      <Execution id="1b0bb3b6-ec3f-43c6-8be5-2564fee4c3d9" />
      <TestMethod codeBase="C:\OcasProjects\apply-api\src\apply-api\src\Ocas.Domestic.Apply.Api.Services.UnitTests\bin\Release\net461\Ocas.Domestic.Apply.Api.Services.UnitTests.dll" adapterTypeName="executor://xunit/VsTestRunner2/net" className="Ocas.Domestic.Apply.Api.Services.UnitTests" name="Ocas.Domestic.Apply.Api.Services.UnitTests.Validators.Messages.DeleteTranscriptRequestValidatorTests.DeleteTranscriptRequestValidator_ShouldFail_When_TranscriptRequestId_Empty" />
    </UnitTest>
    <UnitTest name="Ocas.Domestic.Apply.Api.Services.UnitTests.Validators.Messages.GetCollegeTemplateValidatorTests.GetCollegeTemplateValidator_ShouldPass" storage="c:\ocasprojects\apply-api\src\apply-api\src\ocas.domestic.apply.api.services.unittests\bin\release\net461\ocas.domestic.apply.api.services.unittests.dll" id="dcbc3183-3c97-ffa1-a625-fce92a6156a4">
      <Execution id="63e4b562-ba01-4ed2-ae38-4b81647b2d3e" />
      <TestMethod codeBase="C:\OcasProjects\apply-api\src\apply-api\src\Ocas.Domestic.Apply.Api.Services.UnitTests\bin\Release\net461\Ocas.Domestic.Apply.Api.Services.UnitTests.dll" adapterTypeName="executor://xunit/VsTestRunner2/net" className="Ocas.Domestic.Apply.Api.Services.UnitTests" name="Ocas.Domestic.Apply.Api.Services.UnitTests.Validators.Messages.GetCollegeTemplateValidatorTests.GetCollegeTemplateValidator_ShouldPass" />
    </UnitTest>
    <UnitTest name="Ocas.Domestic.Apply.Api.Services.UnitTests.Mappers.ApiMapperTests.MapEducation_ShouldPass_When_CanDelete" storage="c:\ocasprojects\apply-api\src\apply-api\src\ocas.domestic.apply.api.services.unittests\bin\release\net461\ocas.domestic.apply.api.services.unittests.dll" id="336f5098-cea1-c584-1ce8-5303828d3cc1">
      <Execution id="84fd9d11-44d5-445a-a487-07933c38553d" />
      <TestMethod codeBase="C:\OcasProjects\apply-api\src\apply-api\src\Ocas.Domestic.Apply.Api.Services.UnitTests\bin\Release\net461\Ocas.Domestic.Apply.Api.Services.UnitTests.dll" adapterTypeName="executor://xunit/VsTestRunner2/net" className="Ocas.Domestic.Apply.Api.Services.UnitTests" name="Ocas.Domestic.Apply.Api.Services.UnitTests.Mappers.ApiMapperTests.MapEducation_ShouldPass_When_CanDelete" />
    </UnitTest>
    <UnitTest name="Ocas.Domestic.Apply.Api.Services.UnitTests.Mappers.ApiMapperTests.MapShoppingCart_ShouldPass_When_AccountBalance" storage="c:\ocasprojects\apply-api\src\apply-api\src\ocas.domestic.apply.api.services.unittests\bin\release\net461\ocas.domestic.apply.api.services.unittests.dll" id="eb095953-9046-a91f-8920-ab72dcc79cb2">
      <Execution id="d1706f3d-04e4-4559-9033-e4c3829c869d" />
      <TestMethod codeBase="C:\OcasProjects\apply-api\src\apply-api\src\Ocas.Domestic.Apply.Api.Services.UnitTests\bin\Release\net461\Ocas.Domestic.Apply.Api.Services.UnitTests.dll" adapterTypeName="executor://xunit/VsTestRunner2/net" className="Ocas.Domestic.Apply.Api.Services.UnitTests" name="Ocas.Domestic.Apply.Api.Services.UnitTests.Mappers.ApiMapperTests.MapShoppingCart_ShouldPass_When_AccountBalance" />
    </UnitTest>
    <UnitTest name="Ocas.Domestic.Apply.Api.Services.UnitTests.Validators.Messages.GetCollegeTemplateValidatorTests.GetCollegeTemplateValidator_ShouldFail_When_CollegeIdNotFound" storage="c:\ocasprojects\apply-api\src\apply-api\src\ocas.domestic.apply.api.services.unittests\bin\release\net461\ocas.domestic.apply.api.services.unittests.dll" id="64bf1292-c833-717b-fa3b-011e95a62713">
      <Execution id="25d323d2-3182-4e88-85db-9d250c6ffae4" />
      <TestMethod codeBase="C:\OcasProjects\apply-api\src\apply-api\src\Ocas.Domestic.Apply.Api.Services.UnitTests\bin\Release\net461\Ocas.Domestic.Apply.Api.Services.UnitTests.dll" adapterTypeName="executor://xunit/VsTestRunner2/net" className="Ocas.Domestic.Apply.Api.Services.UnitTests" name="Ocas.Domestic.Apply.Api.Services.UnitTests.Validators.Messages.GetCollegeTemplateValidatorTests.GetCollegeTemplateValidator_ShouldFail_When_CollegeIdNotFound" />
    </UnitTest>
    <UnitTest name="Ocas.Domestic.Apply.Api.Services.UnitTests.Handlers.GetSupportingDocumentFileHandlerTests.GetSupportingDocumentFileHandler_Should_Throw_When_No_Request_Found" storage="c:\ocasprojects\apply-api\src\apply-api\src\ocas.domestic.apply.api.services.unittests\bin\release\net461\ocas.domestic.apply.api.services.unittests.dll" id="ab6d4393-1468-3ee1-73e9-a85a2a153632">
      <Execution id="85c8209b-d708-4a2e-bd97-7494e2f94e04" />
      <TestMethod codeBase="C:\OcasProjects\apply-api\src\apply-api\src\Ocas.Domestic.Apply.Api.Services.UnitTests\bin\Release\net461\Ocas.Domestic.Apply.Api.Services.UnitTests.dll" adapterTypeName="executor://xunit/VsTestRunner2/net" className="Ocas.Domestic.Apply.Api.Services.UnitTests" name="Ocas.Domestic.Apply.Api.Services.UnitTests.Handlers.GetSupportingDocumentFileHandlerTests.GetSupportingDocumentFileHandler_Should_Throw_When_No_Request_Found" />
    </UnitTest>
    <UnitTest name="Ocas.Domestic.Apply.Api.Services.UnitTests.Handlers.CreateTranscriptRequestHandlerTests.CreateTranscriptRequest_ShouldThrow_When_HighSchoolRequest_TransmissionIdNotSendNow" storage="c:\ocasprojects\apply-api\src\apply-api\src\ocas.domestic.apply.api.services.unittests\bin\release\net461\ocas.domestic.apply.api.services.unittests.dll" id="cf12a913-2c1d-c6d9-d151-92354120f30f">
      <Execution id="fed9ad6f-e0be-4ed8-a37e-0a19777b2267" />
      <TestMethod codeBase="C:\OcasProjects\apply-api\src\apply-api\src\Ocas.Domestic.Apply.Api.Services.UnitTests\bin\Release\net461\Ocas.Domestic.Apply.Api.Services.UnitTests.dll" adapterTypeName="executor://xunit/VsTestRunner2/net" className="Ocas.Domestic.Apply.Api.Services.UnitTests" name="Ocas.Domestic.Apply.Api.Services.UnitTests.Handlers.CreateTranscriptRequestHandlerTests.CreateTranscriptRequest_ShouldThrow_When_HighSchoolRequest_TransmissionIdNotSendNow" />
    </UnitTest>
    <UnitTest name="Ocas.Domestic.Apply.Api.Services.UnitTests.Handlers.CompleteProgramsHandlerTests.CompletePrograms_ShouldThrow_WhenNoApplications" storage="c:\ocasprojects\apply-api\src\apply-api\src\ocas.domestic.apply.api.services.unittests\bin\release\net461\ocas.domestic.apply.api.services.unittests.dll" id="08fd4f3e-49a6-138f-c209-2fa19de2f026">
      <Execution id="ef3051ad-a1b4-42db-82db-7f2622d191a0" />
      <TestMethod codeBase="C:\OcasProjects\apply-api\src\apply-api\src\Ocas.Domestic.Apply.Api.Services.UnitTests\bin\Release\net461\Ocas.Domestic.Apply.Api.Services.UnitTests.dll" adapterTypeName="executor://xunit/VsTestRunner2/net" className="Ocas.Domestic.Apply.Api.Services.UnitTests" name="Ocas.Domestic.Apply.Api.Services.UnitTests.Handlers.CompleteProgramsHandlerTests.CompletePrograms_ShouldThrow_WhenNoApplications" />
    </UnitTest>
    <UnitTest name="Ocas.Domestic.Apply.Api.Services.UnitTests.Handlers.CreateTranscriptRequestHandlerTests.CreateTranscriptRequest_ShouldPass_When_NewApply" storage="c:\ocasprojects\apply-api\src\apply-api\src\ocas.domestic.apply.api.services.unittests\bin\release\net461\ocas.domestic.apply.api.services.unittests.dll" id="5b2a0682-0d7a-eb99-8cfe-b0cac2434473">
      <Execution id="00b1ad2f-f477-4d49-8ef8-a3e9543a833b" />
      <TestMethod codeBase="C:\OcasProjects\apply-api\src\apply-api\src\Ocas.Domestic.Apply.Api.Services.UnitTests\bin\Release\net461\Ocas.Domestic.Apply.Api.Services.UnitTests.dll" adapterTypeName="executor://xunit/VsTestRunner2/net" className="Ocas.Domestic.Apply.Api.Services.UnitTests" name="Ocas.Domestic.Apply.Api.Services.UnitTests.Handlers.CreateTranscriptRequestHandlerTests.CreateTranscriptRequest_ShouldPass_When_NewApply" />
    </UnitTest>
    <UnitTest name="Ocas.Domestic.Apply.Api.Services.UnitTests.Handlers.UpdateInternationalCreditAssessmentHandlerTests.UpdateInternationalCreditAssessmentHandler_ShouldPass_When_IntlCredentialAssessment_Removed_Already" storage="c:\ocasprojects\apply-api\src\apply-api\src\ocas.domestic.apply.api.services.unittests\bin\release\net461\ocas.domestic.apply.api.services.unittests.dll" id="7e08eb5d-d9be-e663-1aaa-c2e60bfac60c">
      <Execution id="f87c8cb8-4cd5-4d73-af2a-1c34cd098614" />
      <TestMethod codeBase="C:\OcasProjects\apply-api\src\apply-api\src\Ocas.Domestic.Apply.Api.Services.UnitTests\bin\Release\net461\Ocas.Domestic.Apply.Api.Services.UnitTests.dll" adapterTypeName="executor://xunit/VsTestRunner2/net" className="Ocas.Domestic.Apply.Api.Services.UnitTests" name="Ocas.Domestic.Apply.Api.Services.UnitTests.Handlers.UpdateInternationalCreditAssessmentHandlerTests.UpdateInternationalCreditAssessmentHandler_ShouldPass_When_IntlCredentialAssessment_Removed_Already" />
    </UnitTest>
    <UnitTest name="Ocas.Domestic.Apply.Api.Services.UnitTests.Validators.Models.ApplicantValidatorTests.Validator_ShouldFail_When_Intl_Phone_TooLong" storage="c:\ocasprojects\apply-api\src\apply-api\src\ocas.domestic.apply.api.services.unittests\bin\release\net461\ocas.domestic.apply.api.services.unittests.dll" id="3278ff07-1be9-93f5-d32a-d4520ebb5c4f">
      <Execution id="dc2e5912-27d6-475d-bf79-4c0a8a9d798c" />
      <TestMethod codeBase="C:\OcasProjects\apply-api\src\apply-api\src\Ocas.Domestic.Apply.Api.Services.UnitTests\bin\Release\net461\Ocas.Domestic.Apply.Api.Services.UnitTests.dll" adapterTypeName="executor://xunit/VsTestRunner2/net" className="Ocas.Domestic.Apply.Api.Services.UnitTests" name="Ocas.Domestic.Apply.Api.Services.UnitTests.Validators.Models.ApplicantValidatorTests.Validator_ShouldFail_When_Intl_Phone_TooLong" />
    </UnitTest>
    <UnitTest name="Ocas.Domestic.Apply.Api.Services.UnitTests.Handlers.UpdateEducationHandlerTests.UpdateEducation_ShouldThrow_When_TranscriptRequests_Then_ProvinceIdMismatch" storage="c:\ocasprojects\apply-api\src\apply-api\src\ocas.domestic.apply.api.services.unittests\bin\release\net461\ocas.domestic.apply.api.services.unittests.dll" id="d309a6da-ae91-6b82-c6ea-6a1f99890bd1">
      <Execution id="f4940f13-599f-43ed-9cda-9e770739b534" />
      <TestMethod codeBase="C:\OcasProjects\apply-api\src\apply-api\src\Ocas.Domestic.Apply.Api.Services.UnitTests\bin\Release\net461\Ocas.Domestic.Apply.Api.Services.UnitTests.dll" adapterTypeName="executor://xunit/VsTestRunner2/net" className="Ocas.Domestic.Apply.Api.Services.UnitTests" name="Ocas.Domestic.Apply.Api.Services.UnitTests.Handlers.UpdateEducationHandlerTests.UpdateEducation_ShouldThrow_When_TranscriptRequests_Then_ProvinceIdMismatch" />
    </UnitTest>
    <UnitTest name="Ocas.Domestic.Apply.Api.Services.UnitTests.Handlers.GetFinancialTransactionsHandlerTests.GetFinancialTransactionsHandler_ShouldThrow_When_ApplicationNotFound" storage="c:\ocasprojects\apply-api\src\apply-api\src\ocas.domestic.apply.api.services.unittests\bin\release\net461\ocas.domestic.apply.api.services.unittests.dll" id="d346467f-5714-41fd-589e-8488928fc7ec">
      <Execution id="4a05650a-14b2-4f86-bf28-c79f5fd930cf" />
      <TestMethod codeBase="C:\OcasProjects\apply-api\src\apply-api\src\Ocas.Domestic.Apply.Api.Services.UnitTests\bin\Release\net461\Ocas.Domestic.Apply.Api.Services.UnitTests.dll" adapterTypeName="executor://xunit/VsTestRunner2/net" className="Ocas.Domestic.Apply.Api.Services.UnitTests" name="Ocas.Domestic.Apply.Api.Services.UnitTests.Handlers.GetFinancialTransactionsHandlerTests.GetFinancialTransactionsHandler_ShouldThrow_When_ApplicationNotFound" />
    </UnitTest>
    <UnitTest name="Ocas.Domestic.Apply.Api.Services.UnitTests.Validators.Models.ProgramChoiceBaseValidatorTests.ProgramChoiceBaseValidator_ShouldPass" storage="c:\ocasprojects\apply-api\src\apply-api\src\ocas.domestic.apply.api.services.unittests\bin\release\net461\ocas.domestic.apply.api.services.unittests.dll" id="96c14473-28dd-eaa1-3021-3b243612a1cc">
      <Execution id="023b4c33-0dde-4693-a4af-ad3ca121ac63" />
      <TestMethod codeBase="C:\OcasProjects\apply-api\src\apply-api\src\Ocas.Domestic.Apply.Api.Services.UnitTests\bin\Release\net461\Ocas.Domestic.Apply.Api.Services.UnitTests.dll" adapterTypeName="executor://xunit/VsTestRunner2/net" className="Ocas.Domestic.Apply.Api.Services.UnitTests" name="Ocas.Domestic.Apply.Api.Services.UnitTests.Validators.Models.ProgramChoiceBaseValidatorTests.ProgramChoiceBaseValidator_ShouldPass" />
    </UnitTest>
    <UnitTest name="Ocas.Domestic.Apply.Api.Services.UnitTests.Handlers.CreateTranscriptRequestHandlerTests.CreateTranscriptRequest_ShouldThrow_When_ToInstituteIdMissing" storage="c:\ocasprojects\apply-api\src\apply-api\src\ocas.domestic.apply.api.services.unittests\bin\release\net461\ocas.domestic.apply.api.services.unittests.dll" id="721c4042-21e2-3dcd-b1bf-b3d033d4ed50">
      <Execution id="1094f86d-d8ba-42d9-9d78-9af21a72052b" />
      <TestMethod codeBase="C:\OcasProjects\apply-api\src\apply-api\src\Ocas.Domestic.Apply.Api.Services.UnitTests\bin\Release\net461\Ocas.Domestic.Apply.Api.Services.UnitTests.dll" adapterTypeName="executor://xunit/VsTestRunner2/net" className="Ocas.Domestic.Apply.Api.Services.UnitTests" name="Ocas.Domestic.Apply.Api.Services.UnitTests.Handlers.CreateTranscriptRequestHandlerTests.CreateTranscriptRequest_ShouldThrow_When_ToInstituteIdMissing" />
    </UnitTest>
    <UnitTest name="Ocas.Domestic.Apply.Api.Services.UnitTests.Validators.Models.CanadianUniversityValidatorTests.CanadianUniversityValidator_ShouldFail_WhenMissingFields_InOntarioUniversity" storage="c:\ocasprojects\apply-api\src\apply-api\src\ocas.domestic.apply.api.services.unittests\bin\release\net461\ocas.domestic.apply.api.services.unittests.dll" id="6695056b-8409-0e65-b607-9a5e39fc9ee3">
      <Execution id="fe19af4e-f7d7-42d9-97e9-bf6311ab2d58" />
      <TestMethod codeBase="C:\OcasProjects\apply-api\src\apply-api\src\Ocas.Domestic.Apply.Api.Services.UnitTests\bin\Release\net461\Ocas.Domestic.Apply.Api.Services.UnitTests.dll" adapterTypeName="executor://xunit/VsTestRunner2/net" className="Ocas.Domestic.Apply.Api.Services.UnitTests" name="Ocas.Domestic.Apply.Api.Services.UnitTests.Validators.Models.CanadianUniversityValidatorTests.CanadianUniversityValidator_ShouldFail_WhenMissingFields_InOntarioUniversity" />
    </UnitTest>
    <UnitTest name="Ocas.Domestic.Apply.Api.Services.UnitTests.Validators.Messages.CreateApplicationValidatorTests.CreateApplicationValidator_ShouldFail_When_ApplicantIdEmpty" storage="c:\ocasprojects\apply-api\src\apply-api\src\ocas.domestic.apply.api.services.unittests\bin\release\net461\ocas.domestic.apply.api.services.unittests.dll" id="8367661a-be24-5851-0813-8898249db209">
      <Execution id="eb3b6301-d7b7-40f4-b5c7-a0364b377b43" />
      <TestMethod codeBase="C:\OcasProjects\apply-api\src\apply-api\src\Ocas.Domestic.Apply.Api.Services.UnitTests\bin\Release\net461\Ocas.Domestic.Apply.Api.Services.UnitTests.dll" adapterTypeName="executor://xunit/VsTestRunner2/net" className="Ocas.Domestic.Apply.Api.Services.UnitTests" name="Ocas.Domestic.Apply.Api.Services.UnitTests.Validators.Messages.CreateApplicationValidatorTests.CreateApplicationValidator_ShouldFail_When_ApplicantIdEmpty" />
    </UnitTest>
    <UnitTest name="Ocas.Domestic.Apply.Api.Services.UnitTests.Validators.Models.InternationalEducationValidatorTests.InternationalEducationValidator_ShouldFail_WhenMissingRequiredFields_AttendedTo_International" storage="c:\ocasprojects\apply-api\src\apply-api\src\ocas.domestic.apply.api.services.unittests\bin\release\net461\ocas.domestic.apply.api.services.unittests.dll" id="3a1b337b-d60e-2d1f-801b-eacdef639b65">
      <Execution id="abc42cfe-66f7-420d-8aee-cb55739716fe" />
      <TestMethod codeBase="C:\OcasProjects\apply-api\src\apply-api\src\Ocas.Domestic.Apply.Api.Services.UnitTests\bin\Release\net461\Ocas.Domestic.Apply.Api.Services.UnitTests.dll" adapterTypeName="executor://xunit/VsTestRunner2/net" className="Ocas.Domestic.Apply.Api.Services.UnitTests" name="Ocas.Domestic.Apply.Api.Services.UnitTests.Validators.Models.InternationalEducationValidatorTests.InternationalEducationValidator_ShouldFail_WhenMissingRequiredFields_AttendedTo_International" />
    </UnitTest>
    <UnitTest name="Ocas.Domestic.Apply.Api.Services.UnitTests.Validators.EmailValidatorTests.Validator_ShouldFail_Length" storage="c:\ocasprojects\apply-api\src\apply-api\src\ocas.domestic.apply.api.services.unittests\bin\release\net461\ocas.domestic.apply.api.services.unittests.dll" id="bda7e2c9-47de-e196-e998-dd25614dfe24">
      <Execution id="02ee81bf-5697-4140-accd-cd48960d01d3" />
      <TestMethod codeBase="C:\OcasProjects\apply-api\src\apply-api\src\Ocas.Domestic.Apply.Api.Services.UnitTests\bin\Release\net461\Ocas.Domestic.Apply.Api.Services.UnitTests.dll" adapterTypeName="executor://xunit/VsTestRunner2/net" className="Ocas.Domestic.Apply.Api.Services.UnitTests" name="Ocas.Domestic.Apply.Api.Services.UnitTests.Validators.EmailValidatorTests.Validator_ShouldFail_Length" />
    </UnitTest>
    <UnitTest name="Ocas.Domestic.Apply.Api.Services.UnitTests.Handlers.UpdateProgramChoicesHandlerTests.UpdateProgramChoicesHandler_ShouldThrow_When_IntakeAvailabiltyClosed_Non_OcasUser" storage="c:\ocasprojects\apply-api\src\apply-api\src\ocas.domestic.apply.api.services.unittests\bin\release\net461\ocas.domestic.apply.api.services.unittests.dll" id="36e74491-dd95-5ac8-cf80-0097d30f13eb">
      <Execution id="bb2ba2a1-fe32-4786-80ec-9ded9d161ae0" />
      <TestMethod codeBase="C:\OcasProjects\apply-api\src\apply-api\src\Ocas.Domestic.Apply.Api.Services.UnitTests\bin\Release\net461\Ocas.Domestic.Apply.Api.Services.UnitTests.dll" adapterTypeName="executor://xunit/VsTestRunner2/net" className="Ocas.Domestic.Apply.Api.Services.UnitTests" name="Ocas.Domestic.Apply.Api.Services.UnitTests.Handlers.UpdateProgramChoicesHandlerTests.UpdateProgramChoicesHandler_ShouldThrow_When_IntakeAvailabiltyClosed_Non_OcasUser" />
    </UnitTest>
    <UnitTest name="Ocas.Domestic.Apply.Api.Services.UnitTests.Handlers.CreateTranscriptRequestHandlerTests.CreateTranscriptRequest_ShouldThrow_When_TransmissionTypeNotMatchesEducationType" storage="c:\ocasprojects\apply-api\src\apply-api\src\ocas.domestic.apply.api.services.unittests\bin\release\net461\ocas.domestic.apply.api.services.unittests.dll" id="4419e1dd-b339-f8fd-33e9-9301691d152b">
      <Execution id="181dedbb-d3d0-4547-93f6-f4d1afc27d8c" />
      <TestMethod codeBase="C:\OcasProjects\apply-api\src\apply-api\src\Ocas.Domestic.Apply.Api.Services.UnitTests\bin\Release\net461\Ocas.Domestic.Apply.Api.Services.UnitTests.dll" adapterTypeName="executor://xunit/VsTestRunner2/net" className="Ocas.Domestic.Apply.Api.Services.UnitTests" name="Ocas.Domestic.Apply.Api.Services.UnitTests.Handlers.CreateTranscriptRequestHandlerTests.CreateTranscriptRequest_ShouldThrow_When_TransmissionTypeNotMatchesEducationType" />
    </UnitTest>
    <UnitTest name="Ocas.Domestic.Apply.Api.Services.UnitTests.Mappers.ApiMapperTests.MapSupportingDocument_ShouldPass_When_Transcript" storage="c:\ocasprojects\apply-api\src\apply-api\src\ocas.domestic.apply.api.services.unittests\bin\release\net461\ocas.domestic.apply.api.services.unittests.dll" id="52706946-1872-3a45-7508-46e1da82d402">
      <Execution id="4e4980c0-2c89-42a8-aaeb-3f9f6b27d6c9" />
      <TestMethod codeBase="C:\OcasProjects\apply-api\src\apply-api\src\Ocas.Domestic.Apply.Api.Services.UnitTests\bin\Release\net461\Ocas.Domestic.Apply.Api.Services.UnitTests.dll" adapterTypeName="executor://xunit/VsTestRunner2/net" className="Ocas.Domestic.Apply.Api.Services.UnitTests" name="Ocas.Domestic.Apply.Api.Services.UnitTests.Mappers.ApiMapperTests.MapSupportingDocument_ShouldPass_When_Transcript" />
    </UnitTest>
    <UnitTest name="Ocas.Domestic.Apply.Api.Services.UnitTests.Validators.Models.ApplicantValidatorTests.Validator_ShouldFail_When_Province_Invalid" storage="c:\ocasprojects\apply-api\src\apply-api\src\ocas.domestic.apply.api.services.unittests\bin\release\net461\ocas.domestic.apply.api.services.unittests.dll" id="3a7c60ae-7556-d221-0113-0f2d848a344f">
      <Execution id="1352df63-2f2d-4dd3-b517-1c3468da766e" />
      <TestMethod codeBase="C:\OcasProjects\apply-api\src\apply-api\src\Ocas.Domestic.Apply.Api.Services.UnitTests\bin\Release\net461\Ocas.Domestic.Apply.Api.Services.UnitTests.dll" adapterTypeName="executor://xunit/VsTestRunner2/net" className="Ocas.Domestic.Apply.Api.Services.UnitTests" name="Ocas.Domestic.Apply.Api.Services.UnitTests.Validators.Models.ApplicantValidatorTests.Validator_ShouldFail_When_Province_Invalid" />
    </UnitTest>
    <UnitTest name="Ocas.Domestic.Apply.Api.Services.UnitTests.Handlers.CreateTranscriptRequestHandlerTests.CreateTranscriptRequest_ShouldThrow_When_HighSchoolRequest_ToInstituteIdNotEmpty" storage="c:\ocasprojects\apply-api\src\apply-api\src\ocas.domestic.apply.api.services.unittests\bin\release\net461\ocas.domestic.apply.api.services.unittests.dll" id="343b3a52-f9ea-d357-adb6-f7095c6398b1">
      <Execution id="c0483f0c-1100-4219-beee-d451821bda58" />
      <TestMethod codeBase="C:\OcasProjects\apply-api\src\apply-api\src\Ocas.Domestic.Apply.Api.Services.UnitTests\bin\Release\net461\Ocas.Domestic.Apply.Api.Services.UnitTests.dll" adapterTypeName="executor://xunit/VsTestRunner2/net" className="Ocas.Domestic.Apply.Api.Services.UnitTests" name="Ocas.Domestic.Apply.Api.Services.UnitTests.Handlers.CreateTranscriptRequestHandlerTests.CreateTranscriptRequest_ShouldThrow_When_HighSchoolRequest_ToInstituteIdNotEmpty" />
    </UnitTest>
    <UnitTest name="Ocas.Domestic.Apply.Api.Services.UnitTests.Validators.Models.IntlCredentialAssessmentValidatorTests.Validator_ShouldPass" storage="c:\ocasprojects\apply-api\src\apply-api\src\ocas.domestic.apply.api.services.unittests\bin\release\net461\ocas.domestic.apply.api.services.unittests.dll" id="1ad78eb8-da80-de07-399c-306bf714d790">
      <Execution id="96ebb40c-af68-4fbb-9c7a-b36d1a1aaf0d" />
      <TestMethod codeBase="C:\OcasProjects\apply-api\src\apply-api\src\Ocas.Domestic.Apply.Api.Services.UnitTests\bin\Release\net461\Ocas.Domestic.Apply.Api.Services.UnitTests.dll" adapterTypeName="executor://xunit/VsTestRunner2/net" className="Ocas.Domestic.Apply.Api.Services.UnitTests" name="Ocas.Domestic.Apply.Api.Services.UnitTests.Validators.Models.IntlCredentialAssessmentValidatorTests.Validator_ShouldPass" />
    </UnitTest>
    <UnitTest name="Ocas.Domestic.Apply.Api.Services.UnitTests.Handlers.UpdateEducationHandlerTests.UpdateEducation_ShouldThrow_WhenApplicantIdMismatch" storage="c:\ocasprojects\apply-api\src\apply-api\src\ocas.domestic.apply.api.services.unittests\bin\release\net461\ocas.domestic.apply.api.services.unittests.dll" id="3f95f42a-d9ac-1743-c0f4-ed2b9db89135">
      <Execution id="4da651c7-c35d-401b-810f-ffa766461801" />
      <TestMethod codeBase="C:\OcasProjects\apply-api\src\apply-api\src\Ocas.Domestic.Apply.Api.Services.UnitTests\bin\Release\net461\Ocas.Domestic.Apply.Api.Services.UnitTests.dll" adapterTypeName="executor://xunit/VsTestRunner2/net" className="Ocas.Domestic.Apply.Api.Services.UnitTests" name="Ocas.Domestic.Apply.Api.Services.UnitTests.Handlers.UpdateEducationHandlerTests.UpdateEducation_ShouldThrow_WhenApplicantIdMismatch" />
    </UnitTest>
    <UnitTest name="Ocas.Domestic.Apply.Api.Services.UnitTests.Validators.Models.ApplicantValidatorTests.Validator_ShouldFail_When_Usa_PostalCode_Invalid" storage="c:\ocasprojects\apply-api\src\apply-api\src\ocas.domestic.apply.api.services.unittests\bin\release\net461\ocas.domestic.apply.api.services.unittests.dll" id="af0adc9c-ad85-b90a-0522-7c1f3fde7dee">
      <Execution id="033a829c-596d-49ba-9c0a-8bc8a6ada597" />
      <TestMethod codeBase="C:\OcasProjects\apply-api\src\apply-api\src\Ocas.Domestic.Apply.Api.Services.UnitTests\bin\Release\net461\Ocas.Domestic.Apply.Api.Services.UnitTests.dll" adapterTypeName="executor://xunit/VsTestRunner2/net" className="Ocas.Domestic.Apply.Api.Services.UnitTests" name="Ocas.Domestic.Apply.Api.Services.UnitTests.Validators.Models.ApplicantValidatorTests.Validator_ShouldFail_When_Usa_PostalCode_Invalid" />
    </UnitTest>
    <UnitTest name="Ocas.Domestic.Apply.Api.Services.UnitTests.Handlers.AcceptOfferHandlerTests.AcceptOffer_ShouldThrow_WhenNotActive" storage="c:\ocasprojects\apply-api\src\apply-api\src\ocas.domestic.apply.api.services.unittests\bin\release\net461\ocas.domestic.apply.api.services.unittests.dll" id="a9196659-1534-d803-9deb-e2ec54b68d2e">
      <Execution id="363a9dcd-92e9-4d9c-8aa8-9413e8196ca4" />
      <TestMethod codeBase="C:\OcasProjects\apply-api\src\apply-api\src\Ocas.Domestic.Apply.Api.Services.UnitTests\bin\Release\net461\Ocas.Domestic.Apply.Api.Services.UnitTests.dll" adapterTypeName="executor://xunit/VsTestRunner2/net" className="Ocas.Domestic.Apply.Api.Services.UnitTests" name="Ocas.Domestic.Apply.Api.Services.UnitTests.Handlers.AcceptOfferHandlerTests.AcceptOffer_ShouldThrow_WhenNotActive" />
    </UnitTest>
    <UnitTest name="Ocas.Domestic.Apply.Api.Services.UnitTests.Handlers.RemoveVoucherHandlerTests.RemoveVoucher_ShouldThrow_WhenVoucherDoesNotExist" storage="c:\ocasprojects\apply-api\src\apply-api\src\ocas.domestic.apply.api.services.unittests\bin\release\net461\ocas.domestic.apply.api.services.unittests.dll" id="88206f20-180a-a33f-6490-29f42cd71788">
      <Execution id="356ecba0-8c89-4c32-b47f-b00f917b9f0a" />
      <TestMethod codeBase="C:\OcasProjects\apply-api\src\apply-api\src\Ocas.Domestic.Apply.Api.Services.UnitTests\bin\Release\net461\Ocas.Domestic.Apply.Api.Services.UnitTests.dll" adapterTypeName="executor://xunit/VsTestRunner2/net" className="Ocas.Domestic.Apply.Api.Services.UnitTests" name="Ocas.Domestic.Apply.Api.Services.UnitTests.Handlers.RemoveVoucherHandlerTests.RemoveVoucher_ShouldThrow_WhenVoucherDoesNotExist" />
    </UnitTest>
    <UnitTest name="Ocas.Domestic.Apply.Api.Services.UnitTests.Validators.Models.TranscriptRequestBaseValidatorTests.TranscriptRequestBaseValidator_ShouldPass" storage="c:\ocasprojects\apply-api\src\apply-api\src\ocas.domestic.apply.api.services.unittests\bin\release\net461\ocas.domestic.apply.api.services.unittests.dll" id="e115b9c2-9070-a516-0416-e40fbb6af5be">
      <Execution id="74023eda-f4f2-4c43-8bfd-fe5241199638" />
      <TestMethod codeBase="C:\OcasProjects\apply-api\src\apply-api\src\Ocas.Domestic.Apply.Api.Services.UnitTests\bin\Release\net461\Ocas.Domestic.Apply.Api.Services.UnitTests.dll" adapterTypeName="executor://xunit/VsTestRunner2/net" className="Ocas.Domestic.Apply.Api.Services.UnitTests" name="Ocas.Domestic.Apply.Api.Services.UnitTests.Validators.Models.TranscriptRequestBaseValidatorTests.TranscriptRequestBaseValidator_ShouldPass" />
    </UnitTest>
    <UnitTest name="Ocas.Domestic.Apply.Api.Services.UnitTests.Mappers.ApiMapperTests.MapEducation_ShouldPass_When_HasBoth_CanDelete" storage="c:\ocasprojects\apply-api\src\apply-api\src\ocas.domestic.apply.api.services.unittests\bin\release\net461\ocas.domestic.apply.api.services.unittests.dll" id="63383eed-27e8-4e72-c9b4-d428ef84f928">
      <Execution id="95b90bab-4ee3-47fe-b8e1-576aaf84976f" />
      <TestMethod codeBase="C:\OcasProjects\apply-api\src\apply-api\src\Ocas.Domestic.Apply.Api.Services.UnitTests\bin\Release\net461\Ocas.Domestic.Apply.Api.Services.UnitTests.dll" adapterTypeName="executor://xunit/VsTestRunner2/net" className="Ocas.Domestic.Apply.Api.Services.UnitTests" name="Ocas.Domestic.Apply.Api.Services.UnitTests.Mappers.ApiMapperTests.MapEducation_ShouldPass_When_HasBoth_CanDelete" />
    </UnitTest>
    <UnitTest name="Ocas.Domestic.Apply.Api.Services.UnitTests.Handlers.GetOrderHandlerTests.GetOrder_ShouldThrow_When_ApplicantMissing" storage="c:\ocasprojects\apply-api\src\apply-api\src\ocas.domestic.apply.api.services.unittests\bin\release\net461\ocas.domestic.apply.api.services.unittests.dll" id="58313dc0-3fe9-d933-fd80-72ea26f2e54c">
      <Execution id="d0fd40bd-9eca-4cc9-a7ad-15ce4b33d678" />
      <TestMethod codeBase="C:\OcasProjects\apply-api\src\apply-api\src\Ocas.Domestic.Apply.Api.Services.UnitTests\bin\Release\net461\Ocas.Domestic.Apply.Api.Services.UnitTests.dll" adapterTypeName="executor://xunit/VsTestRunner2/net" className="Ocas.Domestic.Apply.Api.Services.UnitTests" name="Ocas.Domestic.Apply.Api.Services.UnitTests.Handlers.GetOrderHandlerTests.GetOrder_ShouldThrow_When_ApplicantMissing" />
    </UnitTest>
    <UnitTest name="Ocas.Domestic.Apply.Api.Services.UnitTests.Validators.Messages.GetProgramChoicesValidatorTests.GetProgramChoicesValidator_ShouldPass_When_ApplicantId" storage="c:\ocasprojects\apply-api\src\apply-api\src\ocas.domestic.apply.api.services.unittests\bin\release\net461\ocas.domestic.apply.api.services.unittests.dll" id="3a6db258-c254-24b7-de95-081506da4974">
      <Execution id="c2c67604-0626-4e6c-b920-6503ed319db6" />
      <TestMethod codeBase="C:\OcasProjects\apply-api\src\apply-api\src\Ocas.Domestic.Apply.Api.Services.UnitTests\bin\Release\net461\Ocas.Domestic.Apply.Api.Services.UnitTests.dll" adapterTypeName="executor://xunit/VsTestRunner2/net" className="Ocas.Domestic.Apply.Api.Services.UnitTests" name="Ocas.Domestic.Apply.Api.Services.UnitTests.Validators.Messages.GetProgramChoicesValidatorTests.GetProgramChoicesValidator_ShouldPass_When_ApplicantId" />
    </UnitTest>
    <UnitTest name="Ocas.Domestic.Apply.Api.Services.UnitTests.Validators.Models.PayOrderInfoValidatorTests.PayOrderInfoValidator_ShouldFail_WhenExpiryDateTooLong" storage="c:\ocasprojects\apply-api\src\apply-api\src\ocas.domestic.apply.api.services.unittests\bin\release\net461\ocas.domestic.apply.api.services.unittests.dll" id="37114df0-b6d5-281f-78a8-09bc7091bf0b">
      <Execution id="9e01f91e-40dd-4366-a6a3-cafd8973641a" />
      <TestMethod codeBase="C:\OcasProjects\apply-api\src\apply-api\src\Ocas.Domestic.Apply.Api.Services.UnitTests\bin\Release\net461\Ocas.Domestic.Apply.Api.Services.UnitTests.dll" adapterTypeName="executor://xunit/VsTestRunner2/net" className="Ocas.Domestic.Apply.Api.Services.UnitTests" name="Ocas.Domestic.Apply.Api.Services.UnitTests.Validators.Models.PayOrderInfoValidatorTests.PayOrderInfoValidator_ShouldFail_WhenExpiryDateTooLong" />
    </UnitTest>
    <UnitTest name="Ocas.Domestic.Apply.Api.Services.UnitTests.Handlers.UpdateEducationHandlerTests.UpdateEducation_ShouldThrow_WhenInvalidDate" storage="c:\ocasprojects\apply-api\src\apply-api\src\ocas.domestic.apply.api.services.unittests\bin\release\net461\ocas.domestic.apply.api.services.unittests.dll" id="d292c428-37d8-bf18-ef4b-4f2b67f29ce9">
      <Execution id="5800511d-b98e-4ab1-8e41-f1783be5b19e" />
      <TestMethod codeBase="C:\OcasProjects\apply-api\src\apply-api\src\Ocas.Domestic.Apply.Api.Services.UnitTests\bin\Release\net461\Ocas.Domestic.Apply.Api.Services.UnitTests.dll" adapterTypeName="executor://xunit/VsTestRunner2/net" className="Ocas.Domestic.Apply.Api.Services.UnitTests" name="Ocas.Domestic.Apply.Api.Services.UnitTests.Handlers.UpdateEducationHandlerTests.UpdateEducation_ShouldThrow_WhenInvalidDate" />
    </UnitTest>
    <UnitTest name="Ocas.Domestic.Apply.Api.Services.UnitTests.Handlers.GetOsapTokenHandlerTests.GetOsapToken_ShouldPass" storage="c:\ocasprojects\apply-api\src\apply-api\src\ocas.domestic.apply.api.services.unittests\bin\release\net461\ocas.domestic.apply.api.services.unittests.dll" id="0b860545-0b5a-7420-8dd7-6175497585ec">
      <Execution id="c39972f7-048b-466d-a2b7-617169124840" />
      <TestMethod codeBase="C:\OcasProjects\apply-api\src\apply-api\src\Ocas.Domestic.Apply.Api.Services.UnitTests\bin\Release\net461\Ocas.Domestic.Apply.Api.Services.UnitTests.dll" adapterTypeName="executor://xunit/VsTestRunner2/net" className="Ocas.Domestic.Apply.Api.Services.UnitTests" name="Ocas.Domestic.Apply.Api.Services.UnitTests.Handlers.GetOsapTokenHandlerTests.GetOsapToken_ShouldPass" />
    </UnitTest>
    <UnitTest name="Ocas.Domestic.Apply.Api.Services.UnitTests.Handlers.CreateApplicantHandlerTests.CreateApplicantHandler_ShouldPass" storage="c:\ocasprojects\apply-api\src\apply-api\src\ocas.domestic.apply.api.services.unittests\bin\release\net461\ocas.domestic.apply.api.services.unittests.dll" id="6100ea4c-cb59-c904-b56e-b4f9e0f3b4f7">
      <Execution id="d41f8616-e051-4e75-9a19-b5aa4177249c" />
      <TestMethod codeBase="C:\OcasProjects\apply-api\src\apply-api\src\Ocas.Domestic.Apply.Api.Services.UnitTests\bin\Release\net461\Ocas.Domestic.Apply.Api.Services.UnitTests.dll" adapterTypeName="executor://xunit/VsTestRunner2/net" className="Ocas.Domestic.Apply.Api.Services.UnitTests" name="Ocas.Domestic.Apply.Api.Services.UnitTests.Handlers.CreateApplicantHandlerTests.CreateApplicantHandler_ShouldPass" />
    </UnitTest>
    <UnitTest name="Ocas.Domestic.Apply.Api.Services.UnitTests.Handlers.CreateApplicantHandlerTests.CreateApplicantHandler_ShouldThrow_When_ContactExists" storage="c:\ocasprojects\apply-api\src\apply-api\src\ocas.domestic.apply.api.services.unittests\bin\release\net461\ocas.domestic.apply.api.services.unittests.dll" id="7e2f27b5-6a26-b52b-950b-67c356ff01df">
      <Execution id="5f1b75ed-9205-4a75-a729-69d39645d484" />
      <TestMethod codeBase="C:\OcasProjects\apply-api\src\apply-api\src\Ocas.Domestic.Apply.Api.Services.UnitTests\bin\Release\net461\Ocas.Domestic.Apply.Api.Services.UnitTests.dll" adapterTypeName="executor://xunit/VsTestRunner2/net" className="Ocas.Domestic.Apply.Api.Services.UnitTests" name="Ocas.Domestic.Apply.Api.Services.UnitTests.Handlers.CreateApplicantHandlerTests.CreateApplicantHandler_ShouldThrow_When_ContactExists" />
    </UnitTest>
    <UnitTest name="Ocas.Domestic.Apply.Api.Services.UnitTests.Validators.IIdentityUserValidatorTests.Validator_ShouldFail_WhenNoUser" storage="c:\ocasprojects\apply-api\src\apply-api\src\ocas.domestic.apply.api.services.unittests\bin\release\net461\ocas.domestic.apply.api.services.unittests.dll" id="56aa836f-af0b-8456-7220-ec87c99fcca0">
      <Execution id="374d5573-e2f8-4417-bf9f-faafda5a75be" />
      <TestMethod codeBase="C:\OcasProjects\apply-api\src\apply-api\src\Ocas.Domestic.Apply.Api.Services.UnitTests\bin\Release\net461\Ocas.Domestic.Apply.Api.Services.UnitTests.dll" adapterTypeName="executor://xunit/VsTestRunner2/net" className="Ocas.Domestic.Apply.Api.Services.UnitTests" name="Ocas.Domestic.Apply.Api.Services.UnitTests.Validators.IIdentityUserValidatorTests.Validator_ShouldFail_WhenNoUser" />
    </UnitTest>
    <UnitTest name="Ocas.Domestic.Apply.Api.Services.UnitTests.Handlers.GetApplicantHandlerTests.GetApplicant_ShouldPass" storage="c:\ocasprojects\apply-api\src\apply-api\src\ocas.domestic.apply.api.services.unittests\bin\release\net461\ocas.domestic.apply.api.services.unittests.dll" id="d1ad4098-6ff3-9105-ac01-19eb220ebe48">
      <Execution id="015e8861-7e28-49e3-94ae-98dfdabe0279" />
      <TestMethod codeBase="C:\OcasProjects\apply-api\src\apply-api\src\Ocas.Domestic.Apply.Api.Services.UnitTests\bin\Release\net461\Ocas.Domestic.Apply.Api.Services.UnitTests.dll" adapterTypeName="executor://xunit/VsTestRunner2/net" className="Ocas.Domestic.Apply.Api.Services.UnitTests" name="Ocas.Domestic.Apply.Api.Services.UnitTests.Handlers.GetApplicantHandlerTests.GetApplicant_ShouldPass" />
    </UnitTest>
    <UnitTest name="Ocas.Domestic.Apply.Api.Services.UnitTests.Handlers.DeclineAllOffersHandlerTests.DeclineAllOffers_ShouldPass_OnlyWhenOffersAreNotDeclined" storage="c:\ocasprojects\apply-api\src\apply-api\src\ocas.domestic.apply.api.services.unittests\bin\release\net461\ocas.domestic.apply.api.services.unittests.dll" id="ec669260-0633-5873-1b6d-4c80d879ccbc">
      <Execution id="20c8e3e7-ccdc-46e0-abc1-102ee5da763e" />
      <TestMethod codeBase="C:\OcasProjects\apply-api\src\apply-api\src\Ocas.Domestic.Apply.Api.Services.UnitTests\bin\Release\net461\Ocas.Domestic.Apply.Api.Services.UnitTests.dll" adapterTypeName="executor://xunit/VsTestRunner2/net" className="Ocas.Domestic.Apply.Api.Services.UnitTests" name="Ocas.Domestic.Apply.Api.Services.UnitTests.Handlers.DeclineAllOffersHandlerTests.DeclineAllOffers_ShouldPass_OnlyWhenOffersAreNotDeclined" />
    </UnitTest>
    <UnitTest name="Ocas.Domestic.Apply.Api.Services.UnitTests.Validators.Models.IntlCredentialAssessmentValidatorTests.Validator_ShouldThrow_When_IntlEvaluatorId_Invalid" storage="c:\ocasprojects\apply-api\src\apply-api\src\ocas.domestic.apply.api.services.unittests\bin\release\net461\ocas.domestic.apply.api.services.unittests.dll" id="e02e2539-42c2-0451-734b-50f8b4c83c0a">
      <Execution id="6a61ce5a-1a14-4d27-a9a3-4509a48a61a7" />
      <TestMethod codeBase="C:\OcasProjects\apply-api\src\apply-api\src\Ocas.Domestic.Apply.Api.Services.UnitTests\bin\Release\net461\Ocas.Domestic.Apply.Api.Services.UnitTests.dll" adapterTypeName="executor://xunit/VsTestRunner2/net" className="Ocas.Domestic.Apply.Api.Services.UnitTests" name="Ocas.Domestic.Apply.Api.Services.UnitTests.Validators.Models.IntlCredentialAssessmentValidatorTests.Validator_ShouldThrow_When_IntlEvaluatorId_Invalid" />
    </UnitTest>
    <UnitTest name="Ocas.Domestic.Apply.Api.Services.UnitTests.Handlers.UpdateProgramChoicesHandlerTests.UpdateProgramChoicesHandler_ShouldPass_When_Supplementalfee_Not_Paid" storage="c:\ocasprojects\apply-api\src\apply-api\src\ocas.domestic.apply.api.services.unittests\bin\release\net461\ocas.domestic.apply.api.services.unittests.dll" id="f70e486e-5d6d-d314-986c-112f677facae">
      <Execution id="e3324435-e2f7-4a71-a000-d747d7e222f3" />
      <TestMethod codeBase="C:\OcasProjects\apply-api\src\apply-api\src\Ocas.Domestic.Apply.Api.Services.UnitTests\bin\Release\net461\Ocas.Domestic.Apply.Api.Services.UnitTests.dll" adapterTypeName="executor://xunit/VsTestRunner2/net" className="Ocas.Domestic.Apply.Api.Services.UnitTests" name="Ocas.Domestic.Apply.Api.Services.UnitTests.Handlers.UpdateProgramChoicesHandlerTests.UpdateProgramChoicesHandler_ShouldPass_When_Supplementalfee_Not_Paid" />
    </UnitTest>
    <UnitTest name="Ocas.Domestic.Apply.Api.Services.UnitTests.Validators.Models.ApplicantValidatorTests.Validator_ShouldFail_When_Intl_Phone_Invalid" storage="c:\ocasprojects\apply-api\src\apply-api\src\ocas.domestic.apply.api.services.unittests\bin\release\net461\ocas.domestic.apply.api.services.unittests.dll" id="0e8a531c-8e83-c3ba-5bc0-547d6c8747c8">
      <Execution id="73c5f221-89c4-48bd-96e9-8b6c6e0f610f" />
      <TestMethod codeBase="C:\OcasProjects\apply-api\src\apply-api\src\Ocas.Domestic.Apply.Api.Services.UnitTests\bin\Release\net461\Ocas.Domestic.Apply.Api.Services.UnitTests.dll" adapterTypeName="executor://xunit/VsTestRunner2/net" className="Ocas.Domestic.Apply.Api.Services.UnitTests" name="Ocas.Domestic.Apply.Api.Services.UnitTests.Validators.Models.ApplicantValidatorTests.Validator_ShouldFail_When_Intl_Phone_Invalid" />
    </UnitTest>
    <UnitTest name="Ocas.Domestic.Apply.Api.Services.UnitTests.Validators.Messages.GetCollegeTemplateValidatorTests.GetCollegeTemplateValidator_ShouldFail_When_KeyNotInEnum" storage="c:\ocasprojects\apply-api\src\apply-api\src\ocas.domestic.apply.api.services.unittests\bin\release\net461\ocas.domestic.apply.api.services.unittests.dll" id="41ca1c0d-14b5-db86-3482-8effbb7a7f69">
      <Execution id="15effe14-0013-4190-a9d8-72d4f07e1712" />
      <TestMethod codeBase="C:\OcasProjects\apply-api\src\apply-api\src\Ocas.Domestic.Apply.Api.Services.UnitTests\bin\Release\net461\Ocas.Domestic.Apply.Api.Services.UnitTests.dll" adapterTypeName="executor://xunit/VsTestRunner2/net" className="Ocas.Domestic.Apply.Api.Services.UnitTests" name="Ocas.Domestic.Apply.Api.Services.UnitTests.Validators.Messages.GetCollegeTemplateValidatorTests.GetCollegeTemplateValidator_ShouldFail_When_KeyNotInEnum" />
    </UnitTest>
    <UnitTest name="Ocas.Domestic.Apply.Api.Services.UnitTests.Extensions.LookupsCacheExtensionsTests.GetSourceId_ShouldPass_When_ReferralPartner_AllowedCba_And_AllowCbaReferralCodeAsSource" storage="c:\ocasprojects\apply-api\src\apply-api\src\ocas.domestic.apply.api.services.unittests\bin\release\net461\ocas.domestic.apply.api.services.unittests.dll" id="ead97fb4-5220-2f31-3464-7b9bf5735310">
      <Execution id="7f88e55b-e8cf-447c-8609-5c502919de50" />
      <TestMethod codeBase="C:\OcasProjects\apply-api\src\apply-api\src\Ocas.Domestic.Apply.Api.Services.UnitTests\bin\Release\net461\Ocas.Domestic.Apply.Api.Services.UnitTests.dll" adapterTypeName="executor://xunit/VsTestRunner2/net" className="Ocas.Domestic.Apply.Api.Services.UnitTests" name="Ocas.Domestic.Apply.Api.Services.UnitTests.Extensions.LookupsCacheExtensionsTests.GetSourceId_ShouldPass_When_ReferralPartner_AllowedCba_And_AllowCbaReferralCodeAsSource" />
    </UnitTest>
    <UnitTest name="Ocas.Domestic.Apply.Api.Services.UnitTests.Validators.Models.TranscriptRequestBaseValidatorTests.TranscriptRequestBaseValidator_ShouldFail_When_TransmissionIdInvalid" storage="c:\ocasprojects\apply-api\src\apply-api\src\ocas.domestic.apply.api.services.unittests\bin\release\net461\ocas.domestic.apply.api.services.unittests.dll" id="42df1bd9-dc2b-fd38-7f17-39e7aba8b13f">
      <Execution id="b7ba6f9d-19f6-4819-a1a3-e43bcc3a48cb" />
      <TestMethod codeBase="C:\OcasProjects\apply-api\src\apply-api\src\Ocas.Domestic.Apply.Api.Services.UnitTests\bin\Release\net461\Ocas.Domestic.Apply.Api.Services.UnitTests.dll" adapterTypeName="executor://xunit/VsTestRunner2/net" className="Ocas.Domestic.Apply.Api.Services.UnitTests" name="Ocas.Domestic.Apply.Api.Services.UnitTests.Validators.Models.TranscriptRequestBaseValidatorTests.TranscriptRequestBaseValidator_ShouldFail_When_TransmissionIdInvalid" />
    </UnitTest>
    <UnitTest name="Ocas.Domestic.Apply.Api.Services.UnitTests.Validators.Messages.UpdateProgramChoicesValidatorTests.UpdateProgramChoicesValidator_ShouldPass" storage="c:\ocasprojects\apply-api\src\apply-api\src\ocas.domestic.apply.api.services.unittests\bin\release\net461\ocas.domestic.apply.api.services.unittests.dll" id="f0709640-511b-c699-1a09-36f9f49ebfa0">
      <Execution id="53056ba6-1651-462e-8ec3-f8357597c404" />
      <TestMethod codeBase="C:\OcasProjects\apply-api\src\apply-api\src\Ocas.Domestic.Apply.Api.Services.UnitTests\bin\Release\net461\Ocas.Domestic.Apply.Api.Services.UnitTests.dll" adapterTypeName="executor://xunit/VsTestRunner2/net" className="Ocas.Domestic.Apply.Api.Services.UnitTests" name="Ocas.Domestic.Apply.Api.Services.UnitTests.Validators.Messages.UpdateProgramChoicesValidatorTests.UpdateProgramChoicesValidator_ShouldPass" />
    </UnitTest>
    <UnitTest name="Ocas.Domestic.Apply.Api.Services.UnitTests.Validators.Models.EducationBaseValidatorTests.Validator_ShouldFail_WhenAttendedFromInFuture" storage="c:\ocasprojects\apply-api\src\apply-api\src\ocas.domestic.apply.api.services.unittests\bin\release\net461\ocas.domestic.apply.api.services.unittests.dll" id="54a0ca4e-70bc-af79-006e-83861d8f2e12">
      <Execution id="77d8cf67-64ac-4584-9820-2a0d7218b5c7" />
      <TestMethod codeBase="C:\OcasProjects\apply-api\src\apply-api\src\Ocas.Domestic.Apply.Api.Services.UnitTests\bin\Release\net461\Ocas.Domestic.Apply.Api.Services.UnitTests.dll" adapterTypeName="executor://xunit/VsTestRunner2/net" className="Ocas.Domestic.Apply.Api.Services.UnitTests" name="Ocas.Domestic.Apply.Api.Services.UnitTests.Validators.Models.EducationBaseValidatorTests.Validator_ShouldFail_WhenAttendedFromInFuture" />
    </UnitTest>
    <UnitTest name="Ocas.Domestic.Apply.Api.Services.UnitTests.Handlers.PayOrderHandlerTests.PayOrder_ShouldThrow_WhenApplicantNotComplete" storage="c:\ocasprojects\apply-api\src\apply-api\src\ocas.domestic.apply.api.services.unittests\bin\release\net461\ocas.domestic.apply.api.services.unittests.dll" id="012dfa9a-7482-943e-8fc4-f870b1142f94">
      <Execution id="9ca79df6-29d8-444c-ba4d-f8657c1db2d8" />
      <TestMethod codeBase="C:\OcasProjects\apply-api\src\apply-api\src\Ocas.Domestic.Apply.Api.Services.UnitTests\bin\Release\net461\Ocas.Domestic.Apply.Api.Services.UnitTests.dll" adapterTypeName="executor://xunit/VsTestRunner2/net" className="Ocas.Domestic.Apply.Api.Services.UnitTests" name="Ocas.Domestic.Apply.Api.Services.UnitTests.Handlers.PayOrderHandlerTests.PayOrder_ShouldThrow_WhenApplicantNotComplete" />
    </UnitTest>
    <UnitTest name="Ocas.Domestic.Apply.Api.Services.UnitTests.Mappers.DtoMapperTests.PatchEducation_Should_NotPatchFields_CanadianHighSchool" storage="c:\ocasprojects\apply-api\src\apply-api\src\ocas.domestic.apply.api.services.unittests\bin\release\net461\ocas.domestic.apply.api.services.unittests.dll" id="609ef518-2134-7433-4579-fe3b4ec6d786">
      <Execution id="31de4789-8a81-4eae-bb22-5789be3fa846" />
      <TestMethod codeBase="C:\OcasProjects\apply-api\src\apply-api\src\Ocas.Domestic.Apply.Api.Services.UnitTests\bin\Release\net461\Ocas.Domestic.Apply.Api.Services.UnitTests.dll" adapterTypeName="executor://xunit/VsTestRunner2/net" className="Ocas.Domestic.Apply.Api.Services.UnitTests" name="Ocas.Domestic.Apply.Api.Services.UnitTests.Mappers.DtoMapperTests.PatchEducation_Should_NotPatchFields_CanadianHighSchool" />
    </UnitTest>
    <UnitTest name="Ocas.Domestic.Apply.Api.Services.UnitTests.Validators.Messages.CreateApplicationValidatorTests.CreateApplicationValidator_ShouldFail_When_ApplicationCycleIdEmpty" storage="c:\ocasprojects\apply-api\src\apply-api\src\ocas.domestic.apply.api.services.unittests\bin\release\net461\ocas.domestic.apply.api.services.unittests.dll" id="d67a649d-bf19-3adb-8007-4169afb14d6c">
      <Execution id="775e733d-b855-4a31-b47a-a1c37abd62b6" />
      <TestMethod codeBase="C:\OcasProjects\apply-api\src\apply-api\src\Ocas.Domestic.Apply.Api.Services.UnitTests\bin\Release\net461\Ocas.Domestic.Apply.Api.Services.UnitTests.dll" adapterTypeName="executor://xunit/VsTestRunner2/net" className="Ocas.Domestic.Apply.Api.Services.UnitTests" name="Ocas.Domestic.Apply.Api.Services.UnitTests.Validators.Messages.CreateApplicationValidatorTests.CreateApplicationValidator_ShouldFail_When_ApplicationCycleIdEmpty" />
    </UnitTest>
    <UnitTest name="Ocas.Domestic.Apply.Api.Services.UnitTests.Handlers.UpdateProgramChoicesHandlerTests.UpdateProgramChoicesHandler_ShouldThrow_When_ChoiceEntryLevelIdNotIntake" storage="c:\ocasprojects\apply-api\src\apply-api\src\ocas.domestic.apply.api.services.unittests\bin\release\net461\ocas.domestic.apply.api.services.unittests.dll" id="d52bfc9d-b6d1-a95c-ac1d-22fbb43bc4d1">
      <Execution id="838e8528-a7e5-4c3d-a206-bdafeea46e98" />
      <TestMethod codeBase="C:\OcasProjects\apply-api\src\apply-api\src\Ocas.Domestic.Apply.Api.Services.UnitTests\bin\Release\net461\Ocas.Domestic.Apply.Api.Services.UnitTests.dll" adapterTypeName="executor://xunit/VsTestRunner2/net" className="Ocas.Domestic.Apply.Api.Services.UnitTests" name="Ocas.Domestic.Apply.Api.Services.UnitTests.Handlers.UpdateProgramChoicesHandlerTests.UpdateProgramChoicesHandler_ShouldThrow_When_ChoiceEntryLevelIdNotIntake" />
    </UnitTest>
    <UnitTest name="Ocas.Domestic.Apply.Api.Services.UnitTests.Handlers.UpdateEducationHandlerTests.UpdateEducation_ShouldThrow_When_OntarioHighSchool_IsDuplicateOen" storage="c:\ocasprojects\apply-api\src\apply-api\src\ocas.domestic.apply.api.services.unittests\bin\release\net461\ocas.domestic.apply.api.services.unittests.dll" id="a6820c17-c19f-0f10-cbce-1e8ae62caf17">
      <Execution id="7b876c96-6fb8-4976-999d-7397af4264d0" />
      <TestMethod codeBase="C:\OcasProjects\apply-api\src\apply-api\src\Ocas.Domestic.Apply.Api.Services.UnitTests\bin\Release\net461\Ocas.Domestic.Apply.Api.Services.UnitTests.dll" adapterTypeName="executor://xunit/VsTestRunner2/net" className="Ocas.Domestic.Apply.Api.Services.UnitTests" name="Ocas.Domestic.Apply.Api.Services.UnitTests.Handlers.UpdateEducationHandlerTests.UpdateEducation_ShouldThrow_When_OntarioHighSchool_IsDuplicateOen" />
    </UnitTest>
    <UnitTest name="Ocas.Domestic.Apply.Api.Services.UnitTests.Validators.Models.EducationBaseValidatorTests.Validator_ShouldFail_WhenAttendToBeforeAttendedFrom" storage="c:\ocasprojects\apply-api\src\apply-api\src\ocas.domestic.apply.api.services.unittests\bin\release\net461\ocas.domestic.apply.api.services.unittests.dll" id="757eb82f-2f96-7b98-69e2-68aa3374ffc4">
      <Execution id="f01e3299-afc3-45cb-b245-23a18b602aae" />
      <TestMethod codeBase="C:\OcasProjects\apply-api\src\apply-api\src\Ocas.Domestic.Apply.Api.Services.UnitTests\bin\Release\net461\Ocas.Domestic.Apply.Api.Services.UnitTests.dll" adapterTypeName="executor://xunit/VsTestRunner2/net" className="Ocas.Domestic.Apply.Api.Services.UnitTests" name="Ocas.Domestic.Apply.Api.Services.UnitTests.Validators.Models.EducationBaseValidatorTests.Validator_ShouldFail_WhenAttendToBeforeAttendedFrom" />
    </UnitTest>
    <UnitTest name="Ocas.Domestic.Apply.Api.Services.UnitTests.Handlers.RemoveVoucherHandlerTests.RemoveVoucher_ShouldThrow_WhenPaymentLocked" storage="c:\ocasprojects\apply-api\src\apply-api\src\ocas.domestic.apply.api.services.unittests\bin\release\net461\ocas.domestic.apply.api.services.unittests.dll" id="a0da7c95-e88d-b423-3fa9-43c3e3f72055">
      <Execution id="2e04b587-1ca8-458a-93cc-7bf11abbfe49" />
      <TestMethod codeBase="C:\OcasProjects\apply-api\src\apply-api\src\Ocas.Domestic.Apply.Api.Services.UnitTests\bin\Release\net461\Ocas.Domestic.Apply.Api.Services.UnitTests.dll" adapterTypeName="executor://xunit/VsTestRunner2/net" className="Ocas.Domestic.Apply.Api.Services.UnitTests" name="Ocas.Domestic.Apply.Api.Services.UnitTests.Handlers.RemoveVoucherHandlerTests.RemoveVoucher_ShouldThrow_WhenPaymentLocked" />
    </UnitTest>
    <UnitTest name="Ocas.Domestic.Apply.Api.Services.UnitTests.Authorization.UserAuthorizationTests.CanAccessApplicantAsync_ShouldFail_When_UpnMismatch" storage="c:\ocasprojects\apply-api\src\apply-api\src\ocas.domestic.apply.api.services.unittests\bin\release\net461\ocas.domestic.apply.api.services.unittests.dll" id="977de86a-3001-6db3-36d3-f14d48a67f42">
      <Execution id="3e097aa9-d0fb-41a1-b803-a6314cdbec47" />
      <TestMethod codeBase="C:\OcasProjects\apply-api\src\apply-api\src\Ocas.Domestic.Apply.Api.Services.UnitTests\bin\Release\net461\Ocas.Domestic.Apply.Api.Services.UnitTests.dll" adapterTypeName="executor://xunit/VsTestRunner2/net" className="Ocas.Domestic.Apply.Api.Services.UnitTests" name="Ocas.Domestic.Apply.Api.Services.UnitTests.Authorization.UserAuthorizationTests.CanAccessApplicantAsync_ShouldFail_When_UpnMismatch" />
    </UnitTest>
    <UnitTest name="Ocas.Domestic.Apply.Api.Services.UnitTests.Mappers.ApiMapperTests.MapShoppingCart_ShouldPass_When_NonVoucher_NullReferenceId" storage="c:\ocasprojects\apply-api\src\apply-api\src\ocas.domestic.apply.api.services.unittests\bin\release\net461\ocas.domestic.apply.api.services.unittests.dll" id="74aa60cb-1222-a5b6-23c6-b29f3f608b5c">
      <Execution id="106af273-8d68-434f-abd3-2f12509608b6" />
      <TestMethod codeBase="C:\OcasProjects\apply-api\src\apply-api\src\Ocas.Domestic.Apply.Api.Services.UnitTests\bin\Release\net461\Ocas.Domestic.Apply.Api.Services.UnitTests.dll" adapterTypeName="executor://xunit/VsTestRunner2/net" className="Ocas.Domestic.Apply.Api.Services.UnitTests" name="Ocas.Domestic.Apply.Api.Services.UnitTests.Mappers.ApiMapperTests.MapShoppingCart_ShouldPass_When_NonVoucher_NullReferenceId" />
    </UnitTest>
    <UnitTest name="Ocas.Domestic.Apply.Api.Services.UnitTests.Handlers.CompleteProgramsHandlerTests.CompletePrograms_ShouldPass_WhenAlreadyCompleted" storage="c:\ocasprojects\apply-api\src\apply-api\src\ocas.domestic.apply.api.services.unittests\bin\release\net461\ocas.domestic.apply.api.services.unittests.dll" id="a86966c3-5f97-7e64-777f-47f35179152a">
      <Execution id="a48b8676-26e6-47d7-9f51-5b275d52ed24" />
      <TestMethod codeBase="C:\OcasProjects\apply-api\src\apply-api\src\Ocas.Domestic.Apply.Api.Services.UnitTests\bin\Release\net461\Ocas.Domestic.Apply.Api.Services.UnitTests.dll" adapterTypeName="executor://xunit/VsTestRunner2/net" className="Ocas.Domestic.Apply.Api.Services.UnitTests" name="Ocas.Domestic.Apply.Api.Services.UnitTests.Handlers.CompleteProgramsHandlerTests.CompletePrograms_ShouldPass_WhenAlreadyCompleted" />
    </UnitTest>
    <UnitTest name="Ocas.Domestic.Apply.Api.Services.UnitTests.Validators.ApplicantCreateValidatorTests.Validator_ShouldFail_With_FirstName_Length" storage="c:\ocasprojects\apply-api\src\apply-api\src\ocas.domestic.apply.api.services.unittests\bin\release\net461\ocas.domestic.apply.api.services.unittests.dll" id="fdeeabc6-444e-6ce5-acaf-df5876acdf77">
      <Execution id="7d391660-9e2e-49d9-908e-08017f849483" />
      <TestMethod codeBase="C:\OcasProjects\apply-api\src\apply-api\src\Ocas.Domestic.Apply.Api.Services.UnitTests\bin\Release\net461\Ocas.Domestic.Apply.Api.Services.UnitTests.dll" adapterTypeName="executor://xunit/VsTestRunner2/net" className="Ocas.Domestic.Apply.Api.Services.UnitTests" name="Ocas.Domestic.Apply.Api.Services.UnitTests.Validators.ApplicantCreateValidatorTests.Validator_ShouldFail_With_FirstName_Length" />
    </UnitTest>
    <UnitTest name="Ocas.Domestic.Apply.Api.Services.UnitTests.Validators.OenValidatorTests.OenValidator_Should_Fail_When_TooLong" storage="c:\ocasprojects\apply-api\src\apply-api\src\ocas.domestic.apply.api.services.unittests\bin\release\net461\ocas.domestic.apply.api.services.unittests.dll" id="7e6998a8-f641-3d20-51a6-865bbe7d4cac">
      <Execution id="6aed5054-3661-4b7f-98d4-a68ce5909861" />
      <TestMethod codeBase="C:\OcasProjects\apply-api\src\apply-api\src\Ocas.Domestic.Apply.Api.Services.UnitTests\bin\Release\net461\Ocas.Domestic.Apply.Api.Services.UnitTests.dll" adapterTypeName="executor://xunit/VsTestRunner2/net" className="Ocas.Domestic.Apply.Api.Services.UnitTests" name="Ocas.Domestic.Apply.Api.Services.UnitTests.Validators.OenValidatorTests.OenValidator_Should_Fail_When_TooLong" />
    </UnitTest>
    <UnitTest name="Ocas.Domestic.Apply.Api.Services.UnitTests.Mappers.ApiMapperTests.MapApplicationCycle_ShouldPass" storage="c:\ocasprojects\apply-api\src\apply-api\src\ocas.domestic.apply.api.services.unittests\bin\release\net461\ocas.domestic.apply.api.services.unittests.dll" id="db44d51f-c727-c33d-bf7f-d555c6963190">
      <Execution id="b46e9825-8564-4a1b-b23e-f475116af149" />
      <TestMethod codeBase="C:\OcasProjects\apply-api\src\apply-api\src\Ocas.Domestic.Apply.Api.Services.UnitTests\bin\Release\net461\Ocas.Domestic.Apply.Api.Services.UnitTests.dll" adapterTypeName="executor://xunit/VsTestRunner2/net" className="Ocas.Domestic.Apply.Api.Services.UnitTests" name="Ocas.Domestic.Apply.Api.Services.UnitTests.Mappers.ApiMapperTests.MapApplicationCycle_ShouldPass" />
    </UnitTest>
    <UnitTest name="Ocas.Domestic.Apply.Api.Services.UnitTests.Validators.Models.CanadianUniversityValidatorTests.CanadianUniversityValidator_ShouldFail_WhenOtherCredential_InCanadianUniversity" storage="c:\ocasprojects\apply-api\src\apply-api\src\ocas.domestic.apply.api.services.unittests\bin\release\net461\ocas.domestic.apply.api.services.unittests.dll" id="c9fb6358-46d3-a29b-a78a-e164e92721f0">
      <Execution id="29edbc0d-3679-4fa2-9940-ef9d3ad31206" />
      <TestMethod codeBase="C:\OcasProjects\apply-api\src\apply-api\src\Ocas.Domestic.Apply.Api.Services.UnitTests\bin\Release\net461\Ocas.Domestic.Apply.Api.Services.UnitTests.dll" adapterTypeName="executor://xunit/VsTestRunner2/net" className="Ocas.Domestic.Apply.Api.Services.UnitTests" name="Ocas.Domestic.Apply.Api.Services.UnitTests.Validators.Models.CanadianUniversityValidatorTests.CanadianUniversityValidator_ShouldFail_WhenOtherCredential_InCanadianUniversity" />
    </UnitTest>
    <UnitTest name="Ocas.Domestic.Apply.Api.Services.UnitTests.Validators.Models.ApplicantValidatorTests.Validator_ShouldPass_When_ArrivalDate_Empty_And_Canadian" storage="c:\ocasprojects\apply-api\src\apply-api\src\ocas.domestic.apply.api.services.unittests\bin\release\net461\ocas.domestic.apply.api.services.unittests.dll" id="671e5b7e-f0b2-b6e6-ac60-419dbffcaa79">
      <Execution id="89fddba3-8270-4f93-a7a1-b69d3c6e0a14" />
      <TestMethod codeBase="C:\OcasProjects\apply-api\src\apply-api\src\Ocas.Domestic.Apply.Api.Services.UnitTests\bin\Release\net461\Ocas.Domestic.Apply.Api.Services.UnitTests.dll" adapterTypeName="executor://xunit/VsTestRunner2/net" className="Ocas.Domestic.Apply.Api.Services.UnitTests" name="Ocas.Domestic.Apply.Api.Services.UnitTests.Validators.Models.ApplicantValidatorTests.Validator_ShouldPass_When_ArrivalDate_Empty_And_Canadian" />
    </UnitTest>
    <UnitTest name="Ocas.Domestic.Apply.Api.Services.UnitTests.Mappers.ApiMapperTests.MapSupportingDocument_ShouldPass_When_StandardizedTest" storage="c:\ocasprojects\apply-api\src\apply-api\src\ocas.domestic.apply.api.services.unittests\bin\release\net461\ocas.domestic.apply.api.services.unittests.dll" id="ab88a66c-9b5a-6ab8-fd36-01d4a587c23f">
      <Execution id="baaff51d-46aa-4a87-9abe-981a2bfbadb3" />
      <TestMethod codeBase="C:\OcasProjects\apply-api\src\apply-api\src\Ocas.Domestic.Apply.Api.Services.UnitTests\bin\Release\net461\Ocas.Domestic.Apply.Api.Services.UnitTests.dll" adapterTypeName="executor://xunit/VsTestRunner2/net" className="Ocas.Domestic.Apply.Api.Services.UnitTests" name="Ocas.Domestic.Apply.Api.Services.UnitTests.Mappers.ApiMapperTests.MapSupportingDocument_ShouldPass_When_StandardizedTest" />
    </UnitTest>
    <UnitTest name="Ocas.Domestic.Apply.Api.Services.UnitTests.Handlers.ClaimVoucherHandlerTests.ClaimVoucher_ShouldThrow_WhenProductIdIsMissing" storage="c:\ocasprojects\apply-api\src\apply-api\src\ocas.domestic.apply.api.services.unittests\bin\release\net461\ocas.domestic.apply.api.services.unittests.dll" id="75f735cf-ce54-fa30-5d12-e1ed3287151c">
      <Execution id="1f27e8be-33da-49b8-8fc1-bd63304af961" />
      <TestMethod codeBase="C:\OcasProjects\apply-api\src\apply-api\src\Ocas.Domestic.Apply.Api.Services.UnitTests\bin\Release\net461\Ocas.Domestic.Apply.Api.Services.UnitTests.dll" adapterTypeName="executor://xunit/VsTestRunner2/net" className="Ocas.Domestic.Apply.Api.Services.UnitTests" name="Ocas.Domestic.Apply.Api.Services.UnitTests.Handlers.ClaimVoucherHandlerTests.ClaimVoucher_ShouldThrow_WhenProductIdIsMissing" />
    </UnitTest>
    <UnitTest name="Ocas.Domestic.Apply.Api.Services.UnitTests.Caches.LookupsCacheTests.GetLookups_ShouldPass_WhenFiltered" storage="c:\ocasprojects\apply-api\src\apply-api\src\ocas.domestic.apply.api.services.unittests\bin\release\net461\ocas.domestic.apply.api.services.unittests.dll" id="10533803-294d-b2f6-a11e-460ebbd9958d">
      <Execution id="b7a88f61-d1ec-4c07-8e1f-f26a9f6c6e0a" />
      <TestMethod codeBase="C:\OcasProjects\apply-api\src\apply-api\src\Ocas.Domestic.Apply.Api.Services.UnitTests\bin\Release\net461\Ocas.Domestic.Apply.Api.Services.UnitTests.dll" adapterTypeName="executor://xunit/VsTestRunner2/net" className="Ocas.Domestic.Apply.Api.Services.UnitTests" name="Ocas.Domestic.Apply.Api.Services.UnitTests.Caches.LookupsCacheTests.GetLookups_ShouldPass_WhenFiltered" />
    </UnitTest>
    <UnitTest name="Ocas.Domestic.Apply.Api.Services.UnitTests.Handlers.PayOrderHandlerTests.PayOrder_ShouldThrow_WhenMonerisAndInvalid" storage="c:\ocasprojects\apply-api\src\apply-api\src\ocas.domestic.apply.api.services.unittests\bin\release\net461\ocas.domestic.apply.api.services.unittests.dll" id="af78a5b4-a100-267f-1620-a28ed388ae46">
      <Execution id="0a5087e2-e229-4095-8b12-2c7a9e0d687a" />
      <TestMethod codeBase="C:\OcasProjects\apply-api\src\apply-api\src\Ocas.Domestic.Apply.Api.Services.UnitTests\bin\Release\net461\Ocas.Domestic.Apply.Api.Services.UnitTests.dll" adapterTypeName="executor://xunit/VsTestRunner2/net" className="Ocas.Domestic.Apply.Api.Services.UnitTests" name="Ocas.Domestic.Apply.Api.Services.UnitTests.Handlers.PayOrderHandlerTests.PayOrder_ShouldThrow_WhenMonerisAndInvalid" />
    </UnitTest>
    <UnitTest name="Ocas.Domestic.Apply.Api.Services.UnitTests.Mappers.ApiMapperTests.MapSupportingDocument_ShouldPass_When_AcademicRecord" storage="c:\ocasprojects\apply-api\src\apply-api\src\ocas.domestic.apply.api.services.unittests\bin\release\net461\ocas.domestic.apply.api.services.unittests.dll" id="01faba55-a5bb-ff7d-8f2d-5450531f6987">
      <Execution id="e0c27c2e-1312-4a1c-85f3-8ac1dd244c71" />
      <TestMethod codeBase="C:\OcasProjects\apply-api\src\apply-api\src\Ocas.Domestic.Apply.Api.Services.UnitTests\bin\Release\net461\Ocas.Domestic.Apply.Api.Services.UnitTests.dll" adapterTypeName="executor://xunit/VsTestRunner2/net" className="Ocas.Domestic.Apply.Api.Services.UnitTests" name="Ocas.Domestic.Apply.Api.Services.UnitTests.Mappers.ApiMapperTests.MapSupportingDocument_ShouldPass_When_AcademicRecord" />
    </UnitTest>
    <UnitTest name="Ocas.Domestic.Apply.Api.Services.UnitTests.Handlers.UpdateProgramChoicesHandlerTests.UpdateProgramChoicesHandler_ShouldThrow_When_ApplicantCollegeHistoryBeforeDOB" storage="c:\ocasprojects\apply-api\src\apply-api\src\ocas.domestic.apply.api.services.unittests\bin\release\net461\ocas.domestic.apply.api.services.unittests.dll" id="1b11dac6-5477-5d88-d71f-ba08ff96ba57">
      <Execution id="103ae31a-69c9-49e5-a64c-a7b04bac7ba6" />
      <TestMethod codeBase="C:\OcasProjects\apply-api\src\apply-api\src\Ocas.Domestic.Apply.Api.Services.UnitTests\bin\Release\net461\Ocas.Domestic.Apply.Api.Services.UnitTests.dll" adapterTypeName="executor://xunit/VsTestRunner2/net" className="Ocas.Domestic.Apply.Api.Services.UnitTests" name="Ocas.Domestic.Apply.Api.Services.UnitTests.Handlers.UpdateProgramChoicesHandlerTests.UpdateProgramChoicesHandler_ShouldThrow_When_ApplicantCollegeHistoryBeforeDOB" />
    </UnitTest>
    <UnitTest name="Ocas.Domestic.Apply.Api.Services.UnitTests.Mappers.DtoMapperTests.PatchEducation_Should_Patch_CanadianHighSchool_WhenInstituteId" storage="c:\ocasprojects\apply-api\src\apply-api\src\ocas.domestic.apply.api.services.unittests\bin\release\net461\ocas.domestic.apply.api.services.unittests.dll" id="389652f7-ca64-a56c-a9a0-eb7a30622a4e">
      <Execution id="0fd83d5c-2f1f-4049-8b77-1b0128ccc4c9" />
      <TestMethod codeBase="C:\OcasProjects\apply-api\src\apply-api\src\Ocas.Domestic.Apply.Api.Services.UnitTests\bin\Release\net461\Ocas.Domestic.Apply.Api.Services.UnitTests.dll" adapterTypeName="executor://xunit/VsTestRunner2/net" className="Ocas.Domestic.Apply.Api.Services.UnitTests" name="Ocas.Domestic.Apply.Api.Services.UnitTests.Mappers.DtoMapperTests.PatchEducation_Should_Patch_CanadianHighSchool_WhenInstituteId" />
    </UnitTest>
    <UnitTest name="Ocas.Domestic.Apply.Api.Services.UnitTests.Validators.OenValidatorTests.OenValidator_Should_Pass" storage="c:\ocasprojects\apply-api\src\apply-api\src\ocas.domestic.apply.api.services.unittests\bin\release\net461\ocas.domestic.apply.api.services.unittests.dll" id="348fdc5f-dcdc-7416-b309-58d1dba7a65c">
      <Execution id="3839378b-4268-48f2-a276-12c872515343" />
      <TestMethod codeBase="C:\OcasProjects\apply-api\src\apply-api\src\Ocas.Domestic.Apply.Api.Services.UnitTests\bin\Release\net461\Ocas.Domestic.Apply.Api.Services.UnitTests.dll" adapterTypeName="executor://xunit/VsTestRunner2/net" className="Ocas.Domestic.Apply.Api.Services.UnitTests" name="Ocas.Domestic.Apply.Api.Services.UnitTests.Validators.OenValidatorTests.OenValidator_Should_Pass" />
    </UnitTest>
    <UnitTest name="Ocas.Domestic.Apply.Api.Services.UnitTests.Validators.ApplicantCreateValidatorTests.Validator_ShouldFail_With_BirthDate_Invalid" storage="c:\ocasprojects\apply-api\src\apply-api\src\ocas.domestic.apply.api.services.unittests\bin\release\net461\ocas.domestic.apply.api.services.unittests.dll" id="5f28757e-bdfb-c78d-e642-d41728143084">
      <Execution id="a65168bb-2d75-43f7-8aa3-7bddc497e6a6" />
      <TestMethod codeBase="C:\OcasProjects\apply-api\src\apply-api\src\Ocas.Domestic.Apply.Api.Services.UnitTests\bin\Release\net461\Ocas.Domestic.Apply.Api.Services.UnitTests.dll" adapterTypeName="executor://xunit/VsTestRunner2/net" className="Ocas.Domestic.Apply.Api.Services.UnitTests" name="Ocas.Domestic.Apply.Api.Services.UnitTests.Validators.ApplicantCreateValidatorTests.Validator_ShouldFail_With_BirthDate_Invalid" />
    </UnitTest>
    <UnitTest name="Ocas.Domestic.Apply.Api.Services.UnitTests.Handlers.UpdateProgramChoicesHandlerTests.UpdateProgramChoicesHandler_ShouldThrow_When_ApplicationNotActive" storage="c:\ocasprojects\apply-api\src\apply-api\src\ocas.domestic.apply.api.services.unittests\bin\release\net461\ocas.domestic.apply.api.services.unittests.dll" id="cfaef5d1-775a-4141-a292-b41febd7278f">
      <Execution id="03a27024-8595-4fdb-9fe5-d382f5584e79" />
      <TestMethod codeBase="C:\OcasProjects\apply-api\src\apply-api\src\Ocas.Domestic.Apply.Api.Services.UnitTests\bin\Release\net461\Ocas.Domestic.Apply.Api.Services.UnitTests.dll" adapterTypeName="executor://xunit/VsTestRunner2/net" className="Ocas.Domestic.Apply.Api.Services.UnitTests" name="Ocas.Domestic.Apply.Api.Services.UnitTests.Handlers.UpdateProgramChoicesHandlerTests.UpdateProgramChoicesHandler_ShouldThrow_When_ApplicationNotActive" />
    </UnitTest>
    <UnitTest name="Ocas.Domestic.Apply.Api.Services.UnitTests.Handlers.CreateApplicationHandlerTests.CreateApplicationHandler_ShouldPass_When_ApplicationExistsForCycle" storage="c:\ocasprojects\apply-api\src\apply-api\src\ocas.domestic.apply.api.services.unittests\bin\release\net461\ocas.domestic.apply.api.services.unittests.dll" id="ae721ed3-fdff-fd4b-88f4-b1318604a64b">
      <Execution id="0b08bc5c-9a1b-44bb-a8b0-79a557903320" />
      <TestMethod codeBase="C:\OcasProjects\apply-api\src\apply-api\src\Ocas.Domestic.Apply.Api.Services.UnitTests\bin\Release\net461\Ocas.Domestic.Apply.Api.Services.UnitTests.dll" adapterTypeName="executor://xunit/VsTestRunner2/net" className="Ocas.Domestic.Apply.Api.Services.UnitTests" name="Ocas.Domestic.Apply.Api.Services.UnitTests.Handlers.CreateApplicationHandlerTests.CreateApplicationHandler_ShouldPass_When_ApplicationExistsForCycle" />
    </UnitTest>
    <UnitTest name="Ocas.Domestic.Apply.Api.Services.UnitTests.Validators.Models.CanadianHighSchoolValidatorTests.Validator_ShouldPass_InCanadian" storage="c:\ocasprojects\apply-api\src\apply-api\src\ocas.domestic.apply.api.services.unittests\bin\release\net461\ocas.domestic.apply.api.services.unittests.dll" id="778a2011-9d55-399f-1dc4-6e501ddfa745">
      <Execution id="ce0adf3d-a82c-44a6-a0a6-98f97ee9132d" />
      <TestMethod codeBase="C:\OcasProjects\apply-api\src\apply-api\src\Ocas.Domestic.Apply.Api.Services.UnitTests\bin\Release\net461\Ocas.Domestic.Apply.Api.Services.UnitTests.dll" adapterTypeName="executor://xunit/VsTestRunner2/net" className="Ocas.Domestic.Apply.Api.Services.UnitTests" name="Ocas.Domestic.Apply.Api.Services.UnitTests.Validators.Models.CanadianHighSchoolValidatorTests.Validator_ShouldPass_InCanadian" />
    </UnitTest>
    <UnitTest name="Ocas.Domestic.Apply.Api.Services.UnitTests.Validators.Models.CanadianHighSchoolValidatorTests.Validator_ShouldFail_When_MissingInstitute_InOntario" storage="c:\ocasprojects\apply-api\src\apply-api\src\ocas.domestic.apply.api.services.unittests\bin\release\net461\ocas.domestic.apply.api.services.unittests.dll" id="655aead0-8c69-f40e-afe5-448295151299">
      <Execution id="9a752363-5bef-41d1-a976-78a541179210" />
      <TestMethod codeBase="C:\OcasProjects\apply-api\src\apply-api\src\Ocas.Domestic.Apply.Api.Services.UnitTests\bin\Release\net461\Ocas.Domestic.Apply.Api.Services.UnitTests.dll" adapterTypeName="executor://xunit/VsTestRunner2/net" className="Ocas.Domestic.Apply.Api.Services.UnitTests" name="Ocas.Domestic.Apply.Api.Services.UnitTests.Validators.Models.CanadianHighSchoolValidatorTests.Validator_ShouldFail_When_MissingInstitute_InOntario" />
    </UnitTest>
    <UnitTest name="Ocas.Domestic.Apply.Api.Services.UnitTests.Handlers.ClaimVoucherHandlerTests.ClaimVoucher_ShouldThrow_WhenDuplicateVoucher" storage="c:\ocasprojects\apply-api\src\apply-api\src\ocas.domestic.apply.api.services.unittests\bin\release\net461\ocas.domestic.apply.api.services.unittests.dll" id="39c7c6c1-b0a5-a80d-ad47-ceae55d9b17f">
      <Execution id="5a799ff3-9d66-4539-a00a-72ae8d44fd74" />
      <TestMethod codeBase="C:\OcasProjects\apply-api\src\apply-api\src\Ocas.Domestic.Apply.Api.Services.UnitTests\bin\Release\net461\Ocas.Domestic.Apply.Api.Services.UnitTests.dll" adapterTypeName="executor://xunit/VsTestRunner2/net" className="Ocas.Domestic.Apply.Api.Services.UnitTests" name="Ocas.Domestic.Apply.Api.Services.UnitTests.Handlers.ClaimVoucherHandlerTests.ClaimVoucher_ShouldThrow_WhenDuplicateVoucher" />
    </UnitTest>
    <UnitTest name="Ocas.Domestic.Apply.Api.Services.UnitTests.Validators.OenValidatorTests.OenValidator_Should_Fail_When_NotANumber" storage="c:\ocasprojects\apply-api\src\apply-api\src\ocas.domestic.apply.api.services.unittests\bin\release\net461\ocas.domestic.apply.api.services.unittests.dll" id="bad67909-57a0-a12d-75fb-3f4929a08ad4">
      <Execution id="5aee72bb-d080-4313-b63d-d9d7fc8f99e5" />
      <TestMethod codeBase="C:\OcasProjects\apply-api\src\apply-api\src\Ocas.Domestic.Apply.Api.Services.UnitTests\bin\Release\net461\Ocas.Domestic.Apply.Api.Services.UnitTests.dll" adapterTypeName="executor://xunit/VsTestRunner2/net" className="Ocas.Domestic.Apply.Api.Services.UnitTests" name="Ocas.Domestic.Apply.Api.Services.UnitTests.Validators.OenValidatorTests.OenValidator_Should_Fail_When_NotANumber" />
    </UnitTest>
    <UnitTest name="Ocas.Domestic.Apply.Api.Services.UnitTests.Handlers.GetOfferHistoriesHandlerTests.GetOfferHistoriesHandler_ShouldPass" storage="c:\ocasprojects\apply-api\src\apply-api\src\ocas.domestic.apply.api.services.unittests\bin\release\net461\ocas.domestic.apply.api.services.unittests.dll" id="26ac09b1-b6a4-7e27-ffaa-358b6895ed86">
      <Execution id="a878adcb-5f78-4316-8a60-18024359cd84" />
      <TestMethod codeBase="C:\OcasProjects\apply-api\src\apply-api\src\Ocas.Domestic.Apply.Api.Services.UnitTests\bin\Release\net461\Ocas.Domestic.Apply.Api.Services.UnitTests.dll" adapterTypeName="executor://xunit/VsTestRunner2/net" className="Ocas.Domestic.Apply.Api.Services.UnitTests" name="Ocas.Domestic.Apply.Api.Services.UnitTests.Handlers.GetOfferHistoriesHandlerTests.GetOfferHistoriesHandler_ShouldPass" />
    </UnitTest>
    <UnitTest name="Ocas.Domestic.Apply.Api.Services.UnitTests.Mappers.ApiMapperTests.MapTranscriptRequest_ShouldPass_When_HighSchool" storage="c:\ocasprojects\apply-api\src\apply-api\src\ocas.domestic.apply.api.services.unittests\bin\release\net461\ocas.domestic.apply.api.services.unittests.dll" id="406bb463-1312-8018-9458-144968bc78cd">
      <Execution id="d8cee45a-d50f-4517-b5fb-1ba20d9adc9a" />
      <TestMethod codeBase="C:\OcasProjects\apply-api\src\apply-api\src\Ocas.Domestic.Apply.Api.Services.UnitTests\bin\Release\net461\Ocas.Domestic.Apply.Api.Services.UnitTests.dll" adapterTypeName="executor://xunit/VsTestRunner2/net" className="Ocas.Domestic.Apply.Api.Services.UnitTests" name="Ocas.Domestic.Apply.Api.Services.UnitTests.Mappers.ApiMapperTests.MapTranscriptRequest_ShouldPass_When_HighSchool" />
    </UnitTest>
    <UnitTest name="Ocas.Domestic.Apply.Api.Services.UnitTests.Validators.Models.InternationalEducationValidatorTests.InternationalEducationValidator_ShouldFail_WhenMissingRequiredFields_InternationalHighschool" storage="c:\ocasprojects\apply-api\src\apply-api\src\ocas.domestic.apply.api.services.unittests\bin\release\net461\ocas.domestic.apply.api.services.unittests.dll" id="3f5081e5-59e7-8770-9f23-4e8457741862">
      <Execution id="54aad857-dd07-4950-95f3-05e0fe3d8c53" />
      <TestMethod codeBase="C:\OcasProjects\apply-api\src\apply-api\src\Ocas.Domestic.Apply.Api.Services.UnitTests\bin\Release\net461\Ocas.Domestic.Apply.Api.Services.UnitTests.dll" adapterTypeName="executor://xunit/VsTestRunner2/net" className="Ocas.Domestic.Apply.Api.Services.UnitTests" name="Ocas.Domestic.Apply.Api.Services.UnitTests.Validators.Models.InternationalEducationValidatorTests.InternationalEducationValidator_ShouldFail_WhenMissingRequiredFields_InternationalHighschool" />
    </UnitTest>
    <UnitTest name="Ocas.Domestic.Apply.Api.Services.UnitTests.Handlers.DeleteTranscriptRequestHandlerTests.DeleteTranscriptRequest_ShouldPass" storage="c:\ocasprojects\apply-api\src\apply-api\src\ocas.domestic.apply.api.services.unittests\bin\release\net461\ocas.domestic.apply.api.services.unittests.dll" id="e7715f99-7503-4d72-c46d-607d07006d45">
      <Execution id="62cc4fb0-a772-4398-9426-e4cc0ef6440f" />
      <TestMethod codeBase="C:\OcasProjects\apply-api\src\apply-api\src\Ocas.Domestic.Apply.Api.Services.UnitTests\bin\Release\net461\Ocas.Domestic.Apply.Api.Services.UnitTests.dll" adapterTypeName="executor://xunit/VsTestRunner2/net" className="Ocas.Domestic.Apply.Api.Services.UnitTests" name="Ocas.Domestic.Apply.Api.Services.UnitTests.Handlers.DeleteTranscriptRequestHandlerTests.DeleteTranscriptRequest_ShouldPass" />
    </UnitTest>
    <UnitTest name="Ocas.Domestic.Apply.Api.Services.UnitTests.Mappers.ApiMapperTests.MapShoppingCart_ShouldPass_When_Voucher" storage="c:\ocasprojects\apply-api\src\apply-api\src\ocas.domestic.apply.api.services.unittests\bin\release\net461\ocas.domestic.apply.api.services.unittests.dll" id="198d1141-5c79-39ef-b480-d2d4806a17ba">
      <Execution id="a8f75f66-5101-450d-a06c-9bf332b24903" />
      <TestMethod codeBase="C:\OcasProjects\apply-api\src\apply-api\src\Ocas.Domestic.Apply.Api.Services.UnitTests\bin\Release\net461\Ocas.Domestic.Apply.Api.Services.UnitTests.dll" adapterTypeName="executor://xunit/VsTestRunner2/net" className="Ocas.Domestic.Apply.Api.Services.UnitTests" name="Ocas.Domestic.Apply.Api.Services.UnitTests.Mappers.ApiMapperTests.MapShoppingCart_ShouldPass_When_Voucher" />
    </UnitTest>
    <UnitTest name="Ocas.Domestic.Apply.Api.Services.UnitTests.Validators.ApplicantCreateValidatorTests.Validator_ShouldPass" storage="c:\ocasprojects\apply-api\src\apply-api\src\ocas.domestic.apply.api.services.unittests\bin\release\net461\ocas.domestic.apply.api.services.unittests.dll" id="1142b92b-7740-f2f8-7c2c-84773377d5fa">
      <Execution id="92313e51-1185-44fe-b0f6-dfa723e2b7de" />
      <TestMethod codeBase="C:\OcasProjects\apply-api\src\apply-api\src\Ocas.Domestic.Apply.Api.Services.UnitTests\bin\Release\net461\Ocas.Domestic.Apply.Api.Services.UnitTests.dll" adapterTypeName="executor://xunit/VsTestRunner2/net" className="Ocas.Domestic.Apply.Api.Services.UnitTests" name="Ocas.Domestic.Apply.Api.Services.UnitTests.Validators.ApplicantCreateValidatorTests.Validator_ShouldPass" />
    </UnitTest>
    <UnitTest name="Ocas.Domestic.Apply.Api.Services.UnitTests.Handlers.UpdateProgramChoicesHandlerTests.UpdateProgramChoicesHandler_ShouldThrow_When_IntakeCycleIdNotMatchApplication" storage="c:\ocasprojects\apply-api\src\apply-api\src\ocas.domestic.apply.api.services.unittests\bin\release\net461\ocas.domestic.apply.api.services.unittests.dll" id="8ff80832-0196-2ed0-521b-bb6529578148">
      <Execution id="7a970c4c-7964-47f7-8c95-787327d179df" />
      <TestMethod codeBase="C:\OcasProjects\apply-api\src\apply-api\src\Ocas.Domestic.Apply.Api.Services.UnitTests\bin\Release\net461\Ocas.Domestic.Apply.Api.Services.UnitTests.dll" adapterTypeName="executor://xunit/VsTestRunner2/net" className="Ocas.Domestic.Apply.Api.Services.UnitTests" name="Ocas.Domestic.Apply.Api.Services.UnitTests.Handlers.UpdateProgramChoicesHandlerTests.UpdateProgramChoicesHandler_ShouldThrow_When_IntakeCycleIdNotMatchApplication" />
    </UnitTest>
    <UnitTest name="Ocas.Domestic.Apply.Api.Services.UnitTests.Handlers.PayOrderHandlerTests.PayOrder_ShouldRollbackTrs_WhenPaymentFails" storage="c:\ocasprojects\apply-api\src\apply-api\src\ocas.domestic.apply.api.services.unittests\bin\release\net461\ocas.domestic.apply.api.services.unittests.dll" id="1f6797a5-cdcf-63f2-eedf-18dc067c9118">
      <Execution id="8d000b72-6589-435b-a80a-04eadccb25c1" />
      <TestMethod codeBase="C:\OcasProjects\apply-api\src\apply-api\src\Ocas.Domestic.Apply.Api.Services.UnitTests\bin\Release\net461\Ocas.Domestic.Apply.Api.Services.UnitTests.dll" adapterTypeName="executor://xunit/VsTestRunner2/net" className="Ocas.Domestic.Apply.Api.Services.UnitTests" name="Ocas.Domestic.Apply.Api.Services.UnitTests.Handlers.PayOrderHandlerTests.PayOrder_ShouldRollbackTrs_WhenPaymentFails" />
    </UnitTest>
    <UnitTest name="Ocas.Domestic.Apply.Api.Services.UnitTests.Mappers.ApiMapperTests.MapEducation_ShouldPass_When_HasPaidApplication_CanDelete" storage="c:\ocasprojects\apply-api\src\apply-api\src\ocas.domestic.apply.api.services.unittests\bin\release\net461\ocas.domestic.apply.api.services.unittests.dll" id="e5dea0c2-49b2-8c13-e097-d59b56efce6c">
      <Execution id="39594318-969e-4e68-a182-a6ff7fc41fdd" />
      <TestMethod codeBase="C:\OcasProjects\apply-api\src\apply-api\src\Ocas.Domestic.Apply.Api.Services.UnitTests\bin\Release\net461\Ocas.Domestic.Apply.Api.Services.UnitTests.dll" adapterTypeName="executor://xunit/VsTestRunner2/net" className="Ocas.Domestic.Apply.Api.Services.UnitTests" name="Ocas.Domestic.Apply.Api.Services.UnitTests.Mappers.ApiMapperTests.MapEducation_ShouldPass_When_HasPaidApplication_CanDelete" />
    </UnitTest>
    <UnitTest name="Ocas.Domestic.Apply.Api.Services.UnitTests.Handlers.GetOrderHandlerTests.GetOrder_ShouldPass" storage="c:\ocasprojects\apply-api\src\apply-api\src\ocas.domestic.apply.api.services.unittests\bin\release\net461\ocas.domestic.apply.api.services.unittests.dll" id="da7de0ed-c0b8-22de-077f-8166ba612134">
      <Execution id="fb993384-8228-4bde-a9dd-efa7c75d6960" />
      <TestMethod codeBase="C:\OcasProjects\apply-api\src\apply-api\src\Ocas.Domestic.Apply.Api.Services.UnitTests\bin\Release\net461\Ocas.Domestic.Apply.Api.Services.UnitTests.dll" adapterTypeName="executor://xunit/VsTestRunner2/net" className="Ocas.Domestic.Apply.Api.Services.UnitTests" name="Ocas.Domestic.Apply.Api.Services.UnitTests.Handlers.GetOrderHandlerTests.GetOrder_ShouldPass" />
    </UnitTest>
    <UnitTest name="Ocas.Domestic.Apply.Api.Services.UnitTests.Mappers.ApiMapperTests.MapColleges_ShouldPass_When_Open" storage="c:\ocasprojects\apply-api\src\apply-api\src\ocas.domestic.apply.api.services.unittests\bin\release\net461\ocas.domestic.apply.api.services.unittests.dll" id="34562730-3d61-ba92-97b9-495f5841493b">
      <Execution id="c1c599f9-11c0-4835-8867-87712e61d903" />
      <TestMethod codeBase="C:\OcasProjects\apply-api\src\apply-api\src\Ocas.Domestic.Apply.Api.Services.UnitTests\bin\Release\net461\Ocas.Domestic.Apply.Api.Services.UnitTests.dll" adapterTypeName="executor://xunit/VsTestRunner2/net" className="Ocas.Domestic.Apply.Api.Services.UnitTests" name="Ocas.Domestic.Apply.Api.Services.UnitTests.Mappers.ApiMapperTests.MapColleges_ShouldPass_When_Open" />
    </UnitTest>
    <UnitTest name="Ocas.Domestic.Apply.Api.Services.UnitTests.Validators.Models.EducationBaseValidatorTests.Validator_ShouldFail_WhenDatesTooLong" storage="c:\ocasprojects\apply-api\src\apply-api\src\ocas.domestic.apply.api.services.unittests\bin\release\net461\ocas.domestic.apply.api.services.unittests.dll" id="fce1401c-a97a-2073-01e4-f27146691e47">
      <Execution id="473004ad-e6db-4451-8760-4e01f06bb566" />
      <TestMethod codeBase="C:\OcasProjects\apply-api\src\apply-api\src\Ocas.Domestic.Apply.Api.Services.UnitTests\bin\Release\net461\Ocas.Domestic.Apply.Api.Services.UnitTests.dll" adapterTypeName="executor://xunit/VsTestRunner2/net" className="Ocas.Domestic.Apply.Api.Services.UnitTests" name="Ocas.Domestic.Apply.Api.Services.UnitTests.Validators.Models.EducationBaseValidatorTests.Validator_ShouldFail_WhenDatesTooLong" />
    </UnitTest>
    <UnitTest name="Ocas.Domestic.Apply.Api.Services.UnitTests.Validators.Models.ProgramChoiceBaseValidatorTests.ProgramChoiceBaseValidator_ShouldThrow_When_EntryLevelEmpty" storage="c:\ocasprojects\apply-api\src\apply-api\src\ocas.domestic.apply.api.services.unittests\bin\release\net461\ocas.domestic.apply.api.services.unittests.dll" id="358227ba-85c5-65ee-00b7-fd3d5a2f2ab6">
      <Execution id="d8e351d0-2910-4eb3-9954-8f5c398b140f" />
      <TestMethod codeBase="C:\OcasProjects\apply-api\src\apply-api\src\Ocas.Domestic.Apply.Api.Services.UnitTests\bin\Release\net461\Ocas.Domestic.Apply.Api.Services.UnitTests.dll" adapterTypeName="executor://xunit/VsTestRunner2/net" className="Ocas.Domestic.Apply.Api.Services.UnitTests" name="Ocas.Domestic.Apply.Api.Services.UnitTests.Validators.Models.ProgramChoiceBaseValidatorTests.ProgramChoiceBaseValidator_ShouldThrow_When_EntryLevelEmpty" />
    </UnitTest>
    <UnitTest name="Ocas.Domestic.Apply.Api.Services.UnitTests.Validators.Messages.GetOrderValidatorTests.GetOrderValidator_ShouldFail_When_OrderId_Empty" storage="c:\ocasprojects\apply-api\src\apply-api\src\ocas.domestic.apply.api.services.unittests\bin\release\net461\ocas.domestic.apply.api.services.unittests.dll" id="61e414c6-65da-83d6-f2fd-f35b61f285e0">
      <Execution id="bddde9f7-4847-4c1b-b396-ec8c0cc2d6c7" />
      <TestMethod codeBase="C:\OcasProjects\apply-api\src\apply-api\src\Ocas.Domestic.Apply.Api.Services.UnitTests\bin\Release\net461\Ocas.Domestic.Apply.Api.Services.UnitTests.dll" adapterTypeName="executor://xunit/VsTestRunner2/net" className="Ocas.Domestic.Apply.Api.Services.UnitTests" name="Ocas.Domestic.Apply.Api.Services.UnitTests.Validators.Messages.GetOrderValidatorTests.GetOrderValidator_ShouldFail_When_OrderId_Empty" />
    </UnitTest>
    <UnitTest name="Ocas.Domestic.Apply.Api.Services.UnitTests.Validators.Models.ApplicantValidatorTests.Validator_ShouldFail_When_CountryId_Invalid" storage="c:\ocasprojects\apply-api\src\apply-api\src\ocas.domestic.apply.api.services.unittests\bin\release\net461\ocas.domestic.apply.api.services.unittests.dll" id="a252c173-d2f9-6d03-3b4f-4c6b512f69f3">
      <Execution id="f9315241-1617-4791-a7e1-a5793362ac49" />
      <TestMethod codeBase="C:\OcasProjects\apply-api\src\apply-api\src\Ocas.Domestic.Apply.Api.Services.UnitTests\bin\Release\net461\Ocas.Domestic.Apply.Api.Services.UnitTests.dll" adapterTypeName="executor://xunit/VsTestRunner2/net" className="Ocas.Domestic.Apply.Api.Services.UnitTests" name="Ocas.Domestic.Apply.Api.Services.UnitTests.Validators.Models.ApplicantValidatorTests.Validator_ShouldFail_When_CountryId_Invalid" />
    </UnitTest>
    <UnitTest name="Ocas.Domestic.Apply.Api.Services.UnitTests.Handlers.GetSupportingDocumentFileHandlerTests.GetSupportingDocumentFileHandler_ShouldThrow_NoTranscript_NoSupportingDocument" storage="c:\ocasprojects\apply-api\src\apply-api\src\ocas.domestic.apply.api.services.unittests\bin\release\net461\ocas.domestic.apply.api.services.unittests.dll" id="13fb3d90-fc44-b895-9dca-150e6c64fdf2">
      <Execution id="e94005ff-0f7c-4a3a-a473-96f134bd06d3" />
      <TestMethod codeBase="C:\OcasProjects\apply-api\src\apply-api\src\Ocas.Domestic.Apply.Api.Services.UnitTests\bin\Release\net461\Ocas.Domestic.Apply.Api.Services.UnitTests.dll" adapterTypeName="executor://xunit/VsTestRunner2/net" className="Ocas.Domestic.Apply.Api.Services.UnitTests" name="Ocas.Domestic.Apply.Api.Services.UnitTests.Handlers.GetSupportingDocumentFileHandlerTests.GetSupportingDocumentFileHandler_ShouldThrow_NoTranscript_NoSupportingDocument" />
    </UnitTest>
    <UnitTest name="Ocas.Domestic.Apply.Api.Services.UnitTests.Handlers.UpdateProgramChoicesHandlerTests.UpdateProgramChoicesHandler_ShouldThrow_When_ApplicantCollegeHistoryFuture" storage="c:\ocasprojects\apply-api\src\apply-api\src\ocas.domestic.apply.api.services.unittests\bin\release\net461\ocas.domestic.apply.api.services.unittests.dll" id="0b5eb5fb-db86-438c-0e89-134d9394d942">
      <Execution id="08563dc0-56c1-4d06-8f7a-4df2a4039a87" />
      <TestMethod codeBase="C:\OcasProjects\apply-api\src\apply-api\src\Ocas.Domestic.Apply.Api.Services.UnitTests\bin\Release\net461\Ocas.Domestic.Apply.Api.Services.UnitTests.dll" adapterTypeName="executor://xunit/VsTestRunner2/net" className="Ocas.Domestic.Apply.Api.Services.UnitTests" name="Ocas.Domestic.Apply.Api.Services.UnitTests.Handlers.UpdateProgramChoicesHandlerTests.UpdateProgramChoicesHandler_ShouldThrow_When_ApplicantCollegeHistoryFuture" />
    </UnitTest>
    <UnitTest name="Ocas.Domestic.Apply.Api.Services.UnitTests.Validators.Messages.GetOrderValidatorTests.GetOrderValidator_ShouldPass" storage="c:\ocasprojects\apply-api\src\apply-api\src\ocas.domestic.apply.api.services.unittests\bin\release\net461\ocas.domestic.apply.api.services.unittests.dll" id="2d36f315-454d-daee-df3c-ef718c006783">
      <Execution id="90ed5d6b-7f55-40a9-ae3d-54307bad9f83" />
      <TestMethod codeBase="C:\OcasProjects\apply-api\src\apply-api\src\Ocas.Domestic.Apply.Api.Services.UnitTests\bin\Release\net461\Ocas.Domestic.Apply.Api.Services.UnitTests.dll" adapterTypeName="executor://xunit/VsTestRunner2/net" className="Ocas.Domestic.Apply.Api.Services.UnitTests" name="Ocas.Domestic.Apply.Api.Services.UnitTests.Validators.Messages.GetOrderValidatorTests.GetOrderValidator_ShouldPass" />
    </UnitTest>
    <UnitTest name="Ocas.Domestic.Apply.Api.Services.UnitTests.Handlers.GetApplicantHandlerTests.GetApplicant_ShouldThrow_NoApplicantFound" storage="c:\ocasprojects\apply-api\src\apply-api\src\ocas.domestic.apply.api.services.unittests\bin\release\net461\ocas.domestic.apply.api.services.unittests.dll" id="cd015010-9379-8993-4b12-bc9d6dc114e7">
      <Execution id="66ad2ad0-1b6b-4c3e-bc03-650d9f765bd9" />
      <TestMethod codeBase="C:\OcasProjects\apply-api\src\apply-api\src\Ocas.Domestic.Apply.Api.Services.UnitTests\bin\Release\net461\Ocas.Domestic.Apply.Api.Services.UnitTests.dll" adapterTypeName="executor://xunit/VsTestRunner2/net" className="Ocas.Domestic.Apply.Api.Services.UnitTests" name="Ocas.Domestic.Apply.Api.Services.UnitTests.Handlers.GetApplicantHandlerTests.GetApplicant_ShouldThrow_NoApplicantFound" />
    </UnitTest>
    <UnitTest name="Ocas.Domestic.Apply.Api.Services.UnitTests.Validators.Models.AcademicUpgradingValidatorTests.AcademicUpgradingValidator_ShouldFail_WhenProvinceNotOntario_InAcademicUpgrading" storage="c:\ocasprojects\apply-api\src\apply-api\src\ocas.domestic.apply.api.services.unittests\bin\release\net461\ocas.domestic.apply.api.services.unittests.dll" id="469131fc-0f5b-b8a8-5ae5-f44569d9bd84">
      <Execution id="cabc96b8-ba5f-49da-b94e-61050758e48a" />
      <TestMethod codeBase="C:\OcasProjects\apply-api\src\apply-api\src\Ocas.Domestic.Apply.Api.Services.UnitTests\bin\Release\net461\Ocas.Domestic.Apply.Api.Services.UnitTests.dll" adapterTypeName="executor://xunit/VsTestRunner2/net" className="Ocas.Domestic.Apply.Api.Services.UnitTests" name="Ocas.Domestic.Apply.Api.Services.UnitTests.Validators.Models.AcademicUpgradingValidatorTests.AcademicUpgradingValidator_ShouldFail_WhenProvinceNotOntario_InAcademicUpgrading" />
    </UnitTest>
    <UnitTest name="Ocas.Domestic.Apply.Api.Services.UnitTests.Mappers.TemplateMapperTests.MapHighSchoolGrades_Should_Pass" storage="c:\ocasprojects\apply-api\src\apply-api\src\ocas.domestic.apply.api.services.unittests\bin\release\net461\ocas.domestic.apply.api.services.unittests.dll" id="6a472a90-5f30-5d58-578c-6323a2138046">
      <Execution id="601c3661-5968-4698-ae87-d3f82987af05" />
      <TestMethod codeBase="C:\OcasProjects\apply-api\src\apply-api\src\Ocas.Domestic.Apply.Api.Services.UnitTests\bin\Release\net461\Ocas.Domestic.Apply.Api.Services.UnitTests.dll" adapterTypeName="executor://xunit/VsTestRunner2/net" className="Ocas.Domestic.Apply.Api.Services.UnitTests" name="Ocas.Domestic.Apply.Api.Services.UnitTests.Mappers.TemplateMapperTests.MapHighSchoolGrades_Should_Pass" />
    </UnitTest>
    <UnitTest name="Ocas.Domestic.Apply.Api.Services.UnitTests.Handlers.ReissueTranscriptRequestHandlerTests.ReissueTranscriptRequest_ShouldThrow_WhenTrHasNoApplicant" storage="c:\ocasprojects\apply-api\src\apply-api\src\ocas.domestic.apply.api.services.unittests\bin\release\net461\ocas.domestic.apply.api.services.unittests.dll" id="d32716ec-9d6a-360f-5509-003804a83c6c">
      <Execution id="e4b5bece-2fc5-406d-983d-89631cd06ea4" />
      <TestMethod codeBase="C:\OcasProjects\apply-api\src\apply-api\src\Ocas.Domestic.Apply.Api.Services.UnitTests\bin\Release\net461\Ocas.Domestic.Apply.Api.Services.UnitTests.dll" adapterTypeName="executor://xunit/VsTestRunner2/net" className="Ocas.Domestic.Apply.Api.Services.UnitTests" name="Ocas.Domestic.Apply.Api.Services.UnitTests.Handlers.ReissueTranscriptRequestHandlerTests.ReissueTranscriptRequest_ShouldThrow_WhenTrHasNoApplicant" />
    </UnitTest>
    <UnitTest name="Ocas.Domestic.Apply.Api.Services.UnitTests.Mappers.ApiMapperTests.MapEducation_ShouldPass_When_UniversityEmptyFee" storage="c:\ocasprojects\apply-api\src\apply-api\src\ocas.domestic.apply.api.services.unittests\bin\release\net461\ocas.domestic.apply.api.services.unittests.dll" id="e019c6b1-78a8-5886-1858-96dedb2a3720">
      <Execution id="d64dc558-8bfe-4d81-b9e5-5ff9dfe29d26" />
      <TestMethod codeBase="C:\OcasProjects\apply-api\src\apply-api\src\Ocas.Domestic.Apply.Api.Services.UnitTests\bin\Release\net461\Ocas.Domestic.Apply.Api.Services.UnitTests.dll" adapterTypeName="executor://xunit/VsTestRunner2/net" className="Ocas.Domestic.Apply.Api.Services.UnitTests" name="Ocas.Domestic.Apply.Api.Services.UnitTests.Mappers.ApiMapperTests.MapEducation_ShouldPass_When_UniversityEmptyFee" />
    </UnitTest>
    <UnitTest name="Ocas.Domestic.Apply.Api.Services.UnitTests.Handlers.PayOrderHandlerTests.PayOrder_ShouldRollbackTrs_WhenZeroDollarPaymentFails" storage="c:\ocasprojects\apply-api\src\apply-api\src\ocas.domestic.apply.api.services.unittests\bin\release\net461\ocas.domestic.apply.api.services.unittests.dll" id="26a8ca34-b7b0-9b32-21d1-b1d4fdb83455">
      <Execution id="b0e8b02b-82ad-435b-8e4e-f716834074dc" />
      <TestMethod codeBase="C:\OcasProjects\apply-api\src\apply-api\src\Ocas.Domestic.Apply.Api.Services.UnitTests\bin\Release\net461\Ocas.Domestic.Apply.Api.Services.UnitTests.dll" adapterTypeName="executor://xunit/VsTestRunner2/net" className="Ocas.Domestic.Apply.Api.Services.UnitTests" name="Ocas.Domestic.Apply.Api.Services.UnitTests.Handlers.PayOrderHandlerTests.PayOrder_ShouldRollbackTrs_WhenZeroDollarPaymentFails" />
    </UnitTest>
    <UnitTest name="Ocas.Domestic.Apply.Api.Services.UnitTests.Handlers.CreateApplicantBaseHandlerTests.CreateApplicantBaseHandler_ShouldThrow_When_IsDuplicateEmail" storage="c:\ocasprojects\apply-api\src\apply-api\src\ocas.domestic.apply.api.services.unittests\bin\release\net461\ocas.domestic.apply.api.services.unittests.dll" id="02af9d40-f36e-af48-1589-573d249b8892">
      <Execution id="1103fab6-b9f6-45ad-a555-718f4aa0986b" />
      <TestMethod codeBase="C:\OcasProjects\apply-api\src\apply-api\src\Ocas.Domestic.Apply.Api.Services.UnitTests\bin\Release\net461\Ocas.Domestic.Apply.Api.Services.UnitTests.dll" adapterTypeName="executor://xunit/VsTestRunner2/net" className="Ocas.Domestic.Apply.Api.Services.UnitTests" name="Ocas.Domestic.Apply.Api.Services.UnitTests.Handlers.CreateApplicantBaseHandlerTests.CreateApplicantBaseHandler_ShouldThrow_When_IsDuplicateEmail" />
    </UnitTest>
    <UnitTest name="Ocas.Domestic.Apply.Api.Services.UnitTests.Handlers.UpdateEducationHandlerTests.UpdateEducation_ShouldPass" storage="c:\ocasprojects\apply-api\src\apply-api\src\ocas.domestic.apply.api.services.unittests\bin\release\net461\ocas.domestic.apply.api.services.unittests.dll" id="bf1fb6f1-f23c-f8ab-2491-a5ae4ccaac50">
      <Execution id="5d04267d-74e3-4405-a5b6-ba02c6fb080c" />
      <TestMethod codeBase="C:\OcasProjects\apply-api\src\apply-api\src\Ocas.Domestic.Apply.Api.Services.UnitTests\bin\Release\net461\Ocas.Domestic.Apply.Api.Services.UnitTests.dll" adapterTypeName="executor://xunit/VsTestRunner2/net" className="Ocas.Domestic.Apply.Api.Services.UnitTests" name="Ocas.Domestic.Apply.Api.Services.UnitTests.Handlers.UpdateEducationHandlerTests.UpdateEducation_ShouldPass" />
    </UnitTest>
    <UnitTest name="Ocas.Domestic.Apply.Api.Services.UnitTests.Handlers.UpdateApplicantHandlerTests.UpdateApplicantHandler_ShouldPass" storage="c:\ocasprojects\apply-api\src\apply-api\src\ocas.domestic.apply.api.services.unittests\bin\release\net461\ocas.domestic.apply.api.services.unittests.dll" id="f74de4c4-c849-3f39-3152-7694210954c2">
      <Execution id="0a78aa94-0c34-4dc7-b06b-1fe387e24942" />
      <TestMethod codeBase="C:\OcasProjects\apply-api\src\apply-api\src\Ocas.Domestic.Apply.Api.Services.UnitTests\bin\Release\net461\Ocas.Domestic.Apply.Api.Services.UnitTests.dll" adapterTypeName="executor://xunit/VsTestRunner2/net" className="Ocas.Domestic.Apply.Api.Services.UnitTests" name="Ocas.Domestic.Apply.Api.Services.UnitTests.Handlers.UpdateApplicantHandlerTests.UpdateApplicantHandler_ShouldPass" />
    </UnitTest>
    <UnitTest name="Ocas.Domestic.Apply.Api.Services.UnitTests.Mappers.ApiMapperTests.MapTranscriptRequest_ShouldPass_When_TransmissionIdNull" storage="c:\ocasprojects\apply-api\src\apply-api\src\ocas.domestic.apply.api.services.unittests\bin\release\net461\ocas.domestic.apply.api.services.unittests.dll" id="c3256784-1dc1-b846-e413-ce629ef2b649">
      <Execution id="59edbaea-4f39-4723-9f1b-8e54d33ded7a" />
      <TestMethod codeBase="C:\OcasProjects\apply-api\src\apply-api\src\Ocas.Domestic.Apply.Api.Services.UnitTests\bin\Release\net461\Ocas.Domestic.Apply.Api.Services.UnitTests.dll" adapterTypeName="executor://xunit/VsTestRunner2/net" className="Ocas.Domestic.Apply.Api.Services.UnitTests" name="Ocas.Domestic.Apply.Api.Services.UnitTests.Mappers.ApiMapperTests.MapTranscriptRequest_ShouldPass_When_TransmissionIdNull" />
    </UnitTest>
    <UnitTest name="Ocas.Domestic.Apply.Api.Services.UnitTests.Handlers.ReissueTranscriptRequestHandlerTests.ReissueTranscriptRequest_ShouldPass" storage="c:\ocasprojects\apply-api\src\apply-api\src\ocas.domestic.apply.api.services.unittests\bin\release\net461\ocas.domestic.apply.api.services.unittests.dll" id="952739b1-2fe6-ed72-abec-618dc6fb6e17">
      <Execution id="2a1fa528-296f-4833-aab5-fd0989b3ccf0" />
      <TestMethod codeBase="C:\OcasProjects\apply-api\src\apply-api\src\Ocas.Domestic.Apply.Api.Services.UnitTests\bin\Release\net461\Ocas.Domestic.Apply.Api.Services.UnitTests.dll" adapterTypeName="executor://xunit/VsTestRunner2/net" className="Ocas.Domestic.Apply.Api.Services.UnitTests" name="Ocas.Domestic.Apply.Api.Services.UnitTests.Handlers.ReissueTranscriptRequestHandlerTests.ReissueTranscriptRequest_ShouldPass" />
    </UnitTest>
    <UnitTest name="Ocas.Domestic.Apply.Api.Services.UnitTests.Mappers.ApiMapperTests.MapOrder_ShouldPass" storage="c:\ocasprojects\apply-api\src\apply-api\src\ocas.domestic.apply.api.services.unittests\bin\release\net461\ocas.domestic.apply.api.services.unittests.dll" id="770b15a4-e4d0-bf58-71b3-caeba3b4b0a8">
      <Execution id="1b896bfc-d98e-44e4-85f1-8c40725bc355" />
      <TestMethod codeBase="C:\OcasProjects\apply-api\src\apply-api\src\Ocas.Domestic.Apply.Api.Services.UnitTests\bin\Release\net461\Ocas.Domestic.Apply.Api.Services.UnitTests.dll" adapterTypeName="executor://xunit/VsTestRunner2/net" className="Ocas.Domestic.Apply.Api.Services.UnitTests" name="Ocas.Domestic.Apply.Api.Services.UnitTests.Mappers.ApiMapperTests.MapOrder_ShouldPass" />
    </UnitTest>
    <UnitTest name="Ocas.Domestic.Apply.Api.Services.UnitTests.Extensions.LookupsCacheExtensionsTests.GetSourceId_ShouldPass_When_ReferralPartner_NotAllowedCba" storage="c:\ocasprojects\apply-api\src\apply-api\src\ocas.domestic.apply.api.services.unittests\bin\release\net461\ocas.domestic.apply.api.services.unittests.dll" id="ed042d4b-0687-eb79-0443-fe10997ea138">
      <Execution id="4fcbd8c4-487e-4b39-862b-334e591e0076" />
      <TestMethod codeBase="C:\OcasProjects\apply-api\src\apply-api\src\Ocas.Domestic.Apply.Api.Services.UnitTests\bin\Release\net461\Ocas.Domestic.Apply.Api.Services.UnitTests.dll" adapterTypeName="executor://xunit/VsTestRunner2/net" className="Ocas.Domestic.Apply.Api.Services.UnitTests" name="Ocas.Domestic.Apply.Api.Services.UnitTests.Extensions.LookupsCacheExtensionsTests.GetSourceId_ShouldPass_When_ReferralPartner_NotAllowedCba" />
    </UnitTest>
    <UnitTest name="Ocas.Domestic.Apply.Api.Services.UnitTests.Mappers.ApiMapperTests.MappingSupportingDocument_ShouldPass_When_IntlCredential" storage="c:\ocasprojects\apply-api\src\apply-api\src\ocas.domestic.apply.api.services.unittests\bin\release\net461\ocas.domestic.apply.api.services.unittests.dll" id="6f3ebdf9-39fb-2119-9ef1-adecf89442eb">
      <Execution id="ea2b5eda-d814-41a8-a973-cf67822e53ca" />
      <TestMethod codeBase="C:\OcasProjects\apply-api\src\apply-api\src\Ocas.Domestic.Apply.Api.Services.UnitTests\bin\Release\net461\Ocas.Domestic.Apply.Api.Services.UnitTests.dll" adapterTypeName="executor://xunit/VsTestRunner2/net" className="Ocas.Domestic.Apply.Api.Services.UnitTests" name="Ocas.Domestic.Apply.Api.Services.UnitTests.Mappers.ApiMapperTests.MappingSupportingDocument_ShouldPass_When_IntlCredential" />
    </UnitTest>
    <UnitTest name="Ocas.Domestic.Apply.Api.Services.UnitTests.Mappers.ApiMapperTests.MapOffers_ShouldPass_When_DeleteOffer_Then_CanRespond_False" storage="c:\ocasprojects\apply-api\src\apply-api\src\ocas.domestic.apply.api.services.unittests\bin\release\net461\ocas.domestic.apply.api.services.unittests.dll" id="ef8dca96-7eb5-0fcc-956a-7f46eca0ee84">
      <Execution id="f26bb034-5035-461c-bdbb-6a0d387d87bc" />
      <TestMethod codeBase="C:\OcasProjects\apply-api\src\apply-api\src\Ocas.Domestic.Apply.Api.Services.UnitTests\bin\Release\net461\Ocas.Domestic.Apply.Api.Services.UnitTests.dll" adapterTypeName="executor://xunit/VsTestRunner2/net" className="Ocas.Domestic.Apply.Api.Services.UnitTests" name="Ocas.Domestic.Apply.Api.Services.UnitTests.Mappers.ApiMapperTests.MapOffers_ShouldPass_When_DeleteOffer_Then_CanRespond_False" />
    </UnitTest>
    <UnitTest name="Ocas.Domestic.Apply.Api.Services.UnitTests.Authorization.UserAuthorizationTests.CanAccessApplicantAsync_ShouldFail_When_SubjectMismatch" storage="c:\ocasprojects\apply-api\src\apply-api\src\ocas.domestic.apply.api.services.unittests\bin\release\net461\ocas.domestic.apply.api.services.unittests.dll" id="9b69418f-ff9f-330d-ea9c-189ebbef905f">
      <Execution id="7510f041-6717-4ae2-9281-616fe8a8a88b" />
      <TestMethod codeBase="C:\OcasProjects\apply-api\src\apply-api\src\Ocas.Domestic.Apply.Api.Services.UnitTests\bin\Release\net461\Ocas.Domestic.Apply.Api.Services.UnitTests.dll" adapterTypeName="executor://xunit/VsTestRunner2/net" className="Ocas.Domestic.Apply.Api.Services.UnitTests" name="Ocas.Domestic.Apply.Api.Services.UnitTests.Authorization.UserAuthorizationTests.CanAccessApplicantAsync_ShouldFail_When_SubjectMismatch" />
    </UnitTest>
    <UnitTest name="Ocas.Domestic.Apply.Api.Services.UnitTests.Handlers.CreateTranscriptRequestHandlerTests.CreateTranscriptRequest_ShouldThrow_When_ApplicationMissing" storage="c:\ocasprojects\apply-api\src\apply-api\src\ocas.domestic.apply.api.services.unittests\bin\release\net461\ocas.domestic.apply.api.services.unittests.dll" id="11e63c9c-70c6-bd7c-aac2-48389a635bd9">
      <Execution id="6f49fb77-1fd0-4665-ac16-3b8c0f4bbe14" />
      <TestMethod codeBase="C:\OcasProjects\apply-api\src\apply-api\src\Ocas.Domestic.Apply.Api.Services.UnitTests\bin\Release\net461\Ocas.Domestic.Apply.Api.Services.UnitTests.dll" adapterTypeName="executor://xunit/VsTestRunner2/net" className="Ocas.Domestic.Apply.Api.Services.UnitTests" name="Ocas.Domestic.Apply.Api.Services.UnitTests.Handlers.CreateTranscriptRequestHandlerTests.CreateTranscriptRequest_ShouldThrow_When_ApplicationMissing" />
    </UnitTest>
    <UnitTest name="Ocas.Domestic.Apply.Api.Services.UnitTests.Mappers.ApiMapperTests.MapEducation_ShouldPass_When_HighSchoolWithoutEtms" storage="c:\ocasprojects\apply-api\src\apply-api\src\ocas.domestic.apply.api.services.unittests\bin\release\net461\ocas.domestic.apply.api.services.unittests.dll" id="7ef9a608-d322-fc2e-ff5a-776993aed388">
      <Execution id="5e0d0acf-1190-4a5f-bb6e-18d9fa15bea1" />
      <TestMethod codeBase="C:\OcasProjects\apply-api\src\apply-api\src\Ocas.Domestic.Apply.Api.Services.UnitTests\bin\Release\net461\Ocas.Domestic.Apply.Api.Services.UnitTests.dll" adapterTypeName="executor://xunit/VsTestRunner2/net" className="Ocas.Domestic.Apply.Api.Services.UnitTests" name="Ocas.Domestic.Apply.Api.Services.UnitTests.Mappers.ApiMapperTests.MapEducation_ShouldPass_When_HighSchoolWithoutEtms" />
    </UnitTest>
    <UnitTest name="Ocas.Domestic.Apply.Api.Services.UnitTests.Handlers.CreateApplicantHandlerTests.CreateApplicantHandler_ShouldThrow_When_IsDuplicateEmail" storage="c:\ocasprojects\apply-api\src\apply-api\src\ocas.domestic.apply.api.services.unittests\bin\release\net461\ocas.domestic.apply.api.services.unittests.dll" id="0b1355c3-b7c7-e8ee-9d02-60971704fc1d">
      <Execution id="a1421ae3-bc78-459c-8649-56d58f38bca5" />
      <TestMethod codeBase="C:\OcasProjects\apply-api\src\apply-api\src\Ocas.Domestic.Apply.Api.Services.UnitTests\bin\Release\net461\Ocas.Domestic.Apply.Api.Services.UnitTests.dll" adapterTypeName="executor://xunit/VsTestRunner2/net" className="Ocas.Domestic.Apply.Api.Services.UnitTests" name="Ocas.Domestic.Apply.Api.Services.UnitTests.Handlers.CreateApplicantHandlerTests.CreateApplicantHandler_ShouldThrow_When_IsDuplicateEmail" />
    </UnitTest>
    <UnitTest name="Ocas.Domestic.Apply.Api.Services.UnitTests.Validators.Models.CanadianHighSchoolValidatorTests.Validator_ShouldFail_WhenNotCurrentlyAttending_FieldsInvalid_InCanadian" storage="c:\ocasprojects\apply-api\src\apply-api\src\ocas.domestic.apply.api.services.unittests\bin\release\net461\ocas.domestic.apply.api.services.unittests.dll" id="34ff584d-c1bf-91b9-b1e7-d1d0ad2246ad">
      <Execution id="630db105-2b5f-4854-8d03-e2e387edea90" />
      <TestMethod codeBase="C:\OcasProjects\apply-api\src\apply-api\src\Ocas.Domestic.Apply.Api.Services.UnitTests\bin\Release\net461\Ocas.Domestic.Apply.Api.Services.UnitTests.dll" adapterTypeName="executor://xunit/VsTestRunner2/net" className="Ocas.Domestic.Apply.Api.Services.UnitTests" name="Ocas.Domestic.Apply.Api.Services.UnitTests.Validators.Models.CanadianHighSchoolValidatorTests.Validator_ShouldFail_WhenNotCurrentlyAttending_FieldsInvalid_InCanadian" />
    </UnitTest>
    <UnitTest name="Ocas.Domestic.Apply.Api.Services.UnitTests.Handlers.CompleteProgramsHandlerTests.CompletePrograms_ShouldThrow_WhenNoChoices" storage="c:\ocasprojects\apply-api\src\apply-api\src\ocas.domestic.apply.api.services.unittests\bin\release\net461\ocas.domestic.apply.api.services.unittests.dll" id="fd57c0b1-fb69-f259-a706-7cced98561b6">
      <Execution id="ab052d03-36a3-4770-ae4a-00e90afc9a21" />
      <TestMethod codeBase="C:\OcasProjects\apply-api\src\apply-api\src\Ocas.Domestic.Apply.Api.Services.UnitTests\bin\Release\net461\Ocas.Domestic.Apply.Api.Services.UnitTests.dll" adapterTypeName="executor://xunit/VsTestRunner2/net" className="Ocas.Domestic.Apply.Api.Services.UnitTests" name="Ocas.Domestic.Apply.Api.Services.UnitTests.Handlers.CompleteProgramsHandlerTests.CompletePrograms_ShouldThrow_WhenNoChoices" />
    </UnitTest>
    <UnitTest name="Ocas.Domestic.Apply.Api.Services.UnitTests.Validators.Messages.CreateApplicantValidatorTests.Validator_ShouldPass" storage="c:\ocasprojects\apply-api\src\apply-api\src\ocas.domestic.apply.api.services.unittests\bin\release\net461\ocas.domestic.apply.api.services.unittests.dll" id="92c3f1c2-fe67-60c2-d8e3-06cfe202c141">
      <Execution id="6d65237c-10fe-48f3-8640-f273f1a18b67" />
      <TestMethod codeBase="C:\OcasProjects\apply-api\src\apply-api\src\Ocas.Domestic.Apply.Api.Services.UnitTests\bin\Release\net461\Ocas.Domestic.Apply.Api.Services.UnitTests.dll" adapterTypeName="executor://xunit/VsTestRunner2/net" className="Ocas.Domestic.Apply.Api.Services.UnitTests" name="Ocas.Domestic.Apply.Api.Services.UnitTests.Validators.Messages.CreateApplicantValidatorTests.Validator_ShouldPass" />
    </UnitTest>
    <UnitTest name="Ocas.Domestic.Apply.Api.Services.UnitTests.Validators.Models.CanadianUniversityValidatorTests.CanadianUniversityValidator_ShouldFail_WhenInstituteTypeDoesNotMatch_InCanadianUniversity" storage="c:\ocasprojects\apply-api\src\apply-api\src\ocas.domestic.apply.api.services.unittests\bin\release\net461\ocas.domestic.apply.api.services.unittests.dll" id="4d167721-94d9-e01b-778d-d6a53d731c86">
      <Execution id="397558e1-5619-4ff6-a516-48d6bc997e06" />
      <TestMethod codeBase="C:\OcasProjects\apply-api\src\apply-api\src\Ocas.Domestic.Apply.Api.Services.UnitTests\bin\Release\net461\Ocas.Domestic.Apply.Api.Services.UnitTests.dll" adapterTypeName="executor://xunit/VsTestRunner2/net" className="Ocas.Domestic.Apply.Api.Services.UnitTests" name="Ocas.Domestic.Apply.Api.Services.UnitTests.Validators.Models.CanadianUniversityValidatorTests.CanadianUniversityValidator_ShouldFail_WhenInstituteTypeDoesNotMatch_InCanadianUniversity" />
    </UnitTest>
    <UnitTest name="Ocas.Domestic.Apply.Api.Services.UnitTests.Mappers.ApiMapperTests.MapCollegeInformations_ShouldPass" storage="c:\ocasprojects\apply-api\src\apply-api\src\ocas.domestic.apply.api.services.unittests\bin\release\net461\ocas.domestic.apply.api.services.unittests.dll" id="a30e97c3-9056-cba4-7db4-bf8b2d144098">
      <Execution id="22e8c9c6-1691-4e6c-8696-53e47dcd9b5c" />
      <TestMethod codeBase="C:\OcasProjects\apply-api\src\apply-api\src\Ocas.Domestic.Apply.Api.Services.UnitTests\bin\Release\net461\Ocas.Domestic.Apply.Api.Services.UnitTests.dll" adapterTypeName="executor://xunit/VsTestRunner2/net" className="Ocas.Domestic.Apply.Api.Services.UnitTests" name="Ocas.Domestic.Apply.Api.Services.UnitTests.Mappers.ApiMapperTests.MapCollegeInformations_ShouldPass" />
    </UnitTest>
    <UnitTest name="Ocas.Domestic.Apply.Api.Services.UnitTests.Validators.Models.CanadianCollegeValidatorTests.CanadianCollegeValidator_ShouldPass_WhenCanadianCollege" storage="c:\ocasprojects\apply-api\src\apply-api\src\ocas.domestic.apply.api.services.unittests\bin\release\net461\ocas.domestic.apply.api.services.unittests.dll" id="cb1280c3-c63c-7114-035b-032b8fde504b">
      <Execution id="ce9745a0-0aec-4bf5-96a2-b1ee681c1a51" />
      <TestMethod codeBase="C:\OcasProjects\apply-api\src\apply-api\src\Ocas.Domestic.Apply.Api.Services.UnitTests\bin\Release\net461\Ocas.Domestic.Apply.Api.Services.UnitTests.dll" adapterTypeName="executor://xunit/VsTestRunner2/net" className="Ocas.Domestic.Apply.Api.Services.UnitTests" name="Ocas.Domestic.Apply.Api.Services.UnitTests.Validators.Models.CanadianCollegeValidatorTests.CanadianCollegeValidator_ShouldPass_WhenCanadianCollege" />
    </UnitTest>
    <UnitTest name="Ocas.Domestic.Apply.Api.Services.UnitTests.Validators.IApplicantUserValidatorTests.Validator_ShouldPass" storage="c:\ocasprojects\apply-api\src\apply-api\src\ocas.domestic.apply.api.services.unittests\bin\release\net461\ocas.domestic.apply.api.services.unittests.dll" id="d56f3303-ae36-09d5-bdc1-6357e341ae6a">
      <Execution id="4ec4f349-e96f-41f7-91f8-9d1c1ab3437a" />
      <TestMethod codeBase="C:\OcasProjects\apply-api\src\apply-api\src\Ocas.Domestic.Apply.Api.Services.UnitTests\bin\Release\net461\Ocas.Domestic.Apply.Api.Services.UnitTests.dll" adapterTypeName="executor://xunit/VsTestRunner2/net" className="Ocas.Domestic.Apply.Api.Services.UnitTests" name="Ocas.Domestic.Apply.Api.Services.UnitTests.Validators.IApplicantUserValidatorTests.Validator_ShouldPass" />
    </UnitTest>
    <UnitTest name="Ocas.Domestic.Apply.Api.Services.UnitTests.Mappers.ApiMapperTests.MapOffers_ShouldPass_When_HardExpiryDate_Past_Then_IsHardExpired_True" storage="c:\ocasprojects\apply-api\src\apply-api\src\ocas.domestic.apply.api.services.unittests\bin\release\net461\ocas.domestic.apply.api.services.unittests.dll" id="6f9fe0cb-4c32-3d27-d5f2-bef84955921d">
      <Execution id="f11db9e5-929b-4922-8145-910b4ef5f297" />
      <TestMethod codeBase="C:\OcasProjects\apply-api\src\apply-api\src\Ocas.Domestic.Apply.Api.Services.UnitTests\bin\Release\net461\Ocas.Domestic.Apply.Api.Services.UnitTests.dll" adapterTypeName="executor://xunit/VsTestRunner2/net" className="Ocas.Domestic.Apply.Api.Services.UnitTests" name="Ocas.Domestic.Apply.Api.Services.UnitTests.Mappers.ApiMapperTests.MapOffers_ShouldPass_When_HardExpiryDate_Past_Then_IsHardExpired_True" />
    </UnitTest>
    <UnitTest name="Ocas.Domestic.Apply.Api.Services.UnitTests.Validators.Messages.VerifyApplicantOenValidatorTests.VerifyApplicantOenValidator_ShouldFail_WhenEmptyApplicantId" storage="c:\ocasprojects\apply-api\src\apply-api\src\ocas.domestic.apply.api.services.unittests\bin\release\net461\ocas.domestic.apply.api.services.unittests.dll" id="474be0cc-17ac-4a1a-a9f3-35570dcc32ae">
      <Execution id="57f90cc1-d1fb-4db1-a8be-8b2c9f9696f2" />
      <TestMethod codeBase="C:\OcasProjects\apply-api\src\apply-api\src\Ocas.Domestic.Apply.Api.Services.UnitTests\bin\Release\net461\Ocas.Domestic.Apply.Api.Services.UnitTests.dll" adapterTypeName="executor://xunit/VsTestRunner2/net" className="Ocas.Domestic.Apply.Api.Services.UnitTests" name="Ocas.Domestic.Apply.Api.Services.UnitTests.Validators.Messages.VerifyApplicantOenValidatorTests.VerifyApplicantOenValidator_ShouldFail_WhenEmptyApplicantId" />
    </UnitTest>
    <UnitTest name="Ocas.Domestic.Apply.Api.Services.UnitTests.Validators.Models.ApplicantValidatorTests.Validator_ShouldFail_When_PreferredLanguage_Invalid" storage="c:\ocasprojects\apply-api\src\apply-api\src\ocas.domestic.apply.api.services.unittests\bin\release\net461\ocas.domestic.apply.api.services.unittests.dll" id="efc7e287-d3b0-1786-d35e-9da7098e7c94">
      <Execution id="83e42070-c29c-41f9-9bae-07b616499088" />
      <TestMethod codeBase="C:\OcasProjects\apply-api\src\apply-api\src\Ocas.Domestic.Apply.Api.Services.UnitTests\bin\Release\net461\Ocas.Domestic.Apply.Api.Services.UnitTests.dll" adapterTypeName="executor://xunit/VsTestRunner2/net" className="Ocas.Domestic.Apply.Api.Services.UnitTests" name="Ocas.Domestic.Apply.Api.Services.UnitTests.Validators.Models.ApplicantValidatorTests.Validator_ShouldFail_When_PreferredLanguage_Invalid" />
    </UnitTest>
    <UnitTest name="Ocas.Domestic.Apply.Api.Services.UnitTests.Handlers.DeleteTranscriptRequestHandlerTests.DeleteTranscriptRequest_ShouldThrow_When_RequestHasRequestLog" storage="c:\ocasprojects\apply-api\src\apply-api\src\ocas.domestic.apply.api.services.unittests\bin\release\net461\ocas.domestic.apply.api.services.unittests.dll" id="a9f9e3ca-8383-1e8b-5b78-04dfd9c4a878">
      <Execution id="a7b9dfee-bcfa-45f6-b54d-1b4c3d7083b6" />
      <TestMethod codeBase="C:\OcasProjects\apply-api\src\apply-api\src\Ocas.Domestic.Apply.Api.Services.UnitTests\bin\Release\net461\Ocas.Domestic.Apply.Api.Services.UnitTests.dll" adapterTypeName="executor://xunit/VsTestRunner2/net" className="Ocas.Domestic.Apply.Api.Services.UnitTests" name="Ocas.Domestic.Apply.Api.Services.UnitTests.Handlers.DeleteTranscriptRequestHandlerTests.DeleteTranscriptRequest_ShouldThrow_When_RequestHasRequestLog" />
    </UnitTest>
    <UnitTest name="Ocas.Domestic.Apply.Api.Services.UnitTests.Handlers.CreateTranscriptRequestHandlerTests.CreateTranscriptRequest_ShouldThrow_When_CollegeRequest_NotEtms" storage="c:\ocasprojects\apply-api\src\apply-api\src\ocas.domestic.apply.api.services.unittests\bin\release\net461\ocas.domestic.apply.api.services.unittests.dll" id="9774d800-b680-ae36-24dc-780fbd43c360">
      <Execution id="5e47d281-56b5-459b-a45f-c1e48a9778d7" />
      <TestMethod codeBase="C:\OcasProjects\apply-api\src\apply-api\src\Ocas.Domestic.Apply.Api.Services.UnitTests\bin\Release\net461\Ocas.Domestic.Apply.Api.Services.UnitTests.dll" adapterTypeName="executor://xunit/VsTestRunner2/net" className="Ocas.Domestic.Apply.Api.Services.UnitTests" name="Ocas.Domestic.Apply.Api.Services.UnitTests.Handlers.CreateTranscriptRequestHandlerTests.CreateTranscriptRequest_ShouldThrow_When_CollegeRequest_NotEtms" />
    </UnitTest>
    <UnitTest name="Ocas.Domestic.Apply.Api.Services.UnitTests.Mappers.ApiMapperTests.MapTranscriptRequest_ShouldPass" storage="c:\ocasprojects\apply-api\src\apply-api\src\ocas.domestic.apply.api.services.unittests\bin\release\net461\ocas.domestic.apply.api.services.unittests.dll" id="3c96e077-f96f-0ab0-bb7b-e3dac7037b41">
      <Execution id="548587da-645c-4501-89cc-42e0936be4ae" />
      <TestMethod codeBase="C:\OcasProjects\apply-api\src\apply-api\src\Ocas.Domestic.Apply.Api.Services.UnitTests\bin\Release\net461\Ocas.Domestic.Apply.Api.Services.UnitTests.dll" adapterTypeName="executor://xunit/VsTestRunner2/net" className="Ocas.Domestic.Apply.Api.Services.UnitTests" name="Ocas.Domestic.Apply.Api.Services.UnitTests.Mappers.ApiMapperTests.MapTranscriptRequest_ShouldPass" />
    </UnitTest>
    <UnitTest name="Ocas.Domestic.Apply.Api.Services.UnitTests.Validators.Models.CanadianHighSchoolValidatorTests.Validator_ShouldFail_When_InvalidInstitute_InOntario" storage="c:\ocasprojects\apply-api\src\apply-api\src\ocas.domestic.apply.api.services.unittests\bin\release\net461\ocas.domestic.apply.api.services.unittests.dll" id="22e53a5b-1bf5-f116-e7ff-861084649673">
      <Execution id="e080d51a-42fc-4399-88de-c40b59d8e6f3" />
      <TestMethod codeBase="C:\OcasProjects\apply-api\src\apply-api\src\Ocas.Domestic.Apply.Api.Services.UnitTests\bin\Release\net461\Ocas.Domestic.Apply.Api.Services.UnitTests.dll" adapterTypeName="executor://xunit/VsTestRunner2/net" className="Ocas.Domestic.Apply.Api.Services.UnitTests" name="Ocas.Domestic.Apply.Api.Services.UnitTests.Validators.Models.CanadianHighSchoolValidatorTests.Validator_ShouldFail_When_InvalidInstitute_InOntario" />
    </UnitTest>
    <UnitTest name="Ocas.Domestic.Apply.Api.Services.UnitTests.Handlers.RemoveEducationHandlerTests.RemoveEducationHandler_ShouldThrow_When_RequestNotFound" storage="c:\ocasprojects\apply-api\src\apply-api\src\ocas.domestic.apply.api.services.unittests\bin\release\net461\ocas.domestic.apply.api.services.unittests.dll" id="fca0b98d-8284-1a35-deb1-27be44d4f783">
      <Execution id="16f8230d-f881-4cc2-93a7-a6a679bcac85" />
      <TestMethod codeBase="C:\OcasProjects\apply-api\src\apply-api\src\Ocas.Domestic.Apply.Api.Services.UnitTests\bin\Release\net461\Ocas.Domestic.Apply.Api.Services.UnitTests.dll" adapterTypeName="executor://xunit/VsTestRunner2/net" className="Ocas.Domestic.Apply.Api.Services.UnitTests" name="Ocas.Domestic.Apply.Api.Services.UnitTests.Handlers.RemoveEducationHandlerTests.RemoveEducationHandler_ShouldThrow_When_RequestNotFound" />
    </UnitTest>
    <UnitTest name="Ocas.Domestic.Apply.Api.Services.UnitTests.Handlers.CreateTranscriptRequestHandlerTests.CreateTranscriptRequest_ShouldPass_When_ApplicationPaid" storage="c:\ocasprojects\apply-api\src\apply-api\src\ocas.domestic.apply.api.services.unittests\bin\release\net461\ocas.domestic.apply.api.services.unittests.dll" id="db60226b-c462-b8b7-3c5d-56745308814b">
      <Execution id="6a91b92a-f159-4338-bf3b-828fd0f7f38d" />
      <TestMethod codeBase="C:\OcasProjects\apply-api\src\apply-api\src\Ocas.Domestic.Apply.Api.Services.UnitTests\bin\Release\net461\Ocas.Domestic.Apply.Api.Services.UnitTests.dll" adapterTypeName="executor://xunit/VsTestRunner2/net" className="Ocas.Domestic.Apply.Api.Services.UnitTests" name="Ocas.Domestic.Apply.Api.Services.UnitTests.Handlers.CreateTranscriptRequestHandlerTests.CreateTranscriptRequest_ShouldPass_When_ApplicationPaid" />
    </UnitTest>
    <UnitTest name="Ocas.Domestic.Apply.Api.Services.UnitTests.Handlers.UpdateProgramChoicesHandlerTests.UpdateProgramChoicesHandler_ShouldPass" storage="c:\ocasprojects\apply-api\src\apply-api\src\ocas.domestic.apply.api.services.unittests\bin\release\net461\ocas.domestic.apply.api.services.unittests.dll" id="8bff8787-f1e3-57b2-0622-e2ed3086e44a">
      <Execution id="2a5feada-33b3-4eb4-a8cd-15f04f9942c2" />
      <TestMethod codeBase="C:\OcasProjects\apply-api\src\apply-api\src\Ocas.Domestic.Apply.Api.Services.UnitTests\bin\Release\net461\Ocas.Domestic.Apply.Api.Services.UnitTests.dll" adapterTypeName="executor://xunit/VsTestRunner2/net" className="Ocas.Domestic.Apply.Api.Services.UnitTests" name="Ocas.Domestic.Apply.Api.Services.UnitTests.Handlers.UpdateProgramChoicesHandlerTests.UpdateProgramChoicesHandler_ShouldPass" />
    </UnitTest>
    <UnitTest name="Ocas.Domestic.Apply.Api.Services.UnitTests.Handlers.GetSupportingDocumentFileHandlerTests.GetSupportingDocumentFileHandler_Should_Throw_When_Invalid_Base64" storage="c:\ocasprojects\apply-api\src\apply-api\src\ocas.domestic.apply.api.services.unittests\bin\release\net461\ocas.domestic.apply.api.services.unittests.dll" id="3adfe7fe-a36a-3bb6-14bd-ea3d1cf75131">
      <Execution id="117a0a5f-355b-4d37-bbe0-4a3cb5e5bc6e" />
      <TestMethod codeBase="C:\OcasProjects\apply-api\src\apply-api\src\Ocas.Domestic.Apply.Api.Services.UnitTests\bin\Release\net461\Ocas.Domestic.Apply.Api.Services.UnitTests.dll" adapterTypeName="executor://xunit/VsTestRunner2/net" className="Ocas.Domestic.Apply.Api.Services.UnitTests" name="Ocas.Domestic.Apply.Api.Services.UnitTests.Handlers.GetSupportingDocumentFileHandlerTests.GetSupportingDocumentFileHandler_Should_Throw_When_Invalid_Base64" />
    </UnitTest>
    <UnitTest name="Ocas.Domestic.Apply.Api.Services.UnitTests.Handlers.CreateTranscriptRequestHandlerTests.CreateTranscriptRequest_ShouldThrow_When_CollegeRequest_ToInstituteIdEmpty" storage="c:\ocasprojects\apply-api\src\apply-api\src\ocas.domestic.apply.api.services.unittests\bin\release\net461\ocas.domestic.apply.api.services.unittests.dll" id="4f8719dc-834b-fd92-4692-bdf21846e8ca">
      <Execution id="146b40eb-b891-4d58-82ad-436636b4fc73" />
      <TestMethod codeBase="C:\OcasProjects\apply-api\src\apply-api\src\Ocas.Domestic.Apply.Api.Services.UnitTests\bin\Release\net461\Ocas.Domestic.Apply.Api.Services.UnitTests.dll" adapterTypeName="executor://xunit/VsTestRunner2/net" className="Ocas.Domestic.Apply.Api.Services.UnitTests" name="Ocas.Domestic.Apply.Api.Services.UnitTests.Handlers.CreateTranscriptRequestHandlerTests.CreateTranscriptRequest_ShouldThrow_When_CollegeRequest_ToInstituteIdEmpty" />
    </UnitTest>
    <UnitTest name="Ocas.Domestic.Apply.Api.Services.UnitTests.Validators.Models.ProgramChoiceBaseValidatorTests.ProgramChoiceBaseValidator_ShouldThrow_When_EntryLevelInvalid" storage="c:\ocasprojects\apply-api\src\apply-api\src\ocas.domestic.apply.api.services.unittests\bin\release\net461\ocas.domestic.apply.api.services.unittests.dll" id="ab4c2e9d-3af2-f4d3-0c39-df2b4a76e60d">
      <Execution id="6c5aa437-16e5-408d-8e44-2b5ed62647dc" />
      <TestMethod codeBase="C:\OcasProjects\apply-api\src\apply-api\src\Ocas.Domestic.Apply.Api.Services.UnitTests\bin\Release\net461\Ocas.Domestic.Apply.Api.Services.UnitTests.dll" adapterTypeName="executor://xunit/VsTestRunner2/net" className="Ocas.Domestic.Apply.Api.Services.UnitTests" name="Ocas.Domestic.Apply.Api.Services.UnitTests.Validators.Models.ProgramChoiceBaseValidatorTests.ProgramChoiceBaseValidator_ShouldThrow_When_EntryLevelInvalid" />
    </UnitTest>
    <UnitTest name="Ocas.Domestic.Apply.Api.Services.UnitTests.Mappers.ApiMapperTests.MapApplication_ShouldPass_When_ProgramChoice" storage="c:\ocasprojects\apply-api\src\apply-api\src\ocas.domestic.apply.api.services.unittests\bin\release\net461\ocas.domestic.apply.api.services.unittests.dll" id="ff7c7b29-46ba-54ef-65e1-2f4529d8a781">
      <Execution id="72d11474-c38a-4d52-81bc-2de8dc6439d1" />
      <TestMethod codeBase="C:\OcasProjects\apply-api\src\apply-api\src\Ocas.Domestic.Apply.Api.Services.UnitTests\bin\Release\net461\Ocas.Domestic.Apply.Api.Services.UnitTests.dll" adapterTypeName="executor://xunit/VsTestRunner2/net" className="Ocas.Domestic.Apply.Api.Services.UnitTests" name="Ocas.Domestic.Apply.Api.Services.UnitTests.Mappers.ApiMapperTests.MapApplication_ShouldPass_When_ProgramChoice" />
    </UnitTest>
    <UnitTest name="Ocas.Domestic.Apply.Api.Services.UnitTests.Mappers.ApiMapperTests.MapTranscriptTransmissions_ShouldPass_When_University" storage="c:\ocasprojects\apply-api\src\apply-api\src\ocas.domestic.apply.api.services.unittests\bin\release\net461\ocas.domestic.apply.api.services.unittests.dll" id="244d0612-e0db-e7d9-a34c-c51b0f113f1f">
      <Execution id="6ec63110-bfa3-430d-874a-ecc6ac763d2f" />
      <TestMethod codeBase="C:\OcasProjects\apply-api\src\apply-api\src\Ocas.Domestic.Apply.Api.Services.UnitTests\bin\Release\net461\Ocas.Domestic.Apply.Api.Services.UnitTests.dll" adapterTypeName="executor://xunit/VsTestRunner2/net" className="Ocas.Domestic.Apply.Api.Services.UnitTests" name="Ocas.Domestic.Apply.Api.Services.UnitTests.Mappers.ApiMapperTests.MapTranscriptTransmissions_ShouldPass_When_University" />
    </UnitTest>
    <UnitTest name="Ocas.Domestic.Apply.Api.Services.UnitTests.Validators.Models.IntlCredentialAssessmentValidatorTests.Validator_ShouldThrow_When_IntlEvaluatorId_Empty" storage="c:\ocasprojects\apply-api\src\apply-api\src\ocas.domestic.apply.api.services.unittests\bin\release\net461\ocas.domestic.apply.api.services.unittests.dll" id="9a5f4175-ecb1-7ffb-888e-2347775b50c1">
      <Execution id="d89e9643-93ad-4446-8fa2-eaf055f8246c" />
      <TestMethod codeBase="C:\OcasProjects\apply-api\src\apply-api\src\Ocas.Domestic.Apply.Api.Services.UnitTests\bin\Release\net461\Ocas.Domestic.Apply.Api.Services.UnitTests.dll" adapterTypeName="executor://xunit/VsTestRunner2/net" className="Ocas.Domestic.Apply.Api.Services.UnitTests" name="Ocas.Domestic.Apply.Api.Services.UnitTests.Validators.Models.IntlCredentialAssessmentValidatorTests.Validator_ShouldThrow_When_IntlEvaluatorId_Empty" />
    </UnitTest>
    <UnitTest name="Ocas.Domestic.Apply.Api.Services.UnitTests.Validators.Models.ApplicantValidatorTests.Validator_ShouldFail_When_Canada_Province_Missing" storage="c:\ocasprojects\apply-api\src\apply-api\src\ocas.domestic.apply.api.services.unittests\bin\release\net461\ocas.domestic.apply.api.services.unittests.dll" id="e564b4d7-9237-5f99-0011-33a7bd04b2aa">
      <Execution id="f1540b6c-74f1-4449-8011-7ebfca4b3420" />
      <TestMethod codeBase="C:\OcasProjects\apply-api\src\apply-api\src\Ocas.Domestic.Apply.Api.Services.UnitTests\bin\Release\net461\Ocas.Domestic.Apply.Api.Services.UnitTests.dll" adapterTypeName="executor://xunit/VsTestRunner2/net" className="Ocas.Domestic.Apply.Api.Services.UnitTests" name="Ocas.Domestic.Apply.Api.Services.UnitTests.Validators.Models.ApplicantValidatorTests.Validator_ShouldFail_When_Canada_Province_Missing" />
    </UnitTest>
    <UnitTest name="Ocas.Domestic.Apply.Api.Services.UnitTests.Validators.Messages.UpdateProgramChoicesValidatorTests.UpdateProgramChoicesValidator_ShouldFail_When_ApplicationIdEmpty" storage="c:\ocasprojects\apply-api\src\apply-api\src\ocas.domestic.apply.api.services.unittests\bin\release\net461\ocas.domestic.apply.api.services.unittests.dll" id="c8316f99-25ef-3997-5a36-0c3f1bf1f71e">
      <Execution id="152a7f14-c18f-422b-b3f0-43c77b5cf9b9" />
      <TestMethod codeBase="C:\OcasProjects\apply-api\src\apply-api\src\Ocas.Domestic.Apply.Api.Services.UnitTests\bin\Release\net461\Ocas.Domestic.Apply.Api.Services.UnitTests.dll" adapterTypeName="executor://xunit/VsTestRunner2/net" className="Ocas.Domestic.Apply.Api.Services.UnitTests" name="Ocas.Domestic.Apply.Api.Services.UnitTests.Validators.Messages.UpdateProgramChoicesValidatorTests.UpdateProgramChoicesValidator_ShouldFail_When_ApplicationIdEmpty" />
    </UnitTest>
    <UnitTest name="Ocas.Domestic.Apply.Api.Services.UnitTests.Validators.Models.PayOrderInfoValidatorTests.PayOrderInfoValidator_ShouldPass" storage="c:\ocasprojects\apply-api\src\apply-api\src\ocas.domestic.apply.api.services.unittests\bin\release\net461\ocas.domestic.apply.api.services.unittests.dll" id="40e0315f-7dd9-4c8c-0076-af06b169460e">
      <Execution id="c7150df2-3975-4fd0-b08d-03d4f7606de6" />
      <TestMethod codeBase="C:\OcasProjects\apply-api\src\apply-api\src\Ocas.Domestic.Apply.Api.Services.UnitTests\bin\Release\net461\Ocas.Domestic.Apply.Api.Services.UnitTests.dll" adapterTypeName="executor://xunit/VsTestRunner2/net" className="Ocas.Domestic.Apply.Api.Services.UnitTests" name="Ocas.Domestic.Apply.Api.Services.UnitTests.Validators.Models.PayOrderInfoValidatorTests.PayOrderInfoValidator_ShouldPass" />
    </UnitTest>
    <UnitTest name="Ocas.Domestic.Apply.Api.Services.UnitTests.Handlers.UpdateApplicantHandlerTests.UpdateApplicantHandler_ShouldThrow_When_IsDuplicateEmail" storage="c:\ocasprojects\apply-api\src\apply-api\src\ocas.domestic.apply.api.services.unittests\bin\release\net461\ocas.domestic.apply.api.services.unittests.dll" id="9396797f-9f88-78a4-72dc-21de0e162b48">
      <Execution id="5a19e5b7-03c2-4621-aeb4-6cef475f101e" />
      <TestMethod codeBase="C:\OcasProjects\apply-api\src\apply-api\src\Ocas.Domestic.Apply.Api.Services.UnitTests\bin\Release\net461\Ocas.Domestic.Apply.Api.Services.UnitTests.dll" adapterTypeName="executor://xunit/VsTestRunner2/net" className="Ocas.Domestic.Apply.Api.Services.UnitTests" name="Ocas.Domestic.Apply.Api.Services.UnitTests.Handlers.UpdateApplicantHandlerTests.UpdateApplicantHandler_ShouldThrow_When_IsDuplicateEmail" />
    </UnitTest>
    <UnitTest name="Ocas.Domestic.Apply.Api.Services.UnitTests.Validators.Models.CanadianHighSchoolValidatorTests.Validator_ShouldPass_InOntario" storage="c:\ocasprojects\apply-api\src\apply-api\src\ocas.domestic.apply.api.services.unittests\bin\release\net461\ocas.domestic.apply.api.services.unittests.dll" id="2097b6af-2abd-ed00-3e15-79c398ef8489">
      <Execution id="58c78a98-7b30-4cbd-8340-92d0ec44e425" />
      <TestMethod codeBase="C:\OcasProjects\apply-api\src\apply-api\src\Ocas.Domestic.Apply.Api.Services.UnitTests\bin\Release\net461\Ocas.Domestic.Apply.Api.Services.UnitTests.dll" adapterTypeName="executor://xunit/VsTestRunner2/net" className="Ocas.Domestic.Apply.Api.Services.UnitTests" name="Ocas.Domestic.Apply.Api.Services.UnitTests.Validators.Models.CanadianHighSchoolValidatorTests.Validator_ShouldPass_InOntario" />
    </UnitTest>
    <UnitTest name="Ocas.Domestic.Apply.Api.Services.UnitTests.Validators.Models.PayOrderInfoValidatorTests.PayOrderInfoValidator_ShouldFail_WhenExpiryNaN" storage="c:\ocasprojects\apply-api\src\apply-api\src\ocas.domestic.apply.api.services.unittests\bin\release\net461\ocas.domestic.apply.api.services.unittests.dll" id="8aa38431-5f1c-8354-a489-110572481e66">
      <Execution id="8ef53f80-bbe2-4a07-bf6e-64e8304c5b36" />
      <TestMethod codeBase="C:\OcasProjects\apply-api\src\apply-api\src\Ocas.Domestic.Apply.Api.Services.UnitTests\bin\Release\net461\Ocas.Domestic.Apply.Api.Services.UnitTests.dll" adapterTypeName="executor://xunit/VsTestRunner2/net" className="Ocas.Domestic.Apply.Api.Services.UnitTests" name="Ocas.Domestic.Apply.Api.Services.UnitTests.Validators.Models.PayOrderInfoValidatorTests.PayOrderInfoValidator_ShouldFail_WhenExpiryNaN" />
    </UnitTest>
    <UnitTest name="Ocas.Domestic.Apply.Api.Services.UnitTests.Handlers.UpdateInternationalCreditAssessmentHandlerTests.UpdateInternationalCreditAssessmentHandler_ShouldPass_When_IntlCredentialAssessment_Removed" storage="c:\ocasprojects\apply-api\src\apply-api\src\ocas.domestic.apply.api.services.unittests\bin\release\net461\ocas.domestic.apply.api.services.unittests.dll" id="3534b3f5-9c29-f1b9-84aa-faa4351dd5d4">
      <Execution id="dc4b590a-3835-4ab8-8f27-7a74cb74c5b6" />
      <TestMethod codeBase="C:\OcasProjects\apply-api\src\apply-api\src\Ocas.Domestic.Apply.Api.Services.UnitTests\bin\Release\net461\Ocas.Domestic.Apply.Api.Services.UnitTests.dll" adapterTypeName="executor://xunit/VsTestRunner2/net" className="Ocas.Domestic.Apply.Api.Services.UnitTests" name="Ocas.Domestic.Apply.Api.Services.UnitTests.Handlers.UpdateInternationalCreditAssessmentHandlerTests.UpdateInternationalCreditAssessmentHandler_ShouldPass_When_IntlCredentialAssessment_Removed" />
    </UnitTest>
    <UnitTest name="Ocas.Domestic.Apply.Api.Services.UnitTests.Mappers.ApiMapperTests.MapEducation_ShouldPass_When_CollegeWithEtms" storage="c:\ocasprojects\apply-api\src\apply-api\src\ocas.domestic.apply.api.services.unittests\bin\release\net461\ocas.domestic.apply.api.services.unittests.dll" id="2eceb79f-3b63-62b3-e32b-d336f079694e">
      <Execution id="1bea1772-11c8-4914-9f7a-0888c408b48f" />
      <TestMethod codeBase="C:\OcasProjects\apply-api\src\apply-api\src\Ocas.Domestic.Apply.Api.Services.UnitTests\bin\Release\net461\Ocas.Domestic.Apply.Api.Services.UnitTests.dll" adapterTypeName="executor://xunit/VsTestRunner2/net" className="Ocas.Domestic.Apply.Api.Services.UnitTests" name="Ocas.Domestic.Apply.Api.Services.UnitTests.Mappers.ApiMapperTests.MapEducation_ShouldPass_When_CollegeWithEtms" />
    </UnitTest>
    <UnitTest name="Ocas.Domestic.Apply.Api.Services.UnitTests.Validators.Messages.GetCitiesValidatorTests.GetCitiesValidator_ShouldPass_WhenNullProvince" storage="c:\ocasprojects\apply-api\src\apply-api\src\ocas.domestic.apply.api.services.unittests\bin\release\net461\ocas.domestic.apply.api.services.unittests.dll" id="6bee5ad4-49f4-8ad0-aa6c-973bf174657b">
      <Execution id="acf6fc5a-8dd8-44ed-be94-ef3f1e9f5275" />
      <TestMethod codeBase="C:\OcasProjects\apply-api\src\apply-api\src\Ocas.Domestic.Apply.Api.Services.UnitTests\bin\Release\net461\Ocas.Domestic.Apply.Api.Services.UnitTests.dll" adapterTypeName="executor://xunit/VsTestRunner2/net" className="Ocas.Domestic.Apply.Api.Services.UnitTests" name="Ocas.Domestic.Apply.Api.Services.UnitTests.Validators.Messages.GetCitiesValidatorTests.GetCitiesValidator_ShouldPass_WhenNullProvince" />
    </UnitTest>
    <UnitTest name="Ocas.Domestic.Apply.Api.Services.UnitTests.Authorization.UserAuthorizationTests.CanAccessApplicantAsync_ShouldFail_When_ApplicantIdEmpty" storage="c:\ocasprojects\apply-api\src\apply-api\src\ocas.domestic.apply.api.services.unittests\bin\release\net461\ocas.domestic.apply.api.services.unittests.dll" id="08bb9aee-22bf-dfa3-e16a-eb72076c21ea">
      <Execution id="061103ad-ff4c-464a-a35c-d30f0173337a" />
      <TestMethod codeBase="C:\OcasProjects\apply-api\src\apply-api\src\Ocas.Domestic.Apply.Api.Services.UnitTests\bin\Release\net461\Ocas.Domestic.Apply.Api.Services.UnitTests.dll" adapterTypeName="executor://xunit/VsTestRunner2/net" className="Ocas.Domestic.Apply.Api.Services.UnitTests" name="Ocas.Domestic.Apply.Api.Services.UnitTests.Authorization.UserAuthorizationTests.CanAccessApplicantAsync_ShouldFail_When_ApplicantIdEmpty" />
    </UnitTest>
    <UnitTest name="Ocas.Domestic.Apply.Api.Services.UnitTests.Mappers.ApiMapperTests.MapEducation_ShouldPass_When_HighSchoolEmptyFee" storage="c:\ocasprojects\apply-api\src\apply-api\src\ocas.domestic.apply.api.services.unittests\bin\release\net461\ocas.domestic.apply.api.services.unittests.dll" id="72f8722c-7780-3b14-140b-0d0b30870274">
      <Execution id="321e4525-06cf-4195-a662-b57daf5a33e1" />
      <TestMethod codeBase="C:\OcasProjects\apply-api\src\apply-api\src\Ocas.Domestic.Apply.Api.Services.UnitTests\bin\Release\net461\Ocas.Domestic.Apply.Api.Services.UnitTests.dll" adapterTypeName="executor://xunit/VsTestRunner2/net" className="Ocas.Domestic.Apply.Api.Services.UnitTests" name="Ocas.Domestic.Apply.Api.Services.UnitTests.Mappers.ApiMapperTests.MapEducation_ShouldPass_When_HighSchoolEmptyFee" />
    </UnitTest>
    <UnitTest name="Ocas.Domestic.Apply.Api.Services.UnitTests.Validators.Messages.GetTranscriptRequestsValidatorTests.GetTranscriptRequestsValidator_ShouldPass_WhenApplicationId" storage="c:\ocasprojects\apply-api\src\apply-api\src\ocas.domestic.apply.api.services.unittests\bin\release\net461\ocas.domestic.apply.api.services.unittests.dll" id="728794f1-efea-20f4-5dad-ea5b2177008e">
      <Execution id="778ddbd5-f94d-441c-9cc0-e9de17aeacd9" />
      <TestMethod codeBase="C:\OcasProjects\apply-api\src\apply-api\src\Ocas.Domestic.Apply.Api.Services.UnitTests\bin\Release\net461\Ocas.Domestic.Apply.Api.Services.UnitTests.dll" adapterTypeName="executor://xunit/VsTestRunner2/net" className="Ocas.Domestic.Apply.Api.Services.UnitTests" name="Ocas.Domestic.Apply.Api.Services.UnitTests.Validators.Messages.GetTranscriptRequestsValidatorTests.GetTranscriptRequestsValidator_ShouldPass_WhenApplicationId" />
    </UnitTest>
    <UnitTest name="Ocas.Domestic.Apply.Api.Services.UnitTests.Mappers.ApiMapperTests.MapInstituteWarnings_ShouldPass_When_NoEducationIds" storage="c:\ocasprojects\apply-api\src\apply-api\src\ocas.domestic.apply.api.services.unittests\bin\release\net461\ocas.domestic.apply.api.services.unittests.dll" id="a411ac2c-5d6f-6db6-3766-cc5f77c3859c">
      <Execution id="c6b0b4b7-1f82-445d-8be6-5195031557db" />
      <TestMethod codeBase="C:\OcasProjects\apply-api\src\apply-api\src\Ocas.Domestic.Apply.Api.Services.UnitTests\bin\Release\net461\Ocas.Domestic.Apply.Api.Services.UnitTests.dll" adapterTypeName="executor://xunit/VsTestRunner2/net" className="Ocas.Domestic.Apply.Api.Services.UnitTests" name="Ocas.Domestic.Apply.Api.Services.UnitTests.Mappers.ApiMapperTests.MapInstituteWarnings_ShouldPass_When_NoEducationIds" />
    </UnitTest>
    <UnitTest name="Ocas.Domestic.Apply.Api.Services.UnitTests.Handlers.GetApplicantHandlerTests.GetApplicant_ShouldNot_Update_LastLogin_OcasUser" storage="c:\ocasprojects\apply-api\src\apply-api\src\ocas.domestic.apply.api.services.unittests\bin\release\net461\ocas.domestic.apply.api.services.unittests.dll" id="2453ff20-3294-66ad-1419-7da1c6f6b981">
      <Execution id="793a947b-8db4-4f32-a065-df65efc54c52" />
      <TestMethod codeBase="C:\OcasProjects\apply-api\src\apply-api\src\Ocas.Domestic.Apply.Api.Services.UnitTests\bin\Release\net461\Ocas.Domestic.Apply.Api.Services.UnitTests.dll" adapterTypeName="executor://xunit/VsTestRunner2/net" className="Ocas.Domestic.Apply.Api.Services.UnitTests" name="Ocas.Domestic.Apply.Api.Services.UnitTests.Handlers.GetApplicantHandlerTests.GetApplicant_ShouldNot_Update_LastLogin_OcasUser" />
    </UnitTest>
    <UnitTest name="Ocas.Domestic.Apply.Api.Services.UnitTests.Handlers.CreateTranscriptRequestHandlerTests.CreateTranscriptRequest_ShouldThrow_When_ChoicesMissing" storage="c:\ocasprojects\apply-api\src\apply-api\src\ocas.domestic.apply.api.services.unittests\bin\release\net461\ocas.domestic.apply.api.services.unittests.dll" id="77dc03a6-bade-dd9e-d629-900d2a4f26bb">
      <Execution id="4b42ca9e-e464-483f-8020-849ddc553b58" />
      <TestMethod codeBase="C:\OcasProjects\apply-api\src\apply-api\src\Ocas.Domestic.Apply.Api.Services.UnitTests\bin\Release\net461\Ocas.Domestic.Apply.Api.Services.UnitTests.dll" adapterTypeName="executor://xunit/VsTestRunner2/net" className="Ocas.Domestic.Apply.Api.Services.UnitTests" name="Ocas.Domestic.Apply.Api.Services.UnitTests.Handlers.CreateTranscriptRequestHandlerTests.CreateTranscriptRequest_ShouldThrow_When_ChoicesMissing" />
    </UnitTest>
    <UnitTest name="Ocas.Domestic.Apply.Api.Services.UnitTests.Extensions.LookupsCacheExtensionsTests.GetSourceId_ShouldPass_When_ReferralPartner_AllowedCba_And_NotAllowCbaReferralCodeAsSource" storage="c:\ocasprojects\apply-api\src\apply-api\src\ocas.domestic.apply.api.services.unittests\bin\release\net461\ocas.domestic.apply.api.services.unittests.dll" id="99fded48-c76b-268d-9e31-c28fbd6cca4d">
      <Execution id="ce75cd10-20db-4d36-807b-f52ca3a0dbef" />
      <TestMethod codeBase="C:\OcasProjects\apply-api\src\apply-api\src\Ocas.Domestic.Apply.Api.Services.UnitTests\bin\Release\net461\Ocas.Domestic.Apply.Api.Services.UnitTests.dll" adapterTypeName="executor://xunit/VsTestRunner2/net" className="Ocas.Domestic.Apply.Api.Services.UnitTests" name="Ocas.Domestic.Apply.Api.Services.UnitTests.Extensions.LookupsCacheExtensionsTests.GetSourceId_ShouldPass_When_ReferralPartner_AllowedCba_And_NotAllowCbaReferralCodeAsSource" />
    </UnitTest>
    <UnitTest name="Ocas.Domestic.Apply.Api.Services.UnitTests.Validators.Messages.UpdateEducationStatusValidatorTests.Validator_ShouldFail_WhenEnrolled_InvalidGraduationDate" storage="c:\ocasprojects\apply-api\src\apply-api\src\ocas.domestic.apply.api.services.unittests\bin\release\net461\ocas.domestic.apply.api.services.unittests.dll" id="885b39a3-f5e2-3dff-3ed8-ed53f9b0dd8b">
      <Execution id="9c3cabb7-ccc0-4dd6-8d31-fa0d6d695e33" />
      <TestMethod codeBase="C:\OcasProjects\apply-api\src\apply-api\src\Ocas.Domestic.Apply.Api.Services.UnitTests\bin\Release\net461\Ocas.Domestic.Apply.Api.Services.UnitTests.dll" adapterTypeName="executor://xunit/VsTestRunner2/net" className="Ocas.Domestic.Apply.Api.Services.UnitTests" name="Ocas.Domestic.Apply.Api.Services.UnitTests.Validators.Messages.UpdateEducationStatusValidatorTests.Validator_ShouldFail_WhenEnrolled_InvalidGraduationDate" />
    </UnitTest>
    <UnitTest name="Ocas.Domestic.Apply.Api.Services.UnitTests.Validators.Models.CanadianCollegeValidatorTests.CanadianCollegeValidator_ShouldFail_WhenMissingFields_InOntarioCollege" storage="c:\ocasprojects\apply-api\src\apply-api\src\ocas.domestic.apply.api.services.unittests\bin\release\net461\ocas.domestic.apply.api.services.unittests.dll" id="b43b4fe2-b9a8-7124-f236-03e8f6bf1846">
      <Execution id="310915f8-6319-4ef6-8bc9-a7ea3bea8dd4" />
      <TestMethod codeBase="C:\OcasProjects\apply-api\src\apply-api\src\Ocas.Domestic.Apply.Api.Services.UnitTests\bin\Release\net461\Ocas.Domestic.Apply.Api.Services.UnitTests.dll" adapterTypeName="executor://xunit/VsTestRunner2/net" className="Ocas.Domestic.Apply.Api.Services.UnitTests" name="Ocas.Domestic.Apply.Api.Services.UnitTests.Validators.Models.CanadianCollegeValidatorTests.CanadianCollegeValidator_ShouldFail_WhenMissingFields_InOntarioCollege" />
    </UnitTest>
    <UnitTest name="Ocas.Domestic.Apply.Api.Services.UnitTests.Validators.OenValidatorTests.OenValidator_Should_Fail_When_InvalidChecksum" storage="c:\ocasprojects\apply-api\src\apply-api\src\ocas.domestic.apply.api.services.unittests\bin\release\net461\ocas.domestic.apply.api.services.unittests.dll" id="a8fdcb19-b1f6-bd99-0fe5-12d9213f43c8">
      <Execution id="04f12a4a-aebb-4ae9-88fa-dede2b8919bf" />
      <TestMethod codeBase="C:\OcasProjects\apply-api\src\apply-api\src\Ocas.Domestic.Apply.Api.Services.UnitTests\bin\Release\net461\Ocas.Domestic.Apply.Api.Services.UnitTests.dll" adapterTypeName="executor://xunit/VsTestRunner2/net" className="Ocas.Domestic.Apply.Api.Services.UnitTests" name="Ocas.Domestic.Apply.Api.Services.UnitTests.Validators.OenValidatorTests.OenValidator_Should_Fail_When_InvalidChecksum" />
    </UnitTest>
    <UnitTest name="Ocas.Domestic.Apply.Api.Services.UnitTests.Mappers.ApiMapperTests.MapApplicant_ShouldPass_When_AboriginalStatusId_ShownInPortal" storage="c:\ocasprojects\apply-api\src\apply-api\src\ocas.domestic.apply.api.services.unittests\bin\release\net461\ocas.domestic.apply.api.services.unittests.dll" id="1ca09bd6-ce67-b45c-9a6f-d08b64627b02">
      <Execution id="a826f199-91c4-426f-9b99-0d83109d4a51" />
      <TestMethod codeBase="C:\OcasProjects\apply-api\src\apply-api\src\Ocas.Domestic.Apply.Api.Services.UnitTests\bin\Release\net461\Ocas.Domestic.Apply.Api.Services.UnitTests.dll" adapterTypeName="executor://xunit/VsTestRunner2/net" className="Ocas.Domestic.Apply.Api.Services.UnitTests" name="Ocas.Domestic.Apply.Api.Services.UnitTests.Mappers.ApiMapperTests.MapApplicant_ShouldPass_When_AboriginalStatusId_ShownInPortal" />
    </UnitTest>
    <UnitTest name="Ocas.Domestic.Apply.Api.Services.UnitTests.Validators.Models.ApplicantValidatorTests.Validator_ShouldFail_When_SponsorAgencyId_Invalid" storage="c:\ocasprojects\apply-api\src\apply-api\src\ocas.domestic.apply.api.services.unittests\bin\release\net461\ocas.domestic.apply.api.services.unittests.dll" id="56bf3f21-69d0-6700-a3fc-9f15858588bd">
      <Execution id="b0cc47a1-02d9-4e3d-ace8-49dad83c2bdc" />
      <TestMethod codeBase="C:\OcasProjects\apply-api\src\apply-api\src\Ocas.Domestic.Apply.Api.Services.UnitTests\bin\Release\net461\Ocas.Domestic.Apply.Api.Services.UnitTests.dll" adapterTypeName="executor://xunit/VsTestRunner2/net" className="Ocas.Domestic.Apply.Api.Services.UnitTests" name="Ocas.Domestic.Apply.Api.Services.UnitTests.Validators.Models.ApplicantValidatorTests.Validator_ShouldFail_When_SponsorAgencyId_Invalid" />
    </UnitTest>
    <UnitTest name="Ocas.Domestic.Apply.Api.Services.UnitTests.Mappers.DtoMapperTests.PatchEducation_Should_Patch_InternationalEdu" storage="c:\ocasprojects\apply-api\src\apply-api\src\ocas.domestic.apply.api.services.unittests\bin\release\net461\ocas.domestic.apply.api.services.unittests.dll" id="c5ceee00-5834-4100-28a1-bd4ea9d63de8">
      <Execution id="ddfb4d50-e14c-4996-99fd-7a74b0032ea5" />
      <TestMethod codeBase="C:\OcasProjects\apply-api\src\apply-api\src\Ocas.Domestic.Apply.Api.Services.UnitTests\bin\Release\net461\Ocas.Domestic.Apply.Api.Services.UnitTests.dll" adapterTypeName="executor://xunit/VsTestRunner2/net" className="Ocas.Domestic.Apply.Api.Services.UnitTests" name="Ocas.Domestic.Apply.Api.Services.UnitTests.Mappers.DtoMapperTests.PatchEducation_Should_Patch_InternationalEdu" />
    </UnitTest>
    <UnitTest name="Ocas.Domestic.Apply.Api.Services.UnitTests.Handlers.ClaimVoucherHandlerTests.ClaimVoucher_ShouldPass" storage="c:\ocasprojects\apply-api\src\apply-api\src\ocas.domestic.apply.api.services.unittests\bin\release\net461\ocas.domestic.apply.api.services.unittests.dll" id="593548fd-e6f7-e558-11ed-70f1daa668c6">
      <Execution id="6a9ee9d8-1a43-4f7a-8896-2294349dccd4" />
      <TestMethod codeBase="C:\OcasProjects\apply-api\src\apply-api\src\Ocas.Domestic.Apply.Api.Services.UnitTests\bin\Release\net461\Ocas.Domestic.Apply.Api.Services.UnitTests.dll" adapterTypeName="executor://xunit/VsTestRunner2/net" className="Ocas.Domestic.Apply.Api.Services.UnitTests" name="Ocas.Domestic.Apply.Api.Services.UnitTests.Handlers.ClaimVoucherHandlerTests.ClaimVoucher_ShouldPass" />
    </UnitTest>
    <UnitTest name="Ocas.Domestic.Apply.Api.Services.UnitTests.Validators.OenValidatorTests.OenValidator_Should_Fail_When_Empty" storage="c:\ocasprojects\apply-api\src\apply-api\src\ocas.domestic.apply.api.services.unittests\bin\release\net461\ocas.domestic.apply.api.services.unittests.dll" id="def69aa9-51c6-3501-74b8-a2ed6db14743">
      <Execution id="b972754c-292b-41f3-b44c-3c5fe9669cc3" />
      <TestMethod codeBase="C:\OcasProjects\apply-api\src\apply-api\src\Ocas.Domestic.Apply.Api.Services.UnitTests\bin\Release\net461\Ocas.Domestic.Apply.Api.Services.UnitTests.dll" adapterTypeName="executor://xunit/VsTestRunner2/net" className="Ocas.Domestic.Apply.Api.Services.UnitTests" name="Ocas.Domestic.Apply.Api.Services.UnitTests.Validators.OenValidatorTests.OenValidator_Should_Fail_When_Empty" />
    </UnitTest>
    <UnitTest name="Ocas.Domestic.Apply.Api.Services.UnitTests.Validators.Models.ApplicantValidatorTests.Validator_ShouldPass_When_StatusInCanada_International" storage="c:\ocasprojects\apply-api\src\apply-api\src\ocas.domestic.apply.api.services.unittests\bin\release\net461\ocas.domestic.apply.api.services.unittests.dll" id="1975c6fc-d38f-3f1e-4e85-6a1bdef428c6">
      <Execution id="ac058c22-d0f8-408f-8744-0a40c8d27d76" />
      <TestMethod codeBase="C:\OcasProjects\apply-api\src\apply-api\src\Ocas.Domestic.Apply.Api.Services.UnitTests\bin\Release\net461\Ocas.Domestic.Apply.Api.Services.UnitTests.dll" adapterTypeName="executor://xunit/VsTestRunner2/net" className="Ocas.Domestic.Apply.Api.Services.UnitTests" name="Ocas.Domestic.Apply.Api.Services.UnitTests.Validators.Models.ApplicantValidatorTests.Validator_ShouldPass_When_StatusInCanada_International" />
    </UnitTest>
  </TestDefinitions>
  <TestEntries>
    <TestEntry testId="358227ba-85c5-65ee-00b7-fd3d5a2f2ab6" executionId="d8e351d0-2910-4eb3-9954-8f5c398b140f" testListId="8c84fa94-04c1-424b-9868-57a2d4851a1d" />
    <TestEntry testId="6228aa15-4cf3-83f3-aa59-b6ddaece3f90" executionId="4e7b8afa-f956-434a-a860-ea5f9f7d81cb" testListId="8c84fa94-04c1-424b-9868-57a2d4851a1d" />
    <TestEntry testId="3a1b337b-d60e-2d1f-801b-eacdef639b65" executionId="abc42cfe-66f7-420d-8aee-cb55739716fe" testListId="8c84fa94-04c1-424b-9868-57a2d4851a1d" />
    <TestEntry testId="c7401b6f-4769-315f-ca0f-646b905473b1" executionId="bb97ec3a-44e4-42df-a3e6-b812f248fb2c" testListId="8c84fa94-04c1-424b-9868-57a2d4851a1d" />
    <TestEntry testId="3c96e077-f96f-0ab0-bb7b-e3dac7037b41" executionId="548587da-645c-4501-89cc-42e0936be4ae" testListId="8c84fa94-04c1-424b-9868-57a2d4851a1d" />
    <TestEntry testId="29ae10b8-fff9-d1f2-15bf-62c8745aaa4b" executionId="c9181bd5-aed8-4b55-a257-8b8c5a8d6084" testListId="8c84fa94-04c1-424b-9868-57a2d4851a1d" />
    <TestEntry testId="728794f1-efea-20f4-5dad-ea5b2177008e" executionId="778ddbd5-f94d-441c-9cc0-e9de17aeacd9" testListId="8c84fa94-04c1-424b-9868-57a2d4851a1d" />
    <TestEntry testId="3ce7aacd-a683-81da-26b0-f7e644cfbc09" executionId="63bda683-1b55-47c5-80a0-6ddc845280df" testListId="8c84fa94-04c1-424b-9868-57a2d4851a1d" />
    <TestEntry testId="901c656f-0d4a-1693-0da2-2e78b5766441" executionId="685f1d63-677a-4a7c-86ec-3b4078fdc421" testListId="8c84fa94-04c1-424b-9868-57a2d4851a1d" />
    <TestEntry testId="8aa38431-5f1c-8354-a489-110572481e66" executionId="8ef53f80-bbe2-4a07-bf6e-64e8304c5b36" testListId="8c84fa94-04c1-424b-9868-57a2d4851a1d" />
    <TestEntry testId="d12b49a7-ceb2-6aab-f900-a16edd174151" executionId="4da83271-1cb1-4352-90ac-399d6db0aa08" testListId="8c84fa94-04c1-424b-9868-57a2d4851a1d" />
    <TestEntry testId="bf97c879-345c-02f5-2e95-1d4edd4a35ce" executionId="d004a66b-e3bf-43da-97b9-1a49331f16ff" testListId="8c84fa94-04c1-424b-9868-57a2d4851a1d" />
    <TestEntry testId="da099cee-6637-cc1f-6a4b-307bbf19298a" executionId="626b7d56-dd74-4c20-8cfd-0705a9c68f9a" testListId="8c84fa94-04c1-424b-9868-57a2d4851a1d" />
    <TestEntry testId="977de86a-3001-6db3-36d3-f14d48a67f42" executionId="3e097aa9-d0fb-41a1-b803-a6314cdbec47" testListId="8c84fa94-04c1-424b-9868-57a2d4851a1d" />
    <TestEntry testId="0f77a602-5da5-56ce-0b73-378dd790c7ca" executionId="c9c17135-2977-4f69-a5ab-204bf0f260e0" testListId="8c84fa94-04c1-424b-9868-57a2d4851a1d" />
    <TestEntry testId="f74de4c4-c849-3f39-3152-7694210954c2" executionId="0a78aa94-0c34-4dc7-b06b-1fe387e24942" testListId="8c84fa94-04c1-424b-9868-57a2d4851a1d" />
    <TestEntry testId="d3e53466-0b9b-0056-a8ab-1c9fa0d1f250" executionId="05ef475e-9662-4562-9d0f-82e7d6613af2" testListId="8c84fa94-04c1-424b-9868-57a2d4851a1d" />
    <TestEntry testId="2d36f315-454d-daee-df3c-ef718c006783" executionId="90ed5d6b-7f55-40a9-ae3d-54307bad9f83" testListId="8c84fa94-04c1-424b-9868-57a2d4851a1d" />
    <TestEntry testId="a68e05d0-5d0a-e035-2dea-fe328ac85fe7" executionId="0fc7529f-edd8-497a-8d78-b6e8a0f4a339" testListId="8c84fa94-04c1-424b-9868-57a2d4851a1d" />
    <TestEntry testId="b0f06964-cb08-16c2-dcb1-77edb2f9ea5b" executionId="c9255018-5277-4093-9be4-71b1b208d3b1" testListId="8c84fa94-04c1-424b-9868-57a2d4851a1d" />
    <TestEntry testId="4419e1dd-b339-f8fd-33e9-9301691d152b" executionId="181dedbb-d3d0-4547-93f6-f4d1afc27d8c" testListId="8c84fa94-04c1-424b-9868-57a2d4851a1d" />
    <TestEntry testId="05a32734-4b56-8f48-9962-3f5104e77d9d" executionId="88591330-c662-481e-91b9-31d377e97baa" testListId="8c84fa94-04c1-424b-9868-57a2d4851a1d" />
    <TestEntry testId="08fd4f3e-49a6-138f-c209-2fa19de2f026" executionId="ef3051ad-a1b4-42db-82db-7f2622d191a0" testListId="8c84fa94-04c1-424b-9868-57a2d4851a1d" />
    <TestEntry testId="eb426742-d742-5f49-a8df-4878ae6685ac" executionId="40417a52-bacf-44fd-be21-8f16a7e4b8c4" testListId="8c84fa94-04c1-424b-9868-57a2d4851a1d" />
    <TestEntry testId="408be925-b9ee-caaa-e838-d322225d752e" executionId="f60ac00a-b3d4-4c04-95d9-e56cb6b47d99" testListId="8c84fa94-04c1-424b-9868-57a2d4851a1d" />
    <TestEntry testId="c67bdc03-bb2d-4221-f95c-de1c22cddf5a" executionId="a3e90e35-7a37-4d9f-90b8-17217717ebcf" testListId="8c84fa94-04c1-424b-9868-57a2d4851a1d" />
    <TestEntry testId="73ab6047-1ae6-85d7-3fe4-142930325294" executionId="467b300a-6600-4313-b498-7f7842c0450d" testListId="8c84fa94-04c1-424b-9868-57a2d4851a1d" />
    <TestEntry testId="74b217a0-9a6a-962b-e3d9-bf5aa3b20d3a" executionId="05f0c678-59e2-4656-b4fa-a0e2cdc974c5" testListId="8c84fa94-04c1-424b-9868-57a2d4851a1d" />
    <TestEntry testId="3a6db258-c254-24b7-de95-081506da4974" executionId="c2c67604-0626-4e6c-b920-6503ed319db6" testListId="8c84fa94-04c1-424b-9868-57a2d4851a1d" />
    <TestEntry testId="4e3f3ac0-66da-fddd-af53-1de66b2ef397" executionId="46271fea-dae9-4205-b38d-9a9082276090" testListId="8c84fa94-04c1-424b-9868-57a2d4851a1d" />
    <TestEntry testId="6d27b183-3342-2873-2ba3-35a3dc758f05" executionId="d9ee7d2d-ea19-4fc0-927b-f5a0bbd83728" testListId="8c84fa94-04c1-424b-9868-57a2d4851a1d" />
    <TestEntry testId="e0724787-b8a4-767f-e0c4-7978f8d56e2b" executionId="4b045cf8-8730-4143-beee-e9c9ddcd6557" testListId="8c84fa94-04c1-424b-9868-57a2d4851a1d" />
    <TestEntry testId="4d167721-94d9-e01b-778d-d6a53d731c86" executionId="397558e1-5619-4ff6-a516-48d6bc997e06" testListId="8c84fa94-04c1-424b-9868-57a2d4851a1d" />
    <TestEntry testId="e44b3482-2d9f-b225-e5e4-1063a8b7c6be" executionId="140ff3db-fa15-4c3d-aa48-60645944dbfc" testListId="8c84fa94-04c1-424b-9868-57a2d4851a1d" />
    <TestEntry testId="09a855f7-27b7-36cb-9204-e3c7ea05e519" executionId="5c069528-ff58-4e3b-8fd4-3e76dcbdbc86" testListId="8c84fa94-04c1-424b-9868-57a2d4851a1d" />
    <TestEntry testId="32f00cb9-a10f-12d3-6314-d176a45a277c" executionId="759a5039-73d7-42b5-ae5a-a2dc92e6faef" testListId="8c84fa94-04c1-424b-9868-57a2d4851a1d" />
    <TestEntry testId="866c65ab-f909-9b42-9486-28c1f56924ec" executionId="92da1c7d-f243-4342-8c23-5dc1543abab4" testListId="8c84fa94-04c1-424b-9868-57a2d4851a1d" />
    <TestEntry testId="44d9271e-bf63-61c2-5a06-f96b3e99bfbb" executionId="ea3846d0-051d-4e43-9814-e15fc1c602f7" testListId="8c84fa94-04c1-424b-9868-57a2d4851a1d" />
    <TestEntry testId="26ac09b1-b6a4-7e27-ffaa-358b6895ed86" executionId="a878adcb-5f78-4316-8a60-18024359cd84" testListId="8c84fa94-04c1-424b-9868-57a2d4851a1d" />
    <TestEntry testId="1ad78eb8-da80-de07-399c-306bf714d790" executionId="96ebb40c-af68-4fbb-9c7a-b36d1a1aaf0d" testListId="8c84fa94-04c1-424b-9868-57a2d4851a1d" />
    <TestEntry testId="08bb9aee-22bf-dfa3-e16a-eb72076c21ea" executionId="061103ad-ff4c-464a-a35c-d30f0173337a" testListId="8c84fa94-04c1-424b-9868-57a2d4851a1d" />
    <TestEntry testId="43a91129-7e7b-4a8b-7ab6-35a583afdd10" executionId="b88c6941-d659-4ffb-8103-df4cda5e25dc" testListId="8c84fa94-04c1-424b-9868-57a2d4851a1d" />
    <TestEntry testId="4ec19c98-d1d4-762a-d53f-2bac1489bf92" executionId="af49afcc-0330-4899-a828-f1f992065619" testListId="8c84fa94-04c1-424b-9868-57a2d4851a1d" />
    <TestEntry testId="9b69418f-ff9f-330d-ea9c-189ebbef905f" executionId="7510f041-6717-4ae2-9281-616fe8a8a88b" testListId="8c84fa94-04c1-424b-9868-57a2d4851a1d" />
    <TestEntry testId="c42afb23-9023-0b25-961a-281c1b38b0d8" executionId="57570beb-91e8-4feb-8d0d-a27e60e5a8e2" testListId="8c84fa94-04c1-424b-9868-57a2d4851a1d" />
    <TestEntry testId="5dfa3dfd-88ea-9cdb-419a-e3775c1fc294" executionId="33129992-0a3a-4d30-92cb-d884af75b849" testListId="8c84fa94-04c1-424b-9868-57a2d4851a1d" />
    <TestEntry testId="0b1355c3-b7c7-e8ee-9d02-60971704fc1d" executionId="a1421ae3-bc78-459c-8649-56d58f38bca5" testListId="8c84fa94-04c1-424b-9868-57a2d4851a1d" />
    <TestEntry testId="af0adc9c-ad85-b90a-0522-7c1f3fde7dee" executionId="033a829c-596d-49ba-9c0a-8bc8a6ada597" testListId="8c84fa94-04c1-424b-9868-57a2d4851a1d" />
    <TestEntry testId="28d12ca9-82f0-2e66-3b07-6abedd15b9da" executionId="f7168fdd-1a7e-47c5-8f4d-4b5bbe13b76a" testListId="8c84fa94-04c1-424b-9868-57a2d4851a1d" />
    <TestEntry testId="e53e282a-c400-0a4c-f248-7852257f23a5" executionId="f996af6f-520b-4683-82ee-318e753dad91" testListId="8c84fa94-04c1-424b-9868-57a2d4851a1d" />
    <TestEntry testId="a30e97c3-9056-cba4-7db4-bf8b2d144098" executionId="22e8c9c6-1691-4e6c-8696-53e47dcd9b5c" testListId="8c84fa94-04c1-424b-9868-57a2d4851a1d" />
    <TestEntry testId="2684d4a4-d1db-0ef4-f2cf-87ed4cecd799" executionId="3a71f270-1e5b-4e00-8f31-2c3b6bf00c33" testListId="8c84fa94-04c1-424b-9868-57a2d4851a1d" />
    <TestEntry testId="bd7e7782-00b7-8ffb-6962-9803b6c3ec7e" executionId="76207b43-a074-4f7c-89ab-558e446ca081" testListId="8c84fa94-04c1-424b-9868-57a2d4851a1d" />
    <TestEntry testId="5e5fbac6-a7b1-f3f6-f5fc-8ae1ec4676e9" executionId="d24eb60e-ebab-417b-98e1-7dede4806b2a" testListId="8c84fa94-04c1-424b-9868-57a2d4851a1d" />
    <TestEntry testId="96c14473-28dd-eaa1-3021-3b243612a1cc" executionId="023b4c33-0dde-4693-a4af-ad3ca121ac63" testListId="8c84fa94-04c1-424b-9868-57a2d4851a1d" />
    <TestEntry testId="8bff8787-f1e3-57b2-0622-e2ed3086e44a" executionId="2a5feada-33b3-4eb4-a8cd-15f04f9942c2" testListId="8c84fa94-04c1-424b-9868-57a2d4851a1d" />
    <TestEntry testId="4eebf93a-5557-6354-aad0-e4eee8b98e28" executionId="436596ea-ccca-4e5b-8630-572af32cd207" testListId="8c84fa94-04c1-424b-9868-57a2d4851a1d" />
    <TestEntry testId="efc7e287-d3b0-1786-d35e-9da7098e7c94" executionId="83e42070-c29c-41f9-9bae-07b616499088" testListId="8c84fa94-04c1-424b-9868-57a2d4851a1d" />
    <TestEntry testId="c041ed90-e01c-f6fd-01d3-44ed101d5ea6" executionId="a1f173e4-20f3-41cc-bb6c-95db57b8c24c" testListId="8c84fa94-04c1-424b-9868-57a2d4851a1d" />
    <TestEntry testId="bb0c6d81-416b-9e54-b3fb-c462ba778467" executionId="6b10ebd5-2d19-404b-b733-08db7ffdc971" testListId="8c84fa94-04c1-424b-9868-57a2d4851a1d" />
    <TestEntry testId="fd57c0b1-fb69-f259-a706-7cced98561b6" executionId="ab052d03-36a3-4770-ae4a-00e90afc9a21" testListId="8c84fa94-04c1-424b-9868-57a2d4851a1d" />
    <TestEntry testId="0b860545-0b5a-7420-8dd7-6175497585ec" executionId="c39972f7-048b-466d-a2b7-617169124840" testListId="8c84fa94-04c1-424b-9868-57a2d4851a1d" />
    <TestEntry testId="f8439cbf-75a6-772f-932e-ff4189d2c5c2" executionId="8751566b-14cd-4870-8660-8b28d880f425" testListId="8c84fa94-04c1-424b-9868-57a2d4851a1d" />
    <TestEntry testId="ecb53429-349d-9c63-7a99-2605158d5291" executionId="0075ebd4-f620-4785-bc99-9886c4f459d6" testListId="8c84fa94-04c1-424b-9868-57a2d4851a1d" />
    <TestEntry testId="9126a09c-75b8-da26-d6df-f63fe9f17934" executionId="6f0eff28-3c1a-4aba-ab27-7184149dfeea" testListId="8c84fa94-04c1-424b-9868-57a2d4851a1d" />
    <TestEntry testId="def69aa9-51c6-3501-74b8-a2ed6db14743" executionId="b972754c-292b-41f3-b44c-3c5fe9669cc3" testListId="8c84fa94-04c1-424b-9868-57a2d4851a1d" />
    <TestEntry testId="13110422-f8e8-48da-cea2-a363e0c5e393" executionId="f1e923d2-497a-43a4-91f1-cc8a3f0cd880" testListId="8c84fa94-04c1-424b-9868-57a2d4851a1d" />
    <TestEntry testId="a58307bd-cf89-25ed-7343-cd0053bd8edd" executionId="5d5dcfdf-5640-42c1-a690-198649136143" testListId="8c84fa94-04c1-424b-9868-57a2d4851a1d" />
    <TestEntry testId="9be8cd01-31b4-b857-eaaa-2f2734211524" executionId="eb059536-5299-47fe-b65d-ea64336f035b" testListId="8c84fa94-04c1-424b-9868-57a2d4851a1d" />
    <TestEntry testId="4097aae1-879f-ad00-0262-148a101316f6" executionId="1f112308-64aa-424d-b894-922bae43bb61" testListId="8c84fa94-04c1-424b-9868-57a2d4851a1d" />
    <TestEntry testId="e115b9c2-9070-a516-0416-e40fbb6af5be" executionId="74023eda-f4f2-4c43-8bfd-fe5241199638" testListId="8c84fa94-04c1-424b-9868-57a2d4851a1d" />
    <TestEntry testId="0d0e9945-6d27-fc96-b21a-ecf38c751b88" executionId="a7ce4763-4b19-45ca-82a3-b5548ad44dd0" testListId="8c84fa94-04c1-424b-9868-57a2d4851a1d" />
    <TestEntry testId="caf75f59-0cde-fa2c-abdb-c6749c5d700a" executionId="b0fb209a-58b9-4819-95c5-5403f871846f" testListId="8c84fa94-04c1-424b-9868-57a2d4851a1d" />
    <TestEntry testId="51ff8f86-cc3f-c585-09cb-e0cf00e2fa8c" executionId="dd7dde95-ff05-49e9-b5d7-555b395bcc5b" testListId="8c84fa94-04c1-424b-9868-57a2d4851a1d" />
    <TestEntry testId="0e4d3f08-b555-1b86-11a7-50e4fb3aaaac" executionId="94fd805d-5033-4593-9d64-2d3b408d4d75" testListId="8c84fa94-04c1-424b-9868-57a2d4851a1d" />
    <TestEntry testId="42df1bd9-dc2b-fd38-7f17-39e7aba8b13f" executionId="b7ba6f9d-19f6-4819-a1a3-e43bcc3a48cb" testListId="8c84fa94-04c1-424b-9868-57a2d4851a1d" />
    <TestEntry testId="952739b1-2fe6-ed72-abec-618dc6fb6e17" executionId="2a1fa528-296f-4833-aab5-fd0989b3ccf0" testListId="8c84fa94-04c1-424b-9868-57a2d4851a1d" />
    <TestEntry testId="d56f3303-ae36-09d5-bdc1-6357e341ae6a" executionId="4ec4f349-e96f-41f7-91f8-9d1c1ab3437a" testListId="8c84fa94-04c1-424b-9868-57a2d4851a1d" />
    <TestEntry testId="9ba14096-4049-fb4c-9e6a-42a86aaff897" executionId="f3ff63a2-5416-4be2-9d04-af5233c05c0c" testListId="8c84fa94-04c1-424b-9868-57a2d4851a1d" />
    <TestEntry testId="a8fdcb19-b1f6-bd99-0fe5-12d9213f43c8" executionId="04f12a4a-aebb-4ae9-88fa-dede2b8919bf" testListId="8c84fa94-04c1-424b-9868-57a2d4851a1d" />
    <TestEntry testId="a0da7c95-e88d-b423-3fa9-43c3e3f72055" executionId="2e04b587-1ca8-458a-93cc-7bf11abbfe49" testListId="8c84fa94-04c1-424b-9868-57a2d4851a1d" />
    <TestEntry testId="57270b82-1f75-e568-e0ee-16607e2ff79c" executionId="7db8c586-03bd-463e-9a86-9cfdbf50c7f8" testListId="8c84fa94-04c1-424b-9868-57a2d4851a1d" />
    <TestEntry testId="fdeeabc6-444e-6ce5-acaf-df5876acdf77" executionId="7d391660-9e2e-49d9-908e-08017f849483" testListId="8c84fa94-04c1-424b-9868-57a2d4851a1d" />
    <TestEntry testId="ef0a7342-5986-b52f-faf0-461c503b1e20" executionId="ac706c06-fb70-4c04-82ac-943bb2caa9c7" testListId="8c84fa94-04c1-424b-9868-57a2d4851a1d" />
    <TestEntry testId="c8316f99-25ef-3997-5a36-0c3f1bf1f71e" executionId="152a7f14-c18f-422b-b3f0-43c77b5cf9b9" testListId="8c84fa94-04c1-424b-9868-57a2d4851a1d" />
    <TestEntry testId="02af9d40-f36e-af48-1589-573d249b8892" executionId="1103fab6-b9f6-45ad-a555-718f4aa0986b" testListId="8c84fa94-04c1-424b-9868-57a2d4851a1d" />
    <TestEntry testId="2946b4b0-480f-74c5-808b-62cd414e991d" executionId="02477f0a-fd07-4482-97b6-7414cdb58047" testListId="8c84fa94-04c1-424b-9868-57a2d4851a1d" />
    <TestEntry testId="d5df2a84-8cef-8ac0-d1fa-92b9d126c2ca" executionId="541b7049-308e-469e-9789-e1771c00ae45" testListId="8c84fa94-04c1-424b-9868-57a2d4851a1d" />
    <TestEntry testId="cfaf0e2d-90c5-2ca4-5b0b-1a3c5987bf3c" executionId="8b4206e9-7b97-4b54-b062-5f591dcc5e32" testListId="8c84fa94-04c1-424b-9868-57a2d4851a1d" />
    <TestEntry testId="7ed27f01-c56a-c6ba-1d3a-3137b17eba83" executionId="b65ecb39-8611-4d60-8a84-d16f1311b000" testListId="8c84fa94-04c1-424b-9868-57a2d4851a1d" />
    <TestEntry testId="5b2a0682-0d7a-eb99-8cfe-b0cac2434473" executionId="00b1ad2f-f477-4d49-8ef8-a3e9543a833b" testListId="8c84fa94-04c1-424b-9868-57a2d4851a1d" />
    <TestEntry testId="770b15a4-e4d0-bf58-71b3-caeba3b4b0a8" executionId="1b896bfc-d98e-44e4-85f1-8c40725bc355" testListId="8c84fa94-04c1-424b-9868-57a2d4851a1d" />
    <TestEntry testId="eb095953-9046-a91f-8920-ab72dcc79cb2" executionId="d1706f3d-04e4-4559-9033-e4c3829c869d" testListId="8c84fa94-04c1-424b-9868-57a2d4851a1d" />
    <TestEntry testId="9c946757-53f1-a137-194d-8beafa8df5a0" executionId="72063c0f-9ae3-43bc-8c67-b0210ecdd741" testListId="8c84fa94-04c1-424b-9868-57a2d4851a1d" />
    <TestEntry testId="7e3612ed-a062-be4f-5d2b-4590a254a22c" executionId="afa969c4-6d9c-4eda-8e2d-aae7da8756c8" testListId="8c84fa94-04c1-424b-9868-57a2d4851a1d" />
    <TestEntry testId="ab4c2e9d-3af2-f4d3-0c39-df2b4a76e60d" executionId="6c5aa437-16e5-408d-8e44-2b5ed62647dc" testListId="8c84fa94-04c1-424b-9868-57a2d4851a1d" />
    <TestEntry testId="0f504120-6971-2225-937a-525678f12149" executionId="4b95e319-c822-4647-b482-9021184fb748" testListId="8c84fa94-04c1-424b-9868-57a2d4851a1d" />
    <TestEntry testId="75f735cf-ce54-fa30-5d12-e1ed3287151c" executionId="1f27e8be-33da-49b8-8fc1-bd63304af961" testListId="8c84fa94-04c1-424b-9868-57a2d4851a1d" />
    <TestEntry testId="8d0dfbe4-b792-9542-5e6b-3b4db3df76c7" executionId="466401e2-5532-40a4-a9a7-b4264815e24e" testListId="8c84fa94-04c1-424b-9868-57a2d4851a1d" />
    <TestEntry testId="6695056b-8409-0e65-b607-9a5e39fc9ee3" executionId="fe19af4e-f7d7-42d9-97e9-bf6311ab2d58" testListId="8c84fa94-04c1-424b-9868-57a2d4851a1d" />
    <TestEntry testId="0e8a531c-8e83-c3ba-5bc0-547d6c8747c8" executionId="73c5f221-89c4-48bd-96e9-8b6c6e0f610f" testListId="8c84fa94-04c1-424b-9868-57a2d4851a1d" />
    <TestEntry testId="3534b3f5-9c29-f1b9-84aa-faa4351dd5d4" executionId="dc4b590a-3835-4ab8-8f27-7a74cb74c5b6" testListId="8c84fa94-04c1-424b-9868-57a2d4851a1d" />
    <TestEntry testId="92680ef5-aece-24fc-353f-e651e8feae8e" executionId="ed6431ed-99c0-456a-be64-ddb288c0e917" testListId="8c84fa94-04c1-424b-9868-57a2d4851a1d" />
    <TestEntry testId="34ff584d-c1bf-91b9-b1e7-d1d0ad2246ad" executionId="630db105-2b5f-4854-8d03-e2e387edea90" testListId="8c84fa94-04c1-424b-9868-57a2d4851a1d" />
    <TestEntry testId="8d07df3f-53b4-812e-2207-7abf3d7b1cd0" executionId="fb0bf98d-0f67-4dde-8201-252afcfd72fb" testListId="8c84fa94-04c1-424b-9868-57a2d4851a1d" />
    <TestEntry testId="ca5cccde-320a-8c3f-5aa6-73179f158159" executionId="3687f400-302a-4495-8f8d-8310dc2cf0c7" testListId="8c84fa94-04c1-424b-9868-57a2d4851a1d" />
    <TestEntry testId="f8dc361c-37e3-fba5-7372-c12e646443fc" executionId="6ff1eeaa-3e68-4939-8cd5-b89f72f838d4" testListId="8c84fa94-04c1-424b-9868-57a2d4851a1d" />
    <TestEntry testId="40e0315f-7dd9-4c8c-0076-af06b169460e" executionId="c7150df2-3975-4fd0-b08d-03d4f7606de6" testListId="8c84fa94-04c1-424b-9868-57a2d4851a1d" />
    <TestEntry testId="c1ab5aed-bddf-d205-5c10-4654f3b6f0c1" executionId="907da75b-aa17-4cec-82b2-cb4dc9cc6969" testListId="8c84fa94-04c1-424b-9868-57a2d4851a1d" />
    <TestEntry testId="a9196659-1534-d803-9deb-e2ec54b68d2e" executionId="363a9dcd-92e9-4d9c-8aa8-9413e8196ca4" testListId="8c84fa94-04c1-424b-9868-57a2d4851a1d" />
    <TestEntry testId="dcbc3183-3c97-ffa1-a625-fce92a6156a4" executionId="63e4b562-ba01-4ed2-ae38-4b81647b2d3e" testListId="8c84fa94-04c1-424b-9868-57a2d4851a1d" />
    <TestEntry testId="c55c481a-75e0-dc28-ba3d-412a71c5cc72" executionId="c7ae51cd-f895-4244-bd4c-9b49558ce843" testListId="8c84fa94-04c1-424b-9868-57a2d4851a1d" />
    <TestEntry testId="3278ff07-1be9-93f5-d32a-d4520ebb5c4f" executionId="dc2e5912-27d6-475d-bf79-4c0a8a9d798c" testListId="8c84fa94-04c1-424b-9868-57a2d4851a1d" />
    <TestEntry testId="1ca09bd6-ce67-b45c-9a6f-d08b64627b02" executionId="a826f199-91c4-426f-9b99-0d83109d4a51" testListId="8c84fa94-04c1-424b-9868-57a2d4851a1d" />
    <TestEntry testId="ec669260-0633-5873-1b6d-4c80d879ccbc" executionId="20c8e3e7-ccdc-46e0-abc1-102ee5da763e" testListId="8c84fa94-04c1-424b-9868-57a2d4851a1d" />
    <TestEntry testId="5f28757e-bdfb-c78d-e642-d41728143084" executionId="a65168bb-2d75-43f7-8aa3-7bddc497e6a6" testListId="8c84fa94-04c1-424b-9868-57a2d4851a1d" />
    <TestEntry testId="b4db4e5e-fe06-d381-57ee-0c3501d27586" executionId="c8b32bf1-1ae0-49f1-b8ad-632fa6dda12b" testListId="8c84fa94-04c1-424b-9868-57a2d4851a1d" />
    <TestEntry testId="b634ad24-ca64-d924-9e4d-2d097063324f" executionId="b5e3d133-1f15-4521-b477-8e61f3c08e88" testListId="8c84fa94-04c1-424b-9868-57a2d4851a1d" />
    <TestEntry testId="ff7c7b29-46ba-54ef-65e1-2f4529d8a781" executionId="72d11474-c38a-4d52-81bc-2de8dc6439d1" testListId="8c84fa94-04c1-424b-9868-57a2d4851a1d" />
    <TestEntry testId="4b241c52-6deb-d923-ee2c-65f4271b308a" executionId="f6d52a31-55ec-48b9-9c22-19b509db23d8" testListId="8c84fa94-04c1-424b-9868-57a2d4851a1d" />
    <TestEntry testId="c7c5f14b-a754-b266-d4f4-751978c72a20" executionId="17102e70-61dd-4d88-adb6-f5cb559ea530" testListId="8c84fa94-04c1-424b-9868-57a2d4851a1d" />
    <TestEntry testId="3adfe7fe-a36a-3bb6-14bd-ea3d1cf75131" executionId="117a0a5f-355b-4d37-bbe0-4a3cb5e5bc6e" testListId="8c84fa94-04c1-424b-9868-57a2d4851a1d" />
    <TestEntry testId="1975c6fc-d38f-3f1e-4e85-6a1bdef428c6" executionId="ac058c22-d0f8-408f-8744-0a40c8d27d76" testListId="8c84fa94-04c1-424b-9868-57a2d4851a1d" />
    <TestEntry testId="dcf4a579-26d8-d44c-5c47-8b870e406faa" executionId="aff2baf4-899e-48e3-9775-d783ec6c7dc8" testListId="8c84fa94-04c1-424b-9868-57a2d4851a1d" />
    <TestEntry testId="4f8719dc-834b-fd92-4692-bdf21846e8ca" executionId="146b40eb-b891-4d58-82ad-436636b4fc73" testListId="8c84fa94-04c1-424b-9868-57a2d4851a1d" />
    <TestEntry testId="bda7e2c9-47de-e196-e998-dd25614dfe24" executionId="02ee81bf-5697-4140-accd-cd48960d01d3" testListId="8c84fa94-04c1-424b-9868-57a2d4851a1d" />
    <TestEntry testId="42230366-68b1-f6a7-2718-3e380f01c84f" executionId="28698e5e-52ab-4f1c-b2c1-5f1282f64204" testListId="8c84fa94-04c1-424b-9868-57a2d4851a1d" />
    <TestEntry testId="c5f2bdf7-897a-c3ac-3a55-6a2364153174" executionId="b6c0795b-4886-4afb-a652-83aab58c55bc" testListId="8c84fa94-04c1-424b-9868-57a2d4851a1d" />
    <TestEntry testId="14615820-61e2-1d28-6b38-1197a84df05f" executionId="568371ae-85ed-4f08-ba92-d1a3763f58cb" testListId="8c84fa94-04c1-424b-9868-57a2d4851a1d" />
    <TestEntry testId="4cf722e0-758b-8048-473f-65e7c85969d4" executionId="9ef61f25-0b3f-4a18-b4a7-9738fb6f4068" testListId="8c84fa94-04c1-424b-9868-57a2d4851a1d" />
    <TestEntry testId="54a0ca4e-70bc-af79-006e-83861d8f2e12" executionId="77d8cf67-64ac-4584-9820-2a0d7218b5c7" testListId="8c84fa94-04c1-424b-9868-57a2d4851a1d" />
    <TestEntry testId="c3256784-1dc1-b846-e413-ce629ef2b649" executionId="59edbaea-4f39-4723-9f1b-8e54d33ded7a" testListId="8c84fa94-04c1-424b-9868-57a2d4851a1d" />
    <TestEntry testId="e41b312d-6fd8-06a7-d4d2-0e1dba457021" executionId="6fbeceb9-b950-4185-9429-fd8657878129" testListId="8c84fa94-04c1-424b-9868-57a2d4851a1d" />
    <TestEntry testId="04f68393-97b8-947f-c447-b618f71feef1" executionId="a20d0db5-772a-462e-9299-25218098d5ac" testListId="8c84fa94-04c1-424b-9868-57a2d4851a1d" />
    <TestEntry testId="48a95b46-a6c6-f225-831d-5f1fd19ec703" executionId="675a6f71-de86-4316-a6b0-b74903b6e838" testListId="8c84fa94-04c1-424b-9868-57a2d4851a1d" />
    <TestEntry testId="01564961-beb6-395b-3d84-eda52e81fb48" executionId="3d882bc3-8075-4f4a-8a94-0ddcd27ce286" testListId="8c84fa94-04c1-424b-9868-57a2d4851a1d" />
    <TestEntry testId="56fb37ea-1812-1704-d2f9-64025eb8d891" executionId="c45f21bf-53b6-44a4-bc5e-663e969a6dcf" testListId="8c84fa94-04c1-424b-9868-57a2d4851a1d" />
    <TestEntry testId="18fd0d8a-c998-a579-f0e4-bca24dc32b97" executionId="2bf2d04a-3915-48c0-9df8-b35d091f180a" testListId="8c84fa94-04c1-424b-9868-57a2d4851a1d" />
    <TestEntry testId="012dfa9a-7482-943e-8fc4-f870b1142f94" executionId="9ca79df6-29d8-444c-ba4d-f8657c1db2d8" testListId="8c84fa94-04c1-424b-9868-57a2d4851a1d" />
    <TestEntry testId="4e6cfe37-ec13-66ca-f2aa-a0de2e247f81" executionId="9a61bd9a-30f3-4f3d-9575-256dbfad32ee" testListId="8c84fa94-04c1-424b-9868-57a2d4851a1d" />
    <TestEntry testId="b43b4fe2-b9a8-7124-f236-03e8f6bf1846" executionId="310915f8-6319-4ef6-8bc9-a7ea3bea8dd4" testListId="8c84fa94-04c1-424b-9868-57a2d4851a1d" />
    <TestEntry testId="c8a4513e-3e03-2bcf-ee19-af79dfac1407" executionId="755e894d-a745-462f-a709-bcf8bcd1a718" testListId="8c84fa94-04c1-424b-9868-57a2d4851a1d" />
    <TestEntry testId="453349cb-7974-0c33-5aa0-7415a14e021c" executionId="6bdf185d-e762-40ed-83ba-a27bb8161ae0" testListId="8c84fa94-04c1-424b-9868-57a2d4851a1d" />
    <TestEntry testId="31a2eb24-7f90-2904-f67e-e851e057e5d3" executionId="733da393-6589-437b-a85b-d679d4635322" testListId="8c84fa94-04c1-424b-9868-57a2d4851a1d" />
    <TestEntry testId="e3a69c14-e4b3-d98e-0dca-4fc73c9df075" executionId="2258bc3a-588b-4cac-b00f-7f0c4766703d" testListId="8c84fa94-04c1-424b-9868-57a2d4851a1d" />
    <TestEntry testId="f63f40fb-7d40-eeba-6da6-e1ddbd9bd6eb" executionId="0701ee22-0839-43c2-a688-fec6cc2cd0bd" testListId="8c84fa94-04c1-424b-9868-57a2d4851a1d" />
    <TestEntry testId="609ef518-2134-7433-4579-fe3b4ec6d786" executionId="31de4789-8a81-4eae-bb22-5789be3fa846" testListId="8c84fa94-04c1-424b-9868-57a2d4851a1d" />
    <TestEntry testId="f3b72a1e-1202-7d67-41b8-92ae46caac51" executionId="cffaeaf9-7428-4734-9c39-15d816dae41e" testListId="8c84fa94-04c1-424b-9868-57a2d4851a1d" />
    <TestEntry testId="681a8b18-4350-04de-9c97-de05466ebfa9" executionId="3e388ea7-3eb6-4ae3-bc55-0427e094e383" testListId="8c84fa94-04c1-424b-9868-57a2d4851a1d" />
    <TestEntry testId="593548fd-e6f7-e558-11ed-70f1daa668c6" executionId="6a9ee9d8-1a43-4f7a-8896-2294349dccd4" testListId="8c84fa94-04c1-424b-9868-57a2d4851a1d" />
    <TestEntry testId="cf12a913-2c1d-c6d9-d151-92354120f30f" executionId="fed9ad6f-e0be-4ed8-a37e-0a19777b2267" testListId="8c84fa94-04c1-424b-9868-57a2d4851a1d" />
    <TestEntry testId="a9f9e3ca-8383-1e8b-5b78-04dfd9c4a878" executionId="a7b9dfee-bcfa-45f6-b54d-1b4c3d7083b6" testListId="8c84fa94-04c1-424b-9868-57a2d4851a1d" />
    <TestEntry testId="ead97fb4-5220-2f31-3464-7b9bf5735310" executionId="7f88e55b-e8cf-447c-8609-5c502919de50" testListId="8c84fa94-04c1-424b-9868-57a2d4851a1d" />
    <TestEntry testId="3fb3dcf1-2d4f-a20d-4029-2867bec71032" executionId="2961eb31-8da3-4489-91c7-54d786d32c93" testListId="8c84fa94-04c1-424b-9868-57a2d4851a1d" />
    <TestEntry testId="92c3f1c2-fe67-60c2-d8e3-06cfe202c141" executionId="6d65237c-10fe-48f3-8640-f273f1a18b67" testListId="8c84fa94-04c1-424b-9868-57a2d4851a1d" />
    <TestEntry testId="b23f2f29-618e-bd9c-59bd-5e39b42e98e8" executionId="67688477-592f-4d07-8bbe-74730dce0aa4" testListId="8c84fa94-04c1-424b-9868-57a2d4851a1d" />
    <TestEntry testId="d727dde0-fbd8-0606-6e2e-98d3b39fab22" executionId="45057896-85ca-41a6-979a-4e20d17d2563" testListId="8c84fa94-04c1-424b-9868-57a2d4851a1d" />
    <TestEntry testId="d8efd106-1267-b68b-0b2c-d2960c60b3f8" executionId="4b3c17dd-48d3-4614-92cb-8eb031572150" testListId="8c84fa94-04c1-424b-9868-57a2d4851a1d" />
    <TestEntry testId="d292c428-37d8-bf18-ef4b-4f2b67f29ce9" executionId="5800511d-b98e-4ab1-8e41-f1783be5b19e" testListId="8c84fa94-04c1-424b-9868-57a2d4851a1d" />
    <TestEntry testId="961b1589-0e32-37cf-b0de-98595f24b9eb" executionId="59ac269b-e464-4853-afb6-8256809487a4" testListId="8c84fa94-04c1-424b-9868-57a2d4851a1d" />
    <TestEntry testId="d67a649d-bf19-3adb-8007-4169afb14d6c" executionId="775e733d-b855-4a31-b47a-a1c37abd62b6" testListId="8c84fa94-04c1-424b-9868-57a2d4851a1d" />
    <TestEntry testId="52abfd50-f3f0-a680-8918-16664b33ada4" executionId="aff5aac7-ac4e-4f25-8e70-b2e8b4bd5527" testListId="8c84fa94-04c1-424b-9868-57a2d4851a1d" />
    <TestEntry testId="7e2f27b5-6a26-b52b-950b-67c356ff01df" executionId="5f1b75ed-9205-4a75-a729-69d39645d484" testListId="8c84fa94-04c1-424b-9868-57a2d4851a1d" />
    <TestEntry testId="12a53f86-0ef8-5bd1-22dc-1aed5538bd70" executionId="57b83570-5660-4cfe-9027-d8e1f066a566" testListId="8c84fa94-04c1-424b-9868-57a2d4851a1d" />
    <TestEntry testId="51e96206-ca7d-74d6-2ab9-a15e015157b8" executionId="bdf5fbb8-7111-4eae-955a-1f836aabe346" testListId="8c84fa94-04c1-424b-9868-57a2d4851a1d" />
    <TestEntry testId="63383eed-27e8-4e72-c9b4-d428ef84f928" executionId="95b90bab-4ee3-47fe-b8e1-576aaf84976f" testListId="8c84fa94-04c1-424b-9868-57a2d4851a1d" />
    <TestEntry testId="054e836f-6fc2-343c-f44c-07d4aa95a161" executionId="e26ba4f5-bc81-4577-863c-577482d4ff56" testListId="8c84fa94-04c1-424b-9868-57a2d4851a1d" />
    <TestEntry testId="bf0dd09d-1edb-7ed2-6a73-ee2539d47a7b" executionId="c9cc310c-91b4-4984-935d-e1d77d8e2f06" testListId="8c84fa94-04c1-424b-9868-57a2d4851a1d" />
    <TestEntry testId="e9f5d522-1931-c414-434a-0a06f6f48f9c" executionId="0c3295b2-5416-4c54-8b2a-bf767c39a943" testListId="8c84fa94-04c1-424b-9868-57a2d4851a1d" />
    <TestEntry testId="c7e53443-a17e-78d4-8ad1-c1f448f5407e" executionId="13554669-f8d1-4aef-a7d5-e315516fa567" testListId="8c84fa94-04c1-424b-9868-57a2d4851a1d" />
    <TestEntry testId="e54fe2d6-e6d3-a6bd-95fd-fc9b32521888" executionId="a9f656c4-6965-41bd-b0d3-5cc8b5ac7245" testListId="8c84fa94-04c1-424b-9868-57a2d4851a1d" />
    <TestEntry testId="ab6d4393-1468-3ee1-73e9-a85a2a153632" executionId="85c8209b-d708-4a2e-bd97-7494e2f94e04" testListId="8c84fa94-04c1-424b-9868-57a2d4851a1d" />
    <TestEntry testId="557b130d-3ffe-5936-ae89-3b1497bbfd5f" executionId="b4886fa5-ac4a-4326-994e-129ff0fadf77" testListId="8c84fa94-04c1-424b-9868-57a2d4851a1d" />
    <TestEntry testId="e564b4d7-9237-5f99-0011-33a7bd04b2aa" executionId="f1540b6c-74f1-4449-8011-7ebfca4b3420" testListId="8c84fa94-04c1-424b-9868-57a2d4851a1d" />
    <TestEntry testId="4cff65f1-4efc-c777-f263-ca52f3ef770e" executionId="405b03a3-4b94-4682-aa9e-ed05d4140583" testListId="8c84fa94-04c1-424b-9868-57a2d4851a1d" />
    <TestEntry testId="8a5f4207-4780-179a-4cba-249a56fcab67" executionId="1b0bb3b6-ec3f-43c6-8be5-2564fee4c3d9" testListId="8c84fa94-04c1-424b-9868-57a2d4851a1d" />
    <TestEntry testId="e2bf2c29-811a-c45c-908d-c0755feb27e4" executionId="4bd8f23c-ff44-4b1b-96bd-f90fee58d5ce" testListId="8c84fa94-04c1-424b-9868-57a2d4851a1d" />
    <TestEntry testId="ed7ad9d9-e75a-95a5-5bc8-3885c5b71a22" executionId="268d2800-d561-4ec6-a785-56a5ec03d368" testListId="8c84fa94-04c1-424b-9868-57a2d4851a1d" />
    <TestEntry testId="11e63c9c-70c6-bd7c-aac2-48389a635bd9" executionId="6f49fb77-1fd0-4665-ac16-3b8c0f4bbe14" testListId="8c84fa94-04c1-424b-9868-57a2d4851a1d" />
    <TestEntry testId="7a7768bd-9ba3-3f59-b2e9-f35e786af8f3" executionId="7992e67e-9fc6-4034-abe9-0e04a535c82f" testListId="8c84fa94-04c1-424b-9868-57a2d4851a1d" />
    <TestEntry testId="ccb1137e-6132-6ce3-4dfc-83bfe0c357e4" executionId="80ba3029-ec9c-41f8-a3b9-9d911038efbd" testListId="8c84fa94-04c1-424b-9868-57a2d4851a1d" />
    <TestEntry testId="c5ceee00-5834-4100-28a1-bd4ea9d63de8" executionId="ddfb4d50-e14c-4996-99fd-7a74b0032ea5" testListId="8c84fa94-04c1-424b-9868-57a2d4851a1d" />
    <TestEntry testId="abc25e64-7fed-bcec-988f-a323a13ace46" executionId="de95bd4a-ea55-458f-8bf7-5883f25205a5" testListId="8c84fa94-04c1-424b-9868-57a2d4851a1d" />
    <TestEntry testId="3a7c60ae-7556-d221-0113-0f2d848a344f" executionId="1352df63-2f2d-4dd3-b517-1c3468da766e" testListId="8c84fa94-04c1-424b-9868-57a2d4851a1d" />
    <TestEntry testId="469131fc-0f5b-b8a8-5ae5-f44569d9bd84" executionId="cabc96b8-ba5f-49da-b94e-61050758e48a" testListId="8c84fa94-04c1-424b-9868-57a2d4851a1d" />
    <TestEntry testId="6f9fe0cb-4c32-3d27-d5f2-bef84955921d" executionId="f11db9e5-929b-4922-8145-910b4ef5f297" testListId="8c84fa94-04c1-424b-9868-57a2d4851a1d" />
    <TestEntry testId="d96d3067-1af6-9d07-883d-a4ea3250abb6" executionId="7aed2dcb-3835-4592-8a8b-f86298e58b54" testListId="8c84fa94-04c1-424b-9868-57a2d4851a1d" />
    <TestEntry testId="d3d56c63-57c5-dedf-b53b-19a285839156" executionId="7b23e9fa-b898-436e-8c7b-a5bf9063d16e" testListId="8c84fa94-04c1-424b-9868-57a2d4851a1d" />
    <TestEntry testId="3a6d3e34-0327-45d8-b70f-e233bb208bc2" executionId="14737068-29d4-4a87-9b66-3ab2707b20fe" testListId="8c84fa94-04c1-424b-9868-57a2d4851a1d" />
    <TestEntry testId="1bb63996-4c85-cbaf-32a1-88ea3b5e3235" executionId="4edcf056-2077-46d2-af7e-736ec411feea" testListId="8c84fa94-04c1-424b-9868-57a2d4851a1d" />
    <TestEntry testId="d95d823b-88bf-773c-01b8-265c84d5ee9e" executionId="efc5a90c-8923-4767-b750-95bad16d26e0" testListId="8c84fa94-04c1-424b-9868-57a2d4851a1d" />
    <TestEntry testId="082ac76e-ec4d-2c42-d5db-638befe213ae" executionId="9137442e-37e7-4add-b8cf-f8508d6e4fed" testListId="8c84fa94-04c1-424b-9868-57a2d4851a1d" />
    <TestEntry testId="2453ff20-3294-66ad-1419-7da1c6f6b981" executionId="793a947b-8db4-4f32-a065-df65efc54c52" testListId="8c84fa94-04c1-424b-9868-57a2d4851a1d" />
    <TestEntry testId="97cfaad4-2b0a-93fe-00ee-f7e43f2402a4" executionId="58802e7a-fff0-4c46-99f0-0bc513807375" testListId="8c84fa94-04c1-424b-9868-57a2d4851a1d" />
    <TestEntry testId="299a35ef-094a-53e6-94e2-49d2a21c498f" executionId="a5bd46bd-2ec1-4b0e-be08-66a10d47e490" testListId="8c84fa94-04c1-424b-9868-57a2d4851a1d" />
    <TestEntry testId="56aa836f-af0b-8456-7220-ec87c99fcca0" executionId="374d5573-e2f8-4417-bf9f-faafda5a75be" testListId="8c84fa94-04c1-424b-9868-57a2d4851a1d" />
    <TestEntry testId="0b5eb5fb-db86-438c-0e89-134d9394d942" executionId="08563dc0-56c1-4d06-8f7a-4df2a4039a87" testListId="8c84fa94-04c1-424b-9868-57a2d4851a1d" />
    <TestEntry testId="721c4042-21e2-3dcd-b1bf-b3d033d4ed50" executionId="1094f86d-d8ba-42d9-9d78-9af21a72052b" testListId="8c84fa94-04c1-424b-9868-57a2d4851a1d" />
    <TestEntry testId="0fff72a9-7ba5-2b77-a580-74d9b3ea0ba6" executionId="eca6cf83-cc3c-4fb0-b0b3-f5b99f272894" testListId="8c84fa94-04c1-424b-9868-57a2d4851a1d" />
    <TestEntry testId="01faba55-a5bb-ff7d-8f2d-5450531f6987" executionId="e0c27c2e-1312-4a1c-85f3-8ac1dd244c71" testListId="8c84fa94-04c1-424b-9868-57a2d4851a1d" />
    <TestEntry testId="31eb33e3-2473-9968-2286-2e331444d4e6" executionId="a2d3e02b-4ba2-4d39-8584-22cb1825c639" testListId="8c84fa94-04c1-424b-9868-57a2d4851a1d" />
    <TestEntry testId="77dc03a6-bade-dd9e-d629-900d2a4f26bb" executionId="4b42ca9e-e464-483f-8020-849ddc553b58" testListId="8c84fa94-04c1-424b-9868-57a2d4851a1d" />
    <TestEntry testId="93a472ad-bf8e-743a-fb81-b6d8d3589fb3" executionId="cf315247-6bbf-43b6-985e-f77872d8758f" testListId="8c84fa94-04c1-424b-9868-57a2d4851a1d" />
    <TestEntry testId="bbbb1832-aed3-634a-04fd-a795fb80df3a" executionId="a3cb9181-fe3d-4094-8333-9419260b8ba4" testListId="8c84fa94-04c1-424b-9868-57a2d4851a1d" />
    <TestEntry testId="1142b92b-7740-f2f8-7c2c-84773377d5fa" executionId="92313e51-1185-44fe-b0f6-dfa723e2b7de" testListId="8c84fa94-04c1-424b-9868-57a2d4851a1d" />
    <TestEntry testId="0c09fcb3-b886-02f3-b994-7727bf662b1d" executionId="90e1ceb2-42c2-44a2-ba20-b294c97dc6d5" testListId="8c84fa94-04c1-424b-9868-57a2d4851a1d" />
    <TestEntry testId="2770cf90-de12-5681-5fa0-a12e0bb007fe" executionId="fdd376cc-92cb-4fe9-abe4-9519c2f4d5cc" testListId="8c84fa94-04c1-424b-9868-57a2d4851a1d" />
    <TestEntry testId="4b0d2c2f-f3a3-bf10-cc0c-96e494a072c5" executionId="7b4169af-b1a8-4ebf-a68a-15a26c3a2ad7" testListId="8c84fa94-04c1-424b-9868-57a2d4851a1d" />
    <TestEntry testId="52706946-1872-3a45-7508-46e1da82d402" executionId="4e4980c0-2c89-42a8-aaeb-3f9f6b27d6c9" testListId="8c84fa94-04c1-424b-9868-57a2d4851a1d" />
    <TestEntry testId="54b12900-41cf-de7b-4041-88c5c6c9306d" executionId="42cccf25-3ef0-4838-81ea-97916c046798" testListId="8c84fa94-04c1-424b-9868-57a2d4851a1d" />
    <TestEntry testId="0645b3e6-f972-8996-50d9-ea7e73a9e50d" executionId="0125241f-3719-421c-978a-a1aad4eb7c08" testListId="8c84fa94-04c1-424b-9868-57a2d4851a1d" />
    <TestEntry testId="5c5a453c-8917-fdce-80d6-ce41b9c8a082" executionId="aca3944e-fd46-4d0f-b7a7-16791957423e" testListId="8c84fa94-04c1-424b-9868-57a2d4851a1d" />
    <TestEntry testId="bf6668de-76a7-1fc0-8d11-fec739837f12" executionId="15b47450-92d1-44d1-8ec1-1c5205fae225" testListId="8c84fa94-04c1-424b-9868-57a2d4851a1d" />
    <TestEntry testId="ae721ed3-fdff-fd4b-88f4-b1318604a64b" executionId="0b08bc5c-9a1b-44bb-a8b0-79a557903320" testListId="8c84fa94-04c1-424b-9868-57a2d4851a1d" />
    <TestEntry testId="a499ca4e-259c-3d81-bd9c-484d34fcfba4" executionId="3eed9089-6b58-4c67-9a4f-ba4957aa1526" testListId="8c84fa94-04c1-424b-9868-57a2d4851a1d" />
    <TestEntry testId="389652f7-ca64-a56c-a9a0-eb7a30622a4e" executionId="0fd83d5c-2f1f-4049-8b77-1b0128ccc4c9" testListId="8c84fa94-04c1-424b-9868-57a2d4851a1d" />
    <TestEntry testId="198d1141-5c79-39ef-b480-d2d4806a17ba" executionId="a8f75f66-5101-450d-a06c-9bf332b24903" testListId="8c84fa94-04c1-424b-9868-57a2d4851a1d" />
    <TestEntry testId="19be7201-15e8-e86e-6dca-193067be6ce7" executionId="bfeb0d52-1834-4afd-bb39-ab0998d67bde" testListId="8c84fa94-04c1-424b-9868-57a2d4851a1d" />
    <TestEntry testId="db60226b-c462-b8b7-3c5d-56745308814b" executionId="6a91b92a-f159-4338-bf3b-828fd0f7f38d" testListId="8c84fa94-04c1-424b-9868-57a2d4851a1d" />
    <TestEntry testId="757eb82f-2f96-7b98-69e2-68aa3374ffc4" executionId="f01e3299-afc3-45cb-b245-23a18b602aae" testListId="8c84fa94-04c1-424b-9868-57a2d4851a1d" />
    <TestEntry testId="98e22baa-bba0-9d2f-e946-51cf65d34395" executionId="cb7f2285-3e39-4135-a6c9-ae4ec617cf15" testListId="8c84fa94-04c1-424b-9868-57a2d4851a1d" />
    <TestEntry testId="5fb18bf7-2efa-1816-0ba3-8e06ca7636cc" executionId="cd3513e5-1b59-42d5-a3bd-fb64eb77d15f" testListId="8c84fa94-04c1-424b-9868-57a2d4851a1d" />
    <TestEntry testId="58e4b85c-31c4-85b2-ecd4-2936696c291f" executionId="aaca90d4-dc0e-41c8-b6b0-63549613e65b" testListId="8c84fa94-04c1-424b-9868-57a2d4851a1d" />
    <TestEntry testId="a1107469-95c3-43fb-73d0-8f263c15f619" executionId="71308dee-6566-42d2-8795-1f8a4c729b26" testListId="8c84fa94-04c1-424b-9868-57a2d4851a1d" />
    <TestEntry testId="6f3ebdf9-39fb-2119-9ef1-adecf89442eb" executionId="ea2b5eda-d814-41a8-a973-cf67822e53ca" testListId="8c84fa94-04c1-424b-9868-57a2d4851a1d" />
    <TestEntry testId="f22423ff-a79d-8216-10aa-e6bf5cc3861d" executionId="989dbc01-cba8-4ee9-a198-041bda323e71" testListId="8c84fa94-04c1-424b-9868-57a2d4851a1d" />
    <TestEntry testId="af78a5b4-a100-267f-1620-a28ed388ae46" executionId="0a5087e2-e229-4095-8b12-2c7a9e0d687a" testListId="8c84fa94-04c1-424b-9868-57a2d4851a1d" />
    <TestEntry testId="1ad21ec3-5948-641d-4032-601c877cb985" executionId="635f110f-836e-491a-8113-61d79c90c216" testListId="8c84fa94-04c1-424b-9868-57a2d4851a1d" />
    <TestEntry testId="c9fb6358-46d3-a29b-a78a-e164e92721f0" executionId="29edbc0d-3679-4fa2-9940-ef9d3ad31206" testListId="8c84fa94-04c1-424b-9868-57a2d4851a1d" />
    <TestEntry testId="8eb25de5-7bbd-63a0-d44a-fc9dd4171026" executionId="d303b61e-5f56-4adf-a387-6193ec13a381" testListId="8c84fa94-04c1-424b-9868-57a2d4851a1d" />
    <TestEntry testId="81ff59e4-fa80-8714-bb08-ee178a161461" executionId="137b8715-4c2b-4f19-91b4-5fc23b219970" testListId="8c84fa94-04c1-424b-9868-57a2d4851a1d" />
    <TestEntry testId="406bb463-1312-8018-9458-144968bc78cd" executionId="d8cee45a-d50f-4517-b5fb-1ba20d9adc9a" testListId="8c84fa94-04c1-424b-9868-57a2d4851a1d" />
    <TestEntry testId="3818586c-27b7-4fff-f0ef-c8fbeac54bf0" executionId="f0e35849-8475-4ada-8948-d2ec9f0f563d" testListId="8c84fa94-04c1-424b-9868-57a2d4851a1d" />
    <TestEntry testId="d52bfc9d-b6d1-a95c-ac1d-22fbb43bc4d1" executionId="838e8528-a7e5-4c3d-a206-bdafeea46e98" testListId="8c84fa94-04c1-424b-9868-57a2d4851a1d" />
    <TestEntry testId="8ff80832-0196-2ed0-521b-bb6529578148" executionId="7a970c4c-7964-47f7-8c95-787327d179df" testListId="8c84fa94-04c1-424b-9868-57a2d4851a1d" />
    <TestEntry testId="c142792f-08cd-28a7-4e21-d3afe07a64bf" executionId="1231beed-58e0-4ce0-80a0-131f65f7dc83" testListId="8c84fa94-04c1-424b-9868-57a2d4851a1d" />
    <TestEntry testId="9a5f4175-ecb1-7ffb-888e-2347775b50c1" executionId="d89e9643-93ad-4446-8fa2-eaf055f8246c" testListId="8c84fa94-04c1-424b-9868-57a2d4851a1d" />
    <TestEntry testId="1b11dac6-5477-5d88-d71f-ba08ff96ba57" executionId="103ae31a-69c9-49e5-a64c-a7b04bac7ba6" testListId="8c84fa94-04c1-424b-9868-57a2d4851a1d" />
    <TestEntry testId="3e7c5040-e5cb-7c20-0aa8-199834bd5ec2" executionId="0e7b555b-b3f1-43ef-9c26-be8c58fce38b" testListId="8c84fa94-04c1-424b-9868-57a2d4851a1d" />
    <TestEntry testId="3ba0acee-d47b-2320-223a-ae970ede85f8" executionId="062febbd-76e2-4331-84ec-e5ef6457f268" testListId="8c84fa94-04c1-424b-9868-57a2d4851a1d" />
    <TestEntry testId="938b5be4-355c-6836-8308-39b13aa13b6d" executionId="bb186f5d-dbf8-4f06-88bc-da3ac55164f4" testListId="8c84fa94-04c1-424b-9868-57a2d4851a1d" />
    <TestEntry testId="33f28ade-4ab2-a04e-1cee-81922fc2d5eb" executionId="81c44cc1-1cd7-4796-97de-00e5a74a3d1d" testListId="8c84fa94-04c1-424b-9868-57a2d4851a1d" />
    <TestEntry testId="e624c592-f4db-a712-a16e-fc67e4b57afe" executionId="0cf4361d-76b7-4913-a0b3-493f5979819a" testListId="8c84fa94-04c1-424b-9868-57a2d4851a1d" />
    <TestEntry testId="2097b6af-2abd-ed00-3e15-79c398ef8489" executionId="58c78a98-7b30-4cbd-8340-92d0ec44e425" testListId="8c84fa94-04c1-424b-9868-57a2d4851a1d" />
    <TestEntry testId="6100ea4c-cb59-c904-b56e-b4f9e0f3b4f7" executionId="d41f8616-e051-4e75-9a19-b5aa4177249c" testListId="8c84fa94-04c1-424b-9868-57a2d4851a1d" />
    <TestEntry testId="89546f3a-c274-b917-a3b8-18491082d9db" executionId="2b255556-4db2-4afe-93a2-f37fb54c25a2" testListId="8c84fa94-04c1-424b-9868-57a2d4851a1d" />
    <TestEntry testId="56bf3f21-69d0-6700-a3fc-9f15858588bd" executionId="b0cc47a1-02d9-4e3d-ace8-49dad83c2bdc" testListId="8c84fa94-04c1-424b-9868-57a2d4851a1d" />
    <TestEntry testId="885b39a3-f5e2-3dff-3ed8-ed53f9b0dd8b" executionId="9c3cabb7-ccc0-4dd6-8d31-fa0d6d695e33" testListId="8c84fa94-04c1-424b-9868-57a2d4851a1d" />
    <TestEntry testId="c0c0f081-bbdc-f3ea-6388-dbf0311830dd" executionId="4021c594-d0c5-4058-ad16-92b70cae276b" testListId="8c84fa94-04c1-424b-9868-57a2d4851a1d" />
    <TestEntry testId="74aa60cb-1222-a5b6-23c6-b29f3f608b5c" executionId="106af273-8d68-434f-abd3-2f12509608b6" testListId="8c84fa94-04c1-424b-9868-57a2d4851a1d" />
    <TestEntry testId="150037d0-db6e-6a24-7ce8-1b35189961f5" executionId="373e8a51-fbd4-4c6c-a3d3-67e5dd53f335" testListId="8c84fa94-04c1-424b-9868-57a2d4851a1d" />
    <TestEntry testId="517e6ef5-798c-5592-0729-3345fdecd2b0" executionId="1f031759-ae4b-44f4-b513-b87115b8c07d" testListId="8c84fa94-04c1-424b-9868-57a2d4851a1d" />
    <TestEntry testId="8367661a-be24-5851-0813-8898249db209" executionId="eb3b6301-d7b7-40f4-b5c7-a0364b377b43" testListId="8c84fa94-04c1-424b-9868-57a2d4851a1d" />
    <TestEntry testId="13684300-89ac-415d-fdb2-1313a9dca7a4" executionId="8615e5a0-90cf-44f1-9198-c906559cdd53" testListId="8c84fa94-04c1-424b-9868-57a2d4851a1d" />
    <TestEntry testId="abb1efa3-c08d-eee4-c35f-b83033538a3f" executionId="bba677e2-3251-481a-9acd-f4b71f9039ef" testListId="8c84fa94-04c1-424b-9868-57a2d4851a1d" />
    <TestEntry testId="e5dea0c2-49b2-8c13-e097-d59b56efce6c" executionId="39594318-969e-4e68-a182-a6ff7fc41fdd" testListId="8c84fa94-04c1-424b-9868-57a2d4851a1d" />
    <TestEntry testId="56895bb6-3bff-e2b7-eaf3-e945d91508aa" executionId="234bf2c7-004e-490a-9b50-3e4a5c059d9a" testListId="8c84fa94-04c1-424b-9868-57a2d4851a1d" />
    <TestEntry testId="ec6c4022-7a46-8a73-20ee-bfd754dd6bda" executionId="7e669652-764e-4918-8af9-c60b371b7bde" testListId="8c84fa94-04c1-424b-9868-57a2d4851a1d" />
    <TestEntry testId="c120529c-e2a4-b820-f546-6ae4dd6afabb" executionId="0e79f994-7744-4bd0-b20a-be0dccc25fa3" testListId="8c84fa94-04c1-424b-9868-57a2d4851a1d" />
    <TestEntry testId="99fded48-c76b-268d-9e31-c28fbd6cca4d" executionId="ce75cd10-20db-4d36-807b-f52ca3a0dbef" testListId="8c84fa94-04c1-424b-9868-57a2d4851a1d" />
    <TestEntry testId="2eceb79f-3b63-62b3-e32b-d336f079694e" executionId="1bea1772-11c8-4914-9f7a-0888c408b48f" testListId="8c84fa94-04c1-424b-9868-57a2d4851a1d" />
    <TestEntry testId="61baff53-fc9f-9652-d919-15a70c19bf94" executionId="bf33720a-8018-4555-a410-1aa4054174f8" testListId="8c84fa94-04c1-424b-9868-57a2d4851a1d" />
    <TestEntry testId="f107076e-e1a0-2e7e-7861-a10df1b479b2" executionId="84cbc175-2f95-4de4-9820-ac03d75d5a3e" testListId="8c84fa94-04c1-424b-9868-57a2d4851a1d" />
    <TestEntry testId="ef8dca96-7eb5-0fcc-956a-7f46eca0ee84" executionId="f26bb034-5035-461c-bdbb-6a0d387d87bc" testListId="8c84fa94-04c1-424b-9868-57a2d4851a1d" />
    <TestEntry testId="fc1c107d-227f-69f1-21fc-d787dd81e258" executionId="346ad836-3e0b-4bbd-badd-7f4c6e425e9b" testListId="8c84fa94-04c1-424b-9868-57a2d4851a1d" />
    <TestEntry testId="671e5b7e-f0b2-b6e6-ac60-419dbffcaa79" executionId="89fddba3-8270-4f93-a7a1-b69d3c6e0a14" testListId="8c84fa94-04c1-424b-9868-57a2d4851a1d" />
    <TestEntry testId="6bee5ad4-49f4-8ad0-aa6c-973bf174657b" executionId="acf6fc5a-8dd8-44ed-be94-ef3f1e9f5275" testListId="8c84fa94-04c1-424b-9868-57a2d4851a1d" />
    <TestEntry testId="9396797f-9f88-78a4-72dc-21de0e162b48" executionId="5a19e5b7-03c2-4621-aeb4-6cef475f101e" testListId="8c84fa94-04c1-424b-9868-57a2d4851a1d" />
    <TestEntry testId="854b2eac-a89c-3456-6ba1-f3f458e5ca13" executionId="cf8ce01a-e059-4533-9d4c-d7c643dded68" testListId="8c84fa94-04c1-424b-9868-57a2d4851a1d" />
    <TestEntry testId="cfaef5d1-775a-4141-a292-b41febd7278f" executionId="03a27024-8595-4fdb-9fe5-d382f5584e79" testListId="8c84fa94-04c1-424b-9868-57a2d4851a1d" />
    <TestEntry testId="a37bfd2c-1ae0-dc94-c6cb-9f45f71b2b06" executionId="da364470-7e1b-4db7-a78e-ec6233296926" testListId="8c84fa94-04c1-424b-9868-57a2d4851a1d" />
    <TestEntry testId="d309a6da-ae91-6b82-c6ea-6a1f99890bd1" executionId="f4940f13-599f-43ed-9cda-9e770739b534" testListId="8c84fa94-04c1-424b-9868-57a2d4851a1d" />
    <TestEntry testId="474be0cc-17ac-4a1a-a9f3-35570dcc32ae" executionId="57f90cc1-d1fb-4db1-a8be-8b2c9f9696f2" testListId="8c84fa94-04c1-424b-9868-57a2d4851a1d" />
    <TestEntry testId="3f5081e5-59e7-8770-9f23-4e8457741862" executionId="54aad857-dd07-4950-95f3-05e0fe3d8c53" testListId="8c84fa94-04c1-424b-9868-57a2d4851a1d" />
    <TestEntry testId="a411ac2c-5d6f-6db6-3766-cc5f77c3859c" executionId="c6b0b4b7-1f82-445d-8be6-5195031557db" testListId="8c84fa94-04c1-424b-9868-57a2d4851a1d" />
    <TestEntry testId="88e4fab6-8cad-0edb-0ec3-99a6027d41d1" executionId="0c9cefbb-78dd-41df-9dfe-870a9190d406" testListId="8c84fa94-04c1-424b-9868-57a2d4851a1d" />
    <TestEntry testId="d1ad4098-6ff3-9105-ac01-19eb220ebe48" executionId="015e8861-7e28-49e3-94ae-98dfdabe0279" testListId="8c84fa94-04c1-424b-9868-57a2d4851a1d" />
    <TestEntry testId="46df3c00-8fa5-4145-888a-8edccce125f4" executionId="56d8247b-00a1-46f5-bc77-293fc207575f" testListId="8c84fa94-04c1-424b-9868-57a2d4851a1d" />
    <TestEntry testId="847bb7a6-25a4-1286-cdbb-c07195e0b3af" executionId="2dd705a1-4d6b-49a0-a928-61b6ff896b70" testListId="8c84fa94-04c1-424b-9868-57a2d4851a1d" />
    <TestEntry testId="10533803-294d-b2f6-a11e-460ebbd9958d" executionId="b7a88f61-d1ec-4c07-8e1f-f26a9f6c6e0a" testListId="8c84fa94-04c1-424b-9868-57a2d4851a1d" />
    <TestEntry testId="a252c173-d2f9-6d03-3b4f-4c6b512f69f3" executionId="f9315241-1617-4791-a7e1-a5793362ac49" testListId="8c84fa94-04c1-424b-9868-57a2d4851a1d" />
    <TestEntry testId="fce1401c-a97a-2073-01e4-f27146691e47" executionId="473004ad-e6db-4451-8760-4e01f06bb566" testListId="8c84fa94-04c1-424b-9868-57a2d4851a1d" />
    <TestEntry testId="c0386a54-8d45-94c9-c45b-15e99fae7304" executionId="ed1933b7-fea0-487f-84eb-458a1a7e0412" testListId="8c84fa94-04c1-424b-9868-57a2d4851a1d" />
    <TestEntry testId="41ca1c0d-14b5-db86-3482-8effbb7a7f69" executionId="15effe14-0013-4190-a9d8-72d4f07e1712" testListId="8c84fa94-04c1-424b-9868-57a2d4851a1d" />
    <TestEntry testId="01811f7f-72e5-3442-4e32-ec6a2973bee6" executionId="82136101-63cf-4047-a720-de6aa68419bc" testListId="8c84fa94-04c1-424b-9868-57a2d4851a1d" />
    <TestEntry testId="07360b9d-d7c1-fae3-ac03-9e824b2adf11" executionId="6d08b972-a874-48b0-ae69-c9adace94556" testListId="8c84fa94-04c1-424b-9868-57a2d4851a1d" />
    <TestEntry testId="085857d5-b890-6126-87a5-5851c4b13282" executionId="9bdd7f1f-1650-4c5d-970f-cf6c0a621d3f" testListId="8c84fa94-04c1-424b-9868-57a2d4851a1d" />
    <TestEntry testId="f70e486e-5d6d-d314-986c-112f677facae" executionId="e3324435-e2f7-4a71-a000-d747d7e222f3" testListId="8c84fa94-04c1-424b-9868-57a2d4851a1d" />
    <TestEntry testId="18187db3-f14f-53b9-836b-d152f4cc00c3" executionId="b56aa4a9-3094-492c-8412-d896c8b8de51" testListId="8c84fa94-04c1-424b-9868-57a2d4851a1d" />
    <TestEntry testId="e149fcbe-268e-d810-7caa-01f1e7c0e30c" executionId="981a2957-1e92-4bf3-9adf-a29325765af6" testListId="8c84fa94-04c1-424b-9868-57a2d4851a1d" />
    <TestEntry testId="45666dff-8aa4-10ed-7671-f6ebf79cb9e4" executionId="0957a010-d1c6-4b0c-ab7c-ddd4e5dffdd6" testListId="8c84fa94-04c1-424b-9868-57a2d4851a1d" />
    <TestEntry testId="23e92475-446b-5356-43b8-87e7125a2de3" executionId="039a4adc-573b-4526-8f73-134903766ed1" testListId="8c84fa94-04c1-424b-9868-57a2d4851a1d" />
    <TestEntry testId="336f5098-cea1-c584-1ce8-5303828d3cc1" executionId="84fd9d11-44d5-445a-a487-07933c38553d" testListId="8c84fa94-04c1-424b-9868-57a2d4851a1d" />
    <TestEntry testId="7e08eb5d-d9be-e663-1aaa-c2e60bfac60c" executionId="f87c8cb8-4cd5-4d73-af2a-1c34cd098614" testListId="8c84fa94-04c1-424b-9868-57a2d4851a1d" />
    <TestEntry testId="5e973cd2-83a6-3af9-f814-2e680d585034" executionId="8c17ee45-5d3f-4a65-bc11-4f27fe981ae6" testListId="8c84fa94-04c1-424b-9868-57a2d4851a1d" />
    <TestEntry testId="e019c6b1-78a8-5886-1858-96dedb2a3720" executionId="d64dc558-8bfe-4d81-b9e5-5ff9dfe29d26" testListId="8c84fa94-04c1-424b-9868-57a2d4851a1d" />
    <TestEntry testId="bd06e1a2-93e2-47fd-6197-ed4e47cb2b30" executionId="c081f432-b3cf-4511-bdad-88a5835846be" testListId="8c84fa94-04c1-424b-9868-57a2d4851a1d" />
    <TestEntry testId="67110173-4f97-0264-c7e0-9e621694a246" executionId="ece92ca7-3b9d-444f-bc41-8b04a1aa7b18" testListId="8c84fa94-04c1-424b-9868-57a2d4851a1d" />
    <TestEntry testId="75faa5c2-da9a-131d-aa42-b2b46dda466e" executionId="7e053c46-a00d-425e-a7d5-6f858499b80f" testListId="8c84fa94-04c1-424b-9868-57a2d4851a1d" />
    <TestEntry testId="778a2011-9d55-399f-1dc4-6e501ddfa745" executionId="ce0adf3d-a82c-44a6-a0a6-98f97ee9132d" testListId="8c84fa94-04c1-424b-9868-57a2d4851a1d" />
    <TestEntry testId="2b29caf4-d8af-ace6-25e1-847a0cdf3f67" executionId="c5af3ea8-063b-4a63-b769-01e097a79246" testListId="8c84fa94-04c1-424b-9868-57a2d4851a1d" />
    <TestEntry testId="e6546c47-3a5d-2393-4d88-57519a10c4d0" executionId="adf31913-3b44-4e8b-9456-6dafccbab4ec" testListId="8c84fa94-04c1-424b-9868-57a2d4851a1d" />
    <TestEntry testId="26a8ca34-b7b0-9b32-21d1-b1d4fdb83455" executionId="b0e8b02b-82ad-435b-8e4e-f716834074dc" testListId="8c84fa94-04c1-424b-9868-57a2d4851a1d" />
    <TestEntry testId="7b72176f-e027-f44d-6e96-0b7dc7f62150" executionId="3dd40e31-311e-49db-9a02-6991fd3ece62" testListId="8c84fa94-04c1-424b-9868-57a2d4851a1d" />
    <TestEntry testId="229130ea-f634-7479-cf89-7caf8314fb32" executionId="f059c1a1-cb9f-4a60-a66c-42815f833ed5" testListId="8c84fa94-04c1-424b-9868-57a2d4851a1d" />
    <TestEntry testId="da7de0ed-c0b8-22de-077f-8166ba612134" executionId="fb993384-8228-4bde-a9dd-efa7c75d6960" testListId="8c84fa94-04c1-424b-9868-57a2d4851a1d" />
    <TestEntry testId="e792b9ba-56c2-8b43-3911-e94197095d70" executionId="bb3a1e7c-1c42-4ec0-9e76-4777fe78edfe" testListId="8c84fa94-04c1-424b-9868-57a2d4851a1d" />
    <TestEntry testId="c5e1060d-4dde-f253-54cf-b0d6e998f76f" executionId="224d36b7-691a-4caf-9b9b-3fa55efcfb39" testListId="8c84fa94-04c1-424b-9868-57a2d4851a1d" />
    <TestEntry testId="2c2572a2-96e3-6d94-40c3-e40aaa353038" executionId="3d90d314-6f2a-4ceb-b626-d6853bb536db" testListId="8c84fa94-04c1-424b-9868-57a2d4851a1d" />
    <TestEntry testId="f2881796-d8d1-0293-5d1d-5a546b60dc25" executionId="36c34814-f85d-4cb8-9707-6df3c4a5f522" testListId="8c84fa94-04c1-424b-9868-57a2d4851a1d" />
    <TestEntry testId="bd720540-8636-fbc3-9677-ceed40f8e125" executionId="01c501b4-e9bf-4381-afdc-f324f41803ed" testListId="8c84fa94-04c1-424b-9868-57a2d4851a1d" />
    <TestEntry testId="22e53a5b-1bf5-f116-e7ff-861084649673" executionId="e080d51a-42fc-4399-88de-c40b59d8e6f3" testListId="8c84fa94-04c1-424b-9868-57a2d4851a1d" />
    <TestEntry testId="37114df0-b6d5-281f-78a8-09bc7091bf0b" executionId="9e01f91e-40dd-4366-a6a3-cafd8973641a" testListId="8c84fa94-04c1-424b-9868-57a2d4851a1d" />
    <TestEntry testId="41990058-a818-d35a-7482-000ec3fac282" executionId="f1265e56-a25b-444a-9eef-df006668ba4e" testListId="8c84fa94-04c1-424b-9868-57a2d4851a1d" />
    <TestEntry testId="72f8722c-7780-3b14-140b-0d0b30870274" executionId="321e4525-06cf-4195-a662-b57daf5a33e1" testListId="8c84fa94-04c1-424b-9868-57a2d4851a1d" />
    <TestEntry testId="4d135868-8fbc-53c5-29d5-190e63926275" executionId="8094eaab-aeb6-45e3-a674-38aa15b02154" testListId="8c84fa94-04c1-424b-9868-57a2d4851a1d" />
    <TestEntry testId="343b3a52-f9ea-d357-adb6-f7095c6398b1" executionId="c0483f0c-1100-4219-beee-d451821bda58" testListId="8c84fa94-04c1-424b-9868-57a2d4851a1d" />
    <TestEntry testId="3e967f0c-0c7f-1d72-0724-eb0399376d26" executionId="ead9ed5d-12b2-4f3f-b9df-3780dd3d06bb" testListId="8c84fa94-04c1-424b-9868-57a2d4851a1d" />
    <TestEntry testId="7ac84c3a-123d-5380-6842-68162bf9d80d" executionId="7c820af9-59f3-45dd-9dec-acaa363a6a96" testListId="8c84fa94-04c1-424b-9868-57a2d4851a1d" />
    <TestEntry testId="4c696477-53b3-8c40-008b-2700e1c9cac3" executionId="7528b19c-ca04-4029-8e0a-a453977a851e" testListId="8c84fa94-04c1-424b-9868-57a2d4851a1d" />
    <TestEntry testId="d9793e56-385f-d395-4cb5-3008602e5cc5" executionId="f21187db-ffdf-454a-ad13-cf88a364a65a" testListId="8c84fa94-04c1-424b-9868-57a2d4851a1d" />
    <TestEntry testId="db44d51f-c727-c33d-bf7f-d555c6963190" executionId="b46e9825-8564-4a1b-b23e-f475116af149" testListId="8c84fa94-04c1-424b-9868-57a2d4851a1d" />
    <TestEntry testId="2bdd5269-1fe0-83e9-6f97-244770fc7019" executionId="266fa261-aed0-49e2-b5d9-03346c257c6f" testListId="8c84fa94-04c1-424b-9868-57a2d4851a1d" />
    <TestEntry testId="e362115e-e337-6323-ff79-3887f43e858b" executionId="c505761a-51fe-45dc-a014-273107120715" testListId="8c84fa94-04c1-424b-9868-57a2d4851a1d" />
    <TestEntry testId="10605f6e-bd9b-8b39-628a-b70e9d555c65" executionId="44583867-b807-4d87-bd0c-db0816d281ef" testListId="8c84fa94-04c1-424b-9868-57a2d4851a1d" />
    <TestEntry testId="88206f20-180a-a33f-6490-29f42cd71788" executionId="356ecba0-8c89-4c32-b47f-b00f917b9f0a" testListId="8c84fa94-04c1-424b-9868-57a2d4851a1d" />
    <TestEntry testId="9774d800-b680-ae36-24dc-780fbd43c360" executionId="5e47d281-56b5-459b-a45f-c1e48a9778d7" testListId="8c84fa94-04c1-424b-9868-57a2d4851a1d" />
    <TestEntry testId="59046925-1500-625c-88eb-7e6d5e156f7c" executionId="8693c966-3413-4a60-a408-ec9a5bcd73bf" testListId="8c84fa94-04c1-424b-9868-57a2d4851a1d" />
    <TestEntry testId="ac2b1b80-d364-3f82-5158-9343ad740bfc" executionId="e0ccffdb-82db-4aae-b4d7-05c108890bf1" testListId="8c84fa94-04c1-424b-9868-57a2d4851a1d" />
    <TestEntry testId="90bc5d1e-f945-be39-08df-8ebfca47c33a" executionId="3b3bba2e-58bb-4b13-98a2-92409d726b4f" testListId="8c84fa94-04c1-424b-9868-57a2d4851a1d" />
    <TestEntry testId="f9e6a8cf-a8de-e9c7-d21a-ab6c920e0b26" executionId="496a7b2b-bd3e-479d-8434-3ef7943a5400" testListId="8c84fa94-04c1-424b-9868-57a2d4851a1d" />
    <TestEntry testId="6cbde359-2b8b-c6b8-958e-22be75c29d86" executionId="4c34d40e-b5af-455f-bb4d-9b7a97db0bdb" testListId="8c84fa94-04c1-424b-9868-57a2d4851a1d" />
    <TestEntry testId="36e74491-dd95-5ac8-cf80-0097d30f13eb" executionId="bb2ba2a1-fe32-4786-80ec-9ded9d161ae0" testListId="8c84fa94-04c1-424b-9868-57a2d4851a1d" />
    <TestEntry testId="ed042d4b-0687-eb79-0443-fe10997ea138" executionId="4fcbd8c4-487e-4b39-862b-334e591e0076" testListId="8c84fa94-04c1-424b-9868-57a2d4851a1d" />
    <TestEntry testId="eb021cab-678b-1bf0-7524-9600878284f0" executionId="af154011-2eea-4318-a6b1-abef0669e81d" testListId="8c84fa94-04c1-424b-9868-57a2d4851a1d" />
    <TestEntry testId="cb53f498-e559-1dae-766e-d73230102f51" executionId="f6018cae-cf1a-4178-9126-8a7f7ff94aa6" testListId="8c84fa94-04c1-424b-9868-57a2d4851a1d" />
    <TestEntry testId="244d0612-e0db-e7d9-a34c-c51b0f113f1f" executionId="6ec63110-bfa3-430d-874a-ecc6ac763d2f" testListId="8c84fa94-04c1-424b-9868-57a2d4851a1d" />
    <TestEntry testId="1988933d-f2ff-4d8f-b0eb-a4164eda7166" executionId="7d870126-b4a3-42b5-b55d-676081d52e7c" testListId="8c84fa94-04c1-424b-9868-57a2d4851a1d" />
    <TestEntry testId="348fdc5f-dcdc-7416-b309-58d1dba7a65c" executionId="3839378b-4268-48f2-a276-12c872515343" testListId="8c84fa94-04c1-424b-9868-57a2d4851a1d" />
    <TestEntry testId="e02e2539-42c2-0451-734b-50f8b4c83c0a" executionId="6a61ce5a-1a14-4d27-a9a3-4509a48a61a7" testListId="8c84fa94-04c1-424b-9868-57a2d4851a1d" />
    <TestEntry testId="34f1ef81-3a6e-5e85-a83e-2d5015e6298e" executionId="bef7a2ca-6cac-428e-8c9d-473785d948c1" testListId="8c84fa94-04c1-424b-9868-57a2d4851a1d" />
    <TestEntry testId="f0709640-511b-c699-1a09-36f9f49ebfa0" executionId="53056ba6-1651-462e-8ec3-f8357597c404" testListId="8c84fa94-04c1-424b-9868-57a2d4851a1d" />
    <TestEntry testId="d32716ec-9d6a-360f-5509-003804a83c6c" executionId="e4b5bece-2fc5-406d-983d-89631cd06ea4" testListId="8c84fa94-04c1-424b-9868-57a2d4851a1d" />
    <TestEntry testId="34562730-3d61-ba92-97b9-495f5841493b" executionId="c1c599f9-11c0-4835-8867-87712e61d903" testListId="8c84fa94-04c1-424b-9868-57a2d4851a1d" />
    <TestEntry testId="64bf1292-c833-717b-fa3b-011e95a62713" executionId="25d323d2-3182-4e88-85db-9d250c6ffae4" testListId="8c84fa94-04c1-424b-9868-57a2d4851a1d" />
    <TestEntry testId="71f882ee-387a-e53e-3a48-f3abcd329e2f" executionId="7cd1f8d1-67c1-469a-9662-333044f29788" testListId="8c84fa94-04c1-424b-9868-57a2d4851a1d" />
    <TestEntry testId="d346467f-5714-41fd-589e-8488928fc7ec" executionId="4a05650a-14b2-4f86-bf28-c79f5fd930cf" testListId="8c84fa94-04c1-424b-9868-57a2d4851a1d" />
    <TestEntry testId="e7715f99-7503-4d72-c46d-607d07006d45" executionId="62cc4fb0-a772-4398-9426-e4cc0ef6440f" testListId="8c84fa94-04c1-424b-9868-57a2d4851a1d" />
    <TestEntry testId="01ed7aa2-efcc-556f-8a98-89fdf9cf4713" executionId="57c17744-c0bc-4445-966c-b518b905bce9" testListId="8c84fa94-04c1-424b-9868-57a2d4851a1d" />
    <TestEntry testId="40a99014-b199-ecec-9e33-1aef60a547ef" executionId="682fa95e-7547-4ec7-b3a5-93bcd4f20d8f" testListId="8c84fa94-04c1-424b-9868-57a2d4851a1d" />
    <TestEntry testId="7ef9a608-d322-fc2e-ff5a-776993aed388" executionId="5e0d0acf-1190-4a5f-bb6e-18d9fa15bea1" testListId="8c84fa94-04c1-424b-9868-57a2d4851a1d" />
    <TestEntry testId="5e0f39e9-dc9f-8350-54b3-42d23b86b319" executionId="f80c968e-d57c-4e95-950a-3400c2a045a9" testListId="8c84fa94-04c1-424b-9868-57a2d4851a1d" />
    <TestEntry testId="a6820c17-c19f-0f10-cbce-1e8ae62caf17" executionId="7b876c96-6fb8-4976-999d-7397af4264d0" testListId="8c84fa94-04c1-424b-9868-57a2d4851a1d" />
    <TestEntry testId="4135dbe4-2c1c-b81f-8fe2-ac3ccfbd8609" executionId="fa2bdf19-3d88-4d6a-a914-a3c614c960a8" testListId="8c84fa94-04c1-424b-9868-57a2d4851a1d" />
    <TestEntry testId="a450bcd0-6ddc-4ae7-ad94-20baeee0dc71" executionId="56623178-3a68-4ebf-a071-419119913c29" testListId="8c84fa94-04c1-424b-9868-57a2d4851a1d" />
    <TestEntry testId="7005c4e8-8772-4b2b-5528-502b4cb9a2a4" executionId="4da6ecef-2a49-4883-b271-2afa281deadc" testListId="8c84fa94-04c1-424b-9868-57a2d4851a1d" />
    <TestEntry testId="a86966c3-5f97-7e64-777f-47f35179152a" executionId="a48b8676-26e6-47d7-9f51-5b275d52ed24" testListId="8c84fa94-04c1-424b-9868-57a2d4851a1d" />
    <TestEntry testId="fca0b98d-8284-1a35-deb1-27be44d4f783" executionId="16f8230d-f881-4cc2-93a7-a6a679bcac85" testListId="8c84fa94-04c1-424b-9868-57a2d4851a1d" />
    <TestEntry testId="cd015010-9379-8993-4b12-bc9d6dc114e7" executionId="66ad2ad0-1b6b-4c3e-bc03-650d9f765bd9" testListId="8c84fa94-04c1-424b-9868-57a2d4851a1d" />
    <TestEntry testId="bad67909-57a0-a12d-75fb-3f4929a08ad4" executionId="5aee72bb-d080-4313-b63d-d9d7fc8f99e5" testListId="8c84fa94-04c1-424b-9868-57a2d4851a1d" />
    <TestEntry testId="8af9a76b-ea90-fe5a-0985-6dec5b804877" executionId="3f7d074a-1b31-43f2-9d3f-8e9bce6226bb" testListId="8c84fa94-04c1-424b-9868-57a2d4851a1d" />
    <TestEntry testId="7e6998a8-f641-3d20-51a6-865bbe7d4cac" executionId="6aed5054-3661-4b7f-98d4-a68ce5909861" testListId="8c84fa94-04c1-424b-9868-57a2d4851a1d" />
    <TestEntry testId="39c7c6c1-b0a5-a80d-ad47-ceae55d9b17f" executionId="5a799ff3-9d66-4539-a00a-72ae8d44fd74" testListId="8c84fa94-04c1-424b-9868-57a2d4851a1d" />
    <TestEntry testId="cb1280c3-c63c-7114-035b-032b8fde504b" executionId="ce9745a0-0aec-4bf5-96a2-b1ee681c1a51" testListId="8c84fa94-04c1-424b-9868-57a2d4851a1d" />
    <TestEntry testId="edb28a80-395c-a6aa-7b94-6782df061f2a" executionId="fd434162-5f3c-4973-b6db-4b6b2cf7ed2f" testListId="8c84fa94-04c1-424b-9868-57a2d4851a1d" />
    <TestEntry testId="f96ea1ea-a91a-247e-384a-88d9e1e6dc27" executionId="340de834-9c9b-4f9d-84ca-78d9d7a2e143" testListId="8c84fa94-04c1-424b-9868-57a2d4851a1d" />
    <TestEntry testId="3f643de6-ec53-7b8e-23a5-1a241826b49a" executionId="8f1f5d46-a8dc-459d-bbaa-b7eaaf39d604" testListId="8c84fa94-04c1-424b-9868-57a2d4851a1d" />
    <TestEntry testId="4a44bc43-7aff-e730-c2be-86dc744c227a" executionId="f6e5e6e9-7198-4dcb-8a07-5d49f6e725a0" testListId="8c84fa94-04c1-424b-9868-57a2d4851a1d" />
    <TestEntry testId="fb726d62-77e8-1472-7d91-0d24de4a64de" executionId="8f88570b-463f-406c-b9d5-aab9db87001d" testListId="8c84fa94-04c1-424b-9868-57a2d4851a1d" />
    <TestEntry testId="a4bb8238-40e5-afc2-1bcb-4a7cf901d41c" executionId="2dad38ad-303c-4469-bb88-f6c1418a737a" testListId="8c84fa94-04c1-424b-9868-57a2d4851a1d" />
    <TestEntry testId="61e414c6-65da-83d6-f2fd-f35b61f285e0" executionId="bddde9f7-4847-4c1b-b396-ec8c0cc2d6c7" testListId="8c84fa94-04c1-424b-9868-57a2d4851a1d" />
    <TestEntry testId="dd2aa04b-ed56-dcc4-0059-4c865894256e" executionId="7926d760-0a05-4d22-8260-fbcd0b855edf" testListId="8c84fa94-04c1-424b-9868-57a2d4851a1d" />
    <TestEntry testId="590fcdf4-f814-03dd-dc90-9eb9a917e5a4" executionId="5527e12a-eb2a-4611-b7b8-7f02100f9fd0" testListId="8c84fa94-04c1-424b-9868-57a2d4851a1d" />
    <TestEntry testId="1f6797a5-cdcf-63f2-eedf-18dc067c9118" executionId="8d000b72-6589-435b-a80a-04eadccb25c1" testListId="8c84fa94-04c1-424b-9868-57a2d4851a1d" />
    <TestEntry testId="13fb3d90-fc44-b895-9dca-150e6c64fdf2" executionId="e94005ff-0f7c-4a3a-a473-96f134bd06d3" testListId="8c84fa94-04c1-424b-9868-57a2d4851a1d" />
    <TestEntry testId="b5a034b7-40a5-bf41-75ef-0f07af46082b" executionId="b702861f-cec4-4104-a933-8edc6a404ff6" testListId="8c84fa94-04c1-424b-9868-57a2d4851a1d" />
    <TestEntry testId="708f4493-a706-5c50-f6c6-50262512759e" executionId="6b4d0eb5-9933-46f5-8d74-77fe8822a9c2" testListId="8c84fa94-04c1-424b-9868-57a2d4851a1d" />
    <TestEntry testId="b877afea-0f05-2476-cca4-0a4ce8c14ced" executionId="9771d35c-b4ad-485a-bfb2-a89878dfd307" testListId="8c84fa94-04c1-424b-9868-57a2d4851a1d" />
    <TestEntry testId="082b5d59-8aab-4443-fa33-010759b6e357" executionId="cb39f0a3-44d0-4d62-a6a4-1a97f09d3e1e" testListId="8c84fa94-04c1-424b-9868-57a2d4851a1d" />
    <TestEntry testId="ce585d3e-2e30-992c-c19b-596e6a254610" executionId="c465abca-b6a2-40c8-a7e5-ee14ec7a0b67" testListId="8c84fa94-04c1-424b-9868-57a2d4851a1d" />
    <TestEntry testId="be9f8c28-fed7-1aa3-f187-505d31bacecb" executionId="ed13d0b3-4c43-41e6-b8e7-84e0ae672cd0" testListId="8c84fa94-04c1-424b-9868-57a2d4851a1d" />
    <TestEntry testId="3f95f42a-d9ac-1743-c0f4-ed2b9db89135" executionId="4da651c7-c35d-401b-810f-ffa766461801" testListId="8c84fa94-04c1-424b-9868-57a2d4851a1d" />
    <TestEntry testId="75996488-e26c-f380-948b-9b30e7e80b41" executionId="175f7f2c-b58e-4c7f-b3a5-dbc06955fbaa" testListId="8c84fa94-04c1-424b-9868-57a2d4851a1d" />
    <TestEntry testId="4ccf2425-5c07-55ee-d683-18bee2b32723" executionId="da53348b-762e-4d1e-a432-0f21b5dc3c10" testListId="8c84fa94-04c1-424b-9868-57a2d4851a1d" />
    <TestEntry testId="7612e712-2f38-7d65-f624-7e745e24f740" executionId="4f059f1b-07b0-419a-ab3e-ea4bebf9f39f" testListId="8c84fa94-04c1-424b-9868-57a2d4851a1d" />
    <TestEntry testId="bf1fb6f1-f23c-f8ab-2491-a5ae4ccaac50" executionId="5d04267d-74e3-4405-a5b6-ba02c6fb080c" testListId="8c84fa94-04c1-424b-9868-57a2d4851a1d" />
    <TestEntry testId="2126e79d-8ceb-957b-93e3-9abc7fdb90bf" executionId="a78538eb-0e0b-424e-a69c-79e2db1f6192" testListId="8c84fa94-04c1-424b-9868-57a2d4851a1d" />
    <TestEntry testId="ad4b1845-71d8-e3d8-89ca-a9c56cbce025" executionId="ec2c27c5-e6df-4946-b10b-704e3dc0935a" testListId="8c84fa94-04c1-424b-9868-57a2d4851a1d" />
    <TestEntry testId="ab88a66c-9b5a-6ab8-fd36-01d4a587c23f" executionId="baaff51d-46aa-4a87-9abe-981a2bfbadb3" testListId="8c84fa94-04c1-424b-9868-57a2d4851a1d" />
    <TestEntry testId="655aead0-8c69-f40e-afe5-448295151299" executionId="9a752363-5bef-41d1-a976-78a541179210" testListId="8c84fa94-04c1-424b-9868-57a2d4851a1d" />
    <TestEntry testId="097a0b0d-3bdf-8527-b415-8268cc7d2596" executionId="65df0b15-47b4-4755-9080-14795bc0e60e" testListId="8c84fa94-04c1-424b-9868-57a2d4851a1d" />
    <TestEntry testId="6a472a90-5f30-5d58-578c-6323a2138046" executionId="601c3661-5968-4698-ae87-d3f82987af05" testListId="8c84fa94-04c1-424b-9868-57a2d4851a1d" />
    <TestEntry testId="6cd48428-dfd2-fcd8-a557-e9bf2dd04329" executionId="b8d5ff2e-0ce0-415b-be29-42eb2ac51f6f" testListId="8c84fa94-04c1-424b-9868-57a2d4851a1d" />
    <TestEntry testId="3c365cb7-4d08-2e26-1aba-a811b5572d85" executionId="5f337dae-eec0-4904-b29d-2e096f8df26a" testListId="8c84fa94-04c1-424b-9868-57a2d4851a1d" />
    <TestEntry testId="58313dc0-3fe9-d933-fd80-72ea26f2e54c" executionId="d0fd40bd-9eca-4cc9-a7ad-15ce4b33d678" testListId="8c84fa94-04c1-424b-9868-57a2d4851a1d" />
    <TestEntry testId="9414b5fb-2849-eba4-d186-2b7e7cf2724c" executionId="2c780186-b60f-4897-82eb-7ad74f839d81" testListId="8c84fa94-04c1-424b-9868-57a2d4851a1d" />
    <TestEntry testId="4510ad3d-5732-98c4-ded9-7447d1db68ec" executionId="93283508-a8ae-4cb9-a710-26d1c4416a5a" testListId="8c84fa94-04c1-424b-9868-57a2d4851a1d" />
    <TestEntry testId="9ba5462d-48a9-8100-2eda-c6d8d1bb909d" executionId="7829fef8-1475-455b-8415-ccbb0db56606" testListId="8c84fa94-04c1-424b-9868-57a2d4851a1d" />
    <TestEntry testId="60eedfce-4dac-df6c-7118-f54e533db263" executionId="1581dadf-8d37-43b9-8b2f-a7b8704f470e" testListId="8c84fa94-04c1-424b-9868-57a2d4851a1d" />
  </TestEntries>
  <TestLists>
    <TestList name="Results Not in a List" id="8c84fa94-04c1-424b-9868-57a2d4851a1d" />
    <TestList name="All Loaded Results" id="19431567-8539-422a-85d7-44ee4e166bda" />
  </TestLists>
  <ResultSummary outcome="Completed">
    <Counters total="399" executed="399" passed="399" failed="0" error="0" timeout="0" aborted="0" inconclusive="0" passedButRunAborted="0" notRunnable="0" notExecuted="0" disconnected="0" warning="0" completed="0" inProgress="0" pending="0" />
    <Output>
      <StdOut>[xUnit.net 00:00:00.00] xUnit.net VSTest Adapter v2.4.1 (64-bit Desktop .NET 4.0.30319.42000)[xUnit.net 00:00:04.55]   Discovering: Ocas.Domestic.Apply.Api.Services.UnitTests[xUnit.net 00:00:04.84]   Discovered:  Ocas.Domestic.Apply.Api.Services.UnitTests[xUnit.net 00:00:04.85]   Starting:    Ocas.Domestic.Apply.Api.Services.UnitTests[xUnit.net 00:00:40.61]   Finished:    Ocas.Domestic.Apply.Api.Services.UnitTests</StdOut>
    </Output>
  </ResultSummary>
</TestRun>